1732387565.606148: 29549-7f08e63de0c0: cdpl_log.c:228: in cdpl_log_open(): info: @@start_of_log@@
1732387565.606181: 29549-7f08e63de0c0: cdpl_log.c:866: in cdpl_log_dump_sysinfo(): info: time: 2024/11/23 12:46:05 CST -0600
1732387565.606186: 29549-7f08e63de0c0: cdpl_log.c:868: in cdpl_log_dump_sysinfo(): info: version: T-2022.03 
1732387565.606188: 29549-7f08e63de0c0: cdpl_log.c:870: in cdpl_log_dump_sysinfo(): info: system: Linux 3.10.0-1160.119.1.el7.x86_64 #1 SMP Tue May 14 11:55:25 EDT 2024
1732387565.606190: 29549-7f08e63de0c0: cdpl_log.c:875: in cdpl_log_dump_sysinfo(): info: processor: x86_64 64-bits
1732387565.606191: 29549-7f08e63de0c0: cdpl_log.c:879: in cdpl_log_dump_sysinfo(): info: hostname: engnx03a.utdallas.edu
1732387565.606193: 29549-7f08e63de0c0: cdpl_log.c:230: in cdpl_log_open(): debug: path: /home/eng/d/dal852207/cad/gf65/primelib_gf65/NOR3/runtime/cdpl/pid29549/master.engnx03a.utdallas.edu.29549.log
1732387565.606196: 29549-7f08e63de0c0: cdpl_log.c:231: in cdpl_log_open(): debug: dir: /home/eng/d/dal852207/cad/gf65/primelib_gf65/NOR3/runtime/cdpl/pid29549
1732387565.606204: 29549-7f08e63de0c0: cdpl_log.c:758: in cdpl_log_set_filter(): info: filter level 1
1732387565.606224: 29549-7f08e63de0c0: cdpl_server.c:543: in cdpl_sv_init(): info: new server S117171857
1732387565.606231: 29549-7f08e63de0c0: cdpl_ipc.c:3030: in cdpl_ipc_init(): info: requesting IPv4 protocol
1732387565.606734: 29549-7f08e63de0c0: cdpl_ipc.c:800: in _selectaddrfamily(): info: selected IPv4 protocol
1732387565.607070: 29549-7f08e63de0c0: cdpl_server.c:657: in cdpl_sv_new_master(): info: new master M1
1732387565.607082: 29549-7f08e63de0c0: cdpl_server.c:5494: in cdpl_sv_ctl_master(): info: Setting worker heartbeat to 60 seconds
1732387565.607085: 29549-7f08e63de0c0: cdpl_server.c:5503: in cdpl_sv_ctl_master(): info: Setting worker heartbeat timeout to 3 heartbeats
1732387565.607087: 29549-7f08e63de0c0: cdpl_compat_master.c:2407: in cdplInitMaster(): info: bcast dir is `/dev/null'
1732387565.607158: 29549-7f08e63de0c0: cdpl_server.c:5394: in cdpl_sv_ctl_master(): info: farm worker timeout set to 36000
1732387565.607161: 29549-7f08e63de0c0: cdpl_server.c:5410: in cdpl_sv_ctl_master(): info: grid worker timeout set to 36000
1732387565.607163: 29549-7f08e63de0c0: cdpl_server.c:5438: in cdpl_sv_ctl_master(): info: farm submit command failure threshold set to 100
1732387565.607203: 29549-7f08e63de0c0: cdpl_farm.c:2268: in cdpl_farm_new_sh(): info: creating SH farm on localhost
1732387565.607216: 29549-7f08e63de0c0: cdpl_compat_master.c:207: in _set_farm_env(): info: exporting CDPL_LOGDIR as `/home/eng/d/dal852207/cad/gf65/primelib_gf65/NOR3/runtime/cdpl/pid29549'
1732387565.607219: 29549-7f08e63de0c0: cdpl_compat_master.c:213: in _set_farm_env(): info: exporting CDPL_TMPDIR as `/var/tmp'
1732387565.607221: 29549-7f08e63de0c0: cdpl_compat_master.c:220: in _set_farm_env(): info: exporting CDPL_HOME as `/proj/cad/synopsys/synopsys_2021/primelib/T-2022.03-SP1/cdpl_runtime_linux64'
1732387565.607223: 29549-7f08e63de0c0: cdpl_compat_master.c:227: in _set_farm_env(): info: exporting SNPSLMD_LICENSE_FILE as `1700@engdmv.utdallas.edu'
1732387565.607226: 29549-7f08e63de0c0: cdpl_compat_master.c:247: in _set_farm_env(): info: exporting CDPL_OPTIONS as `[filter][nowlogs]'
1732387565.607228: 29549-7f08e63de0c0: cdpl_compat_master.c:254: in _set_farm_env(): info: exporting DISPLAY as `:1027'
1732387565.607230: 29549-7f08e63de0c0: cdpl_compat_master.c:262: in _set_farm_env(): info: exporting CDPL_HEARTBEAT as `60'
1732387565.607233: 29549-7f08e63de0c0: cdpl_compat_master.c:348: in _set_farm_env(): info: exporting SIS_MALIBU as `2'
1732387565.607235: 29549-7f08e63de0c0: cdpl_compat_master.c:348: in _set_farm_env(): info: exporting SIS_CDPL as `5'
1732387565.651165: 29549-7f08e63de0c0: cdpl_server.c:738: in cdpl_sv_new_job(): info: new job J1 in M1
1732387565.651188: 29549-7f08e63de0c0: cdpl_compat_master.c:1314: in _add_worker(): info: new worker type 100, min:1, max:1, cmd:`/home/eng/d/dal852207/cad/gf65/primelib_gf65/NOR3/runtime/cdpl/pid29549/run_29549.sh'
1732387565.651198: 29549-7f08e63de0c0: cdpl_server.c:900: in cdpl_sv_new_bin_withfarm(): info: new bin B1 in J1
1732387565.660151: 29549-7f08e63de0c0: cdpl_server.c:3116: in cdpl_sv_start_job(): info: starting job J1
1732387565.669647: 29549-7f08e63de0c0: cdpl_server.c:1824: in _sv_gen_task(): info: new task T0 in B1 (prio 3)
1732387565.669658: 29549-7f08e63de0c0: cdpl_server.c:2558: in cdpl_sv_label_task_va(): info: setting task T0 label to "leakage_power__ACQ_1 of NOR3"
1732387565.669720: 29549-7f08e63de0c0: cdpl_server.c:1824: in _sv_gen_task(): info: new task T1 in B1 (prio 2)
1732387565.669765: 29549-7f08ce0e2700: cdpl_server_sched.c:700: in _sv_launch_worker(): info: started worker W1 (as C1) in bin B1
1732387565.669786: 29549-7f08cd8e1700: cdpl_farm.c:1899: in _schedule(): info: worker submit failure threshold set to 100
1732387565.669796: 29549-7f08e63de0c0: cdpl_server.c:2558: in cdpl_sv_label_task_va(): info: setting task T1 label to "delay__VA__lh__OUT__hl__ACQ_1 of NOR3"
1732387565.669806: 29549-7f08cd8e1700: cdpl_sh.c:49: in _sh_detached_submit(): info: SH : /home/eng/d/dal852207/cad/gf65/primelib_gf65/NOR3/runtime/cdpl/pid29549/run_29549.sh
1732387565.672466: 29549-7f08e63de0c0: cdpl_server.c:1824: in _sv_gen_task(): info: new task T2 in B1 (prio 2)
1732387565.672479: 29549-7f08e63de0c0: cdpl_server.c:2558: in cdpl_sv_label_task_va(): info: setting task T2 label to "delay__VA__hl__OUT__lh__ACQ_1 of NOR3"
1732387565.672939: 29549-7f08e63de0c0: cdpl_server.c:1824: in _sv_gen_task(): info: new task T3 in B1 (prio 5)
1732387565.672943: 29549-7f08e63de0c0: cdpl_server.c:2558: in cdpl_sv_label_task_va(): info: setting task T3 label to "Cin__VSS__lh__ACQ_1 of NOR3"
1732387565.672982: 29549-7f08e63de0c0: cdpl_server.c:1824: in _sv_gen_task(): info: new task T4 in B1 (prio 5)
1732387565.672985: 29549-7f08e63de0c0: cdpl_server.c:2558: in cdpl_sv_label_task_va(): info: setting task T4 label to "Cin__VSS__hl__ACQ_1 of NOR3"
1732387565.673053: 29549-7f08e63de0c0: cdpl_server.c:1824: in _sv_gen_task(): info: new task T5 in B1 (prio 2)
1732387565.673056: 29549-7f08e63de0c0: cdpl_server.c:2558: in cdpl_sv_label_task_va(): info: setting task T5 label to "delay__VB__lh__OUT__hl__ACQ_1 of NOR3"
1732387565.673093: 29549-7f08e63de0c0: cdpl_server.c:1824: in _sv_gen_task(): info: new task T6 in B1 (prio 2)
1732387565.673095: 29549-7f08e63de0c0: cdpl_server.c:2558: in cdpl_sv_label_task_va(): info: setting task T6 label to "delay__VB__hl__OUT__lh__ACQ_1 of NOR3"
1732387565.673131: 29549-7f08e63de0c0: cdpl_server.c:1824: in _sv_gen_task(): info: new task T7 in B1 (prio 2)
1732387565.673134: 29549-7f08e63de0c0: cdpl_server.c:2558: in cdpl_sv_label_task_va(): info: setting task T7 label to "delay__VC__lh__OUT__hl__ACQ_1 of NOR3"
1732387565.673165: 29549-7f08e63de0c0: cdpl_server.c:1824: in _sv_gen_task(): info: new task T8 in B1 (prio 2)
1732387565.673168: 29549-7f08e63de0c0: cdpl_server.c:2558: in cdpl_sv_label_task_va(): info: setting task T8 label to "delay__VC__hl__OUT__lh__ACQ_1 of NOR3"
1732387565.673192: 29549-7f08e63de0c0: cdpl_server.c:1824: in _sv_gen_task(): info: new task T9 in B1 (prio 5)
1732387565.673194: 29549-7f08e63de0c0: cdpl_server.c:2558: in cdpl_sv_label_task_va(): info: setting task T9 label to "Cin__VDD__lh__ACQ_1 of NOR3"
1732387565.673234: 29549-7f08e63de0c0: cdpl_server.c:1824: in _sv_gen_task(): info: new task T10 in B1 (prio 5)
1732387565.673236: 29549-7f08e63de0c0: cdpl_server.c:2558: in cdpl_sv_label_task_va(): info: setting task T10 label to "Cin__VDD__hl__ACQ_1 of NOR3"
1732387566.318932: 29549-7f08ce8e3700: cdpl_server_ipc.c:452: in _sv_on_hello(): info: W1 is `10.182.66.68:54780'
1732387566.318961: 29549-7f08ce8e3700: cdpl_server_ipc.c:454: in _sv_on_hello(): info: W1 log file is /dev/null
1732387566.318974: 29549-7f08ce8e3700: cdpl_server_ipc.c:481: in _sv_on_hello(): info: up to 1 alive workers in B1
1732387566.319008: 29549-7f08ce0e2700: cdpl_server_sched.c:955: in _assign(): info: assigning task T1 to worker W1
1732387573.439443: 29549-7f08ce8e3700: cdpl_server_ipc.c:857: in _sv_on_finish(): info: worker W1 completed task T1
1732387573.439702: 29549-7f08ce0e2700: cdpl_server_sched.c:955: in _assign(): info: assigning task T2 to worker W1
1732387580.120845: 29549-7f08ce8e3700: cdpl_server_ipc.c:857: in _sv_on_finish(): info: worker W1 completed task T2
1732387580.120891: 29549-7f08ce0e2700: cdpl_server_sched.c:955: in _assign(): info: assigning task T5 to worker W1
1732387586.693769: 29549-7f08ce8e3700: cdpl_server_ipc.c:857: in _sv_on_finish(): info: worker W1 completed task T5
1732387586.694042: 29549-7f08ce0e2700: cdpl_server_sched.c:955: in _assign(): info: assigning task T6 to worker W1
1732387593.342760: 29549-7f08ce8e3700: cdpl_server_ipc.c:857: in _sv_on_finish(): info: worker W1 completed task T6
1732387593.342812: 29549-7f08ce0e2700: cdpl_server_sched.c:955: in _assign(): info: assigning task T7 to worker W1
1732387600.055045: 29549-7f08ce8e3700: cdpl_server_ipc.c:857: in _sv_on_finish(): info: worker W1 completed task T7
1732387600.055317: 29549-7f08ce0e2700: cdpl_server_sched.c:955: in _assign(): info: assigning task T8 to worker W1
1732387606.928297: 29549-7f08ce8e3700: cdpl_server_ipc.c:857: in _sv_on_finish(): info: worker W1 completed task T8
1732387606.928338: 29549-7f08ce0e2700: cdpl_server_sched.c:955: in _assign(): info: assigning task T0 to worker W1
1732387678.016926: 29549-7f08ce8e3700: cdpl_server_ipc.c:857: in _sv_on_finish(): info: worker W1 completed task T0
1732387678.017173: 29549-7f08ce0e2700: cdpl_server_sched.c:955: in _assign(): info: assigning task T3 to worker W1
1732387684.760151: 29549-7f08ce8e3700: cdpl_server_ipc.c:857: in _sv_on_finish(): info: worker W1 completed task T3
1732387684.760195: 29549-7f08ce0e2700: cdpl_server_sched.c:955: in _assign(): info: assigning task T4 to worker W1
1732387691.417532: 29549-7f08ce8e3700: cdpl_server_ipc.c:857: in _sv_on_finish(): info: worker W1 completed task T4
1732387691.417579: 29549-7f08ce0e2700: cdpl_server_sched.c:955: in _assign(): info: assigning task T9 to worker W1
1732387697.931439: 29549-7f08ce8e3700: cdpl_server_ipc.c:857: in _sv_on_finish(): info: worker W1 completed task T9
1732387697.931473: 29549-7f08ce0e2700: cdpl_server_sched.c:955: in _assign(): info: assigning task T10 to worker W1
1732387704.565907: 29549-7f08ce8e3700: cdpl_server_ipc.c:857: in _sv_on_finish(): info: worker W1 completed task T10
1732387779.277485: 29549-7f08e63de0c0: cdpl_compat_master.c:5152: in cdplMasterLogInfo(): info: [non-CDPL log entry] Ending current CDPL job
1732387779.277786: 29549-7f08e63de0c0: cdpl_server.c:2890: in cdpl_sv_halt_job_errno(): info: stopping job J1
1732387779.277888: 29549-7f08ce0e2700: cdpl_server_sched.c:2711: in _sv_drop_worker(): info: down to 0 alive workers in B1
1732387779.277940: 29549-7f08e63de0c0: cdpl_server.c:2875: in cdpl_sv_halt_job_errno(): info: killing job J1
1732387779.277947: 29549-7f08e63de0c0: cdpl_server.c:288: in _sv_free_job(): info: freeing job J1
1732387779.277998: 29549-7f08e63de0c0: cdpl_farm.c:2395: in cdpl_farm_free(): info: freeing farm
1732387779.278295: 29549-7f08e63de0c0: cdpl_server.c:3011: in cdpl_sv_free(): info: freeing server S117171857
1732387779.278300: 29549-7f08e63de0c0: cdpl_server.c:2976: in cdpl_sv_kill_errno(): info: killing server
1732387779.278334: 29549-7f08e63de0c0: cdpl_server.c:328: in _sv_free_master(): info: freeing master M1
1732387779.278387: 29549-7f08e63de0c0: cdpl_log.c:371: in cdpl_log_close(): info: @@end_of_log@@
