1732387148.800977: 14052-7f7a9247d0c0: cdpl_log.c:228: in cdpl_log_open(): info: @@start_of_log@@
1732387148.801003: 14052-7f7a9247d0c0: cdpl_log.c:866: in cdpl_log_dump_sysinfo(): info: time: 2024/11/23 12:39:08 CST -0600
1732387148.801008: 14052-7f7a9247d0c0: cdpl_log.c:868: in cdpl_log_dump_sysinfo(): info: version: T-2022.03 
1732387148.801010: 14052-7f7a9247d0c0: cdpl_log.c:870: in cdpl_log_dump_sysinfo(): info: system: Linux 3.10.0-1160.119.1.el7.x86_64 #1 SMP Tue May 14 11:55:25 EDT 2024
1732387148.801012: 14052-7f7a9247d0c0: cdpl_log.c:875: in cdpl_log_dump_sysinfo(): info: processor: x86_64 64-bits
1732387148.801014: 14052-7f7a9247d0c0: cdpl_log.c:879: in cdpl_log_dump_sysinfo(): info: hostname: engnx03a.utdallas.edu
1732387148.801016: 14052-7f7a9247d0c0: cdpl_log.c:230: in cdpl_log_open(): debug: path: /home/eng/d/dal852207/cad/gf65/primelib_gf65/NAND3/runtime/cdpl/pid14052/master.engnx03a.utdallas.edu.14052.log
1732387148.801018: 14052-7f7a9247d0c0: cdpl_log.c:231: in cdpl_log_open(): debug: dir: /home/eng/d/dal852207/cad/gf65/primelib_gf65/NAND3/runtime/cdpl/pid14052
1732387148.801026: 14052-7f7a9247d0c0: cdpl_log.c:758: in cdpl_log_set_filter(): info: filter level 1
1732387148.801065: 14052-7f7a9247d0c0: cdpl_server.c:543: in cdpl_sv_init(): info: new server S931283849
1732387148.801073: 14052-7f7a9247d0c0: cdpl_ipc.c:3030: in cdpl_ipc_init(): info: requesting IPv4 protocol
1732387148.801695: 14052-7f7a9247d0c0: cdpl_ipc.c:800: in _selectaddrfamily(): info: selected IPv4 protocol
1732387148.802016: 14052-7f7a9247d0c0: cdpl_server.c:657: in cdpl_sv_new_master(): info: new master M1
1732387148.802035: 14052-7f7a9247d0c0: cdpl_server.c:5494: in cdpl_sv_ctl_master(): info: Setting worker heartbeat to 60 seconds
1732387148.802037: 14052-7f7a9247d0c0: cdpl_server.c:5503: in cdpl_sv_ctl_master(): info: Setting worker heartbeat timeout to 3 heartbeats
1732387148.802040: 14052-7f7a9247d0c0: cdpl_compat_master.c:2407: in cdplInitMaster(): info: bcast dir is `/dev/null'
1732387148.802132: 14052-7f7a9247d0c0: cdpl_server.c:5394: in cdpl_sv_ctl_master(): info: farm worker timeout set to 36000
1732387148.802135: 14052-7f7a9247d0c0: cdpl_server.c:5410: in cdpl_sv_ctl_master(): info: grid worker timeout set to 36000
1732387148.802136: 14052-7f7a9247d0c0: cdpl_server.c:5438: in cdpl_sv_ctl_master(): info: farm submit command failure threshold set to 100
1732387148.802186: 14052-7f7a9247d0c0: cdpl_farm.c:2268: in cdpl_farm_new_sh(): info: creating SH farm on localhost
1732387148.802200: 14052-7f7a9247d0c0: cdpl_compat_master.c:207: in _set_farm_env(): info: exporting CDPL_LOGDIR as `/home/eng/d/dal852207/cad/gf65/primelib_gf65/NAND3/runtime/cdpl/pid14052'
1732387148.802203: 14052-7f7a9247d0c0: cdpl_compat_master.c:213: in _set_farm_env(): info: exporting CDPL_TMPDIR as `/var/tmp'
1732387148.802205: 14052-7f7a9247d0c0: cdpl_compat_master.c:220: in _set_farm_env(): info: exporting CDPL_HOME as `/proj/cad/synopsys/synopsys_2021/primelib/T-2022.03-SP1/cdpl_runtime_linux64'
1732387148.802207: 14052-7f7a9247d0c0: cdpl_compat_master.c:227: in _set_farm_env(): info: exporting SNPSLMD_LICENSE_FILE as `1700@engdmv.utdallas.edu'
1732387148.802210: 14052-7f7a9247d0c0: cdpl_compat_master.c:247: in _set_farm_env(): info: exporting CDPL_OPTIONS as `[filter][nowlogs]'
1732387148.802212: 14052-7f7a9247d0c0: cdpl_compat_master.c:254: in _set_farm_env(): info: exporting DISPLAY as `:1027'
1732387148.802214: 14052-7f7a9247d0c0: cdpl_compat_master.c:262: in _set_farm_env(): info: exporting CDPL_HEARTBEAT as `60'
1732387148.802217: 14052-7f7a9247d0c0: cdpl_compat_master.c:348: in _set_farm_env(): info: exporting SIS_MALIBU as `2'
1732387148.802219: 14052-7f7a9247d0c0: cdpl_compat_master.c:348: in _set_farm_env(): info: exporting SIS_CDPL as `5'
1732387148.846176: 14052-7f7a9247d0c0: cdpl_server.c:738: in cdpl_sv_new_job(): info: new job J1 in M1
1732387148.846192: 14052-7f7a9247d0c0: cdpl_compat_master.c:1314: in _add_worker(): info: new worker type 100, min:1, max:1, cmd:`/home/eng/d/dal852207/cad/gf65/primelib_gf65/NAND3/runtime/cdpl/pid14052/run_14052.sh'
1732387148.846201: 14052-7f7a9247d0c0: cdpl_server.c:900: in cdpl_sv_new_bin_withfarm(): info: new bin B1 in J1
1732387148.854647: 14052-7f7a9247d0c0: cdpl_server.c:3116: in cdpl_sv_start_job(): info: starting job J1
1732387148.864646: 14052-7f7a9247d0c0: cdpl_server.c:1824: in _sv_gen_task(): info: new task T0 in B1 (prio 3)
1732387148.864658: 14052-7f7a9247d0c0: cdpl_server.c:2558: in cdpl_sv_label_task_va(): info: setting task T0 label to "leakage_power__ACQ_1 of NAND3"
1732387148.864718: 14052-7f7a9247d0c0: cdpl_server.c:1824: in _sv_gen_task(): info: new task T1 in B1 (prio 2)
1732387148.864759: 14052-7f7a7a181700: cdpl_server_sched.c:700: in _sv_launch_worker(): info: started worker W1 (as C1) in bin B1
1732387148.864776: 14052-7f7a9247d0c0: cdpl_server.c:2558: in cdpl_sv_label_task_va(): info: setting task T1 label to "delay__VA__lh__OUT__hl__ACQ_1 of NAND3"
1732387148.864788: 14052-7f7a79980700: cdpl_farm.c:1899: in _schedule(): info: worker submit failure threshold set to 100
1732387148.864804: 14052-7f7a79980700: cdpl_sh.c:49: in _sh_detached_submit(): info: SH : /home/eng/d/dal852207/cad/gf65/primelib_gf65/NAND3/runtime/cdpl/pid14052/run_14052.sh
1732387148.864808: 14052-7f7a9247d0c0: cdpl_server.c:1824: in _sv_gen_task(): info: new task T2 in B1 (prio 2)
1732387148.864812: 14052-7f7a9247d0c0: cdpl_server.c:2558: in cdpl_sv_label_task_va(): info: setting task T2 label to "delay__VA__hl__OUT__lh__ACQ_1 of NAND3"
1732387148.867332: 14052-7f7a9247d0c0: cdpl_server.c:1824: in _sv_gen_task(): info: new task T3 in B1 (prio 5)
1732387148.867346: 14052-7f7a9247d0c0: cdpl_server.c:2558: in cdpl_sv_label_task_va(): info: setting task T3 label to "Cin__VSS__lh__ACQ_1 of NAND3"
1732387148.867406: 14052-7f7a9247d0c0: cdpl_server.c:1824: in _sv_gen_task(): info: new task T4 in B1 (prio 5)
1732387148.867409: 14052-7f7a9247d0c0: cdpl_server.c:2558: in cdpl_sv_label_task_va(): info: setting task T4 label to "Cin__VSS__hl__ACQ_1 of NAND3"
1732387148.867450: 14052-7f7a9247d0c0: cdpl_server.c:1824: in _sv_gen_task(): info: new task T5 in B1 (prio 2)
1732387148.867453: 14052-7f7a9247d0c0: cdpl_server.c:2558: in cdpl_sv_label_task_va(): info: setting task T5 label to "delay__VB__lh__OUT__hl__ACQ_1 of NAND3"
1732387148.867485: 14052-7f7a9247d0c0: cdpl_server.c:1824: in _sv_gen_task(): info: new task T6 in B1 (prio 2)
1732387148.867487: 14052-7f7a9247d0c0: cdpl_server.c:2558: in cdpl_sv_label_task_va(): info: setting task T6 label to "delay__VB__hl__OUT__lh__ACQ_1 of NAND3"
1732387148.867515: 14052-7f7a9247d0c0: cdpl_server.c:1824: in _sv_gen_task(): info: new task T7 in B1 (prio 2)
1732387148.867517: 14052-7f7a9247d0c0: cdpl_server.c:2558: in cdpl_sv_label_task_va(): info: setting task T7 label to "delay__VC__lh__OUT__hl__ACQ_1 of NAND3"
1732387148.867557: 14052-7f7a9247d0c0: cdpl_server.c:1824: in _sv_gen_task(): info: new task T8 in B1 (prio 2)
1732387148.867560: 14052-7f7a9247d0c0: cdpl_server.c:2558: in cdpl_sv_label_task_va(): info: setting task T8 label to "delay__VC__hl__OUT__lh__ACQ_1 of NAND3"
1732387148.867589: 14052-7f7a9247d0c0: cdpl_server.c:1824: in _sv_gen_task(): info: new task T9 in B1 (prio 5)
1732387148.867591: 14052-7f7a9247d0c0: cdpl_server.c:2558: in cdpl_sv_label_task_va(): info: setting task T9 label to "Cin__VDD__lh__ACQ_1 of NAND3"
1732387148.867639: 14052-7f7a9247d0c0: cdpl_server.c:1824: in _sv_gen_task(): info: new task T10 in B1 (prio 5)
1732387148.867642: 14052-7f7a9247d0c0: cdpl_server.c:2558: in cdpl_sv_label_task_va(): info: setting task T10 label to "Cin__VDD__hl__ACQ_1 of NAND3"
1732387149.518125: 14052-7f7a7a982700: cdpl_server_ipc.c:452: in _sv_on_hello(): info: W1 is `10.182.66.68:56078'
1732387149.518135: 14052-7f7a7a982700: cdpl_server_ipc.c:454: in _sv_on_hello(): info: W1 log file is /dev/null
1732387149.518144: 14052-7f7a7a982700: cdpl_server_ipc.c:481: in _sv_on_hello(): info: up to 1 alive workers in B1
1732387149.518168: 14052-7f7a7a181700: cdpl_server_sched.c:955: in _assign(): info: assigning task T1 to worker W1
1732387156.601736: 14052-7f7a7a982700: cdpl_server_ipc.c:857: in _sv_on_finish(): info: worker W1 completed task T1
1732387156.601777: 14052-7f7a7a181700: cdpl_server_sched.c:955: in _assign(): info: assigning task T2 to worker W1
1732387163.431792: 14052-7f7a7a982700: cdpl_server_ipc.c:857: in _sv_on_finish(): info: worker W1 completed task T2
1732387163.431827: 14052-7f7a7a181700: cdpl_server_sched.c:955: in _assign(): info: assigning task T5 to worker W1
1732387170.205286: 14052-7f7a7a982700: cdpl_server_ipc.c:857: in _sv_on_finish(): info: worker W1 completed task T5
1732387170.205551: 14052-7f7a7a181700: cdpl_server_sched.c:955: in _assign(): info: assigning task T6 to worker W1
1732387176.906883: 14052-7f7a7a982700: cdpl_server_ipc.c:857: in _sv_on_finish(): info: worker W1 completed task T6
1732387176.906916: 14052-7f7a7a181700: cdpl_server_sched.c:955: in _assign(): info: assigning task T7 to worker W1
1732387183.686959: 14052-7f7a7a982700: cdpl_server_ipc.c:857: in _sv_on_finish(): info: worker W1 completed task T7
1732387183.686999: 14052-7f7a7a181700: cdpl_server_sched.c:955: in _assign(): info: assigning task T8 to worker W1
1732387190.301345: 14052-7f7a7a982700: cdpl_server_ipc.c:857: in _sv_on_finish(): info: worker W1 completed task T8
1732387190.301628: 14052-7f7a7a181700: cdpl_server_sched.c:955: in _assign(): info: assigning task T0 to worker W1
1732387196.717268: 14052-7f7a7a982700: cdpl_server_ipc.c:857: in _sv_on_finish(): info: worker W1 completed task T0
1732387196.717303: 14052-7f7a7a181700: cdpl_server_sched.c:955: in _assign(): info: assigning task T3 to worker W1
1732387203.566286: 14052-7f7a7a982700: cdpl_server_ipc.c:857: in _sv_on_finish(): info: worker W1 completed task T3
1732387203.566322: 14052-7f7a7a181700: cdpl_server_sched.c:955: in _assign(): info: assigning task T4 to worker W1
1732387210.112158: 14052-7f7a7a982700: cdpl_server_ipc.c:857: in _sv_on_finish(): info: worker W1 completed task T4
1732387210.112205: 14052-7f7a7a181700: cdpl_server_sched.c:955: in _assign(): info: assigning task T9 to worker W1
1732387216.623407: 14052-7f7a7a982700: cdpl_server_ipc.c:857: in _sv_on_finish(): info: worker W1 completed task T9
1732387216.623440: 14052-7f7a7a181700: cdpl_server_sched.c:955: in _assign(): info: assigning task T10 to worker W1
1732387223.386139: 14052-7f7a7a982700: cdpl_server_ipc.c:857: in _sv_on_finish(): info: worker W1 completed task T10
1732387424.926005: 14052-7f7a9247d0c0: cdpl_compat_master.c:5152: in cdplMasterLogInfo(): info: [non-CDPL log entry] Ending current CDPL job
1732387424.926334: 14052-7f7a9247d0c0: cdpl_server.c:2890: in cdpl_sv_halt_job_errno(): info: stopping job J1
1732387424.926421: 14052-7f7a7a181700: cdpl_server_sched.c:2711: in _sv_drop_worker(): info: down to 0 alive workers in B1
1732387424.926876: 14052-7f7a9247d0c0: cdpl_server.c:2875: in cdpl_sv_halt_job_errno(): info: killing job J1
1732387424.926882: 14052-7f7a9247d0c0: cdpl_server.c:288: in _sv_free_job(): info: freeing job J1
1732387424.926909: 14052-7f7a9247d0c0: cdpl_farm.c:2395: in cdpl_farm_free(): info: freeing farm
1732387424.927011: 14052-7f7a9247d0c0: cdpl_server.c:3011: in cdpl_sv_free(): info: freeing server S931283849
1732387424.927058: 14052-7f7a9247d0c0: cdpl_server.c:2976: in cdpl_sv_kill_errno(): info: killing server
1732387424.927103: 14052-7f7a9247d0c0: cdpl_server.c:328: in _sv_free_master(): info: freeing master M1
1732387424.927274: 14052-7f7a9247d0c0: cdpl_log.c:371: in cdpl_log_close(): info: @@end_of_log@@
