1732985271.185146: 31190-7fbd2874e0c0: cdpl_log.c:228: in cdpl_log_open(): info: @@start_of_log@@
1732985271.185179: 31190-7fbd2874e0c0: cdpl_log.c:866: in cdpl_log_dump_sysinfo(): info: time: 2024/11/30 10:47:51 CST -0600
1732985271.185184: 31190-7fbd2874e0c0: cdpl_log.c:868: in cdpl_log_dump_sysinfo(): info: version: T-2022.03 
1732985271.185186: 31190-7fbd2874e0c0: cdpl_log.c:870: in cdpl_log_dump_sysinfo(): info: system: Linux 3.10.0-1160.119.1.el7.x86_64 #1 SMP Tue May 14 11:55:25 EDT 2024
1732985271.185188: 31190-7fbd2874e0c0: cdpl_log.c:875: in cdpl_log_dump_sysinfo(): info: processor: x86_64 64-bits
1732985271.185189: 31190-7fbd2874e0c0: cdpl_log.c:879: in cdpl_log_dump_sysinfo(): info: hostname: engnx03a.utdallas.edu
1732985271.185191: 31190-7fbd2874e0c0: cdpl_log.c:230: in cdpl_log_open(): debug: path: /home/eng/d/dal852207/cad/gf65/primelib_gf65/OAI22/runtime/cdpl/pid31190/master.engnx03a.utdallas.edu.31190.log
1732985271.185194: 31190-7fbd2874e0c0: cdpl_log.c:231: in cdpl_log_open(): debug: dir: /home/eng/d/dal852207/cad/gf65/primelib_gf65/OAI22/runtime/cdpl/pid31190
1732985271.185203: 31190-7fbd2874e0c0: cdpl_log.c:758: in cdpl_log_set_filter(): info: filter level 1
1732985271.185222: 31190-7fbd2874e0c0: cdpl_server.c:543: in cdpl_sv_init(): info: new server S403167335
1732985271.185229: 31190-7fbd2874e0c0: cdpl_ipc.c:3030: in cdpl_ipc_init(): info: requesting IPv4 protocol
1732985271.185710: 31190-7fbd2874e0c0: cdpl_ipc.c:800: in _selectaddrfamily(): info: selected IPv4 protocol
1732985271.186028: 31190-7fbd2874e0c0: cdpl_server.c:657: in cdpl_sv_new_master(): info: new master M1
1732985271.186046: 31190-7fbd2874e0c0: cdpl_server.c:5494: in cdpl_sv_ctl_master(): info: Setting worker heartbeat to 60 seconds
1732985271.186049: 31190-7fbd2874e0c0: cdpl_server.c:5503: in cdpl_sv_ctl_master(): info: Setting worker heartbeat timeout to 3 heartbeats
1732985271.186053: 31190-7fbd2874e0c0: cdpl_compat_master.c:2407: in cdplInitMaster(): info: bcast dir is `/dev/null'
1732985271.186100: 31190-7fbd2874e0c0: cdpl_server.c:5394: in cdpl_sv_ctl_master(): info: farm worker timeout set to 36000
1732985271.186102: 31190-7fbd2874e0c0: cdpl_server.c:5410: in cdpl_sv_ctl_master(): info: grid worker timeout set to 36000
1732985271.186104: 31190-7fbd2874e0c0: cdpl_server.c:5438: in cdpl_sv_ctl_master(): info: farm submit command failure threshold set to 100
1732985271.186140: 31190-7fbd2874e0c0: cdpl_farm.c:2268: in cdpl_farm_new_sh(): info: creating SH farm on localhost
1732985271.186154: 31190-7fbd2874e0c0: cdpl_compat_master.c:207: in _set_farm_env(): info: exporting CDPL_LOGDIR as `/home/eng/d/dal852207/cad/gf65/primelib_gf65/OAI22/runtime/cdpl/pid31190'
1732985271.186157: 31190-7fbd2874e0c0: cdpl_compat_master.c:213: in _set_farm_env(): info: exporting CDPL_TMPDIR as `/var/tmp'
1732985271.186159: 31190-7fbd2874e0c0: cdpl_compat_master.c:220: in _set_farm_env(): info: exporting CDPL_HOME as `/proj/cad/synopsys/synopsys_2021/primelib/T-2022.03-SP1/cdpl_runtime_linux64'
1732985271.186162: 31190-7fbd2874e0c0: cdpl_compat_master.c:227: in _set_farm_env(): info: exporting SNPSLMD_LICENSE_FILE as `1700@engdmv.utdallas.edu'
1732985271.186165: 31190-7fbd2874e0c0: cdpl_compat_master.c:247: in _set_farm_env(): info: exporting CDPL_OPTIONS as `[filter][nowlogs]'
1732985271.186167: 31190-7fbd2874e0c0: cdpl_compat_master.c:254: in _set_farm_env(): info: exporting DISPLAY as `:1022'
1732985271.186169: 31190-7fbd2874e0c0: cdpl_compat_master.c:262: in _set_farm_env(): info: exporting CDPL_HEARTBEAT as `60'
1732985271.186172: 31190-7fbd2874e0c0: cdpl_compat_master.c:348: in _set_farm_env(): info: exporting SIS_MALIBU as `2'
1732985271.186174: 31190-7fbd2874e0c0: cdpl_compat_master.c:348: in _set_farm_env(): info: exporting SIS_CDPL as `5'
1732985271.231123: 31190-7fbd2874e0c0: cdpl_server.c:738: in cdpl_sv_new_job(): info: new job J1 in M1
1732985271.231141: 31190-7fbd2874e0c0: cdpl_compat_master.c:1314: in _add_worker(): info: new worker type 100, min:1, max:1, cmd:`/home/eng/d/dal852207/cad/gf65/primelib_gf65/OAI22/runtime/cdpl/pid31190/run_31190.sh'
1732985271.231152: 31190-7fbd2874e0c0: cdpl_server.c:900: in cdpl_sv_new_bin_withfarm(): info: new bin B1 in J1
1732985271.239386: 31190-7fbd2874e0c0: cdpl_server.c:3116: in cdpl_sv_start_job(): info: starting job J1
1732985271.249603: 31190-7fbd2874e0c0: cdpl_server.c:1824: in _sv_gen_task(): info: new task T0 in B1 (prio 3)
1732985271.249616: 31190-7fbd2874e0c0: cdpl_server.c:2558: in cdpl_sv_label_task_va(): info: setting task T0 label to "leakage_power__ACQ_1 of OAI22"
1732985271.249686: 31190-7fbd2874e0c0: cdpl_server.c:1824: in _sv_gen_task(): info: new task T1 in B1 (prio 5)
1732985271.249757: 31190-7fbd10452700: cdpl_server_sched.c:700: in _sv_launch_worker(): info: started worker W1 (as C1) in bin B1
1732985271.249782: 31190-7fbd2874e0c0: cdpl_server.c:2558: in cdpl_sv_label_task_va(): info: setting task T1 label to "Cin__VSS__hl__ACQ_1 of OAI22"
1732985271.249788: 31190-7fbd0fc51700: cdpl_farm.c:1899: in _schedule(): info: worker submit failure threshold set to 100
1732985271.249808: 31190-7fbd0fc51700: cdpl_sh.c:49: in _sh_detached_submit(): info: SH : /home/eng/d/dal852207/cad/gf65/primelib_gf65/OAI22/runtime/cdpl/pid31190/run_31190.sh
1732985271.249810: 31190-7fbd2874e0c0: cdpl_server.c:1824: in _sv_gen_task(): info: new task T2 in B1 (prio 5)
1732985271.249814: 31190-7fbd2874e0c0: cdpl_server.c:2558: in cdpl_sv_label_task_va(): info: setting task T2 label to "Cin__VSS__lh__ACQ_1 of OAI22"
1732985271.252568: 31190-7fbd2874e0c0: cdpl_server.c:1824: in _sv_gen_task(): info: new task T3 in B1 (prio 2)
1732985271.252583: 31190-7fbd2874e0c0: cdpl_server.c:2558: in cdpl_sv_label_task_va(): info: setting task T3 label to "delay__A__hl__OUT__lh__ACQ_1 of OAI22"
1732985271.252771: 31190-7fbd2874e0c0: cdpl_server.c:1824: in _sv_gen_task(): info: new task T4 in B1 (prio 2)
1732985271.252774: 31190-7fbd2874e0c0: cdpl_server.c:2558: in cdpl_sv_label_task_va(): info: setting task T4 label to "delay__A__lh__OUT__hl__ACQ_1 of OAI22"
1732985271.252838: 31190-7fbd2874e0c0: cdpl_server.c:1824: in _sv_gen_task(): info: new task T5 in B1 (prio 2)
1732985271.252840: 31190-7fbd2874e0c0: cdpl_server.c:2558: in cdpl_sv_label_task_va(): info: setting task T5 label to "delay__B__hl__OUT__lh__ACQ_1 of OAI22"
1732985271.252892: 31190-7fbd2874e0c0: cdpl_server.c:1824: in _sv_gen_task(): info: new task T6 in B1 (prio 2)
1732985271.252895: 31190-7fbd2874e0c0: cdpl_server.c:2558: in cdpl_sv_label_task_va(): info: setting task T6 label to "delay__B__lh__OUT__hl__ACQ_1 of OAI22"
1732985271.252935: 31190-7fbd2874e0c0: cdpl_server.c:1824: in _sv_gen_task(): info: new task T7 in B1 (prio 2)
1732985271.252938: 31190-7fbd2874e0c0: cdpl_server.c:2558: in cdpl_sv_label_task_va(): info: setting task T7 label to "delay__C__hl__OUT__lh__ACQ_1 of OAI22"
1732985271.252983: 31190-7fbd2874e0c0: cdpl_server.c:1824: in _sv_gen_task(): info: new task T8 in B1 (prio 2)
1732985271.252986: 31190-7fbd2874e0c0: cdpl_server.c:2558: in cdpl_sv_label_task_va(): info: setting task T8 label to "delay__C__lh__OUT__hl__ACQ_1 of OAI22"
1732985271.253021: 31190-7fbd2874e0c0: cdpl_server.c:1824: in _sv_gen_task(): info: new task T9 in B1 (prio 2)
1732985271.253024: 31190-7fbd2874e0c0: cdpl_server.c:2558: in cdpl_sv_label_task_va(): info: setting task T9 label to "delay__D__hl__OUT__lh__ACQ_1 of OAI22"
1732985271.253050: 31190-7fbd2874e0c0: cdpl_server.c:1824: in _sv_gen_task(): info: new task T10 in B1 (prio 2)
1732985271.253053: 31190-7fbd2874e0c0: cdpl_server.c:2558: in cdpl_sv_label_task_va(): info: setting task T10 label to "delay__D__lh__OUT__hl__ACQ_1 of OAI22"
1732985271.253080: 31190-7fbd2874e0c0: cdpl_server.c:1824: in _sv_gen_task(): info: new task T11 in B1 (prio 5)
1732985271.253083: 31190-7fbd2874e0c0: cdpl_server.c:2558: in cdpl_sv_label_task_va(): info: setting task T11 label to "Cin__VDD__hl__ACQ_1 of OAI22"
1732985271.253120: 31190-7fbd2874e0c0: cdpl_server.c:1824: in _sv_gen_task(): info: new task T12 in B1 (prio 5)
1732985271.253123: 31190-7fbd2874e0c0: cdpl_server.c:2558: in cdpl_sv_label_task_va(): info: setting task T12 label to "Cin__VDD__lh__ACQ_1 of OAI22"
1732985271.914540: 31190-7fbd10c53700: cdpl_server_ipc.c:452: in _sv_on_hello(): info: W1 is `10.182.66.68:37192'
1732985271.914559: 31190-7fbd10c53700: cdpl_server_ipc.c:454: in _sv_on_hello(): info: W1 log file is /dev/null
1732985271.914570: 31190-7fbd10c53700: cdpl_server_ipc.c:481: in _sv_on_hello(): info: up to 1 alive workers in B1
1732985271.914598: 31190-7fbd10452700: cdpl_server_sched.c:955: in _assign(): info: assigning task T3 to worker W1
1732985278.995631: 31190-7fbd10c53700: cdpl_server_ipc.c:857: in _sv_on_finish(): info: worker W1 completed task T3
1732985278.995670: 31190-7fbd10452700: cdpl_server_sched.c:955: in _assign(): info: assigning task T4 to worker W1
1732985285.654820: 31190-7fbd10c53700: cdpl_server_ipc.c:857: in _sv_on_finish(): info: worker W1 completed task T4
1732985285.654851: 31190-7fbd10452700: cdpl_server_sched.c:955: in _assign(): info: assigning task T5 to worker W1
1732985292.319033: 31190-7fbd10c53700: cdpl_server_ipc.c:857: in _sv_on_finish(): info: worker W1 completed task T5
1732985292.319062: 31190-7fbd10452700: cdpl_server_sched.c:955: in _assign(): info: assigning task T6 to worker W1
1732985299.006469: 31190-7fbd10c53700: cdpl_server_ipc.c:857: in _sv_on_finish(): info: worker W1 completed task T6
1732985299.006679: 31190-7fbd10452700: cdpl_server_sched.c:955: in _assign(): info: assigning task T7 to worker W1
1732985305.689163: 31190-7fbd10c53700: cdpl_server_ipc.c:857: in _sv_on_finish(): info: worker W1 completed task T7
1732985305.689207: 31190-7fbd10452700: cdpl_server_sched.c:955: in _assign(): info: assigning task T8 to worker W1
1732985312.575004: 31190-7fbd10c53700: cdpl_server_ipc.c:857: in _sv_on_finish(): info: worker W1 completed task T8
1732985312.575193: 31190-7fbd10452700: cdpl_server_sched.c:955: in _assign(): info: assigning task T9 to worker W1
1732985319.247794: 31190-7fbd10c53700: cdpl_server_ipc.c:857: in _sv_on_finish(): info: worker W1 completed task T9
1732985319.247829: 31190-7fbd10452700: cdpl_server_sched.c:955: in _assign(): info: assigning task T10 to worker W1
1732985326.135211: 31190-7fbd10c53700: cdpl_server_ipc.c:857: in _sv_on_finish(): info: worker W1 completed task T10
1732985326.135242: 31190-7fbd10452700: cdpl_server_sched.c:955: in _assign(): info: assigning task T0 to worker W1
1732985332.719826: 31190-7fbd10c53700: cdpl_server_ipc.c:857: in _sv_on_finish(): info: worker W1 completed task T0
1732985332.719857: 31190-7fbd10452700: cdpl_server_sched.c:955: in _assign(): info: assigning task T1 to worker W1
1732985339.480420: 31190-7fbd10c53700: cdpl_server_ipc.c:857: in _sv_on_finish(): info: worker W1 completed task T1
1732985339.480449: 31190-7fbd10452700: cdpl_server_sched.c:955: in _assign(): info: assigning task T2 to worker W1
1732985346.208523: 31190-7fbd10c53700: cdpl_server_ipc.c:857: in _sv_on_finish(): info: worker W1 completed task T2
1732985346.208557: 31190-7fbd10452700: cdpl_server_sched.c:955: in _assign(): info: assigning task T11 to worker W1
1732985353.009535: 31190-7fbd10c53700: cdpl_server_ipc.c:857: in _sv_on_finish(): info: worker W1 completed task T11
1732985353.009566: 31190-7fbd10452700: cdpl_server_sched.c:955: in _assign(): info: assigning task T12 to worker W1
1732985359.461044: 31190-7fbd10c53700: cdpl_server_ipc.c:857: in _sv_on_finish(): info: worker W1 completed task T12
1732985456.999144: 31190-7fbd2874e0c0: cdpl_compat_master.c:5152: in cdplMasterLogInfo(): info: [non-CDPL log entry] Ending current CDPL job
1732985456.999446: 31190-7fbd2874e0c0: cdpl_server.c:2890: in cdpl_sv_halt_job_errno(): info: stopping job J1
1732985456.999539: 31190-7fbd10452700: cdpl_server_sched.c:2711: in _sv_drop_worker(): info: down to 0 alive workers in B1
1732985456.999580: 31190-7fbd2874e0c0: cdpl_server.c:2875: in cdpl_sv_halt_job_errno(): info: killing job J1
1732985456.999586: 31190-7fbd2874e0c0: cdpl_server.c:288: in _sv_free_job(): info: freeing job J1
1732985456.999631: 31190-7fbd2874e0c0: cdpl_farm.c:2395: in cdpl_farm_free(): info: freeing farm
1732985456.999870: 31190-7fbd2874e0c0: cdpl_server.c:3011: in cdpl_sv_free(): info: freeing server S403167335
1732985456.999880: 31190-7fbd2874e0c0: cdpl_server.c:2976: in cdpl_sv_kill_errno(): info: killing server
1732985456.999916: 31190-7fbd2874e0c0: cdpl_server.c:328: in _sv_free_master(): info: freeing master M1
1732985456.999970: 31190-7fbd2874e0c0: cdpl_log.c:371: in cdpl_log_close(): info: @@end_of_log@@
