1733169557.453597: 32570-7f6bd0a430c0: cdpl_log.c:228: in cdpl_log_open(): info: @@start_of_log@@
1733169557.453622: 32570-7f6bd0a430c0: cdpl_log.c:866: in cdpl_log_dump_sysinfo(): info: time: 2024/12/02 13:59:17 CST -0600
1733169557.453626: 32570-7f6bd0a430c0: cdpl_log.c:868: in cdpl_log_dump_sysinfo(): info: version: T-2022.03 
1733169557.453628: 32570-7f6bd0a430c0: cdpl_log.c:870: in cdpl_log_dump_sysinfo(): info: system: Linux 3.10.0-1160.119.1.el7.x86_64 #1 SMP Tue May 14 11:55:25 EDT 2024
1733169557.453630: 32570-7f6bd0a430c0: cdpl_log.c:875: in cdpl_log_dump_sysinfo(): info: processor: x86_64 64-bits
1733169557.453631: 32570-7f6bd0a430c0: cdpl_log.c:879: in cdpl_log_dump_sysinfo(): info: hostname: engnx01a.utdallas.edu
1733169557.453633: 32570-7f6bd0a430c0: cdpl_log.c:230: in cdpl_log_open(): debug: path: /home/eng/d/dal852207/cad/gf65/primelib_gf65/NOR2/runtime/cdpl/pid32570/master.engnx01a.utdallas.edu.32570.log
1733169557.453635: 32570-7f6bd0a430c0: cdpl_log.c:231: in cdpl_log_open(): debug: dir: /home/eng/d/dal852207/cad/gf65/primelib_gf65/NOR2/runtime/cdpl/pid32570
1733169557.453641: 32570-7f6bd0a430c0: cdpl_log.c:758: in cdpl_log_set_filter(): info: filter level 1
1733169557.453657: 32570-7f6bd0a430c0: cdpl_server.c:543: in cdpl_sv_init(): info: new server S1342411584
1733169557.453665: 32570-7f6bd0a430c0: cdpl_ipc.c:3030: in cdpl_ipc_init(): info: requesting IPv4 protocol
1733169557.454174: 32570-7f6bd0a430c0: cdpl_ipc.c:800: in _selectaddrfamily(): info: selected IPv4 protocol
1733169557.454483: 32570-7f6bd0a430c0: cdpl_server.c:657: in cdpl_sv_new_master(): info: new master M1
1733169557.454495: 32570-7f6bd0a430c0: cdpl_server.c:5494: in cdpl_sv_ctl_master(): info: Setting worker heartbeat to 60 seconds
1733169557.454497: 32570-7f6bd0a430c0: cdpl_server.c:5503: in cdpl_sv_ctl_master(): info: Setting worker heartbeat timeout to 3 heartbeats
1733169557.454499: 32570-7f6bd0a430c0: cdpl_compat_master.c:2407: in cdplInitMaster(): info: bcast dir is `/dev/null'
1733169557.454552: 32570-7f6bd0a430c0: cdpl_server.c:5394: in cdpl_sv_ctl_master(): info: farm worker timeout set to 36000
1733169557.454555: 32570-7f6bd0a430c0: cdpl_server.c:5410: in cdpl_sv_ctl_master(): info: grid worker timeout set to 36000
1733169557.454557: 32570-7f6bd0a430c0: cdpl_server.c:5438: in cdpl_sv_ctl_master(): info: farm submit command failure threshold set to 100
1733169557.454587: 32570-7f6bd0a430c0: cdpl_farm.c:2268: in cdpl_farm_new_sh(): info: creating SH farm on localhost
1733169557.454598: 32570-7f6bd0a430c0: cdpl_compat_master.c:207: in _set_farm_env(): info: exporting CDPL_LOGDIR as `/home/eng/d/dal852207/cad/gf65/primelib_gf65/NOR2/runtime/cdpl/pid32570'
1733169557.454601: 32570-7f6bd0a430c0: cdpl_compat_master.c:213: in _set_farm_env(): info: exporting CDPL_TMPDIR as `/var/tmp'
1733169557.454603: 32570-7f6bd0a430c0: cdpl_compat_master.c:220: in _set_farm_env(): info: exporting CDPL_HOME as `/proj/cad/synopsys/synopsys_2021/primelib/T-2022.03-SP1/cdpl_runtime_linux64'
1733169557.454605: 32570-7f6bd0a430c0: cdpl_compat_master.c:227: in _set_farm_env(): info: exporting SNPSLMD_LICENSE_FILE as `1700@engdmv.utdallas.edu'
1733169557.454607: 32570-7f6bd0a430c0: cdpl_compat_master.c:247: in _set_farm_env(): info: exporting CDPL_OPTIONS as `[filter][nowlogs]'
1733169557.454609: 32570-7f6bd0a430c0: cdpl_compat_master.c:254: in _set_farm_env(): info: exporting DISPLAY as `:1022'
1733169557.454611: 32570-7f6bd0a430c0: cdpl_compat_master.c:262: in _set_farm_env(): info: exporting CDPL_HEARTBEAT as `60'
1733169557.454614: 32570-7f6bd0a430c0: cdpl_compat_master.c:348: in _set_farm_env(): info: exporting SIS_MALIBU as `2'
1733169557.454615: 32570-7f6bd0a430c0: cdpl_compat_master.c:348: in _set_farm_env(): info: exporting SIS_CDPL as `5'
1733169557.501134: 32570-7f6bd0a430c0: cdpl_server.c:738: in cdpl_sv_new_job(): info: new job J1 in M1
1733169557.501152: 32570-7f6bd0a430c0: cdpl_compat_master.c:1314: in _add_worker(): info: new worker type 100, min:1, max:1, cmd:`/home/eng/d/dal852207/cad/gf65/primelib_gf65/NOR2/runtime/cdpl/pid32570/run_32570.sh'
1733169557.501163: 32570-7f6bd0a430c0: cdpl_server.c:900: in cdpl_sv_new_bin_withfarm(): info: new bin B1 in J1
1733169557.509543: 32570-7f6bd0a430c0: cdpl_server.c:3116: in cdpl_sv_start_job(): info: starting job J1
1733169557.518756: 32570-7f6bd0a430c0: cdpl_server.c:1824: in _sv_gen_task(): info: new task T0 in B1 (prio 2)
1733169557.518768: 32570-7f6bd0a430c0: cdpl_server.c:2558: in cdpl_sv_label_task_va(): info: setting task T0 label to "delay__B__lh__OUT__hl__ACQ_1 of NOR2"
1733169557.518833: 32570-7f6bd0a430c0: cdpl_server.c:1824: in _sv_gen_task(): info: new task T1 in B1 (prio 2)
1733169557.518891: 32570-7f6bb8746700: cdpl_server_sched.c:700: in _sv_launch_worker(): info: started worker W1 (as C1) in bin B1
1733169557.518912: 32570-7f6bd0a430c0: cdpl_server.c:2558: in cdpl_sv_label_task_va(): info: setting task T1 label to "delay__B__hl__OUT__lh__ACQ_1 of NOR2"
1733169557.518930: 32570-7f6bb7f45700: cdpl_farm.c:1899: in _schedule(): info: worker submit failure threshold set to 100
1733169557.518955: 32570-7f6bb7f45700: cdpl_sh.c:49: in _sh_detached_submit(): info: SH : /home/eng/d/dal852207/cad/gf65/primelib_gf65/NOR2/runtime/cdpl/pid32570/run_32570.sh
1733169557.521444: 32570-7f6bd0a430c0: cdpl_server.c:1824: in _sv_gen_task(): info: new task T2 in B1 (prio 3)
1733169557.521466: 32570-7f6bd0a430c0: cdpl_server.c:2558: in cdpl_sv_label_task_va(): info: setting task T2 label to "leakage_power__ACQ_1 of NOR2"
1733169557.522068: 32570-7f6bd0a430c0: cdpl_server.c:1824: in _sv_gen_task(): info: new task T3 in B1 (prio 5)
1733169557.522072: 32570-7f6bd0a430c0: cdpl_server.c:2558: in cdpl_sv_label_task_va(): info: setting task T3 label to "Cin__VSS__lh__ACQ_1 of NOR2"
1733169557.522121: 32570-7f6bd0a430c0: cdpl_server.c:1824: in _sv_gen_task(): info: new task T4 in B1 (prio 5)
1733169557.522124: 32570-7f6bd0a430c0: cdpl_server.c:2558: in cdpl_sv_label_task_va(): info: setting task T4 label to "Cin__VSS__hl__ACQ_1 of NOR2"
1733169557.522161: 32570-7f6bd0a430c0: cdpl_server.c:1824: in _sv_gen_task(): info: new task T5 in B1 (prio 2)
1733169557.522163: 32570-7f6bd0a430c0: cdpl_server.c:2558: in cdpl_sv_label_task_va(): info: setting task T5 label to "delay__A__lh__OUT__hl__ACQ_1 of NOR2"
1733169557.522201: 32570-7f6bd0a430c0: cdpl_server.c:1824: in _sv_gen_task(): info: new task T6 in B1 (prio 2)
1733169557.522204: 32570-7f6bd0a430c0: cdpl_server.c:2558: in cdpl_sv_label_task_va(): info: setting task T6 label to "delay__A__hl__OUT__lh__ACQ_1 of NOR2"
1733169557.522233: 32570-7f6bd0a430c0: cdpl_server.c:1824: in _sv_gen_task(): info: new task T7 in B1 (prio 5)
1733169557.522235: 32570-7f6bd0a430c0: cdpl_server.c:2558: in cdpl_sv_label_task_va(): info: setting task T7 label to "Cin__VDD__lh__ACQ_1 of NOR2"
1733169557.522298: 32570-7f6bd0a430c0: cdpl_server.c:1824: in _sv_gen_task(): info: new task T8 in B1 (prio 5)
1733169557.522301: 32570-7f6bd0a430c0: cdpl_server.c:2558: in cdpl_sv_label_task_va(): info: setting task T8 label to "Cin__VDD__hl__ACQ_1 of NOR2"
1733169558.154618: 32570-7f6bb8f47700: cdpl_server_ipc.c:452: in _sv_on_hello(): info: W1 is `10.182.66.66:53180'
1733169558.154644: 32570-7f6bb8f47700: cdpl_server_ipc.c:454: in _sv_on_hello(): info: W1 log file is /dev/null
1733169558.154653: 32570-7f6bb8f47700: cdpl_server_ipc.c:481: in _sv_on_hello(): info: up to 1 alive workers in B1
1733169558.154691: 32570-7f6bb8746700: cdpl_server_sched.c:955: in _assign(): info: assigning task T0 to worker W1
1733169564.818536: 32570-7f6bb8f47700: cdpl_server_ipc.c:857: in _sv_on_finish(): info: worker W1 completed task T0
1733169564.818577: 32570-7f6bb8746700: cdpl_server_sched.c:955: in _assign(): info: assigning task T1 to worker W1
1733169571.210184: 32570-7f6bb8f47700: cdpl_server_ipc.c:857: in _sv_on_finish(): info: worker W1 completed task T1
1733169571.210227: 32570-7f6bb8746700: cdpl_server_sched.c:955: in _assign(): info: assigning task T5 to worker W1
1733169577.765678: 32570-7f6bb8f47700: cdpl_server_ipc.c:857: in _sv_on_finish(): info: worker W1 completed task T5
1733169577.765726: 32570-7f6bb8746700: cdpl_server_sched.c:955: in _assign(): info: assigning task T6 to worker W1
1733169584.223104: 32570-7f6bb8f47700: cdpl_server_ipc.c:857: in _sv_on_finish(): info: worker W1 completed task T6
1733169584.223154: 32570-7f6bb8746700: cdpl_server_sched.c:955: in _assign(): info: assigning task T2 to worker W1
1733169654.586654: 32570-7f6bb8f47700: cdpl_server_ipc.c:857: in _sv_on_finish(): info: worker W1 completed task T2
1733169654.586905: 32570-7f6bb8746700: cdpl_server_sched.c:955: in _assign(): info: assigning task T3 to worker W1
1733169661.203974: 32570-7f6bb8f47700: cdpl_server_ipc.c:857: in _sv_on_finish(): info: worker W1 completed task T3
1733169661.204032: 32570-7f6bb8746700: cdpl_server_sched.c:955: in _assign(): info: assigning task T4 to worker W1
1733169667.840792: 32570-7f6bb8f47700: cdpl_server_ipc.c:857: in _sv_on_finish(): info: worker W1 completed task T4
1733169667.840837: 32570-7f6bb8746700: cdpl_server_sched.c:955: in _assign(): info: assigning task T7 to worker W1
1733169674.392320: 32570-7f6bb8f47700: cdpl_server_ipc.c:857: in _sv_on_finish(): info: worker W1 completed task T7
1733169674.392628: 32570-7f6bb8746700: cdpl_server_sched.c:955: in _assign(): info: assigning task T8 to worker W1
1733169680.967075: 32570-7f6bb8f47700: cdpl_server_ipc.c:857: in _sv_on_finish(): info: worker W1 completed task T8
1733169761.086577: 32570-7f6bd0a430c0: cdpl_compat_master.c:5152: in cdplMasterLogInfo(): info: [non-CDPL log entry] Ending current CDPL job
1733169761.086808: 32570-7f6bd0a430c0: cdpl_server.c:2890: in cdpl_sv_halt_job_errno(): info: stopping job J1
1733169761.086922: 32570-7f6bb8746700: cdpl_server_sched.c:2711: in _sv_drop_worker(): info: down to 0 alive workers in B1
1733169761.086979: 32570-7f6bd0a430c0: cdpl_server.c:2875: in cdpl_sv_halt_job_errno(): info: killing job J1
1733169761.086987: 32570-7f6bd0a430c0: cdpl_server.c:288: in _sv_free_job(): info: freeing job J1
1733169761.087035: 32570-7f6bd0a430c0: cdpl_farm.c:2395: in cdpl_farm_free(): info: freeing farm
1733169761.087336: 32570-7f6bd0a430c0: cdpl_server.c:3011: in cdpl_sv_free(): info: freeing server S1342411584
1733169761.087339: 32570-7f6bd0a430c0: cdpl_server.c:2976: in cdpl_sv_kill_errno(): info: killing server
1733169761.087372: 32570-7f6bd0a430c0: cdpl_server.c:328: in _sv_free_master(): info: freeing master M1
1733169761.087438: 32570-7f6bd0a430c0: cdpl_log.c:371: in cdpl_log_close(): info: @@end_of_log@@
