Analysis & Synthesis report for moore_down_counter
Sat Jun  8 18:15:31 2024
Quartus Prime Version 22.1std.2 Build 922 07/20/2023 SC Lite Edition


---------------------
; Table of Contents ;
---------------------
  1. Legal Notice
  2. Analysis & Synthesis Summary
  3. Analysis & Synthesis Settings
  4. Parallel Compilation
  5. Analysis & Synthesis Source Files Read
  6. Analysis & Synthesis Resource Usage Summary
  7. Analysis & Synthesis Resource Utilization by Entity
  8. User-Specified and Inferred Latches
  9. General Register Statistics
 10. Inverted Register Statistics
 11. Parameter Settings for User Entity Instance: Top-level Entity: |moore_down_counter
 12. Post-Synthesis Netlist Statistics for Top Partition
 13. Elapsed Time Per Partition
 14. Analysis & Synthesis Messages



----------------
; Legal Notice ;
----------------
Copyright (C) 2023  Intel Corporation. All rights reserved.
Your use of Intel Corporation's design tools, logic functions 
and other software and tools, and any partner logic 
functions, and any output files from any of the foregoing 
(including device programming or simulation files), and any 
associated documentation or information are expressly subject 
to the terms and conditions of the Intel Program License 
Subscription Agreement, the Intel Quartus Prime License Agreement,
the Intel FPGA IP License Agreement, or other applicable license
agreement, including, without limitation, that your use is for
the sole purpose of programming logic devices manufactured by
Intel and sold by Intel or its authorized distributors.  Please
refer to the applicable agreement for further details, at
https://fpgasoftware.intel.com/eula.



+----------------------------------------------------------------------------------+
; Analysis & Synthesis Summary                                                     ;
+---------------------------------+------------------------------------------------+
; Analysis & Synthesis Status     ; Successful - Sat Jun  8 18:15:31 2024          ;
; Quartus Prime Version           ; 22.1std.2 Build 922 07/20/2023 SC Lite Edition ;
; Revision Name                   ; moore_down_counter                             ;
; Top-level Entity Name           ; moore_down_counter                             ;
; Family                          ; Cyclone V                                      ;
; Logic utilization (in ALMs)     ; N/A                                            ;
; Total registers                 ; 7                                              ;
; Total pins                      ; 7                                              ;
; Total virtual pins              ; 0                                              ;
; Total block memory bits         ; 0                                              ;
; Total DSP Blocks                ; 0                                              ;
; Total HSSI RX PCSs              ; 0                                              ;
; Total HSSI PMA RX Deserializers ; 0                                              ;
; Total HSSI TX PCSs              ; 0                                              ;
; Total HSSI PMA TX Serializers   ; 0                                              ;
; Total PLLs                      ; 0                                              ;
; Total DLLs                      ; 0                                              ;
+---------------------------------+------------------------------------------------+


+---------------------------------------------------------------------------------------------------------------------------+
; Analysis & Synthesis Settings                                                                                             ;
+---------------------------------------------------------------------------------+--------------------+--------------------+
; Option                                                                          ; Setting            ; Default Value      ;
+---------------------------------------------------------------------------------+--------------------+--------------------+
; Device                                                                          ; 5CSEMA5F31C6       ;                    ;
; Top-level entity name                                                           ; moore_down_counter ; moore_down_counter ;
; Family name                                                                     ; Cyclone V          ; Cyclone V          ;
; Use smart compilation                                                           ; Off                ; Off                ;
; Enable parallel Assembler and Timing Analyzer during compilation                ; On                 ; On                 ;
; Enable compact report table                                                     ; Off                ; Off                ;
; Restructure Multiplexers                                                        ; Auto               ; Auto               ;
; MLAB Add Timing Constraints For Mixed-Port Feed-Through Mode Setting Don't Care ; Off                ; Off                ;
; Create Debugging Nodes for IP Cores                                             ; Off                ; Off                ;
; Preserve fewer node names                                                       ; On                 ; On                 ;
; Intel FPGA IP Evaluation Mode                                                   ; Enable             ; Enable             ;
; Verilog Version                                                                 ; Verilog_2001       ; Verilog_2001       ;
; VHDL Version                                                                    ; VHDL_1993          ; VHDL_1993          ;
; State Machine Processing                                                        ; Auto               ; Auto               ;
; Safe State Machine                                                              ; Off                ; Off                ;
; Extract Verilog State Machines                                                  ; On                 ; On                 ;
; Extract VHDL State Machines                                                     ; On                 ; On                 ;
; Ignore Verilog initial constructs                                               ; Off                ; Off                ;
; Iteration limit for constant Verilog loops                                      ; 5000               ; 5000               ;
; Iteration limit for non-constant Verilog loops                                  ; 250                ; 250                ;
; Add Pass-Through Logic to Inferred RAMs                                         ; On                 ; On                 ;
; Infer RAMs from Raw Logic                                                       ; On                 ; On                 ;
; Parallel Synthesis                                                              ; On                 ; On                 ;
; DSP Block Balancing                                                             ; Auto               ; Auto               ;
; NOT Gate Push-Back                                                              ; On                 ; On                 ;
; Power-Up Don't Care                                                             ; On                 ; On                 ;
; Remove Redundant Logic Cells                                                    ; Off                ; Off                ;
; Remove Duplicate Registers                                                      ; On                 ; On                 ;
; Ignore CARRY Buffers                                                            ; Off                ; Off                ;
; Ignore CASCADE Buffers                                                          ; Off                ; Off                ;
; Ignore GLOBAL Buffers                                                           ; Off                ; Off                ;
; Ignore ROW GLOBAL Buffers                                                       ; Off                ; Off                ;
; Ignore LCELL Buffers                                                            ; Off                ; Off                ;
; Ignore SOFT Buffers                                                             ; On                 ; On                 ;
; Limit AHDL Integers to 32 Bits                                                  ; Off                ; Off                ;
; Optimization Technique                                                          ; Balanced           ; Balanced           ;
; Carry Chain Length                                                              ; 70                 ; 70                 ;
; Auto Carry Chains                                                               ; On                 ; On                 ;
; Auto Open-Drain Pins                                                            ; On                 ; On                 ;
; Perform WYSIWYG Primitive Resynthesis                                           ; Off                ; Off                ;
; Auto ROM Replacement                                                            ; On                 ; On                 ;
; Auto RAM Replacement                                                            ; On                 ; On                 ;
; Auto DSP Block Replacement                                                      ; On                 ; On                 ;
; Auto Shift Register Replacement                                                 ; Auto               ; Auto               ;
; Allow Shift Register Merging across Hierarchies                                 ; Auto               ; Auto               ;
; Auto Clock Enable Replacement                                                   ; On                 ; On                 ;
; Strict RAM Replacement                                                          ; Off                ; Off                ;
; Allow Synchronous Control Signals                                               ; On                 ; On                 ;
; Force Use of Synchronous Clear Signals                                          ; Off                ; Off                ;
; Auto Resource Sharing                                                           ; Off                ; Off                ;
; Allow Any RAM Size For Recognition                                              ; Off                ; Off                ;
; Allow Any ROM Size For Recognition                                              ; Off                ; Off                ;
; Allow Any Shift Register Size For Recognition                                   ; Off                ; Off                ;
; Use LogicLock Constraints during Resource Balancing                             ; On                 ; On                 ;
; Ignore translate_off and synthesis_off directives                               ; Off                ; Off                ;
; Timing-Driven Synthesis                                                         ; On                 ; On                 ;
; Report Parameter Settings                                                       ; On                 ; On                 ;
; Report Source Assignments                                                       ; On                 ; On                 ;
; Report Connectivity Checks                                                      ; On                 ; On                 ;
; Ignore Maximum Fan-Out Assignments                                              ; Off                ; Off                ;
; Synchronization Register Chain Length                                           ; 3                  ; 3                  ;
; Power Optimization During Synthesis                                             ; Normal compilation ; Normal compilation ;
; HDL message level                                                               ; Level2             ; Level2             ;
; Suppress Register Optimization Related Messages                                 ; Off                ; Off                ;
; Number of Removed Registers Reported in Synthesis Report                        ; 5000               ; 5000               ;
; Number of Swept Nodes Reported in Synthesis Report                              ; 5000               ; 5000               ;
; Number of Inverted Registers Reported in Synthesis Report                       ; 100                ; 100                ;
; Clock MUX Protection                                                            ; On                 ; On                 ;
; Auto Gated Clock Conversion                                                     ; Off                ; Off                ;
; Block Design Naming                                                             ; Auto               ; Auto               ;
; SDC constraint protection                                                       ; Off                ; Off                ;
; Synthesis Effort                                                                ; Auto               ; Auto               ;
; Shift Register Replacement - Allow Asynchronous Clear Signal                    ; On                 ; On                 ;
; Pre-Mapping Resynthesis Optimization                                            ; Off                ; Off                ;
; Analysis & Synthesis Message Level                                              ; Medium             ; Medium             ;
; Disable Register Merging Across Hierarchies                                     ; Auto               ; Auto               ;
; Resource Aware Inference For Block RAM                                          ; On                 ; On                 ;
; Automatic Parallel Synthesis                                                    ; On                 ; On                 ;
; Partial Reconfiguration Bitstream ID                                            ; Off                ; Off                ;
+---------------------------------------------------------------------------------+--------------------+--------------------+


+------------------------------------------+
; Parallel Compilation                     ;
+----------------------------+-------------+
; Processors                 ; Number      ;
+----------------------------+-------------+
; Number detected on machine ; 16          ;
; Maximum allowed            ; 16          ;
;                            ;             ;
; Average used               ; 1.00        ;
; Maximum used               ; 16          ;
;                            ;             ;
; Usage by Processor         ; % Time Used ;
;     Processor 1            ; 100.0%      ;
;     Processors 2-16        ;   0.0%      ;
+----------------------------+-------------+


+------------------------------------------------------------------------------------------------------------------------------------------------------------------------------------------------------------------------------------------+
; Analysis & Synthesis Source Files Read                                                                                                                                                                                                   ;
+----------------------------------+-----------------+------------------------+--------------------------------------------------------------------------------------------------------------------------------------------------+---------+
; File Name with User-Entered Path ; Used in Netlist ; File Type              ; File Name with Absolute Path                                                                                                                     ; Library ;
+----------------------------------+-----------------+------------------------+--------------------------------------------------------------------------------------------------------------------------------------------------+---------+
; moore_down_counter.v             ; yes             ; User Verilog HDL File  ; C:/Users/lmnjm/OneDrive/Documents/Summer 2024/EE417 Programmable Logic Devices/Lecture 04/Quartus + Questa codes/HW4/trial2/moore_down_counter.v ;         ;
+----------------------------------+-----------------+------------------------+--------------------------------------------------------------------------------------------------------------------------------------------------+---------+


+---------------------------------------------------------+
; Analysis & Synthesis Resource Usage Summary             ;
+---------------------------------------------+-----------+
; Resource                                    ; Usage     ;
+---------------------------------------------+-----------+
; Estimate of Logic utilization (ALMs needed) ; 6         ;
;                                             ;           ;
; Combinational ALUT usage for logic          ; 10        ;
;     -- 7 input functions                    ; 0         ;
;     -- 6 input functions                    ; 0         ;
;     -- 5 input functions                    ; 0         ;
;     -- 4 input functions                    ; 3         ;
;     -- <=3 input functions                  ; 7         ;
;                                             ;           ;
; Dedicated logic registers                   ; 7         ;
;                                             ;           ;
; I/O pins                                    ; 7         ;
;                                             ;           ;
; Total DSP Blocks                            ; 0         ;
;                                             ;           ;
; Maximum fan-out node                        ; clk~input ;
; Maximum fan-out                             ; 7         ;
; Total fan-out                               ; 58        ;
; Average fan-out                             ; 1.87      ;
+---------------------------------------------+-----------+


+-----------------------------------------------------------------------------------------------------------------------------------------------------------------------------------------------+
; Analysis & Synthesis Resource Utilization by Entity                                                                                                                                           ;
+----------------------------+---------------------+---------------------------+-------------------+------------+------+--------------+---------------------+--------------------+--------------+
; Compilation Hierarchy Node ; Combinational ALUTs ; Dedicated Logic Registers ; Block Memory Bits ; DSP Blocks ; Pins ; Virtual Pins ; Full Hierarchy Name ; Entity Name        ; Library Name ;
+----------------------------+---------------------+---------------------------+-------------------+------------+------+--------------+---------------------+--------------------+--------------+
; |moore_down_counter        ; 10 (10)             ; 7 (7)                     ; 0                 ; 0          ; 7    ; 0            ; |moore_down_counter ; moore_down_counter ; work         ;
+----------------------------+---------------------+---------------------------+-------------------+------------+------+--------------+---------------------+--------------------+--------------+
Note: For table entries with two numbers listed, the numbers in parentheses indicate the number of resources of the given type used by the specific entity alone. The numbers listed outside of parentheses indicate the total resources of the given type used by the specific entity and all of its sub-entities in the hierarchy.


+---------------------------------------------------------------------------------------------------+
; User-Specified and Inferred Latches                                                               ;
+----------------------------------------------------+---------------------+------------------------+
; Latch Name                                         ; Latch Enable Signal ; Free of Timing Hazards ;
+----------------------------------------------------+---------------------+------------------------+
; next_state[0]                                      ; Mux2                ; yes                    ;
; next_state[1]                                      ; Mux2                ; yes                    ;
; next_state[2]                                      ; Mux2                ; yes                    ;
; Number of user-specified and inferred latches = 3  ;                     ;                        ;
+----------------------------------------------------+---------------------+------------------------+
Note: All latches listed above may not be present at the end of synthesis due to various synthesis optimizations.


+------------------------------------------------------+
; General Register Statistics                          ;
+----------------------------------------------+-------+
; Statistic                                    ; Value ;
+----------------------------------------------+-------+
; Total registers                              ; 7     ;
; Number of registers using Synchronous Clear  ; 0     ;
; Number of registers using Synchronous Load   ; 0     ;
; Number of registers using Asynchronous Clear ; 7     ;
; Number of registers using Asynchronous Load  ; 0     ;
; Number of registers using Clock Enable       ; 0     ;
; Number of registers using Preset             ; 0     ;
+----------------------------------------------+-------+


+--------------------------------------------------+
; Inverted Register Statistics                     ;
+----------------------------------------+---------+
; Inverted Register                      ; Fan out ;
+----------------------------------------+---------+
; count[0]~reg0                          ; 1       ;
; count[1]~reg0                          ; 1       ;
; count[2]~reg0                          ; 1       ;
; count[3]~reg0                          ; 1       ;
; current_state[0]                       ; 5       ;
; current_state[1]                       ; 5       ;
; current_state[2]                       ; 5       ;
; Total number of inverted registers = 7 ;         ;
+----------------------------------------+---------+


+------------------------------------------------------------------------------------+
; Parameter Settings for User Entity Instance: Top-level Entity: |moore_down_counter ;
+----------------+-------+-----------------------------------------------------------+
; Parameter Name ; Value ; Type                                                      ;
+----------------+-------+-----------------------------------------------------------+
; S1111          ; 1111  ; Unsigned Binary                                           ;
; S1110          ; 1110  ; Unsigned Binary                                           ;
; S1101          ; 1101  ; Unsigned Binary                                           ;
; S1100          ; 1100  ; Unsigned Binary                                           ;
; S1011          ; 1011  ; Unsigned Binary                                           ;
; S1010          ; 1010  ; Unsigned Binary                                           ;
; S1001          ; 1001  ; Unsigned Binary                                           ;
; S1000          ; 1000  ; Unsigned Binary                                           ;
; S0111          ; 0111  ; Unsigned Binary                                           ;
; S0110          ; 0110  ; Unsigned Binary                                           ;
; S0101          ; 0101  ; Unsigned Binary                                           ;
; S0100          ; 0100  ; Unsigned Binary                                           ;
; S0011          ; 0011  ; Unsigned Binary                                           ;
; S0010          ; 0010  ; Unsigned Binary                                           ;
; S0001          ; 0001  ; Unsigned Binary                                           ;
; S0000          ; 0000  ; Unsigned Binary                                           ;
+----------------+-------+-----------------------------------------------------------+
Note: In order to hide this table in the UI and the text report file, please set the "Show Parameter Settings in Synthesis Report" option in "Analysis and Synthesis Settings -> More Settings" to "Off".


+-----------------------------------------------------+
; Post-Synthesis Netlist Statistics for Top Partition ;
+-----------------------+-----------------------------+
; Type                  ; Count                       ;
+-----------------------+-----------------------------+
; arriav_ff             ; 7                           ;
;     CLR               ; 7                           ;
; arriav_lcell_comb     ; 14                          ;
;     normal            ; 14                          ;
;         1 data inputs ; 7                           ;
;         3 data inputs ; 4                           ;
;         4 data inputs ; 3                           ;
; boundary_port         ; 7                           ;
;                       ;                             ;
; Max LUT depth         ; 2.00                        ;
; Average LUT depth     ; 1.33                        ;
+-----------------------+-----------------------------+


+-------------------------------+
; Elapsed Time Per Partition    ;
+----------------+--------------+
; Partition Name ; Elapsed Time ;
+----------------+--------------+
; Top            ; 00:00:00     ;
+----------------+--------------+


+-------------------------------+
; Analysis & Synthesis Messages ;
+-------------------------------+
Info: *******************************************************************
Info: Running Quartus Prime Analysis & Synthesis
    Info: Version 22.1std.2 Build 922 07/20/2023 SC Lite Edition
    Info: Processing started: Sat Jun  8 18:15:24 2024
Info: Command: quartus_map --read_settings_files=on --write_settings_files=off moore_down_counter -c moore_down_counter
Warning (18236): Number of processors has not been specified which may cause overloading on shared machines.  Set the global assignment NUM_PARALLEL_PROCESSORS in your QSF to an appropriate value for best performance.
Info (20030): Parallel compilation is enabled and will use 16 of the 16 processors detected
Info (12021): Found 1 design units, including 1 entities, in source file moore_down_counter.v
    Info (12023): Found entity 1: moore_down_counter File: C:/Users/lmnjm/OneDrive/Documents/Summer 2024/EE417 Programmable Logic Devices/Lecture 04/Quartus + Questa codes/HW4/trial2/moore_down_counter.v Line: 1
Info (12021): Found 1 design units, including 1 entities, in source file tb_moore_down_counter.v
    Info (12023): Found entity 1: tb_moore_down_counter File: C:/Users/lmnjm/OneDrive/Documents/Summer 2024/EE417 Programmable Logic Devices/Lecture 04/Quartus + Questa codes/HW4/trial2/tb_moore_down_counter.v Line: 3
Info (12127): Elaborating entity "moore_down_counter" for the top level hierarchy
Warning (10230): Verilog HDL assignment warning at moore_down_counter.v(33): truncated value with size 4 to match size of target (3) File: C:/Users/lmnjm/OneDrive/Documents/Summer 2024/EE417 Programmable Logic Devices/Lecture 04/Quartus + Questa codes/HW4/trial2/moore_down_counter.v Line: 33
Warning (10199): Verilog HDL Case Statement warning at moore_down_counter.v(41): case item expression never matches the case expression File: C:/Users/lmnjm/OneDrive/Documents/Summer 2024/EE417 Programmable Logic Devices/Lecture 04/Quartus + Questa codes/HW4/trial2/moore_down_counter.v Line: 41
Warning (10199): Verilog HDL Case Statement warning at moore_down_counter.v(42): case item expression never matches the case expression File: C:/Users/lmnjm/OneDrive/Documents/Summer 2024/EE417 Programmable Logic Devices/Lecture 04/Quartus + Questa codes/HW4/trial2/moore_down_counter.v Line: 42
Warning (10199): Verilog HDL Case Statement warning at moore_down_counter.v(43): case item expression never matches the case expression File: C:/Users/lmnjm/OneDrive/Documents/Summer 2024/EE417 Programmable Logic Devices/Lecture 04/Quartus + Questa codes/HW4/trial2/moore_down_counter.v Line: 43
Warning (10199): Verilog HDL Case Statement warning at moore_down_counter.v(44): case item expression never matches the case expression File: C:/Users/lmnjm/OneDrive/Documents/Summer 2024/EE417 Programmable Logic Devices/Lecture 04/Quartus + Questa codes/HW4/trial2/moore_down_counter.v Line: 44
Warning (10199): Verilog HDL Case Statement warning at moore_down_counter.v(45): case item expression never matches the case expression File: C:/Users/lmnjm/OneDrive/Documents/Summer 2024/EE417 Programmable Logic Devices/Lecture 04/Quartus + Questa codes/HW4/trial2/moore_down_counter.v Line: 45
Warning (10230): Verilog HDL assignment warning at moore_down_counter.v(46): truncated value with size 4 to match size of target (3) File: C:/Users/lmnjm/OneDrive/Documents/Summer 2024/EE417 Programmable Logic Devices/Lecture 04/Quartus + Questa codes/HW4/trial2/moore_down_counter.v Line: 46
Warning (10230): Verilog HDL assignment warning at moore_down_counter.v(47): truncated value with size 4 to match size of target (3) File: C:/Users/lmnjm/OneDrive/Documents/Summer 2024/EE417 Programmable Logic Devices/Lecture 04/Quartus + Questa codes/HW4/trial2/moore_down_counter.v Line: 47
Warning (10230): Verilog HDL assignment warning at moore_down_counter.v(48): truncated value with size 4 to match size of target (3) File: C:/Users/lmnjm/OneDrive/Documents/Summer 2024/EE417 Programmable Logic Devices/Lecture 04/Quartus + Questa codes/HW4/trial2/moore_down_counter.v Line: 48
Warning (10230): Verilog HDL assignment warning at moore_down_counter.v(49): truncated value with size 4 to match size of target (3) File: C:/Users/lmnjm/OneDrive/Documents/Summer 2024/EE417 Programmable Logic Devices/Lecture 04/Quartus + Questa codes/HW4/trial2/moore_down_counter.v Line: 49
Warning (10230): Verilog HDL assignment warning at moore_down_counter.v(50): truncated value with size 4 to match size of target (3) File: C:/Users/lmnjm/OneDrive/Documents/Summer 2024/EE417 Programmable Logic Devices/Lecture 04/Quartus + Questa codes/HW4/trial2/moore_down_counter.v Line: 50
Warning (10270): Verilog HDL Case Statement warning at moore_down_counter.v(40): incomplete case statement has no default case item File: C:/Users/lmnjm/OneDrive/Documents/Summer 2024/EE417 Programmable Logic Devices/Lecture 04/Quartus + Questa codes/HW4/trial2/moore_down_counter.v Line: 40
Warning (10240): Verilog HDL Always Construct warning at moore_down_counter.v(40): inferring latch(es) for variable "next_state", which holds its previous value in one or more paths through the always construct File: C:/Users/lmnjm/OneDrive/Documents/Summer 2024/EE417 Programmable Logic Devices/Lecture 04/Quartus + Questa codes/HW4/trial2/moore_down_counter.v Line: 40
Info (10041): Inferred latch for "next_state[0]" at moore_down_counter.v(40) File: C:/Users/lmnjm/OneDrive/Documents/Summer 2024/EE417 Programmable Logic Devices/Lecture 04/Quartus + Questa codes/HW4/trial2/moore_down_counter.v Line: 40
Info (10041): Inferred latch for "next_state[1]" at moore_down_counter.v(40) File: C:/Users/lmnjm/OneDrive/Documents/Summer 2024/EE417 Programmable Logic Devices/Lecture 04/Quartus + Questa codes/HW4/trial2/moore_down_counter.v Line: 40
Info (10041): Inferred latch for "next_state[2]" at moore_down_counter.v(40) File: C:/Users/lmnjm/OneDrive/Documents/Summer 2024/EE417 Programmable Logic Devices/Lecture 04/Quartus + Questa codes/HW4/trial2/moore_down_counter.v Line: 40
Warning (13012): Latch next_state[0] has unsafe behavior File: C:/Users/lmnjm/OneDrive/Documents/Summer 2024/EE417 Programmable Logic Devices/Lecture 04/Quartus + Questa codes/HW4/trial2/moore_down_counter.v Line: 40
    Warning (13013): Ports D and ENA on the latch are fed by the same signal current_state[2] File: C:/Users/lmnjm/OneDrive/Documents/Summer 2024/EE417 Programmable Logic Devices/Lecture 04/Quartus + Questa codes/HW4/trial2/moore_down_counter.v Line: 35
Warning (13012): Latch next_state[1] has unsafe behavior File: C:/Users/lmnjm/OneDrive/Documents/Summer 2024/EE417 Programmable Logic Devices/Lecture 04/Quartus + Questa codes/HW4/trial2/moore_down_counter.v Line: 40
    Warning (13013): Ports D and ENA on the latch are fed by the same signal current_state[1] File: C:/Users/lmnjm/OneDrive/Documents/Summer 2024/EE417 Programmable Logic Devices/Lecture 04/Quartus + Questa codes/HW4/trial2/moore_down_counter.v Line: 35
Warning (13012): Latch next_state[2] has unsafe behavior File: C:/Users/lmnjm/OneDrive/Documents/Summer 2024/EE417 Programmable Logic Devices/Lecture 04/Quartus + Questa codes/HW4/trial2/moore_down_counter.v Line: 40
    Warning (13013): Ports D and ENA on the latch are fed by the same signal current_state[1] File: C:/Users/lmnjm/OneDrive/Documents/Summer 2024/EE417 Programmable Logic Devices/Lecture 04/Quartus + Questa codes/HW4/trial2/moore_down_counter.v Line: 35
Info (286030): Timing-Driven Synthesis is running
Info (16010): Generating hard_block partition "hard_block:auto_generated_inst"
    Info (16011): Adding 0 node(s), including 0 DDIO, 0 PLL, 0 transceiver and 0 LCELL
Info (21057): Implemented 21 device resources after synthesis - the final resource count might be different
    Info (21058): Implemented 3 input pins
    Info (21059): Implemented 4 output pins
    Info (21061): Implemented 14 logic cells
Info: Quartus Prime Analysis & Synthesis was successful. 0 errors, 20 warnings
    Info: Peak virtual memory: 4880 megabytes
    Info: Processing ended: Sat Jun  8 18:15:31 2024
    Info: Elapsed time: 00:00:07
    Info: Total CPU time (on all processors): 00:00:10


