1732984903.704435: 20303-7f90adc6c0c0: cdpl_log.c:228: in cdpl_log_open(): info: @@start_of_log@@
1732984903.704456: 20303-7f90adc6c0c0: cdpl_log.c:866: in cdpl_log_dump_sysinfo(): info: time: 2024/11/30 10:41:43 CST -0600
1732984903.704460: 20303-7f90adc6c0c0: cdpl_log.c:868: in cdpl_log_dump_sysinfo(): info: version: T-2022.03 
1732984903.704462: 20303-7f90adc6c0c0: cdpl_log.c:870: in cdpl_log_dump_sysinfo(): info: system: Linux 3.10.0-1160.119.1.el7.x86_64 #1 SMP Tue May 14 11:55:25 EDT 2024
1732984903.704464: 20303-7f90adc6c0c0: cdpl_log.c:875: in cdpl_log_dump_sysinfo(): info: processor: x86_64 64-bits
1732984903.704465: 20303-7f90adc6c0c0: cdpl_log.c:879: in cdpl_log_dump_sysinfo(): info: hostname: engnx03a.utdallas.edu
1732984903.704467: 20303-7f90adc6c0c0: cdpl_log.c:230: in cdpl_log_open(): debug: path: /home/eng/d/dal852207/cad/gf65/primelib_gf65/OAI12/runtime/cdpl/pid20303/master.engnx03a.utdallas.edu.20303.log
1732984903.704470: 20303-7f90adc6c0c0: cdpl_log.c:231: in cdpl_log_open(): debug: dir: /home/eng/d/dal852207/cad/gf65/primelib_gf65/OAI12/runtime/cdpl/pid20303
1732984903.704476: 20303-7f90adc6c0c0: cdpl_log.c:758: in cdpl_log_set_filter(): info: filter level 1
1732984903.704495: 20303-7f90adc6c0c0: cdpl_server.c:543: in cdpl_sv_init(): info: new server S611169782
1732984903.704503: 20303-7f90adc6c0c0: cdpl_ipc.c:3030: in cdpl_ipc_init(): info: requesting IPv4 protocol
1732984903.705089: 20303-7f90adc6c0c0: cdpl_ipc.c:800: in _selectaddrfamily(): info: selected IPv4 protocol
1732984903.705364: 20303-7f90adc6c0c0: cdpl_server.c:657: in cdpl_sv_new_master(): info: new master M1
1732984903.705375: 20303-7f90adc6c0c0: cdpl_server.c:5494: in cdpl_sv_ctl_master(): info: Setting worker heartbeat to 60 seconds
1732984903.705378: 20303-7f90adc6c0c0: cdpl_server.c:5503: in cdpl_sv_ctl_master(): info: Setting worker heartbeat timeout to 3 heartbeats
1732984903.705381: 20303-7f90adc6c0c0: cdpl_compat_master.c:2407: in cdplInitMaster(): info: bcast dir is `/dev/null'
1732984903.705450: 20303-7f90adc6c0c0: cdpl_server.c:5394: in cdpl_sv_ctl_master(): info: farm worker timeout set to 36000
1732984903.705452: 20303-7f90adc6c0c0: cdpl_server.c:5410: in cdpl_sv_ctl_master(): info: grid worker timeout set to 36000
1732984903.705454: 20303-7f90adc6c0c0: cdpl_server.c:5438: in cdpl_sv_ctl_master(): info: farm submit command failure threshold set to 100
1732984903.705500: 20303-7f90adc6c0c0: cdpl_farm.c:2268: in cdpl_farm_new_sh(): info: creating SH farm on localhost
1732984903.705516: 20303-7f90adc6c0c0: cdpl_compat_master.c:207: in _set_farm_env(): info: exporting CDPL_LOGDIR as `/home/eng/d/dal852207/cad/gf65/primelib_gf65/OAI12/runtime/cdpl/pid20303'
1732984903.705520: 20303-7f90adc6c0c0: cdpl_compat_master.c:213: in _set_farm_env(): info: exporting CDPL_TMPDIR as `/var/tmp'
1732984903.705522: 20303-7f90adc6c0c0: cdpl_compat_master.c:220: in _set_farm_env(): info: exporting CDPL_HOME as `/proj/cad/synopsys/synopsys_2021/primelib/T-2022.03-SP1/cdpl_runtime_linux64'
1732984903.705524: 20303-7f90adc6c0c0: cdpl_compat_master.c:227: in _set_farm_env(): info: exporting SNPSLMD_LICENSE_FILE as `1700@engdmv.utdallas.edu'
1732984903.705526: 20303-7f90adc6c0c0: cdpl_compat_master.c:247: in _set_farm_env(): info: exporting CDPL_OPTIONS as `[filter][nowlogs]'
1732984903.705528: 20303-7f90adc6c0c0: cdpl_compat_master.c:254: in _set_farm_env(): info: exporting DISPLAY as `:1022'
1732984903.705530: 20303-7f90adc6c0c0: cdpl_compat_master.c:262: in _set_farm_env(): info: exporting CDPL_HEARTBEAT as `60'
1732984903.705534: 20303-7f90adc6c0c0: cdpl_compat_master.c:348: in _set_farm_env(): info: exporting SIS_MALIBU as `2'
1732984903.705535: 20303-7f90adc6c0c0: cdpl_compat_master.c:348: in _set_farm_env(): info: exporting SIS_CDPL as `5'
1732984903.746040: 20303-7f90adc6c0c0: cdpl_server.c:738: in cdpl_sv_new_job(): info: new job J1 in M1
1732984903.746054: 20303-7f90adc6c0c0: cdpl_compat_master.c:1314: in _add_worker(): info: new worker type 100, min:1, max:1, cmd:`/home/eng/d/dal852207/cad/gf65/primelib_gf65/OAI12/runtime/cdpl/pid20303/run_20303.sh'
1732984903.746062: 20303-7f90adc6c0c0: cdpl_server.c:900: in cdpl_sv_new_bin_withfarm(): info: new bin B1 in J1
1732984903.754410: 20303-7f90adc6c0c0: cdpl_server.c:3116: in cdpl_sv_start_job(): info: starting job J1
1732984903.762656: 20303-7f90adc6c0c0: cdpl_server.c:1824: in _sv_gen_task(): info: new task T0 in B1 (prio 2)
1732984903.762667: 20303-7f90adc6c0c0: cdpl_server.c:2558: in cdpl_sv_label_task_va(): info: setting task T0 label to "delay__B__lh__OUT__hl__ACQ_1 of OAI12"
1732984903.762728: 20303-7f90adc6c0c0: cdpl_server.c:1824: in _sv_gen_task(): info: new task T1 in B1 (prio 2)
1732984903.762797: 20303-7f9095970700: cdpl_server_sched.c:700: in _sv_launch_worker(): info: started worker W1 (as C1) in bin B1
1732984903.762818: 20303-7f909516f700: cdpl_farm.c:1899: in _schedule(): info: worker submit failure threshold set to 100
1732984903.762831: 20303-7f90adc6c0c0: cdpl_server.c:2558: in cdpl_sv_label_task_va(): info: setting task T1 label to "delay__B__hl__OUT__lh__ACQ_1 of OAI12"
1732984903.762841: 20303-7f909516f700: cdpl_sh.c:49: in _sh_detached_submit(): info: SH : /home/eng/d/dal852207/cad/gf65/primelib_gf65/OAI12/runtime/cdpl/pid20303/run_20303.sh
1732984903.764968: 20303-7f90adc6c0c0: cdpl_server.c:1824: in _sv_gen_task(): info: new task T2 in B1 (prio 3)
1732984903.764982: 20303-7f90adc6c0c0: cdpl_server.c:2558: in cdpl_sv_label_task_va(): info: setting task T2 label to "leakage_power__ACQ_1 of OAI12"
1732984903.765467: 20303-7f90adc6c0c0: cdpl_server.c:1824: in _sv_gen_task(): info: new task T3 in B1 (prio 2)
1732984903.765471: 20303-7f90adc6c0c0: cdpl_server.c:2558: in cdpl_sv_label_task_va(): info: setting task T3 label to "delay__C__lh__OUT__hl__ACQ_1 of OAI12"
1732984903.765517: 20303-7f90adc6c0c0: cdpl_server.c:1824: in _sv_gen_task(): info: new task T4 in B1 (prio 2)
1732984903.765520: 20303-7f90adc6c0c0: cdpl_server.c:2558: in cdpl_sv_label_task_va(): info: setting task T4 label to "delay__C__hl__OUT__lh__ACQ_1 of OAI12"
1732984903.765550: 20303-7f90adc6c0c0: cdpl_server.c:1824: in _sv_gen_task(): info: new task T5 in B1 (prio 5)
1732984903.765553: 20303-7f90adc6c0c0: cdpl_server.c:2558: in cdpl_sv_label_task_va(): info: setting task T5 label to "Cin__VSS__lh__ACQ_1 of OAI12"
1732984903.765598: 20303-7f90adc6c0c0: cdpl_server.c:1824: in _sv_gen_task(): info: new task T6 in B1 (prio 5)
1732984903.765601: 20303-7f90adc6c0c0: cdpl_server.c:2558: in cdpl_sv_label_task_va(): info: setting task T6 label to "Cin__VSS__hl__ACQ_1 of OAI12"
1732984903.765632: 20303-7f90adc6c0c0: cdpl_server.c:1824: in _sv_gen_task(): info: new task T7 in B1 (prio 2)
1732984903.765635: 20303-7f90adc6c0c0: cdpl_server.c:2558: in cdpl_sv_label_task_va(): info: setting task T7 label to "delay__A__lh__OUT__hl__ACQ_1 of OAI12"
1732984903.765665: 20303-7f90adc6c0c0: cdpl_server.c:1824: in _sv_gen_task(): info: new task T8 in B1 (prio 2)
1732984903.765667: 20303-7f90adc6c0c0: cdpl_server.c:2558: in cdpl_sv_label_task_va(): info: setting task T8 label to "delay__A__hl__OUT__lh__ACQ_1 of OAI12"
1732984903.765692: 20303-7f90adc6c0c0: cdpl_server.c:1824: in _sv_gen_task(): info: new task T9 in B1 (prio 5)
1732984903.765694: 20303-7f90adc6c0c0: cdpl_server.c:2558: in cdpl_sv_label_task_va(): info: setting task T9 label to "Cin__VDD__lh__ACQ_1 of OAI12"
1732984903.765726: 20303-7f90adc6c0c0: cdpl_server.c:1824: in _sv_gen_task(): info: new task T10 in B1 (prio 5)
1732984903.765729: 20303-7f90adc6c0c0: cdpl_server.c:2558: in cdpl_sv_label_task_va(): info: setting task T10 label to "Cin__VDD__hl__ACQ_1 of OAI12"
1732984904.427585: 20303-7f9096171700: cdpl_server_ipc.c:452: in _sv_on_hello(): info: W1 is `10.182.66.68:38926'
1732984904.427623: 20303-7f9096171700: cdpl_server_ipc.c:454: in _sv_on_hello(): info: W1 log file is /dev/null
1732984904.427637: 20303-7f9096171700: cdpl_server_ipc.c:481: in _sv_on_hello(): info: up to 1 alive workers in B1
1732984904.427664: 20303-7f9095970700: cdpl_server_sched.c:955: in _assign(): info: assigning task T0 to worker W1
1732984911.360101: 20303-7f9096171700: cdpl_server_ipc.c:857: in _sv_on_finish(): info: worker W1 completed task T0
1732984911.360441: 20303-7f9095970700: cdpl_server_sched.c:955: in _assign(): info: assigning task T1 to worker W1
1732984917.947095: 20303-7f9096171700: cdpl_server_ipc.c:857: in _sv_on_finish(): info: worker W1 completed task T1
1732984917.947133: 20303-7f9095970700: cdpl_server_sched.c:955: in _assign(): info: assigning task T3 to worker W1
1732984924.456126: 20303-7f9096171700: cdpl_server_ipc.c:857: in _sv_on_finish(): info: worker W1 completed task T3
1732984924.456166: 20303-7f9095970700: cdpl_server_sched.c:955: in _assign(): info: assigning task T4 to worker W1
1732984931.067816: 20303-7f9096171700: cdpl_server_ipc.c:857: in _sv_on_finish(): info: worker W1 completed task T4
1732984931.067845: 20303-7f9095970700: cdpl_server_sched.c:955: in _assign(): info: assigning task T7 to worker W1
1732984937.627565: 20303-7f9096171700: cdpl_server_ipc.c:857: in _sv_on_finish(): info: worker W1 completed task T7
1732984937.627624: 20303-7f9095970700: cdpl_server_sched.c:955: in _assign(): info: assigning task T8 to worker W1
1732984944.111640: 20303-7f9096171700: cdpl_server_ipc.c:857: in _sv_on_finish(): info: worker W1 completed task T8
1732984944.111696: 20303-7f9095970700: cdpl_server_sched.c:955: in _assign(): info: assigning task T2 to worker W1
1732984950.596980: 20303-7f9096171700: cdpl_server_ipc.c:857: in _sv_on_finish(): info: worker W1 completed task T2
1732984950.597315: 20303-7f9095970700: cdpl_server_sched.c:955: in _assign(): info: assigning task T5 to worker W1
1732984957.078208: 20303-7f9096171700: cdpl_server_ipc.c:857: in _sv_on_finish(): info: worker W1 completed task T5
1732984957.078261: 20303-7f9095970700: cdpl_server_sched.c:955: in _assign(): info: assigning task T6 to worker W1
1732984963.587568: 20303-7f9096171700: cdpl_server_ipc.c:857: in _sv_on_finish(): info: worker W1 completed task T6
1732984963.587605: 20303-7f9095970700: cdpl_server_sched.c:955: in _assign(): info: assigning task T9 to worker W1
1732984970.037478: 20303-7f9096171700: cdpl_server_ipc.c:857: in _sv_on_finish(): info: worker W1 completed task T9
1732984970.037523: 20303-7f9095970700: cdpl_server_sched.c:955: in _assign(): info: assigning task T10 to worker W1
1732984976.529718: 20303-7f9096171700: cdpl_server_ipc.c:857: in _sv_on_finish(): info: worker W1 completed task T10
1732985058.466672: 20303-7f90adc6c0c0: cdpl_compat_master.c:5152: in cdplMasterLogInfo(): info: [non-CDPL log entry] Ending current CDPL job
1732985058.466941: 20303-7f90adc6c0c0: cdpl_server.c:2890: in cdpl_sv_halt_job_errno(): info: stopping job J1
1732985058.467019: 20303-7f9095970700: cdpl_server_sched.c:2711: in _sv_drop_worker(): info: down to 0 alive workers in B1
1732985058.467061: 20303-7f90adc6c0c0: cdpl_server.c:2875: in cdpl_sv_halt_job_errno(): info: killing job J1
1732985058.467066: 20303-7f90adc6c0c0: cdpl_server.c:288: in _sv_free_job(): info: freeing job J1
1732985058.467122: 20303-7f90adc6c0c0: cdpl_farm.c:2395: in cdpl_farm_free(): info: freeing farm
1732985058.467345: 20303-7f90adc6c0c0: cdpl_server.c:3011: in cdpl_sv_free(): info: freeing server S611169782
1732985058.467348: 20303-7f90adc6c0c0: cdpl_server.c:2976: in cdpl_sv_kill_errno(): info: killing server
1732985058.467380: 20303-7f90adc6c0c0: cdpl_server.c:328: in _sv_free_master(): info: freeing master M1
1732985058.467439: 20303-7f90adc6c0c0: cdpl_log.c:371: in cdpl_log_close(): info: @@end_of_log@@
