1731212247.908190: 4950-7fade23ae0c0: cdpl_log.c:228: in cdpl_log_open(): info: @@start_of_log@@
1731212247.908218: 4950-7fade23ae0c0: cdpl_log.c:866: in cdpl_log_dump_sysinfo(): info: time: 2024/11/09 22:17:27 CST -0600
1731212247.908221: 4950-7fade23ae0c0: cdpl_log.c:868: in cdpl_log_dump_sysinfo(): info: version: T-2022.03 
1731212247.908223: 4950-7fade23ae0c0: cdpl_log.c:870: in cdpl_log_dump_sysinfo(): info: system: Linux 3.10.0-1160.119.1.el7.x86_64 #1 SMP Tue May 14 11:55:25 EDT 2024
1731212247.908225: 4950-7fade23ae0c0: cdpl_log.c:875: in cdpl_log_dump_sysinfo(): info: processor: x86_64 64-bits
1731212247.908226: 4950-7fade23ae0c0: cdpl_log.c:879: in cdpl_log_dump_sysinfo(): info: hostname: engnx01a.utdallas.edu
1731212247.908228: 4950-7fade23ae0c0: cdpl_log.c:230: in cdpl_log_open(): debug: path: /home/eng/d/dal852207/cad/gf65/primelib_gf65/NOR3/runtime/cdpl/pid4950/master.1.engnx01a.utdallas.edu.4950.log
1731212247.908230: 4950-7fade23ae0c0: cdpl_log.c:231: in cdpl_log_open(): debug: dir: /home/eng/d/dal852207/cad/gf65/primelib_gf65/NOR3/runtime/cdpl/pid4950
1731212247.908237: 4950-7fade23ae0c0: cdpl_log.c:758: in cdpl_log_set_filter(): info: filter level 1
1731212247.908243: 4950-7fade23ae0c0: cdpl_server.c:543: in cdpl_sv_init(): info: new server S553642650
1731212247.908250: 4950-7fade23ae0c0: cdpl_ipc.c:3030: in cdpl_ipc_init(): info: requesting IPv4 protocol
1731212247.908719: 4950-7fade23ae0c0: cdpl_ipc.c:800: in _selectaddrfamily(): info: selected IPv4 protocol
1731212247.909005: 4950-7fade23ae0c0: cdpl_server.c:657: in cdpl_sv_new_master(): info: new master M1
1731212247.909014: 4950-7fade23ae0c0: cdpl_server.c:5494: in cdpl_sv_ctl_master(): info: Setting worker heartbeat to 60 seconds
1731212247.909016: 4950-7fade23ae0c0: cdpl_server.c:5503: in cdpl_sv_ctl_master(): info: Setting worker heartbeat timeout to 3 heartbeats
1731212247.909020: 4950-7fade23ae0c0: cdpl_compat_master.c:2407: in cdplInitMaster(): info: bcast dir is `/dev/null'
1731212247.909057: 4950-7fade23ae0c0: cdpl_server.c:5394: in cdpl_sv_ctl_master(): info: farm worker timeout set to 36000
1731212247.909059: 4950-7fade23ae0c0: cdpl_server.c:5410: in cdpl_sv_ctl_master(): info: grid worker timeout set to 36000
1731212247.909060: 4950-7fade23ae0c0: cdpl_server.c:5438: in cdpl_sv_ctl_master(): info: farm submit command failure threshold set to 100
1731212247.909082: 4950-7fade23ae0c0: cdpl_farm.c:2268: in cdpl_farm_new_sh(): info: creating SH farm on localhost
1731212247.909091: 4950-7fade23ae0c0: cdpl_compat_master.c:207: in _set_farm_env(): info: exporting CDPL_LOGDIR as `/home/eng/d/dal852207/cad/gf65/primelib_gf65/NOR3/runtime/cdpl/pid4950'
1731212247.909094: 4950-7fade23ae0c0: cdpl_compat_master.c:213: in _set_farm_env(): info: exporting CDPL_TMPDIR as `/var/tmp'
1731212247.909096: 4950-7fade23ae0c0: cdpl_compat_master.c:220: in _set_farm_env(): info: exporting CDPL_HOME as `/proj/cad/synopsys/synopsys_2021/primelib/T-2022.03-SP1/cdpl_runtime_linux64'
1731212247.909098: 4950-7fade23ae0c0: cdpl_compat_master.c:227: in _set_farm_env(): info: exporting SNPSLMD_LICENSE_FILE as `1700@engdmv.utdallas.edu'
1731212247.909100: 4950-7fade23ae0c0: cdpl_compat_master.c:247: in _set_farm_env(): info: exporting CDPL_OPTIONS as `[filter][nowlogs]'
1731212247.909102: 4950-7fade23ae0c0: cdpl_compat_master.c:254: in _set_farm_env(): info: exporting DISPLAY as `:1056'
1731212247.909104: 4950-7fade23ae0c0: cdpl_compat_master.c:262: in _set_farm_env(): info: exporting CDPL_HEARTBEAT as `60'
1731212247.909107: 4950-7fade23ae0c0: cdpl_compat_master.c:348: in _set_farm_env(): info: exporting SIS_MALIBU as `2'
1731212247.909108: 4950-7fade23ae0c0: cdpl_compat_master.c:348: in _set_farm_env(): info: exporting SIS_CDPL as `5'
1731212247.948293: 4950-7fade23ae0c0: cdpl_server.c:738: in cdpl_sv_new_job(): info: new job J1 in M1
1731212247.948305: 4950-7fade23ae0c0: cdpl_compat_master.c:1314: in _add_worker(): info: new worker type 100, min:1, max:1, cmd:`/home/eng/d/dal852207/cad/gf65/primelib_gf65/NOR3/runtime/cdpl/pid4950/run_4950.sh'
1731212247.948311: 4950-7fade23ae0c0: cdpl_server.c:900: in cdpl_sv_new_bin_withfarm(): info: new bin B1 in J1
1731212247.953757: 4950-7fade23ae0c0: cdpl_server.c:3116: in cdpl_sv_start_job(): info: starting job J1
1731212247.966047: 4950-7fade23ae0c0: cdpl_server.c:1824: in _sv_gen_task(): info: new task T0 in B1 (prio 3)
1731212247.966055: 4950-7fade23ae0c0: cdpl_server.c:2558: in cdpl_sv_label_task_va(): info: setting task T0 label to "leakage_power__ACQ_1 of NOR3"
1731212247.966097: 4950-7fade23ae0c0: cdpl_server.c:1824: in _sv_gen_task(): info: new task T1 in B1 (prio 2)
1731212247.966134: 4950-7fadc98b2700: cdpl_server_sched.c:700: in _sv_launch_worker(): info: started worker W1 (as C1) in bin B1
1731212247.966154: 4950-7fadca0b3700: cdpl_farm.c:1899: in _schedule(): info: worker submit failure threshold set to 100
1731212247.966174: 4950-7fade23ae0c0: cdpl_server.c:2558: in cdpl_sv_label_task_va(): info: setting task T1 label to "delay__VA__lh__OUT__hl__ACQ_1 of NOR3"
1731212247.966185: 4950-7fadca0b3700: cdpl_sh.c:49: in _sh_detached_submit(): info: SH : /home/eng/d/dal852207/cad/gf65/primelib_gf65/NOR3/runtime/cdpl/pid4950/run_4950.sh
1731212247.968324: 4950-7fade23ae0c0: cdpl_server.c:1824: in _sv_gen_task(): info: new task T2 in B1 (prio 2)
1731212247.968339: 4950-7fade23ae0c0: cdpl_server.c:2558: in cdpl_sv_label_task_va(): info: setting task T2 label to "delay__VA__hl__OUT__lh__ACQ_1 of NOR3"
1731212247.968571: 4950-7fade23ae0c0: cdpl_server.c:1824: in _sv_gen_task(): info: new task T3 in B1 (prio 5)
1731212247.968576: 4950-7fade23ae0c0: cdpl_server.c:2558: in cdpl_sv_label_task_va(): info: setting task T3 label to "Cin__VSS__lh__ACQ_1 of NOR3"
1731212247.968631: 4950-7fade23ae0c0: cdpl_server.c:1824: in _sv_gen_task(): info: new task T4 in B1 (prio 5)
1731212247.968634: 4950-7fade23ae0c0: cdpl_server.c:2558: in cdpl_sv_label_task_va(): info: setting task T4 label to "Cin__VSS__hl__ACQ_1 of NOR3"
1731212247.968678: 4950-7fade23ae0c0: cdpl_server.c:1824: in _sv_gen_task(): info: new task T5 in B1 (prio 2)
1731212247.968680: 4950-7fade23ae0c0: cdpl_server.c:2558: in cdpl_sv_label_task_va(): info: setting task T5 label to "delay__VB__lh__OUT__hl__ACQ_1 of NOR3"
1731212247.968719: 4950-7fade23ae0c0: cdpl_server.c:1824: in _sv_gen_task(): info: new task T6 in B1 (prio 2)
1731212247.968722: 4950-7fade23ae0c0: cdpl_server.c:2558: in cdpl_sv_label_task_va(): info: setting task T6 label to "delay__VB__hl__OUT__lh__ACQ_1 of NOR3"
1731212247.968754: 4950-7fade23ae0c0: cdpl_server.c:1824: in _sv_gen_task(): info: new task T7 in B1 (prio 2)
1731212247.968756: 4950-7fade23ae0c0: cdpl_server.c:2558: in cdpl_sv_label_task_va(): info: setting task T7 label to "delay__VC__lh__OUT__hl__ACQ_1 of NOR3"
1731212247.968787: 4950-7fade23ae0c0: cdpl_server.c:1824: in _sv_gen_task(): info: new task T8 in B1 (prio 2)
1731212247.968789: 4950-7fade23ae0c0: cdpl_server.c:2558: in cdpl_sv_label_task_va(): info: setting task T8 label to "delay__VC__hl__OUT__lh__ACQ_1 of NOR3"
1731212247.968830: 4950-7fade23ae0c0: cdpl_server.c:1824: in _sv_gen_task(): info: new task T9 in B1 (prio 5)
1731212247.968832: 4950-7fade23ae0c0: cdpl_server.c:2558: in cdpl_sv_label_task_va(): info: setting task T9 label to "Cin__VDD__lh__ACQ_1 of NOR3"
1731212247.968872: 4950-7fade23ae0c0: cdpl_server.c:1824: in _sv_gen_task(): info: new task T10 in B1 (prio 5)
1731212247.968874: 4950-7fade23ae0c0: cdpl_server.c:2558: in cdpl_sv_label_task_va(): info: setting task T10 label to "Cin__VDD__hl__ACQ_1 of NOR3"
1731212248.636089: 4950-7fadca8b4700: cdpl_server_ipc.c:452: in _sv_on_hello(): info: W1 is `10.182.66.66:48414'
1731212248.636110: 4950-7fadca8b4700: cdpl_server_ipc.c:454: in _sv_on_hello(): info: W1 log file is /dev/null
1731212248.636117: 4950-7fadca8b4700: cdpl_server_ipc.c:481: in _sv_on_hello(): info: up to 1 alive workers in B1
1731212248.636141: 4950-7fadc98b2700: cdpl_server_sched.c:955: in _assign(): info: assigning task T1 to worker W1
1731212255.705035: 4950-7fadca8b4700: cdpl_server_ipc.c:857: in _sv_on_finish(): info: worker W1 completed task T1
1731212255.705072: 4950-7fadc98b2700: cdpl_server_sched.c:955: in _assign(): info: assigning task T2 to worker W1
1731212262.573221: 4950-7fadca8b4700: cdpl_server_ipc.c:857: in _sv_on_finish(): info: worker W1 completed task T2
1731212262.573255: 4950-7fadc98b2700: cdpl_server_sched.c:955: in _assign(): info: assigning task T5 to worker W1
1731212269.208544: 4950-7fadca8b4700: cdpl_server_ipc.c:857: in _sv_on_finish(): info: worker W1 completed task T5
1731212269.208580: 4950-7fadc98b2700: cdpl_server_sched.c:955: in _assign(): info: assigning task T6 to worker W1
1731212276.121096: 4950-7fadca8b4700: cdpl_server_ipc.c:857: in _sv_on_finish(): info: worker W1 completed task T6
1731212276.121145: 4950-7fadc98b2700: cdpl_server_sched.c:955: in _assign(): info: assigning task T7 to worker W1
1731212282.962593: 4950-7fadca8b4700: cdpl_server_ipc.c:857: in _sv_on_finish(): info: worker W1 completed task T7
1731212282.962629: 4950-7fadc98b2700: cdpl_server_sched.c:955: in _assign(): info: assigning task T8 to worker W1
1731212289.761495: 4950-7fadca8b4700: cdpl_server_ipc.c:857: in _sv_on_finish(): info: worker W1 completed task T8
1731212289.761741: 4950-7fadc98b2700: cdpl_server_sched.c:955: in _assign(): info: assigning task T0 to worker W1
1731212360.429799: 4950-7fadca8b4700: cdpl_server_ipc.c:857: in _sv_on_finish(): info: worker W1 completed task T0
1731212360.430149: 4950-7fadc98b2700: cdpl_server_sched.c:955: in _assign(): info: assigning task T3 to worker W1
1731212367.013128: 4950-7fadca8b4700: cdpl_server_ipc.c:857: in _sv_on_finish(): info: worker W1 completed task T3
1731212367.013162: 4950-7fadc98b2700: cdpl_server_sched.c:955: in _assign(): info: assigning task T4 to worker W1
1731212373.757099: 4950-7fadca8b4700: cdpl_server_ipc.c:857: in _sv_on_finish(): info: worker W1 completed task T4
1731212373.757162: 4950-7fadc98b2700: cdpl_server_sched.c:955: in _assign(): info: assigning task T9 to worker W1
1731212380.453206: 4950-7fadca8b4700: cdpl_server_ipc.c:857: in _sv_on_finish(): info: worker W1 completed task T9
1731212380.453252: 4950-7fadc98b2700: cdpl_server_sched.c:955: in _assign(): info: assigning task T10 to worker W1
1731212386.982974: 4950-7fadca8b4700: cdpl_server_ipc.c:857: in _sv_on_finish(): info: worker W1 completed task T10
1731212709.670689: 4950-7fade23ae0c0: cdpl_compat_master.c:5152: in cdplMasterLogInfo(): info: [non-CDPL log entry] Ending current CDPL job
1731212709.670878: 4950-7fade23ae0c0: cdpl_server.c:2890: in cdpl_sv_halt_job_errno(): info: stopping job J1
1731212709.670975: 4950-7fadc98b2700: cdpl_server_sched.c:2711: in _sv_drop_worker(): info: down to 0 alive workers in B1
1731212709.671016: 4950-7fade23ae0c0: cdpl_server.c:2875: in cdpl_sv_halt_job_errno(): info: killing job J1
1731212709.671024: 4950-7fade23ae0c0: cdpl_server.c:288: in _sv_free_job(): info: freeing job J1
1731212709.671046: 4950-7fade23ae0c0: cdpl_farm.c:2395: in cdpl_farm_free(): info: freeing farm
1731212709.671114: 4950-7fade23ae0c0: cdpl_server.c:3011: in cdpl_sv_free(): info: freeing server S553642650
1731212709.671118: 4950-7fade23ae0c0: cdpl_server.c:2976: in cdpl_sv_kill_errno(): info: killing server
1731212709.671155: 4950-7fade23ae0c0: cdpl_server.c:328: in _sv_free_master(): info: freeing master M1
1731212709.671236: 4950-7fade23ae0c0: cdpl_log.c:371: in cdpl_log_close(): info: @@end_of_log@@
