1731213144.481456: 4950-7fade23ae0c0: cdpl_log.c:228: in cdpl_log_open(): info: @@start_of_log@@
1731213144.481482: 4950-7fade23ae0c0: cdpl_log.c:866: in cdpl_log_dump_sysinfo(): info: time: 2024/11/09 22:32:24 CST -0600
1731213144.481486: 4950-7fade23ae0c0: cdpl_log.c:868: in cdpl_log_dump_sysinfo(): info: version: T-2022.03 
1731213144.481487: 4950-7fade23ae0c0: cdpl_log.c:870: in cdpl_log_dump_sysinfo(): info: system: Linux 3.10.0-1160.119.1.el7.x86_64 #1 SMP Tue May 14 11:55:25 EDT 2024
1731213144.481489: 4950-7fade23ae0c0: cdpl_log.c:875: in cdpl_log_dump_sysinfo(): info: processor: x86_64 64-bits
1731213144.481491: 4950-7fade23ae0c0: cdpl_log.c:879: in cdpl_log_dump_sysinfo(): info: hostname: engnx01a.utdallas.edu
1731213144.481493: 4950-7fade23ae0c0: cdpl_log.c:230: in cdpl_log_open(): debug: path: /home/eng/d/dal852207/cad/gf65/primelib_gf65/XOR2/runtime/cdpl/pid4950/master.2.engnx01a.utdallas.edu.4950.log
1731213144.481495: 4950-7fade23ae0c0: cdpl_log.c:231: in cdpl_log_open(): debug: dir: /home/eng/d/dal852207/cad/gf65/primelib_gf65/XOR2/runtime/cdpl/pid4950
1731213144.481501: 4950-7fade23ae0c0: cdpl_log.c:758: in cdpl_log_set_filter(): info: filter level 1
1731213144.481506: 4950-7fade23ae0c0: cdpl_server.c:543: in cdpl_sv_init(): info: new server S743569194
1731213144.481515: 4950-7fade23ae0c0: cdpl_ipc.c:3030: in cdpl_ipc_init(): info: requesting IPv4 protocol
1731213144.481913: 4950-7fade23ae0c0: cdpl_ipc.c:800: in _selectaddrfamily(): info: selected IPv4 protocol
1731213144.482226: 4950-7fade23ae0c0: cdpl_server.c:657: in cdpl_sv_new_master(): info: new master M1
1731213144.482236: 4950-7fade23ae0c0: cdpl_server.c:5494: in cdpl_sv_ctl_master(): info: Setting worker heartbeat to 60 seconds
1731213144.482238: 4950-7fade23ae0c0: cdpl_server.c:5503: in cdpl_sv_ctl_master(): info: Setting worker heartbeat timeout to 3 heartbeats
1731213144.482242: 4950-7fade23ae0c0: cdpl_compat_master.c:2407: in cdplInitMaster(): info: bcast dir is `/dev/null'
1731213144.482287: 4950-7fade23ae0c0: cdpl_server.c:5394: in cdpl_sv_ctl_master(): info: farm worker timeout set to 36000
1731213144.482289: 4950-7fade23ae0c0: cdpl_server.c:5410: in cdpl_sv_ctl_master(): info: grid worker timeout set to 36000
1731213144.482291: 4950-7fade23ae0c0: cdpl_server.c:5438: in cdpl_sv_ctl_master(): info: farm submit command failure threshold set to 100
1731213144.482318: 4950-7fade23ae0c0: cdpl_farm.c:2268: in cdpl_farm_new_sh(): info: creating SH farm on localhost
1731213144.482325: 4950-7fade23ae0c0: cdpl_compat_master.c:207: in _set_farm_env(): info: exporting CDPL_LOGDIR as `/home/eng/d/dal852207/cad/gf65/primelib_gf65/XOR2/runtime/cdpl/pid4950'
1731213144.482327: 4950-7fade23ae0c0: cdpl_compat_master.c:213: in _set_farm_env(): info: exporting CDPL_TMPDIR as `/var/tmp'
1731213144.482330: 4950-7fade23ae0c0: cdpl_compat_master.c:220: in _set_farm_env(): info: exporting CDPL_HOME as `/proj/cad/synopsys/synopsys_2021/primelib/T-2022.03-SP1/cdpl_runtime_linux64'
1731213144.482332: 4950-7fade23ae0c0: cdpl_compat_master.c:227: in _set_farm_env(): info: exporting SNPSLMD_LICENSE_FILE as `1700@engdmv.utdallas.edu'
1731213144.482334: 4950-7fade23ae0c0: cdpl_compat_master.c:247: in _set_farm_env(): info: exporting CDPL_OPTIONS as `[filter][nowlogs]'
1731213144.482337: 4950-7fade23ae0c0: cdpl_compat_master.c:254: in _set_farm_env(): info: exporting DISPLAY as `:1056'
1731213144.482338: 4950-7fade23ae0c0: cdpl_compat_master.c:262: in _set_farm_env(): info: exporting CDPL_HEARTBEAT as `60'
1731213144.482342: 4950-7fade23ae0c0: cdpl_compat_master.c:348: in _set_farm_env(): info: exporting SIS_MALIBU as `2'
1731213144.482344: 4950-7fade23ae0c0: cdpl_compat_master.c:348: in _set_farm_env(): info: exporting SIS_CDPL as `5'
1731213144.532405: 4950-7fade23ae0c0: cdpl_server.c:738: in cdpl_sv_new_job(): info: new job J1 in M1
1731213144.532419: 4950-7fade23ae0c0: cdpl_compat_master.c:1314: in _add_worker(): info: new worker type 100, min:1, max:1, cmd:`/home/eng/d/dal852207/cad/gf65/primelib_gf65/XOR2/runtime/cdpl/pid4950/run_4950.sh'
1731213144.532424: 4950-7fade23ae0c0: cdpl_server.c:900: in cdpl_sv_new_bin_withfarm(): info: new bin B1 in J1
1731213144.537060: 4950-7fade23ae0c0: cdpl_server.c:3116: in cdpl_sv_start_job(): info: starting job J1
1731213144.578748: 4950-7fade23ae0c0: cdpl_server.c:1824: in _sv_gen_task(): info: new task T0 in B1 (prio 3)
1731213144.578755: 4950-7fade23ae0c0: cdpl_server.c:2558: in cdpl_sv_label_task_va(): info: setting task T0 label to "leakage_power__ACQ_1 of XOR2"
1731213144.578792: 4950-7fade23ae0c0: cdpl_server.c:1824: in _sv_gen_task(): info: new task T1 in B1 (prio 5)
1731213144.578868: 4950-7fadca0b3700: cdpl_server_sched.c:700: in _sv_launch_worker(): info: started worker W1 (as C1) in bin B1
1731213144.578904: 4950-7fadc98b2700: cdpl_farm.c:1899: in _schedule(): info: worker submit failure threshold set to 100
1731213144.578921: 4950-7fade23ae0c0: cdpl_server.c:2558: in cdpl_sv_label_task_va(): info: setting task T1 label to "Cin__VSS__hl__ACQ_1 of XOR2"
1731213144.578930: 4950-7fadc98b2700: cdpl_sh.c:49: in _sh_detached_submit(): info: SH : /home/eng/d/dal852207/cad/gf65/primelib_gf65/XOR2/runtime/cdpl/pid4950/run_4950.sh
1731213144.582339: 4950-7fade23ae0c0: cdpl_server.c:1824: in _sv_gen_task(): info: new task T2 in B1 (prio 5)
1731213144.582379: 4950-7fade23ae0c0: cdpl_server.c:2558: in cdpl_sv_label_task_va(): info: setting task T2 label to "Cin__VSS__lh__ACQ_1 of XOR2"
1731213144.582730: 4950-7fade23ae0c0: cdpl_server.c:1824: in _sv_gen_task(): info: new task T3 in B1 (prio 2)
1731213144.582734: 4950-7fade23ae0c0: cdpl_server.c:2558: in cdpl_sv_label_task_va(): info: setting task T3 label to "delay__VA__hl__OUT__hl__ACQ_1 of XOR2"
1731213144.582794: 4950-7fade23ae0c0: cdpl_server.c:1824: in _sv_gen_task(): info: new task T4 in B1 (prio 2)
1731213144.582797: 4950-7fade23ae0c0: cdpl_server.c:2558: in cdpl_sv_label_task_va(): info: setting task T4 label to "delay__VA__hl__OUT__lh__ACQ_1 of XOR2"
1731213144.582845: 4950-7fade23ae0c0: cdpl_server.c:1824: in _sv_gen_task(): info: new task T5 in B1 (prio 2)
1731213144.582848: 4950-7fade23ae0c0: cdpl_server.c:2558: in cdpl_sv_label_task_va(): info: setting task T5 label to "delay__VA__lh__OUT__hl__ACQ_1 of XOR2"
1731213144.582889: 4950-7fade23ae0c0: cdpl_server.c:1824: in _sv_gen_task(): info: new task T6 in B1 (prio 2)
1731213144.582892: 4950-7fade23ae0c0: cdpl_server.c:2558: in cdpl_sv_label_task_va(): info: setting task T6 label to "delay__VA__lh__OUT__lh__ACQ_1 of XOR2"
1731213144.582929: 4950-7fade23ae0c0: cdpl_server.c:1824: in _sv_gen_task(): info: new task T7 in B1 (prio 2)
1731213144.582932: 4950-7fade23ae0c0: cdpl_server.c:2558: in cdpl_sv_label_task_va(): info: setting task T7 label to "delay__VB__hl__OUT__hl__ACQ_1 of XOR2"
1731213144.582981: 4950-7fade23ae0c0: cdpl_server.c:1824: in _sv_gen_task(): info: new task T8 in B1 (prio 2)
1731213144.582984: 4950-7fade23ae0c0: cdpl_server.c:2558: in cdpl_sv_label_task_va(): info: setting task T8 label to "delay__VB__hl__OUT__lh__ACQ_1 of XOR2"
1731213144.583021: 4950-7fade23ae0c0: cdpl_server.c:1824: in _sv_gen_task(): info: new task T9 in B1 (prio 2)
1731213144.583024: 4950-7fade23ae0c0: cdpl_server.c:2558: in cdpl_sv_label_task_va(): info: setting task T9 label to "delay__VB__lh__OUT__hl__ACQ_1 of XOR2"
1731213144.583059: 4950-7fade23ae0c0: cdpl_server.c:1824: in _sv_gen_task(): info: new task T10 in B1 (prio 2)
1731213144.583062: 4950-7fade23ae0c0: cdpl_server.c:2558: in cdpl_sv_label_task_va(): info: setting task T10 label to "delay__VB__lh__OUT__lh__ACQ_1 of XOR2"
1731213144.583090: 4950-7fade23ae0c0: cdpl_server.c:1824: in _sv_gen_task(): info: new task T11 in B1 (prio 5)
1731213144.583093: 4950-7fade23ae0c0: cdpl_server.c:2558: in cdpl_sv_label_task_va(): info: setting task T11 label to "Cin__VDD__hl__ACQ_1 of XOR2"
1731213144.583126: 4950-7fade23ae0c0: cdpl_server.c:1824: in _sv_gen_task(): info: new task T12 in B1 (prio 5)
1731213144.583129: 4950-7fade23ae0c0: cdpl_server.c:2558: in cdpl_sv_label_task_va(): info: setting task T12 label to "Cin__VDD__lh__ACQ_1 of XOR2"
1731213145.255643: 4950-7fadca8b4700: cdpl_server_ipc.c:452: in _sv_on_hello(): info: W1 is `10.182.66.66:39488'
1731213145.255672: 4950-7fadca8b4700: cdpl_server_ipc.c:454: in _sv_on_hello(): info: W1 log file is /dev/null
1731213145.255683: 4950-7fadca8b4700: cdpl_server_ipc.c:481: in _sv_on_hello(): info: up to 1 alive workers in B1
1731213145.255714: 4950-7fadca0b3700: cdpl_server_sched.c:955: in _assign(): info: assigning task T3 to worker W1
1731213152.685839: 4950-7fadca8b4700: cdpl_server_ipc.c:857: in _sv_on_finish(): info: worker W1 completed task T3
1731213152.685882: 4950-7fadca0b3700: cdpl_server_sched.c:955: in _assign(): info: assigning task T4 to worker W1
1731213159.535893: 4950-7fadca8b4700: cdpl_server_ipc.c:857: in _sv_on_finish(): info: worker W1 completed task T4
1731213159.535936: 4950-7fadca0b3700: cdpl_server_sched.c:955: in _assign(): info: assigning task T5 to worker W1
1731213166.295801: 4950-7fadca8b4700: cdpl_server_ipc.c:857: in _sv_on_finish(): info: worker W1 completed task T5
1731213166.295845: 4950-7fadca0b3700: cdpl_server_sched.c:955: in _assign(): info: assigning task T6 to worker W1
1731213173.142707: 4950-7fadca8b4700: cdpl_server_ipc.c:857: in _sv_on_finish(): info: worker W1 completed task T6
1731213173.142749: 4950-7fadca0b3700: cdpl_server_sched.c:955: in _assign(): info: assigning task T7 to worker W1
1731213180.174795: 4950-7fadca8b4700: cdpl_server_ipc.c:857: in _sv_on_finish(): info: worker W1 completed task T7
1731213180.175077: 4950-7fadca0b3700: cdpl_server_sched.c:955: in _assign(): info: assigning task T8 to worker W1
1731213187.085465: 4950-7fadca8b4700: cdpl_server_ipc.c:857: in _sv_on_finish(): info: worker W1 completed task T8
1731213187.085514: 4950-7fadca0b3700: cdpl_server_sched.c:955: in _assign(): info: assigning task T9 to worker W1
1731213194.050082: 4950-7fadca8b4700: cdpl_server_ipc.c:857: in _sv_on_finish(): info: worker W1 completed task T9
1731213194.050138: 4950-7fadca0b3700: cdpl_server_sched.c:955: in _assign(): info: assigning task T10 to worker W1
1731213200.956963: 4950-7fadca8b4700: cdpl_server_ipc.c:857: in _sv_on_finish(): info: worker W1 completed task T10
1731213200.957023: 4950-7fadca0b3700: cdpl_server_sched.c:955: in _assign(): info: assigning task T0 to worker W1
1731213272.138509: 4950-7fadca8b4700: cdpl_server_ipc.c:857: in _sv_on_finish(): info: worker W1 completed task T0
1731213272.138834: 4950-7fadca0b3700: cdpl_server_sched.c:955: in _assign(): info: assigning task T1 to worker W1
1731213278.870609: 4950-7fadca8b4700: cdpl_server_ipc.c:857: in _sv_on_finish(): info: worker W1 completed task T1
1731213278.870650: 4950-7fadca0b3700: cdpl_server_sched.c:955: in _assign(): info: assigning task T2 to worker W1
1731213285.467234: 4950-7fadca8b4700: cdpl_server_ipc.c:857: in _sv_on_finish(): info: worker W1 completed task T2
1731213285.467269: 4950-7fadca0b3700: cdpl_server_sched.c:955: in _assign(): info: assigning task T11 to worker W1
1731213292.173636: 4950-7fadca8b4700: cdpl_server_ipc.c:857: in _sv_on_finish(): info: worker W1 completed task T11
1731213292.173672: 4950-7fadca0b3700: cdpl_server_sched.c:955: in _assign(): info: assigning task T12 to worker W1
1731213298.731491: 4950-7fadca8b4700: cdpl_server_ipc.c:857: in _sv_on_finish(): info: worker W1 completed task T12
1731213598.949107: 4950-7fade23ae0c0: cdpl_compat_master.c:5152: in cdplMasterLogInfo(): info: [non-CDPL log entry] Ending current CDPL job
1731213598.949430: 4950-7fade23ae0c0: cdpl_server.c:2890: in cdpl_sv_halt_job_errno(): info: stopping job J1
1731213598.949542: 4950-7fadca0b3700: cdpl_server_sched.c:2711: in _sv_drop_worker(): info: down to 0 alive workers in B1
1731213598.949584: 4950-7fade23ae0c0: cdpl_server.c:2875: in cdpl_sv_halt_job_errno(): info: killing job J1
1731213598.949602: 4950-7fade23ae0c0: cdpl_server.c:288: in _sv_free_job(): info: freeing job J1
1731213598.949621: 4950-7fade23ae0c0: cdpl_farm.c:2395: in cdpl_farm_free(): info: freeing farm
1731213598.949655: 4950-7fade23ae0c0: cdpl_server.c:3011: in cdpl_sv_free(): info: freeing server S743569194
1731213598.949657: 4950-7fade23ae0c0: cdpl_server.c:2976: in cdpl_sv_kill_errno(): info: killing server
1731213598.949849: 4950-7fade23ae0c0: cdpl_server.c:328: in _sv_free_master(): info: freeing master M1
1731213598.949881: 4950-7fade23ae0c0: cdpl_log.c:371: in cdpl_log_close(): info: @@end_of_log@@
