1732840292.320924: 14018-7fe7b04280c0: cdpl_log.c:228: in cdpl_log_open(): info: @@start_of_log@@
1732840292.320953: 14018-7fe7b04280c0: cdpl_log.c:866: in cdpl_log_dump_sysinfo(): info: time: 2024/11/28 18:31:32 CST -0600
1732840292.320958: 14018-7fe7b04280c0: cdpl_log.c:868: in cdpl_log_dump_sysinfo(): info: version: T-2022.03 
1732840292.320960: 14018-7fe7b04280c0: cdpl_log.c:870: in cdpl_log_dump_sysinfo(): info: system: Linux 3.10.0-1160.119.1.el7.x86_64 #1 SMP Tue May 14 11:55:25 EDT 2024
1732840292.320961: 14018-7fe7b04280c0: cdpl_log.c:875: in cdpl_log_dump_sysinfo(): info: processor: x86_64 64-bits
1732840292.320963: 14018-7fe7b04280c0: cdpl_log.c:879: in cdpl_log_dump_sysinfo(): info: hostname: engnx03a.utdallas.edu
1732840292.320965: 14018-7fe7b04280c0: cdpl_log.c:230: in cdpl_log_open(): debug: path: /home/eng/d/dal852207/cad/gf65/primelib_gf65/Proj6_DRC_LVS/NOR2/runtime/cdpl/pid14018/master.engnx03a.utdallas.edu.14018.log
1732840292.320967: 14018-7fe7b04280c0: cdpl_log.c:231: in cdpl_log_open(): debug: dir: /home/eng/d/dal852207/cad/gf65/primelib_gf65/Proj6_DRC_LVS/NOR2/runtime/cdpl/pid14018
1732840292.320972: 14018-7fe7b04280c0: cdpl_log.c:758: in cdpl_log_set_filter(): info: filter level 1
1732840292.320990: 14018-7fe7b04280c0: cdpl_server.c:543: in cdpl_sv_init(): info: new server S554373419
1732840292.320998: 14018-7fe7b04280c0: cdpl_ipc.c:3030: in cdpl_ipc_init(): info: requesting IPv4 protocol
1732840292.321522: 14018-7fe7b04280c0: cdpl_ipc.c:800: in _selectaddrfamily(): info: selected IPv4 protocol
1732840292.321835: 14018-7fe7b04280c0: cdpl_server.c:657: in cdpl_sv_new_master(): info: new master M1
1732840292.321857: 14018-7fe7b04280c0: cdpl_server.c:5494: in cdpl_sv_ctl_master(): info: Setting worker heartbeat to 60 seconds
1732840292.321860: 14018-7fe7b04280c0: cdpl_server.c:5503: in cdpl_sv_ctl_master(): info: Setting worker heartbeat timeout to 3 heartbeats
1732840292.321862: 14018-7fe7b04280c0: cdpl_compat_master.c:2407: in cdplInitMaster(): info: bcast dir is `/dev/null'
1732840292.321938: 14018-7fe7b04280c0: cdpl_server.c:5394: in cdpl_sv_ctl_master(): info: farm worker timeout set to 36000
1732840292.321940: 14018-7fe7b04280c0: cdpl_server.c:5410: in cdpl_sv_ctl_master(): info: grid worker timeout set to 36000
1732840292.321942: 14018-7fe7b04280c0: cdpl_server.c:5438: in cdpl_sv_ctl_master(): info: farm submit command failure threshold set to 100
1732840292.321976: 14018-7fe7b04280c0: cdpl_farm.c:2268: in cdpl_farm_new_sh(): info: creating SH farm on localhost
1732840292.321985: 14018-7fe7b04280c0: cdpl_compat_master.c:207: in _set_farm_env(): info: exporting CDPL_LOGDIR as `/home/eng/d/dal852207/cad/gf65/primelib_gf65/Proj6_DRC_LVS/NOR2/runtime/cdpl/pid14018'
1732840292.321988: 14018-7fe7b04280c0: cdpl_compat_master.c:213: in _set_farm_env(): info: exporting CDPL_TMPDIR as `/var/tmp'
1732840292.321990: 14018-7fe7b04280c0: cdpl_compat_master.c:220: in _set_farm_env(): info: exporting CDPL_HOME as `/proj/cad/synopsys/synopsys_2021/primelib/T-2022.03-SP1/cdpl_runtime_linux64'
1732840292.321992: 14018-7fe7b04280c0: cdpl_compat_master.c:227: in _set_farm_env(): info: exporting SNPSLMD_LICENSE_FILE as `1700@engdmv.utdallas.edu'
1732840292.321995: 14018-7fe7b04280c0: cdpl_compat_master.c:247: in _set_farm_env(): info: exporting CDPL_OPTIONS as `[filter][nowlogs]'
1732840292.321997: 14018-7fe7b04280c0: cdpl_compat_master.c:254: in _set_farm_env(): info: exporting DISPLAY as `:1022'
1732840292.321999: 14018-7fe7b04280c0: cdpl_compat_master.c:262: in _set_farm_env(): info: exporting CDPL_HEARTBEAT as `60'
1732840292.322002: 14018-7fe7b04280c0: cdpl_compat_master.c:348: in _set_farm_env(): info: exporting SIS_MALIBU as `2'
1732840292.322003: 14018-7fe7b04280c0: cdpl_compat_master.c:348: in _set_farm_env(): info: exporting SIS_CDPL as `5'
1732840292.361059: 14018-7fe7b04280c0: cdpl_server.c:738: in cdpl_sv_new_job(): info: new job J1 in M1
1732840292.361073: 14018-7fe7b04280c0: cdpl_compat_master.c:1314: in _add_worker(): info: new worker type 100, min:1, max:1, cmd:`/home/eng/d/dal852207/cad/gf65/primelib_gf65/Proj6_DRC_LVS/NOR2/runtime/cdpl/pid14018/run_14018.sh'
1732840292.361081: 14018-7fe7b04280c0: cdpl_server.c:900: in cdpl_sv_new_bin_withfarm(): info: new bin B1 in J1
1732840292.369697: 14018-7fe7b04280c0: cdpl_server.c:3116: in cdpl_sv_start_job(): info: starting job J1
1732840292.377582: 14018-7fe7b04280c0: cdpl_server.c:1824: in _sv_gen_task(): info: new task T0 in B1 (prio 2)
1732840292.377592: 14018-7fe7b04280c0: cdpl_server.c:2558: in cdpl_sv_label_task_va(): info: setting task T0 label to "delay__B__lh__OUT__hl__ACQ_1 of NOR2"
1732840292.377647: 14018-7fe7b04280c0: cdpl_server.c:1824: in _sv_gen_task(): info: new task T1 in B1 (prio 2)
1732840292.377753: 14018-7fe79812c700: cdpl_server_sched.c:700: in _sv_launch_worker(): info: started worker W1 (as C1) in bin B1
1732840292.377770: 14018-7fe79792b700: cdpl_farm.c:1899: in _schedule(): info: worker submit failure threshold set to 100
1732840292.377781: 14018-7fe7b04280c0: cdpl_server.c:2558: in cdpl_sv_label_task_va(): info: setting task T1 label to "delay__B__hl__OUT__lh__ACQ_1 of NOR2"
1732840292.377789: 14018-7fe79792b700: cdpl_sh.c:49: in _sh_detached_submit(): info: SH : /home/eng/d/dal852207/cad/gf65/primelib_gf65/Proj6_DRC_LVS/NOR2/runtime/cdpl/pid14018/run_14018.sh
1732840292.378871: 14018-7fe7b04280c0: cdpl_server.c:1824: in _sv_gen_task(): info: new task T2 in B1 (prio 3)
1732840292.378883: 14018-7fe7b04280c0: cdpl_server.c:2558: in cdpl_sv_label_task_va(): info: setting task T2 label to "leakage_power__ACQ_1 of NOR2"
1732840292.379267: 14018-7fe7b04280c0: cdpl_server.c:1824: in _sv_gen_task(): info: new task T3 in B1 (prio 5)
1732840292.379270: 14018-7fe7b04280c0: cdpl_server.c:2558: in cdpl_sv_label_task_va(): info: setting task T3 label to "Cin__VSS__lh__ACQ_1 of NOR2"
1732840292.379314: 14018-7fe7b04280c0: cdpl_server.c:1824: in _sv_gen_task(): info: new task T4 in B1 (prio 5)
1732840292.379316: 14018-7fe7b04280c0: cdpl_server.c:2558: in cdpl_sv_label_task_va(): info: setting task T4 label to "Cin__VSS__hl__ACQ_1 of NOR2"
1732840292.379350: 14018-7fe7b04280c0: cdpl_server.c:1824: in _sv_gen_task(): info: new task T5 in B1 (prio 2)
1732840292.379353: 14018-7fe7b04280c0: cdpl_server.c:2558: in cdpl_sv_label_task_va(): info: setting task T5 label to "delay__A__lh__OUT__hl__ACQ_1 of NOR2"
1732840292.379390: 14018-7fe7b04280c0: cdpl_server.c:1824: in _sv_gen_task(): info: new task T6 in B1 (prio 2)
1732840292.379392: 14018-7fe7b04280c0: cdpl_server.c:2558: in cdpl_sv_label_task_va(): info: setting task T6 label to "delay__A__hl__OUT__lh__ACQ_1 of NOR2"
1732840292.379423: 14018-7fe7b04280c0: cdpl_server.c:1824: in _sv_gen_task(): info: new task T7 in B1 (prio 5)
1732840292.379425: 14018-7fe7b04280c0: cdpl_server.c:2558: in cdpl_sv_label_task_va(): info: setting task T7 label to "Cin__VDD__lh__ACQ_1 of NOR2"
1732840292.379455: 14018-7fe7b04280c0: cdpl_server.c:1824: in _sv_gen_task(): info: new task T8 in B1 (prio 5)
1732840292.379458: 14018-7fe7b04280c0: cdpl_server.c:2558: in cdpl_sv_label_task_va(): info: setting task T8 label to "Cin__VDD__hl__ACQ_1 of NOR2"
1732840293.021462: 14018-7fe79892d700: cdpl_server_ipc.c:452: in _sv_on_hello(): info: W1 is `10.182.66.68:38782'
1732840293.021489: 14018-7fe79892d700: cdpl_server_ipc.c:454: in _sv_on_hello(): info: W1 log file is /dev/null
1732840293.021497: 14018-7fe79892d700: cdpl_server_ipc.c:481: in _sv_on_hello(): info: up to 1 alive workers in B1
1732840293.021522: 14018-7fe79812c700: cdpl_server_sched.c:955: in _assign(): info: assigning task T0 to worker W1
1732840299.779154: 14018-7fe79892d700: cdpl_server_ipc.c:857: in _sv_on_finish(): info: worker W1 completed task T0
1732840299.779191: 14018-7fe79812c700: cdpl_server_sched.c:955: in _assign(): info: assigning task T1 to worker W1
1732840306.223641: 14018-7fe79892d700: cdpl_server_ipc.c:857: in _sv_on_finish(): info: worker W1 completed task T1
1732840306.223689: 14018-7fe79812c700: cdpl_server_sched.c:955: in _assign(): info: assigning task T5 to worker W1
1732840312.724264: 14018-7fe79892d700: cdpl_server_ipc.c:857: in _sv_on_finish(): info: worker W1 completed task T5
1732840312.724318: 14018-7fe79812c700: cdpl_server_sched.c:955: in _assign(): info: assigning task T6 to worker W1
1732840319.271303: 14018-7fe79892d700: cdpl_server_ipc.c:857: in _sv_on_finish(): info: worker W1 completed task T6
1732840319.271346: 14018-7fe79812c700: cdpl_server_sched.c:955: in _assign(): info: assigning task T2 to worker W1
1732840387.945606: 14018-7fe79892d700: cdpl_server_ipc.c:857: in _sv_on_finish(): info: worker W1 completed task T2
1732840387.945877: 14018-7fe79812c700: cdpl_server_sched.c:955: in _assign(): info: assigning task T3 to worker W1
1732840394.430065: 14018-7fe79892d700: cdpl_server_ipc.c:857: in _sv_on_finish(): info: worker W1 completed task T3
1732840394.430104: 14018-7fe79812c700: cdpl_server_sched.c:955: in _assign(): info: assigning task T4 to worker W1
1732840400.646971: 14018-7fe79892d700: cdpl_server_ipc.c:857: in _sv_on_finish(): info: worker W1 completed task T4
1732840400.647028: 14018-7fe79812c700: cdpl_server_sched.c:955: in _assign(): info: assigning task T7 to worker W1
1732840407.046127: 14018-7fe79892d700: cdpl_server_ipc.c:857: in _sv_on_finish(): info: worker W1 completed task T7
1732840407.046174: 14018-7fe79812c700: cdpl_server_sched.c:955: in _assign(): info: assigning task T8 to worker W1
1732840413.409423: 14018-7fe79892d700: cdpl_server_ipc.c:857: in _sv_on_finish(): info: worker W1 completed task T8
1732840514.662968: 14018-7fe7b04280c0: cdpl_compat_master.c:5152: in cdplMasterLogInfo(): info: [non-CDPL log entry] Ending current CDPL job
1732840514.663220: 14018-7fe7b04280c0: cdpl_server.c:2890: in cdpl_sv_halt_job_errno(): info: stopping job J1
1732840514.663282: 14018-7fe79812c700: cdpl_server_sched.c:2711: in _sv_drop_worker(): info: down to 0 alive workers in B1
1732840514.663302: 14018-7fe7b04280c0: cdpl_server.c:2875: in cdpl_sv_halt_job_errno(): info: killing job J1
1732840514.663307: 14018-7fe7b04280c0: cdpl_server.c:288: in _sv_free_job(): info: freeing job J1
1732840514.663347: 14018-7fe7b04280c0: cdpl_farm.c:2395: in cdpl_farm_free(): info: freeing farm
1732840514.663577: 14018-7fe7b04280c0: cdpl_server.c:3011: in cdpl_sv_free(): info: freeing server S554373419
1732840514.663581: 14018-7fe7b04280c0: cdpl_server.c:2976: in cdpl_sv_kill_errno(): info: killing server
1732840514.663620: 14018-7fe7b04280c0: cdpl_server.c:328: in _sv_free_master(): info: freeing master M1
1732840514.663668: 14018-7fe7b04280c0: cdpl_log.c:371: in cdpl_log_close(): info: @@end_of_log@@
