1732984497.694907: 7446-7f9c4264b0c0: cdpl_log.c:228: in cdpl_log_open(): info: @@start_of_log@@
1732984497.694932: 7446-7f9c4264b0c0: cdpl_log.c:866: in cdpl_log_dump_sysinfo(): info: time: 2024/11/30 10:34:57 CST -0600
1732984497.694936: 7446-7f9c4264b0c0: cdpl_log.c:868: in cdpl_log_dump_sysinfo(): info: version: T-2022.03 
1732984497.694938: 7446-7f9c4264b0c0: cdpl_log.c:870: in cdpl_log_dump_sysinfo(): info: system: Linux 3.10.0-1160.119.1.el7.x86_64 #1 SMP Tue May 14 11:55:25 EDT 2024
1732984497.694940: 7446-7f9c4264b0c0: cdpl_log.c:875: in cdpl_log_dump_sysinfo(): info: processor: x86_64 64-bits
1732984497.694941: 7446-7f9c4264b0c0: cdpl_log.c:879: in cdpl_log_dump_sysinfo(): info: hostname: engnx03a.utdallas.edu
1732984497.694943: 7446-7f9c4264b0c0: cdpl_log.c:230: in cdpl_log_open(): debug: path: /home/eng/d/dal852207/cad/gf65/primelib_gf65/NOR3/runtime/cdpl/pid7446/master.engnx03a.utdallas.edu.7446.log
1732984497.694946: 7446-7f9c4264b0c0: cdpl_log.c:231: in cdpl_log_open(): debug: dir: /home/eng/d/dal852207/cad/gf65/primelib_gf65/NOR3/runtime/cdpl/pid7446
1732984497.694954: 7446-7f9c4264b0c0: cdpl_log.c:758: in cdpl_log_set_filter(): info: filter level 1
1732984497.694971: 7446-7f9c4264b0c0: cdpl_server.c:543: in cdpl_sv_init(): info: new server S1561560546
1732984497.694979: 7446-7f9c4264b0c0: cdpl_ipc.c:3030: in cdpl_ipc_init(): info: requesting IPv4 protocol
1732984497.695441: 7446-7f9c4264b0c0: cdpl_ipc.c:800: in _selectaddrfamily(): info: selected IPv4 protocol
1732984497.695690: 7446-7f9c4264b0c0: cdpl_server.c:657: in cdpl_sv_new_master(): info: new master M1
1732984497.695701: 7446-7f9c4264b0c0: cdpl_server.c:5494: in cdpl_sv_ctl_master(): info: Setting worker heartbeat to 60 seconds
1732984497.695703: 7446-7f9c4264b0c0: cdpl_server.c:5503: in cdpl_sv_ctl_master(): info: Setting worker heartbeat timeout to 3 heartbeats
1732984497.695707: 7446-7f9c4264b0c0: cdpl_compat_master.c:2407: in cdplInitMaster(): info: bcast dir is `/dev/null'
1732984497.695772: 7446-7f9c4264b0c0: cdpl_server.c:5394: in cdpl_sv_ctl_master(): info: farm worker timeout set to 36000
1732984497.695774: 7446-7f9c4264b0c0: cdpl_server.c:5410: in cdpl_sv_ctl_master(): info: grid worker timeout set to 36000
1732984497.695776: 7446-7f9c4264b0c0: cdpl_server.c:5438: in cdpl_sv_ctl_master(): info: farm submit command failure threshold set to 100
1732984497.695807: 7446-7f9c4264b0c0: cdpl_farm.c:2268: in cdpl_farm_new_sh(): info: creating SH farm on localhost
1732984497.695820: 7446-7f9c4264b0c0: cdpl_compat_master.c:207: in _set_farm_env(): info: exporting CDPL_LOGDIR as `/home/eng/d/dal852207/cad/gf65/primelib_gf65/NOR3/runtime/cdpl/pid7446'
1732984497.695823: 7446-7f9c4264b0c0: cdpl_compat_master.c:213: in _set_farm_env(): info: exporting CDPL_TMPDIR as `/var/tmp'
1732984497.695825: 7446-7f9c4264b0c0: cdpl_compat_master.c:220: in _set_farm_env(): info: exporting CDPL_HOME as `/proj/cad/synopsys/synopsys_2021/primelib/T-2022.03-SP1/cdpl_runtime_linux64'
1732984497.695827: 7446-7f9c4264b0c0: cdpl_compat_master.c:227: in _set_farm_env(): info: exporting SNPSLMD_LICENSE_FILE as `1700@engdmv.utdallas.edu'
1732984497.695830: 7446-7f9c4264b0c0: cdpl_compat_master.c:247: in _set_farm_env(): info: exporting CDPL_OPTIONS as `[filter][nowlogs]'
1732984497.695832: 7446-7f9c4264b0c0: cdpl_compat_master.c:254: in _set_farm_env(): info: exporting DISPLAY as `:1022'
1732984497.695834: 7446-7f9c4264b0c0: cdpl_compat_master.c:262: in _set_farm_env(): info: exporting CDPL_HEARTBEAT as `60'
1732984497.695837: 7446-7f9c4264b0c0: cdpl_compat_master.c:348: in _set_farm_env(): info: exporting SIS_MALIBU as `2'
1732984497.695838: 7446-7f9c4264b0c0: cdpl_compat_master.c:348: in _set_farm_env(): info: exporting SIS_CDPL as `5'
1732984497.739241: 7446-7f9c4264b0c0: cdpl_server.c:738: in cdpl_sv_new_job(): info: new job J1 in M1
1732984497.739259: 7446-7f9c4264b0c0: cdpl_compat_master.c:1314: in _add_worker(): info: new worker type 100, min:1, max:1, cmd:`/home/eng/d/dal852207/cad/gf65/primelib_gf65/NOR3/runtime/cdpl/pid7446/run_7446.sh'
1732984497.739267: 7446-7f9c4264b0c0: cdpl_server.c:900: in cdpl_sv_new_bin_withfarm(): info: new bin B1 in J1
1732984497.748038: 7446-7f9c4264b0c0: cdpl_server.c:3116: in cdpl_sv_start_job(): info: starting job J1
1732984497.756391: 7446-7f9c4264b0c0: cdpl_server.c:1824: in _sv_gen_task(): info: new task T0 in B1 (prio 2)
1732984497.756403: 7446-7f9c4264b0c0: cdpl_server.c:2558: in cdpl_sv_label_task_va(): info: setting task T0 label to "delay__B__lh__OUT__hl__ACQ_1 of NOR3"
1732984497.756462: 7446-7f9c4264b0c0: cdpl_server.c:1824: in _sv_gen_task(): info: new task T1 in B1 (prio 2)
1732984497.756507: 7446-7f9c2a34f700: cdpl_server_sched.c:700: in _sv_launch_worker(): info: started worker W1 (as C1) in bin B1
1732984497.756527: 7446-7f9c4264b0c0: cdpl_server.c:2558: in cdpl_sv_label_task_va(): info: setting task T1 label to "delay__B__hl__OUT__lh__ACQ_1 of NOR3"
1732984497.756540: 7446-7f9c29b4e700: cdpl_farm.c:1899: in _schedule(): info: worker submit failure threshold set to 100
1732984497.756571: 7446-7f9c4264b0c0: cdpl_server.c:1824: in _sv_gen_task(): info: new task T2 in B1 (prio 3)
1732984497.756582: 7446-7f9c4264b0c0: cdpl_server.c:2558: in cdpl_sv_label_task_va(): info: setting task T2 label to "leakage_power__ACQ_1 of NOR3"
1732984497.756590: 7446-7f9c29b4e700: cdpl_sh.c:49: in _sh_detached_submit(): info: SH : /home/eng/d/dal852207/cad/gf65/primelib_gf65/NOR3/runtime/cdpl/pid7446/run_7446.sh
1732984497.756605: 7446-7f9c4264b0c0: cdpl_server.c:1824: in _sv_gen_task(): info: new task T3 in B1 (prio 2)
1732984497.756609: 7446-7f9c4264b0c0: cdpl_server.c:2558: in cdpl_sv_label_task_va(): info: setting task T3 label to "delay__C__lh__OUT__hl__ACQ_1 of NOR3"
1732984497.759608: 7446-7f9c4264b0c0: cdpl_server.c:1824: in _sv_gen_task(): info: new task T4 in B1 (prio 2)
1732984497.759632: 7446-7f9c4264b0c0: cdpl_server.c:2558: in cdpl_sv_label_task_va(): info: setting task T4 label to "delay__C__hl__OUT__lh__ACQ_1 of NOR3"
1732984497.759900: 7446-7f9c4264b0c0: cdpl_server.c:1824: in _sv_gen_task(): info: new task T5 in B1 (prio 5)
1732984497.759904: 7446-7f9c4264b0c0: cdpl_server.c:2558: in cdpl_sv_label_task_va(): info: setting task T5 label to "Cin__VSS__lh__ACQ_1 of NOR3"
1732984497.759987: 7446-7f9c4264b0c0: cdpl_server.c:1824: in _sv_gen_task(): info: new task T6 in B1 (prio 5)
1732984497.759991: 7446-7f9c4264b0c0: cdpl_server.c:2558: in cdpl_sv_label_task_va(): info: setting task T6 label to "Cin__VSS__hl__ACQ_1 of NOR3"
1732984497.760059: 7446-7f9c4264b0c0: cdpl_server.c:1824: in _sv_gen_task(): info: new task T7 in B1 (prio 2)
1732984497.760063: 7446-7f9c4264b0c0: cdpl_server.c:2558: in cdpl_sv_label_task_va(): info: setting task T7 label to "delay__A__lh__OUT__hl__ACQ_1 of NOR3"
1732984497.760117: 7446-7f9c4264b0c0: cdpl_server.c:1824: in _sv_gen_task(): info: new task T8 in B1 (prio 2)
1732984497.760122: 7446-7f9c4264b0c0: cdpl_server.c:2558: in cdpl_sv_label_task_va(): info: setting task T8 label to "delay__A__hl__OUT__lh__ACQ_1 of NOR3"
1732984497.760159: 7446-7f9c4264b0c0: cdpl_server.c:1824: in _sv_gen_task(): info: new task T9 in B1 (prio 5)
1732984497.760163: 7446-7f9c4264b0c0: cdpl_server.c:2558: in cdpl_sv_label_task_va(): info: setting task T9 label to "Cin__VDD__lh__ACQ_1 of NOR3"
1732984497.760229: 7446-7f9c4264b0c0: cdpl_server.c:1824: in _sv_gen_task(): info: new task T10 in B1 (prio 5)
1732984497.760233: 7446-7f9c4264b0c0: cdpl_server.c:2558: in cdpl_sv_label_task_va(): info: setting task T10 label to "Cin__VDD__hl__ACQ_1 of NOR3"
1732984498.414040: 7446-7f9c2ab50700: cdpl_server_ipc.c:452: in _sv_on_hello(): info: W1 is `10.182.66.68:47218'
1732984498.414061: 7446-7f9c2ab50700: cdpl_server_ipc.c:454: in _sv_on_hello(): info: W1 log file is /dev/null
1732984498.414071: 7446-7f9c2ab50700: cdpl_server_ipc.c:481: in _sv_on_hello(): info: up to 1 alive workers in B1
1732984498.414144: 7446-7f9c2a34f700: cdpl_server_sched.c:955: in _assign(): info: assigning task T0 to worker W1
1732984505.522284: 7446-7f9c2ab50700: cdpl_server_ipc.c:857: in _sv_on_finish(): info: worker W1 completed task T0
1732984505.522555: 7446-7f9c2a34f700: cdpl_server_sched.c:955: in _assign(): info: assigning task T1 to worker W1
1732984512.205346: 7446-7f9c2ab50700: cdpl_server_ipc.c:857: in _sv_on_finish(): info: worker W1 completed task T1
1732984512.205387: 7446-7f9c2a34f700: cdpl_server_sched.c:955: in _assign(): info: assigning task T3 to worker W1
1732984518.926456: 7446-7f9c2ab50700: cdpl_server_ipc.c:857: in _sv_on_finish(): info: worker W1 completed task T3
1732984518.926490: 7446-7f9c2a34f700: cdpl_server_sched.c:955: in _assign(): info: assigning task T4 to worker W1
1732984525.555188: 7446-7f9c2ab50700: cdpl_server_ipc.c:857: in _sv_on_finish(): info: worker W1 completed task T4
1732984525.555226: 7446-7f9c2a34f700: cdpl_server_sched.c:955: in _assign(): info: assigning task T7 to worker W1
1732984532.092047: 7446-7f9c2ab50700: cdpl_server_ipc.c:857: in _sv_on_finish(): info: worker W1 completed task T7
1732984532.092098: 7446-7f9c2a34f700: cdpl_server_sched.c:955: in _assign(): info: assigning task T8 to worker W1
1732984538.614451: 7446-7f9c2ab50700: cdpl_server_ipc.c:857: in _sv_on_finish(): info: worker W1 completed task T8
1732984538.614489: 7446-7f9c2a34f700: cdpl_server_sched.c:955: in _assign(): info: assigning task T2 to worker W1
1732984608.221028: 7446-7f9c2ab50700: cdpl_server_ipc.c:857: in _sv_on_finish(): info: worker W1 completed task T2
1732984608.221294: 7446-7f9c2a34f700: cdpl_server_sched.c:955: in _assign(): info: assigning task T5 to worker W1
1732984614.697180: 7446-7f9c2ab50700: cdpl_server_ipc.c:857: in _sv_on_finish(): info: worker W1 completed task T5
1732984614.697230: 7446-7f9c2a34f700: cdpl_server_sched.c:955: in _assign(): info: assigning task T6 to worker W1
1732984621.302467: 7446-7f9c2ab50700: cdpl_server_ipc.c:857: in _sv_on_finish(): info: worker W1 completed task T6
1732984621.302516: 7446-7f9c2a34f700: cdpl_server_sched.c:955: in _assign(): info: assigning task T9 to worker W1
1732984627.983663: 7446-7f9c2ab50700: cdpl_server_ipc.c:857: in _sv_on_finish(): info: worker W1 completed task T9
1732984627.983695: 7446-7f9c2a34f700: cdpl_server_sched.c:955: in _assign(): info: assigning task T10 to worker W1
1732984634.556645: 7446-7f9c2ab50700: cdpl_server_ipc.c:857: in _sv_on_finish(): info: worker W1 completed task T10
1732984697.118870: 7446-7f9c4264b0c0: cdpl_compat_master.c:5152: in cdplMasterLogInfo(): info: [non-CDPL log entry] Ending current CDPL job
1732984697.119133: 7446-7f9c4264b0c0: cdpl_server.c:2890: in cdpl_sv_halt_job_errno(): info: stopping job J1
1732984697.119222: 7446-7f9c2a34f700: cdpl_server_sched.c:2711: in _sv_drop_worker(): info: down to 0 alive workers in B1
1732984697.119579: 7446-7f9c4264b0c0: cdpl_server.c:2875: in cdpl_sv_halt_job_errno(): info: killing job J1
1732984697.119589: 7446-7f9c4264b0c0: cdpl_server.c:288: in _sv_free_job(): info: freeing job J1
1732984697.119637: 7446-7f9c4264b0c0: cdpl_farm.c:2395: in cdpl_farm_free(): info: freeing farm
1732984697.119908: 7446-7f9c4264b0c0: cdpl_server.c:3011: in cdpl_sv_free(): info: freeing server S1561560546
1732984697.119911: 7446-7f9c4264b0c0: cdpl_server.c:2976: in cdpl_sv_kill_errno(): info: killing server
1732984697.120364: 7446-7f9c4264b0c0: cdpl_server.c:328: in _sv_free_master(): info: freeing master M1
1732984697.120411: 7446-7f9c4264b0c0: cdpl_log.c:371: in cdpl_log_close(): info: @@end_of_log@@
