1731197672.883128: 5755-7f00f64250c0: cdpl_log.c:228: in cdpl_log_open(): info: @@start_of_log@@
1731197672.883145: 5755-7f00f64250c0: cdpl_log.c:866: in cdpl_log_dump_sysinfo(): info: time: 2024/11/09 18:14:32 CST -0600
1731197672.883150: 5755-7f00f64250c0: cdpl_log.c:868: in cdpl_log_dump_sysinfo(): info: version: T-2022.03 
1731197672.883151: 5755-7f00f64250c0: cdpl_log.c:870: in cdpl_log_dump_sysinfo(): info: system: Linux 3.10.0-1160.119.1.el7.x86_64 #1 SMP Tue May 14 11:55:25 EDT 2024
1731197672.883153: 5755-7f00f64250c0: cdpl_log.c:875: in cdpl_log_dump_sysinfo(): info: processor: x86_64 64-bits
1731197672.883155: 5755-7f00f64250c0: cdpl_log.c:879: in cdpl_log_dump_sysinfo(): info: hostname: engnx03a.utdallas.edu
1731197672.883157: 5755-7f00f64250c0: cdpl_log.c:230: in cdpl_log_open(): debug: path: /home/eng/d/dal852207/cad/gf65/primelib_gf65/INV/runtime/cdpl/pid5755/master.engnx03a.utdallas.edu.5755.log
1731197672.883159: 5755-7f00f64250c0: cdpl_log.c:231: in cdpl_log_open(): debug: dir: /home/eng/d/dal852207/cad/gf65/primelib_gf65/INV/runtime/cdpl/pid5755
1731197672.883164: 5755-7f00f64250c0: cdpl_log.c:758: in cdpl_log_set_filter(): info: filter level 1
1731197672.883181: 5755-7f00f64250c0: cdpl_server.c:543: in cdpl_sv_init(): info: new server S442491768
1731197672.883188: 5755-7f00f64250c0: cdpl_ipc.c:3030: in cdpl_ipc_init(): info: requesting IPv4 protocol
1731197672.883785: 5755-7f00f64250c0: cdpl_ipc.c:800: in _selectaddrfamily(): info: selected IPv4 protocol
1731197672.884196: 5755-7f00f64250c0: cdpl_server.c:657: in cdpl_sv_new_master(): info: new master M1
1731197672.884210: 5755-7f00f64250c0: cdpl_server.c:5494: in cdpl_sv_ctl_master(): info: Setting worker heartbeat to 60 seconds
1731197672.884212: 5755-7f00f64250c0: cdpl_server.c:5503: in cdpl_sv_ctl_master(): info: Setting worker heartbeat timeout to 3 heartbeats
1731197672.884216: 5755-7f00f64250c0: cdpl_compat_master.c:2407: in cdplInitMaster(): info: bcast dir is `/dev/null'
1731197672.884322: 5755-7f00f64250c0: cdpl_server.c:5394: in cdpl_sv_ctl_master(): info: farm worker timeout set to 36000
1731197672.884325: 5755-7f00f64250c0: cdpl_server.c:5410: in cdpl_sv_ctl_master(): info: grid worker timeout set to 36000
1731197672.884327: 5755-7f00f64250c0: cdpl_server.c:5438: in cdpl_sv_ctl_master(): info: farm submit command failure threshold set to 100
1731197672.884365: 5755-7f00f64250c0: cdpl_farm.c:2268: in cdpl_farm_new_sh(): info: creating SH farm on localhost
1731197672.884376: 5755-7f00f64250c0: cdpl_compat_master.c:207: in _set_farm_env(): info: exporting CDPL_LOGDIR as `/home/eng/d/dal852207/cad/gf65/primelib_gf65/INV/runtime/cdpl/pid5755'
1731197672.884380: 5755-7f00f64250c0: cdpl_compat_master.c:213: in _set_farm_env(): info: exporting CDPL_TMPDIR as `/var/tmp'
1731197672.884382: 5755-7f00f64250c0: cdpl_compat_master.c:220: in _set_farm_env(): info: exporting CDPL_HOME as `/proj/cad/synopsys/synopsys_2021/primelib/T-2022.03-SP1/cdpl_runtime_linux64'
1731197672.884384: 5755-7f00f64250c0: cdpl_compat_master.c:227: in _set_farm_env(): info: exporting SNPSLMD_LICENSE_FILE as `1700@engdmv.utdallas.edu'
1731197672.884387: 5755-7f00f64250c0: cdpl_compat_master.c:247: in _set_farm_env(): info: exporting CDPL_OPTIONS as `[filter][nowlogs]'
1731197672.884389: 5755-7f00f64250c0: cdpl_compat_master.c:254: in _set_farm_env(): info: exporting DISPLAY as `:1005'
1731197672.884391: 5755-7f00f64250c0: cdpl_compat_master.c:262: in _set_farm_env(): info: exporting CDPL_HEARTBEAT as `60'
1731197672.884394: 5755-7f00f64250c0: cdpl_compat_master.c:348: in _set_farm_env(): info: exporting SIS_MALIBU as `2'
1731197672.884396: 5755-7f00f64250c0: cdpl_compat_master.c:348: in _set_farm_env(): info: exporting SIS_CDPL as `5'
1731197672.927415: 5755-7f00f64250c0: cdpl_server.c:738: in cdpl_sv_new_job(): info: new job J1 in M1
1731197672.927430: 5755-7f00f64250c0: cdpl_compat_master.c:1314: in _add_worker(): info: new worker type 100, min:1, max:1, cmd:`/home/eng/d/dal852207/cad/gf65/primelib_gf65/INV/runtime/cdpl/pid5755/run_5755.sh'
1731197672.927438: 5755-7f00f64250c0: cdpl_server.c:900: in cdpl_sv_new_bin_withfarm(): info: new bin B1 in J1
1731197672.937566: 5755-7f00f64250c0: cdpl_server.c:3116: in cdpl_sv_start_job(): info: starting job J1
1731197672.946476: 5755-7f00f64250c0: cdpl_server.c:1824: in _sv_gen_task(): info: new task T0 in B1 (prio 3)
1731197672.946488: 5755-7f00f64250c0: cdpl_server.c:2558: in cdpl_sv_label_task_va(): info: setting task T0 label to "leakage_power__ACQ_1 of INV"
1731197672.946578: 5755-7f00f64250c0: cdpl_server.c:1824: in _sv_gen_task(): info: new task T1 in B1 (prio 2)
1731197672.946675: 5755-7f00de129700: cdpl_server_sched.c:700: in _sv_launch_worker(): info: started worker W1 (as C1) in bin B1
1731197672.946708: 5755-7f00dd928700: cdpl_farm.c:1899: in _schedule(): info: worker submit failure threshold set to 100
1731197672.946725: 5755-7f00f64250c0: cdpl_server.c:2558: in cdpl_sv_label_task_va(): info: setting task T1 label to "delay__IN__lh__OUT__hl__ACQ_1 of INV"
1731197672.946737: 5755-7f00dd928700: cdpl_sh.c:49: in _sh_detached_submit(): info: SH : /home/eng/d/dal852207/cad/gf65/primelib_gf65/INV/runtime/cdpl/pid5755/run_5755.sh
1731197672.949366: 5755-7f00f64250c0: cdpl_server.c:1824: in _sv_gen_task(): info: new task T2 in B1 (prio 2)
1731197672.949384: 5755-7f00f64250c0: cdpl_server.c:2558: in cdpl_sv_label_task_va(): info: setting task T2 label to "delay__IN__hl__OUT__lh__ACQ_1 of INV"
1731197672.950073: 5755-7f00f64250c0: cdpl_server.c:1824: in _sv_gen_task(): info: new task T3 in B1 (prio 5)
1731197672.950076: 5755-7f00f64250c0: cdpl_server.c:2558: in cdpl_sv_label_task_va(): info: setting task T3 label to "Cin__VSS__lh__ACQ_1 of INV"
1731197672.950125: 5755-7f00f64250c0: cdpl_server.c:1824: in _sv_gen_task(): info: new task T4 in B1 (prio 5)
1731197672.950128: 5755-7f00f64250c0: cdpl_server.c:2558: in cdpl_sv_label_task_va(): info: setting task T4 label to "Cin__VSS__hl__ACQ_1 of INV"
1731197672.950158: 5755-7f00f64250c0: cdpl_server.c:1824: in _sv_gen_task(): info: new task T5 in B1 (prio 5)
1731197672.950161: 5755-7f00f64250c0: cdpl_server.c:2558: in cdpl_sv_label_task_va(): info: setting task T5 label to "Cin__VDD__lh__ACQ_1 of INV"
1731197672.950187: 5755-7f00f64250c0: cdpl_server.c:1824: in _sv_gen_task(): info: new task T6 in B1 (prio 5)
1731197672.950189: 5755-7f00f64250c0: cdpl_server.c:2558: in cdpl_sv_label_task_va(): info: setting task T6 label to "Cin__VDD__hl__ACQ_1 of INV"
1731197673.614375: 5755-7f00de92a700: cdpl_server_ipc.c:452: in _sv_on_hello(): info: W1 is `10.182.66.68:58794'
1731197673.614392: 5755-7f00de92a700: cdpl_server_ipc.c:454: in _sv_on_hello(): info: W1 log file is /dev/null
1731197673.614401: 5755-7f00de92a700: cdpl_server_ipc.c:481: in _sv_on_hello(): info: up to 1 alive workers in B1
1731197673.614436: 5755-7f00de129700: cdpl_server_sched.c:955: in _assign(): info: assigning task T1 to worker W1
1731197680.654005: 5755-7f00de92a700: cdpl_server_ipc.c:857: in _sv_on_finish(): info: worker W1 completed task T1
1731197680.654044: 5755-7f00de129700: cdpl_server_sched.c:955: in _assign(): info: assigning task T2 to worker W1
1731197687.395126: 5755-7f00de92a700: cdpl_server_ipc.c:857: in _sv_on_finish(): info: worker W1 completed task T2
1731197687.395184: 5755-7f00de129700: cdpl_server_sched.c:955: in _assign(): info: assigning task T0 to worker W1
1731197757.951649: 5755-7f00de92a700: cdpl_server_ipc.c:857: in _sv_on_finish(): info: worker W1 completed task T0
1731197757.952071: 5755-7f00de129700: cdpl_server_sched.c:955: in _assign(): info: assigning task T3 to worker W1
1731197764.643990: 5755-7f00de92a700: cdpl_server_ipc.c:857: in _sv_on_finish(): info: worker W1 completed task T3
1731197764.644039: 5755-7f00de129700: cdpl_server_sched.c:955: in _assign(): info: assigning task T4 to worker W1
1731197771.326114: 5755-7f00de92a700: cdpl_server_ipc.c:857: in _sv_on_finish(): info: worker W1 completed task T4
1731197771.326159: 5755-7f00de129700: cdpl_server_sched.c:955: in _assign(): info: assigning task T5 to worker W1
1731197778.022674: 5755-7f00de92a700: cdpl_server_ipc.c:857: in _sv_on_finish(): info: worker W1 completed task T5
1731197778.022940: 5755-7f00de129700: cdpl_server_sched.c:955: in _assign(): info: assigning task T6 to worker W1
1731197784.551588: 5755-7f00de92a700: cdpl_server_ipc.c:857: in _sv_on_finish(): info: worker W1 completed task T6
1731198385.601947: 5755-7f00df12b700: cdpl_ipc.c:738: in _readv(): warning: read(): EOF
1731199152.811869: 5755-7f00f64250c0: cdpl_compat_master.c:5152: in cdplMasterLogInfo(): info: [non-CDPL log entry] Ending current CDPL job
1731199152.812073: 5755-7f00f64250c0: cdpl_server.c:2890: in cdpl_sv_halt_job_errno(): info: stopping job J1
1731199152.812122: 5755-7f00f64250c0: cdpl_server.c:2875: in cdpl_sv_halt_job_errno(): info: killing job J1
1731199152.812128: 5755-7f00f64250c0: cdpl_server.c:288: in _sv_free_job(): info: freeing job J1
1731199152.812159: 5755-7f00f64250c0: cdpl_farm.c:2395: in cdpl_farm_free(): info: freeing farm
1731199152.812356: 5755-7f00f64250c0: cdpl_server.c:3011: in cdpl_sv_free(): info: freeing server S442491768
1731199152.812359: 5755-7f00f64250c0: cdpl_server.c:2976: in cdpl_sv_kill_errno(): info: killing server
1731199152.812414: 5755-7f00f64250c0: cdpl_server.c:328: in _sv_free_master(): info: freeing master M1
1731199152.812461: 5755-7f00f64250c0: cdpl_log.c:371: in cdpl_log_close(): info: @@end_of_log@@
