1733168015.310093: 27594-7fc1e24de0c0: cdpl_log.c:228: in cdpl_log_open(): info: @@start_of_log@@
1733168015.310122: 27594-7fc1e24de0c0: cdpl_log.c:866: in cdpl_log_dump_sysinfo(): info: time: 2024/12/02 13:33:35 CST -0600
1733168015.310126: 27594-7fc1e24de0c0: cdpl_log.c:868: in cdpl_log_dump_sysinfo(): info: version: T-2022.03 
1733168015.310128: 27594-7fc1e24de0c0: cdpl_log.c:870: in cdpl_log_dump_sysinfo(): info: system: Linux 3.10.0-1160.119.1.el7.x86_64 #1 SMP Tue May 14 11:55:25 EDT 2024
1733168015.310130: 27594-7fc1e24de0c0: cdpl_log.c:875: in cdpl_log_dump_sysinfo(): info: processor: x86_64 64-bits
1733168015.310131: 27594-7fc1e24de0c0: cdpl_log.c:879: in cdpl_log_dump_sysinfo(): info: hostname: engnx01a.utdallas.edu
1733168015.310133: 27594-7fc1e24de0c0: cdpl_log.c:230: in cdpl_log_open(): debug: path: /home/eng/d/dal852207/cad/gf65/primelib_gf65/AOI22/runtime/cdpl/pid27594/master.engnx01a.utdallas.edu.27594.log
1733168015.310135: 27594-7fc1e24de0c0: cdpl_log.c:231: in cdpl_log_open(): debug: dir: /home/eng/d/dal852207/cad/gf65/primelib_gf65/AOI22/runtime/cdpl/pid27594
1733168015.310143: 27594-7fc1e24de0c0: cdpl_log.c:758: in cdpl_log_set_filter(): info: filter level 1
1733168015.310348: 27594-7fc1e24de0c0: cdpl_server.c:543: in cdpl_sv_init(): info: new server S1096083330
1733168015.310354: 27594-7fc1e24de0c0: cdpl_ipc.c:3030: in cdpl_ipc_init(): info: requesting IPv4 protocol
1733168015.310866: 27594-7fc1e24de0c0: cdpl_ipc.c:800: in _selectaddrfamily(): info: selected IPv4 protocol
1733168015.311185: 27594-7fc1e24de0c0: cdpl_server.c:657: in cdpl_sv_new_master(): info: new master M1
1733168015.311205: 27594-7fc1e24de0c0: cdpl_server.c:5494: in cdpl_sv_ctl_master(): info: Setting worker heartbeat to 60 seconds
1733168015.311208: 27594-7fc1e24de0c0: cdpl_server.c:5503: in cdpl_sv_ctl_master(): info: Setting worker heartbeat timeout to 3 heartbeats
1733168015.311211: 27594-7fc1e24de0c0: cdpl_compat_master.c:2407: in cdplInitMaster(): info: bcast dir is `/dev/null'
1733168015.311269: 27594-7fc1e24de0c0: cdpl_server.c:5394: in cdpl_sv_ctl_master(): info: farm worker timeout set to 36000
1733168015.311271: 27594-7fc1e24de0c0: cdpl_server.c:5410: in cdpl_sv_ctl_master(): info: grid worker timeout set to 36000
1733168015.311273: 27594-7fc1e24de0c0: cdpl_server.c:5438: in cdpl_sv_ctl_master(): info: farm submit command failure threshold set to 100
1733168015.311306: 27594-7fc1e24de0c0: cdpl_farm.c:2268: in cdpl_farm_new_sh(): info: creating SH farm on localhost
1733168015.311327: 27594-7fc1e24de0c0: cdpl_compat_master.c:207: in _set_farm_env(): info: exporting CDPL_LOGDIR as `/home/eng/d/dal852207/cad/gf65/primelib_gf65/AOI22/runtime/cdpl/pid27594'
1733168015.311330: 27594-7fc1e24de0c0: cdpl_compat_master.c:213: in _set_farm_env(): info: exporting CDPL_TMPDIR as `/var/tmp'
1733168015.311332: 27594-7fc1e24de0c0: cdpl_compat_master.c:220: in _set_farm_env(): info: exporting CDPL_HOME as `/proj/cad/synopsys/synopsys_2021/primelib/T-2022.03-SP1/cdpl_runtime_linux64'
1733168015.311335: 27594-7fc1e24de0c0: cdpl_compat_master.c:227: in _set_farm_env(): info: exporting SNPSLMD_LICENSE_FILE as `1700@engdmv.utdallas.edu'
1733168015.311338: 27594-7fc1e24de0c0: cdpl_compat_master.c:247: in _set_farm_env(): info: exporting CDPL_OPTIONS as `[filter][nowlogs]'
1733168015.311340: 27594-7fc1e24de0c0: cdpl_compat_master.c:254: in _set_farm_env(): info: exporting DISPLAY as `:1022'
1733168015.311342: 27594-7fc1e24de0c0: cdpl_compat_master.c:262: in _set_farm_env(): info: exporting CDPL_HEARTBEAT as `60'
1733168015.311345: 27594-7fc1e24de0c0: cdpl_compat_master.c:348: in _set_farm_env(): info: exporting SIS_MALIBU as `2'
1733168015.311347: 27594-7fc1e24de0c0: cdpl_compat_master.c:348: in _set_farm_env(): info: exporting SIS_CDPL as `5'
1733168015.351039: 27594-7fc1e24de0c0: cdpl_server.c:738: in cdpl_sv_new_job(): info: new job J1 in M1
1733168015.351055: 27594-7fc1e24de0c0: cdpl_compat_master.c:1314: in _add_worker(): info: new worker type 100, min:1, max:1, cmd:`/home/eng/d/dal852207/cad/gf65/primelib_gf65/AOI22/runtime/cdpl/pid27594/run_27594.sh'
1733168015.351065: 27594-7fc1e24de0c0: cdpl_server.c:900: in cdpl_sv_new_bin_withfarm(): info: new bin B1 in J1
1733168015.358837: 27594-7fc1e24de0c0: cdpl_server.c:3116: in cdpl_sv_start_job(): info: starting job J1
1733168015.366644: 27594-7fc1e24de0c0: cdpl_server.c:1824: in _sv_gen_task(): info: new task T0 in B1 (prio 3)
1733168015.366655: 27594-7fc1e24de0c0: cdpl_server.c:2558: in cdpl_sv_label_task_va(): info: setting task T0 label to "leakage_power__ACQ_1 of AOI22"
1733168015.366713: 27594-7fc1e24de0c0: cdpl_server.c:1824: in _sv_gen_task(): info: new task T1 in B1 (prio 5)
1733168015.366765: 27594-7fc1ca1e1700: cdpl_server_sched.c:700: in _sv_launch_worker(): info: started worker W1 (as C1) in bin B1
1733168015.366791: 27594-7fc1c99e0700: cdpl_farm.c:1899: in _schedule(): info: worker submit failure threshold set to 100
1733168015.366802: 27594-7fc1e24de0c0: cdpl_server.c:2558: in cdpl_sv_label_task_va(): info: setting task T1 label to "Cin__VSS__hl__ACQ_1 of AOI22"
1733168015.366808: 27594-7fc1c99e0700: cdpl_sh.c:49: in _sh_detached_submit(): info: SH : /home/eng/d/dal852207/cad/gf65/primelib_gf65/AOI22/runtime/cdpl/pid27594/run_27594.sh
1733168015.368096: 27594-7fc1e24de0c0: cdpl_server.c:1824: in _sv_gen_task(): info: new task T2 in B1 (prio 5)
1733168015.368107: 27594-7fc1e24de0c0: cdpl_server.c:2558: in cdpl_sv_label_task_va(): info: setting task T2 label to "Cin__VSS__lh__ACQ_1 of AOI22"
1733168015.368267: 27594-7fc1e24de0c0: cdpl_server.c:1824: in _sv_gen_task(): info: new task T3 in B1 (prio 2)
1733168015.368271: 27594-7fc1e24de0c0: cdpl_server.c:2558: in cdpl_sv_label_task_va(): info: setting task T3 label to "delay__A__hl__OUT__lh__ACQ_1 of AOI22"
1733168015.368320: 27594-7fc1e24de0c0: cdpl_server.c:1824: in _sv_gen_task(): info: new task T4 in B1 (prio 2)
1733168015.368323: 27594-7fc1e24de0c0: cdpl_server.c:2558: in cdpl_sv_label_task_va(): info: setting task T4 label to "delay__A__lh__OUT__hl__ACQ_1 of AOI22"
1733168015.368369: 27594-7fc1e24de0c0: cdpl_server.c:1824: in _sv_gen_task(): info: new task T5 in B1 (prio 2)
1733168015.368371: 27594-7fc1e24de0c0: cdpl_server.c:2558: in cdpl_sv_label_task_va(): info: setting task T5 label to "delay__B__hl__OUT__lh__ACQ_1 of AOI22"
1733168015.368408: 27594-7fc1e24de0c0: cdpl_server.c:1824: in _sv_gen_task(): info: new task T6 in B1 (prio 2)
1733168015.368411: 27594-7fc1e24de0c0: cdpl_server.c:2558: in cdpl_sv_label_task_va(): info: setting task T6 label to "delay__B__lh__OUT__hl__ACQ_1 of AOI22"
1733168015.368446: 27594-7fc1e24de0c0: cdpl_server.c:1824: in _sv_gen_task(): info: new task T7 in B1 (prio 2)
1733168015.368449: 27594-7fc1e24de0c0: cdpl_server.c:2558: in cdpl_sv_label_task_va(): info: setting task T7 label to "delay__C__hl__OUT__lh__ACQ_1 of AOI22"
1733168015.368486: 27594-7fc1e24de0c0: cdpl_server.c:1824: in _sv_gen_task(): info: new task T8 in B1 (prio 2)
1733168015.368489: 27594-7fc1e24de0c0: cdpl_server.c:2558: in cdpl_sv_label_task_va(): info: setting task T8 label to "delay__C__lh__OUT__hl__ACQ_1 of AOI22"
1733168015.368521: 27594-7fc1e24de0c0: cdpl_server.c:1824: in _sv_gen_task(): info: new task T9 in B1 (prio 2)
1733168015.368524: 27594-7fc1e24de0c0: cdpl_server.c:2558: in cdpl_sv_label_task_va(): info: setting task T9 label to "delay__D__hl__OUT__lh__ACQ_1 of AOI22"
1733168015.368550: 27594-7fc1e24de0c0: cdpl_server.c:1824: in _sv_gen_task(): info: new task T10 in B1 (prio 2)
1733168015.368552: 27594-7fc1e24de0c0: cdpl_server.c:2558: in cdpl_sv_label_task_va(): info: setting task T10 label to "delay__D__lh__OUT__hl__ACQ_1 of AOI22"
1733168015.368582: 27594-7fc1e24de0c0: cdpl_server.c:1824: in _sv_gen_task(): info: new task T11 in B1 (prio 5)
1733168015.368585: 27594-7fc1e24de0c0: cdpl_server.c:2558: in cdpl_sv_label_task_va(): info: setting task T11 label to "Cin__VDD__hl__ACQ_1 of AOI22"
1733168015.368612: 27594-7fc1e24de0c0: cdpl_server.c:1824: in _sv_gen_task(): info: new task T12 in B1 (prio 5)
1733168015.368614: 27594-7fc1e24de0c0: cdpl_server.c:2558: in cdpl_sv_label_task_va(): info: setting task T12 label to "Cin__VDD__lh__ACQ_1 of AOI22"
1733168016.013694: 27594-7fc1ca9e2700: cdpl_server_ipc.c:452: in _sv_on_hello(): info: W1 is `10.182.66.66:54246'
1733168016.013723: 27594-7fc1ca9e2700: cdpl_server_ipc.c:454: in _sv_on_hello(): info: W1 log file is /dev/null
1733168016.013733: 27594-7fc1ca9e2700: cdpl_server_ipc.c:481: in _sv_on_hello(): info: up to 1 alive workers in B1
1733168016.013797: 27594-7fc1ca1e1700: cdpl_server_sched.c:955: in _assign(): info: assigning task T3 to worker W1
1733168016.194790: 27594-7fc1ca9e2700: cdpl_server_ipc.c:857: in _sv_on_finish(): info: worker W1 completed task T3
1733168016.194835: 27594-7fc1ca1e1700: cdpl_server_sched.c:955: in _assign(): info: assigning task T4 to worker W1
1733168016.208715: 27594-7fc1ca9e2700: cdpl_server_ipc.c:857: in _sv_on_finish(): info: worker W1 completed task T4
1733168016.208743: 27594-7fc1ca1e1700: cdpl_server_sched.c:955: in _assign(): info: assigning task T5 to worker W1
1733168016.224642: 27594-7fc1ca9e2700: cdpl_server_ipc.c:857: in _sv_on_finish(): info: worker W1 completed task T5
1733168016.224661: 27594-7fc1ca1e1700: cdpl_server_sched.c:955: in _assign(): info: assigning task T6 to worker W1
1733168016.237838: 27594-7fc1ca9e2700: cdpl_server_ipc.c:857: in _sv_on_finish(): info: worker W1 completed task T6
1733168016.237863: 27594-7fc1ca1e1700: cdpl_server_sched.c:955: in _assign(): info: assigning task T7 to worker W1
1733168016.251148: 27594-7fc1ca9e2700: cdpl_server_ipc.c:857: in _sv_on_finish(): info: worker W1 completed task T7
1733168016.251167: 27594-7fc1ca1e1700: cdpl_server_sched.c:955: in _assign(): info: assigning task T8 to worker W1
1733168016.264297: 27594-7fc1ca9e2700: cdpl_server_ipc.c:857: in _sv_on_finish(): info: worker W1 completed task T8
1733168016.264316: 27594-7fc1ca1e1700: cdpl_server_sched.c:955: in _assign(): info: assigning task T9 to worker W1
1733168016.280140: 27594-7fc1ca9e2700: cdpl_server_ipc.c:857: in _sv_on_finish(): info: worker W1 completed task T9
1733168016.280159: 27594-7fc1ca1e1700: cdpl_server_sched.c:955: in _assign(): info: assigning task T10 to worker W1
1733168016.293185: 27594-7fc1ca9e2700: cdpl_server_ipc.c:857: in _sv_on_finish(): info: worker W1 completed task T10
1733168016.293205: 27594-7fc1ca1e1700: cdpl_server_sched.c:955: in _assign(): info: assigning task T0 to worker W1
1733168016.304332: 27594-7fc1ca9e2700: cdpl_server_ipc.c:857: in _sv_on_finish(): info: worker W1 completed task T0
1733168016.304351: 27594-7fc1ca1e1700: cdpl_server_sched.c:955: in _assign(): info: assigning task T1 to worker W1
1733168016.315864: 27594-7fc1ca9e2700: cdpl_server_ipc.c:857: in _sv_on_finish(): info: worker W1 completed task T1
1733168016.315889: 27594-7fc1ca1e1700: cdpl_server_sched.c:955: in _assign(): info: assigning task T2 to worker W1
1733168016.327168: 27594-7fc1ca9e2700: cdpl_server_ipc.c:857: in _sv_on_finish(): info: worker W1 completed task T2
1733168016.327187: 27594-7fc1ca1e1700: cdpl_server_sched.c:955: in _assign(): info: assigning task T11 to worker W1
1733168016.338403: 27594-7fc1ca9e2700: cdpl_server_ipc.c:857: in _sv_on_finish(): info: worker W1 completed task T11
1733168016.338429: 27594-7fc1ca1e1700: cdpl_server_sched.c:955: in _assign(): info: assigning task T12 to worker W1
1733168016.349615: 27594-7fc1ca9e2700: cdpl_server_ipc.c:857: in _sv_on_finish(): info: worker W1 completed task T12
1733168025.386073: 27594-7fc1e24de0c0: cdpl_server.c:1824: in _sv_gen_task(): info: new task T13 in B1 (prio 3)
1733168025.386083: 27594-7fc1e24de0c0: cdpl_server.c:2558: in cdpl_sv_label_task_va(): info: setting task T13 label to "leakage_power__ACQ_1 of AOI22"
1733168025.386110: 27594-7fc1ca1e1700: cdpl_server_sched.c:955: in _assign(): info: assigning task T13 to worker W1
1733168025.386603: 27594-7fc1e24de0c0: cdpl_server.c:1824: in _sv_gen_task(): info: new task T14 in B1 (prio 5)
1733168025.386611: 27594-7fc1e24de0c0: cdpl_server.c:2558: in cdpl_sv_label_task_va(): info: setting task T14 label to "Cin__VSS__hl__ACQ_1 of AOI22"
1733168025.387077: 27594-7fc1e24de0c0: cdpl_server.c:1824: in _sv_gen_task(): info: new task T15 in B1 (prio 5)
1733168025.387085: 27594-7fc1e24de0c0: cdpl_server.c:2558: in cdpl_sv_label_task_va(): info: setting task T15 label to "Cin__VSS__lh__ACQ_1 of AOI22"
1733168025.387561: 27594-7fc1e24de0c0: cdpl_server.c:1824: in _sv_gen_task(): info: new task T16 in B1 (prio 2)
1733168025.387566: 27594-7fc1e24de0c0: cdpl_server.c:2558: in cdpl_sv_label_task_va(): info: setting task T16 label to "delay__A__hl__OUT__lh__ACQ_1 of AOI22"
1733168025.388001: 27594-7fc1e24de0c0: cdpl_server.c:1824: in _sv_gen_task(): info: new task T17 in B1 (prio 2)
1733168025.388005: 27594-7fc1e24de0c0: cdpl_server.c:2558: in cdpl_sv_label_task_va(): info: setting task T17 label to "delay__A__lh__OUT__hl__ACQ_1 of AOI22"
1733168025.388458: 27594-7fc1e24de0c0: cdpl_server.c:1824: in _sv_gen_task(): info: new task T18 in B1 (prio 2)
1733168025.388481: 27594-7fc1e24de0c0: cdpl_server.c:2558: in cdpl_sv_label_task_va(): info: setting task T18 label to "delay__B__hl__OUT__lh__ACQ_1 of AOI22"
1733168025.388939: 27594-7fc1e24de0c0: cdpl_server.c:1824: in _sv_gen_task(): info: new task T19 in B1 (prio 2)
1733168025.388943: 27594-7fc1e24de0c0: cdpl_server.c:2558: in cdpl_sv_label_task_va(): info: setting task T19 label to "delay__B__lh__OUT__hl__ACQ_1 of AOI22"
1733168025.389402: 27594-7fc1e24de0c0: cdpl_server.c:1824: in _sv_gen_task(): info: new task T20 in B1 (prio 2)
1733168025.389406: 27594-7fc1e24de0c0: cdpl_server.c:2558: in cdpl_sv_label_task_va(): info: setting task T20 label to "delay__C__hl__OUT__lh__ACQ_1 of AOI22"
1733168025.389857: 27594-7fc1e24de0c0: cdpl_server.c:1824: in _sv_gen_task(): info: new task T21 in B1 (prio 2)
1733168025.389862: 27594-7fc1e24de0c0: cdpl_server.c:2558: in cdpl_sv_label_task_va(): info: setting task T21 label to "delay__C__lh__OUT__hl__ACQ_1 of AOI22"
1733168025.390312: 27594-7fc1e24de0c0: cdpl_server.c:1824: in _sv_gen_task(): info: new task T22 in B1 (prio 2)
1733168025.390317: 27594-7fc1e24de0c0: cdpl_server.c:2558: in cdpl_sv_label_task_va(): info: setting task T22 label to "delay__D__hl__OUT__lh__ACQ_1 of AOI22"
1733168025.390775: 27594-7fc1e24de0c0: cdpl_server.c:1824: in _sv_gen_task(): info: new task T23 in B1 (prio 2)
1733168025.390780: 27594-7fc1e24de0c0: cdpl_server.c:2558: in cdpl_sv_label_task_va(): info: setting task T23 label to "delay__D__lh__OUT__hl__ACQ_1 of AOI22"
1733168025.391222: 27594-7fc1e24de0c0: cdpl_server.c:1824: in _sv_gen_task(): info: new task T24 in B1 (prio 5)
1733168025.391227: 27594-7fc1e24de0c0: cdpl_server.c:2558: in cdpl_sv_label_task_va(): info: setting task T24 label to "Cin__VDD__hl__ACQ_1 of AOI22"
1733168025.391679: 27594-7fc1e24de0c0: cdpl_server.c:1824: in _sv_gen_task(): info: new task T25 in B1 (prio 5)
1733168025.391686: 27594-7fc1e24de0c0: cdpl_server.c:2558: in cdpl_sv_label_task_va(): info: setting task T25 label to "Cin__VDD__lh__ACQ_1 of AOI22"
1733168025.400360: 27594-7fc1ca9e2700: cdpl_server_ipc.c:857: in _sv_on_finish(): info: worker W1 completed task T13
1733168025.400402: 27594-7fc1ca1e1700: cdpl_server_sched.c:955: in _assign(): info: assigning task T16 to worker W1
1733168025.413229: 27594-7fc1ca9e2700: cdpl_server_ipc.c:857: in _sv_on_finish(): info: worker W1 completed task T16
1733168025.413249: 27594-7fc1ca1e1700: cdpl_server_sched.c:955: in _assign(): info: assigning task T17 to worker W1
1733168025.425766: 27594-7fc1ca9e2700: cdpl_server_ipc.c:857: in _sv_on_finish(): info: worker W1 completed task T17
1733168025.425786: 27594-7fc1ca1e1700: cdpl_server_sched.c:955: in _assign(): info: assigning task T18 to worker W1
1733168025.438488: 27594-7fc1ca9e2700: cdpl_server_ipc.c:857: in _sv_on_finish(): info: worker W1 completed task T18
1733168025.438507: 27594-7fc1ca1e1700: cdpl_server_sched.c:955: in _assign(): info: assigning task T19 to worker W1
1733168025.451262: 27594-7fc1ca9e2700: cdpl_server_ipc.c:857: in _sv_on_finish(): info: worker W1 completed task T19
1733168025.451280: 27594-7fc1ca1e1700: cdpl_server_sched.c:955: in _assign(): info: assigning task T20 to worker W1
1733168025.463675: 27594-7fc1ca9e2700: cdpl_server_ipc.c:857: in _sv_on_finish(): info: worker W1 completed task T20
1733168025.463699: 27594-7fc1ca1e1700: cdpl_server_sched.c:955: in _assign(): info: assigning task T21 to worker W1
1733168025.476441: 27594-7fc1ca9e2700: cdpl_server_ipc.c:857: in _sv_on_finish(): info: worker W1 completed task T21
1733168025.476461: 27594-7fc1ca1e1700: cdpl_server_sched.c:955: in _assign(): info: assigning task T22 to worker W1
1733168025.488983: 27594-7fc1ca9e2700: cdpl_server_ipc.c:857: in _sv_on_finish(): info: worker W1 completed task T22
1733168025.489013: 27594-7fc1ca1e1700: cdpl_server_sched.c:955: in _assign(): info: assigning task T23 to worker W1
1733168025.511214: 27594-7fc1ca9e2700: cdpl_server_ipc.c:857: in _sv_on_finish(): info: worker W1 completed task T23
1733168025.511233: 27594-7fc1ca1e1700: cdpl_server_sched.c:955: in _assign(): info: assigning task T14 to worker W1
1733168025.522744: 27594-7fc1ca9e2700: cdpl_server_ipc.c:857: in _sv_on_finish(): info: worker W1 completed task T14
1733168025.522762: 27594-7fc1ca1e1700: cdpl_server_sched.c:955: in _assign(): info: assigning task T15 to worker W1
1733168025.535613: 27594-7fc1ca9e2700: cdpl_server_ipc.c:857: in _sv_on_finish(): info: worker W1 completed task T15
1733168025.535632: 27594-7fc1ca1e1700: cdpl_server_sched.c:955: in _assign(): info: assigning task T24 to worker W1
1733168025.546648: 27594-7fc1ca9e2700: cdpl_server_ipc.c:857: in _sv_on_finish(): info: worker W1 completed task T24
1733168025.546667: 27594-7fc1ca1e1700: cdpl_server_sched.c:955: in _assign(): info: assigning task T25 to worker W1
1733168025.557621: 27594-7fc1ca9e2700: cdpl_server_ipc.c:857: in _sv_on_finish(): info: worker W1 completed task T25
1733168194.753543: 27594-7fc1e24de0c0: cdpl_compat_master.c:5152: in cdplMasterLogInfo(): info: [non-CDPL log entry] Ending current CDPL job
1733168194.753789: 27594-7fc1e24de0c0: cdpl_server.c:2890: in cdpl_sv_halt_job_errno(): info: stopping job J1
1733168194.753877: 27594-7fc1ca1e1700: cdpl_server_sched.c:2711: in _sv_drop_worker(): info: down to 0 alive workers in B1
1733168194.753927: 27594-7fc1e24de0c0: cdpl_server.c:2875: in cdpl_sv_halt_job_errno(): info: killing job J1
1733168194.753934: 27594-7fc1e24de0c0: cdpl_server.c:288: in _sv_free_job(): info: freeing job J1
1733168194.753978: 27594-7fc1e24de0c0: cdpl_farm.c:2395: in cdpl_farm_free(): info: freeing farm
1733168194.754239: 27594-7fc1e24de0c0: cdpl_server.c:3011: in cdpl_sv_free(): info: freeing server S1096083330
1733168194.754244: 27594-7fc1e24de0c0: cdpl_server.c:2976: in cdpl_sv_kill_errno(): info: killing server
1733168194.754278: 27594-7fc1e24de0c0: cdpl_server.c:328: in _sv_free_master(): info: freeing master M1
1733168194.754332: 27594-7fc1e24de0c0: cdpl_log.c:371: in cdpl_log_close(): info: @@end_of_log@@
