# Legend: N(newborn) R(running) F(failed) K(killed) C(complete)
F leakage_power__ACQ_1 of AOI22 T0 W1
F Cin__VSS__hl__ACQ_1 of AOI22 T1 W1
F Cin__VSS__lh__ACQ_1 of AOI22 T2 W1
F delay__A__hl__OUT__lh__ACQ_1 of AOI22 T3 W1
F delay__A__lh__OUT__hl__ACQ_1 of AOI22 T4 W1
F delay__B__hl__OUT__lh__ACQ_1 of AOI22 T5 W1
F delay__B__lh__OUT__hl__ACQ_1 of AOI22 T6 W1
F delay__C__hl__OUT__lh__ACQ_1 of AOI22 T7 W1
F delay__C__lh__OUT__hl__ACQ_1 of AOI22 T8 W1
F delay__D__hl__OUT__lh__ACQ_1 of AOI22 T9 W1
F delay__D__lh__OUT__hl__ACQ_1 of AOI22 T10 W1
F Cin__VDD__hl__ACQ_1 of AOI22 T11 W1
F Cin__VDD__lh__ACQ_1 of AOI22 T12 W1
F leakage_power__ACQ_1 of AOI22 T13 W1
F Cin__VSS__hl__ACQ_1 of AOI22 T14 W1
F Cin__VSS__lh__ACQ_1 of AOI22 T15 W1
F delay__A__hl__OUT__lh__ACQ_1 of AOI22 T16 W1
F delay__A__lh__OUT__hl__ACQ_1 of AOI22 T17 W1
F delay__B__hl__OUT__lh__ACQ_1 of AOI22 T18 W1
F delay__B__lh__OUT__hl__ACQ_1 of AOI22 T19 W1
F delay__C__hl__OUT__lh__ACQ_1 of AOI22 T20 W1
F delay__C__lh__OUT__hl__ACQ_1 of AOI22 T21 W1
F delay__D__hl__OUT__lh__ACQ_1 of AOI22 T22 W1
F delay__D__lh__OUT__hl__ACQ_1 of AOI22 T23 W1
F Cin__VDD__hl__ACQ_1 of AOI22 T24 W1
F Cin__VDD__lh__ACQ_1 of AOI22 T25 W1
