1732830600.413429: 4303-7fe0e96db0c0: cdpl_log.c:228: in cdpl_log_open(): info: @@start_of_log@@
1732830600.413458: 4303-7fe0e96db0c0: cdpl_log.c:866: in cdpl_log_dump_sysinfo(): info: time: 2024/11/28 15:50:00 CST -0600
1732830600.413463: 4303-7fe0e96db0c0: cdpl_log.c:868: in cdpl_log_dump_sysinfo(): info: version: T-2022.03 
1732830600.413465: 4303-7fe0e96db0c0: cdpl_log.c:870: in cdpl_log_dump_sysinfo(): info: system: Linux 3.10.0-1160.119.1.el7.x86_64 #1 SMP Tue May 14 11:55:25 EDT 2024
1732830600.413467: 4303-7fe0e96db0c0: cdpl_log.c:875: in cdpl_log_dump_sysinfo(): info: processor: x86_64 64-bits
1732830600.413468: 4303-7fe0e96db0c0: cdpl_log.c:879: in cdpl_log_dump_sysinfo(): info: hostname: engnx03a.utdallas.edu
1732830600.413470: 4303-7fe0e96db0c0: cdpl_log.c:230: in cdpl_log_open(): debug: path: /home/eng/d/dal852207/cad/gf65/primelib_gf65/Proj6_DRC_LVS/INV/runtime/cdpl/pid4303/master.engnx03a.utdallas.edu.4303.log
1732830600.413473: 4303-7fe0e96db0c0: cdpl_log.c:231: in cdpl_log_open(): debug: dir: /home/eng/d/dal852207/cad/gf65/primelib_gf65/Proj6_DRC_LVS/INV/runtime/cdpl/pid4303
1732830600.413478: 4303-7fe0e96db0c0: cdpl_log.c:758: in cdpl_log_set_filter(): info: filter level 1
1732830600.413498: 4303-7fe0e96db0c0: cdpl_server.c:543: in cdpl_sv_init(): info: new server S21543545
1732830600.413507: 4303-7fe0e96db0c0: cdpl_ipc.c:3030: in cdpl_ipc_init(): info: requesting IPv4 protocol
1732830600.414278: 4303-7fe0e96db0c0: cdpl_ipc.c:800: in _selectaddrfamily(): info: selected IPv4 protocol
1732830600.414674: 4303-7fe0e96db0c0: cdpl_server.c:657: in cdpl_sv_new_master(): info: new master M1
1732830600.414690: 4303-7fe0e96db0c0: cdpl_server.c:5494: in cdpl_sv_ctl_master(): info: Setting worker heartbeat to 60 seconds
1732830600.414692: 4303-7fe0e96db0c0: cdpl_server.c:5503: in cdpl_sv_ctl_master(): info: Setting worker heartbeat timeout to 3 heartbeats
1732830600.414696: 4303-7fe0e96db0c0: cdpl_compat_master.c:2407: in cdplInitMaster(): info: bcast dir is `/dev/null'
1732830600.414775: 4303-7fe0e96db0c0: cdpl_server.c:5394: in cdpl_sv_ctl_master(): info: farm worker timeout set to 36000
1732830600.414777: 4303-7fe0e96db0c0: cdpl_server.c:5410: in cdpl_sv_ctl_master(): info: grid worker timeout set to 36000
1732830600.414779: 4303-7fe0e96db0c0: cdpl_server.c:5438: in cdpl_sv_ctl_master(): info: farm submit command failure threshold set to 100
1732830600.414826: 4303-7fe0e96db0c0: cdpl_farm.c:2268: in cdpl_farm_new_sh(): info: creating SH farm on localhost
1732830600.414838: 4303-7fe0e96db0c0: cdpl_compat_master.c:207: in _set_farm_env(): info: exporting CDPL_LOGDIR as `/home/eng/d/dal852207/cad/gf65/primelib_gf65/Proj6_DRC_LVS/INV/runtime/cdpl/pid4303'
1732830600.414841: 4303-7fe0e96db0c0: cdpl_compat_master.c:213: in _set_farm_env(): info: exporting CDPL_TMPDIR as `/var/tmp'
1732830600.414844: 4303-7fe0e96db0c0: cdpl_compat_master.c:220: in _set_farm_env(): info: exporting CDPL_HOME as `/proj/cad/synopsys/synopsys_2021/primelib/T-2022.03-SP1/cdpl_runtime_linux64'
1732830600.414846: 4303-7fe0e96db0c0: cdpl_compat_master.c:227: in _set_farm_env(): info: exporting SNPSLMD_LICENSE_FILE as `1700@engdmv.utdallas.edu'
1732830600.414848: 4303-7fe0e96db0c0: cdpl_compat_master.c:247: in _set_farm_env(): info: exporting CDPL_OPTIONS as `[filter][nowlogs]'
1732830600.414851: 4303-7fe0e96db0c0: cdpl_compat_master.c:254: in _set_farm_env(): info: exporting DISPLAY as `:1022'
1732830600.414853: 4303-7fe0e96db0c0: cdpl_compat_master.c:262: in _set_farm_env(): info: exporting CDPL_HEARTBEAT as `60'
1732830600.414857: 4303-7fe0e96db0c0: cdpl_compat_master.c:348: in _set_farm_env(): info: exporting SIS_MALIBU as `2'
1732830600.414858: 4303-7fe0e96db0c0: cdpl_compat_master.c:348: in _set_farm_env(): info: exporting SIS_CDPL as `5'
1732830600.459698: 4303-7fe0e96db0c0: cdpl_server.c:738: in cdpl_sv_new_job(): info: new job J1 in M1
1732830600.459714: 4303-7fe0e96db0c0: cdpl_compat_master.c:1314: in _add_worker(): info: new worker type 100, min:1, max:1, cmd:`/home/eng/d/dal852207/cad/gf65/primelib_gf65/Proj6_DRC_LVS/INV/runtime/cdpl/pid4303/run_4303.sh'
1732830600.459724: 4303-7fe0e96db0c0: cdpl_server.c:900: in cdpl_sv_new_bin_withfarm(): info: new bin B1 in J1
1732830600.468176: 4303-7fe0e96db0c0: cdpl_server.c:3116: in cdpl_sv_start_job(): info: starting job J1
1732830600.476631: 4303-7fe0e96db0c0: cdpl_server.c:1824: in _sv_gen_task(): info: new task T0 in B1 (prio 3)
1732830600.476642: 4303-7fe0e96db0c0: cdpl_server.c:2558: in cdpl_sv_label_task_va(): info: setting task T0 label to "leakage_power__ACQ_1 of INV"
1732830600.476705: 4303-7fe0e96db0c0: cdpl_server.c:1824: in _sv_gen_task(): info: new task T1 in B1 (prio 2)
1732830600.476762: 4303-7fe0d13df700: cdpl_server_sched.c:700: in _sv_launch_worker(): info: started worker W1 (as C1) in bin B1
1732830600.476782: 4303-7fe0e96db0c0: cdpl_server.c:2558: in cdpl_sv_label_task_va(): info: setting task T1 label to "delay__IN__lh__OUT__hl__ACQ_1 of INV"
1732830600.476794: 4303-7fe0d0bde700: cdpl_farm.c:1899: in _schedule(): info: worker submit failure threshold set to 100
1732830600.476813: 4303-7fe0d0bde700: cdpl_sh.c:49: in _sh_detached_submit(): info: SH : /home/eng/d/dal852207/cad/gf65/primelib_gf65/Proj6_DRC_LVS/INV/runtime/cdpl/pid4303/run_4303.sh
1732830600.476823: 4303-7fe0e96db0c0: cdpl_server.c:1824: in _sv_gen_task(): info: new task T2 in B1 (prio 2)
1732830600.476828: 4303-7fe0e96db0c0: cdpl_server.c:2558: in cdpl_sv_label_task_va(): info: setting task T2 label to "delay__IN__hl__OUT__lh__ACQ_1 of INV"
1732830600.478979: 4303-7fe0e96db0c0: cdpl_server.c:1824: in _sv_gen_task(): info: new task T3 in B1 (prio 5)
1732830600.478993: 4303-7fe0e96db0c0: cdpl_server.c:2558: in cdpl_sv_label_task_va(): info: setting task T3 label to "Cin__VSS__lh__ACQ_1 of INV"
1732830600.479873: 4303-7fe0e96db0c0: cdpl_server.c:1824: in _sv_gen_task(): info: new task T4 in B1 (prio 5)
1732830600.479877: 4303-7fe0e96db0c0: cdpl_server.c:2558: in cdpl_sv_label_task_va(): info: setting task T4 label to "Cin__VSS__hl__ACQ_1 of INV"
1732830600.479917: 4303-7fe0e96db0c0: cdpl_server.c:1824: in _sv_gen_task(): info: new task T5 in B1 (prio 5)
1732830600.479920: 4303-7fe0e96db0c0: cdpl_server.c:2558: in cdpl_sv_label_task_va(): info: setting task T5 label to "Cin__VDD__lh__ACQ_1 of INV"
1732830600.479967: 4303-7fe0e96db0c0: cdpl_server.c:1824: in _sv_gen_task(): info: new task T6 in B1 (prio 5)
1732830600.479970: 4303-7fe0e96db0c0: cdpl_server.c:2558: in cdpl_sv_label_task_va(): info: setting task T6 label to "Cin__VDD__hl__ACQ_1 of INV"
1732830601.121652: 4303-7fe0d1be0700: cdpl_server_ipc.c:452: in _sv_on_hello(): info: W1 is `10.182.66.68:41294'
1732830601.121668: 4303-7fe0d1be0700: cdpl_server_ipc.c:454: in _sv_on_hello(): info: W1 log file is /dev/null
1732830601.121679: 4303-7fe0d1be0700: cdpl_server_ipc.c:481: in _sv_on_hello(): info: up to 1 alive workers in B1
1732830601.121713: 4303-7fe0d13df700: cdpl_server_sched.c:955: in _assign(): info: assigning task T1 to worker W1
1732830608.042576: 4303-7fe0d1be0700: cdpl_server_ipc.c:857: in _sv_on_finish(): info: worker W1 completed task T1
1732830608.042613: 4303-7fe0d13df700: cdpl_server_sched.c:955: in _assign(): info: assigning task T2 to worker W1
1732830614.474232: 4303-7fe0d1be0700: cdpl_server_ipc.c:857: in _sv_on_finish(): info: worker W1 completed task T2
1732830614.474271: 4303-7fe0d13df700: cdpl_server_sched.c:955: in _assign(): info: assigning task T0 to worker W1
1732830682.630200: 4303-7fe0d1be0700: cdpl_server_ipc.c:857: in _sv_on_finish(): info: worker W1 completed task T0
1732830682.630461: 4303-7fe0d13df700: cdpl_server_sched.c:955: in _assign(): info: assigning task T3 to worker W1
1732830688.998298: 4303-7fe0d1be0700: cdpl_server_ipc.c:857: in _sv_on_finish(): info: worker W1 completed task T3
1732830688.998333: 4303-7fe0d13df700: cdpl_server_sched.c:955: in _assign(): info: assigning task T4 to worker W1
1732830695.371228: 4303-7fe0d1be0700: cdpl_server_ipc.c:857: in _sv_on_finish(): info: worker W1 completed task T4
1732830695.371262: 4303-7fe0d13df700: cdpl_server_sched.c:955: in _assign(): info: assigning task T5 to worker W1
1732830702.042268: 4303-7fe0d1be0700: cdpl_server_ipc.c:857: in _sv_on_finish(): info: worker W1 completed task T5
1732830702.042309: 4303-7fe0d13df700: cdpl_server_sched.c:955: in _assign(): info: assigning task T6 to worker W1
1732830708.370378: 4303-7fe0d1be0700: cdpl_server_ipc.c:857: in _sv_on_finish(): info: worker W1 completed task T6
1732830920.970647: 4303-7fe0e96db0c0: cdpl_compat_master.c:5152: in cdplMasterLogInfo(): info: [non-CDPL log entry] Ending current CDPL job
1732830920.970811: 4303-7fe0e96db0c0: cdpl_server.c:2890: in cdpl_sv_halt_job_errno(): info: stopping job J1
1732830920.970886: 4303-7fe0d13df700: cdpl_server_sched.c:2711: in _sv_drop_worker(): info: down to 0 alive workers in B1
1732830920.970926: 4303-7fe0e96db0c0: cdpl_server.c:2875: in cdpl_sv_halt_job_errno(): info: killing job J1
1732830920.970937: 4303-7fe0e96db0c0: cdpl_server.c:288: in _sv_free_job(): info: freeing job J1
1732830920.970984: 4303-7fe0e96db0c0: cdpl_farm.c:2395: in cdpl_farm_free(): info: freeing farm
1732830920.971257: 4303-7fe0e96db0c0: cdpl_server.c:3011: in cdpl_sv_free(): info: freeing server S21543545
1732830920.971263: 4303-7fe0e96db0c0: cdpl_server.c:2976: in cdpl_sv_kill_errno(): info: killing server
1732830920.971365: 4303-7fe0e96db0c0: cdpl_server.c:328: in _sv_free_master(): info: freeing master M1
1732830920.971405: 4303-7fe0e96db0c0: cdpl_log.c:371: in cdpl_log_close(): info: @@end_of_log@@
