1732832199.046395: 4303-7fe0e96db0c0: cdpl_log.c:228: in cdpl_log_open(): info: @@start_of_log@@
1732832199.046424: 4303-7fe0e96db0c0: cdpl_log.c:866: in cdpl_log_dump_sysinfo(): info: time: 2024/11/28 16:16:39 CST -0600
1732832199.046427: 4303-7fe0e96db0c0: cdpl_log.c:868: in cdpl_log_dump_sysinfo(): info: version: T-2022.03 
1732832199.046428: 4303-7fe0e96db0c0: cdpl_log.c:870: in cdpl_log_dump_sysinfo(): info: system: Linux 3.10.0-1160.119.1.el7.x86_64 #1 SMP Tue May 14 11:55:25 EDT 2024
1732832199.046430: 4303-7fe0e96db0c0: cdpl_log.c:875: in cdpl_log_dump_sysinfo(): info: processor: x86_64 64-bits
1732832199.046432: 4303-7fe0e96db0c0: cdpl_log.c:879: in cdpl_log_dump_sysinfo(): info: hostname: engnx03a.utdallas.edu
1732832199.046434: 4303-7fe0e96db0c0: cdpl_log.c:230: in cdpl_log_open(): debug: path: /home/eng/d/dal852207/cad/gf65/primelib_gf65/Proj6_DRC_LVS/Flip_Flop/runtime/cdpl/pid4303/master.3.engnx03a.utdallas.edu.4303.log
1732832199.046437: 4303-7fe0e96db0c0: cdpl_log.c:231: in cdpl_log_open(): debug: dir: /home/eng/d/dal852207/cad/gf65/primelib_gf65/Proj6_DRC_LVS/Flip_Flop/runtime/cdpl/pid4303
1732832199.046444: 4303-7fe0e96db0c0: cdpl_log.c:758: in cdpl_log_set_filter(): info: filter level 1
1732832199.046449: 4303-7fe0e96db0c0: cdpl_server.c:543: in cdpl_sv_init(): info: new server S701169842
1732832199.046457: 4303-7fe0e96db0c0: cdpl_ipc.c:3030: in cdpl_ipc_init(): info: requesting IPv4 protocol
1732832199.046852: 4303-7fe0e96db0c0: cdpl_ipc.c:800: in _selectaddrfamily(): info: selected IPv4 protocol
1732832199.047073: 4303-7fe0e96db0c0: cdpl_server.c:657: in cdpl_sv_new_master(): info: new master M1
1732832199.047081: 4303-7fe0e96db0c0: cdpl_server.c:5494: in cdpl_sv_ctl_master(): info: Setting worker heartbeat to 60 seconds
1732832199.047083: 4303-7fe0e96db0c0: cdpl_server.c:5503: in cdpl_sv_ctl_master(): info: Setting worker heartbeat timeout to 3 heartbeats
1732832199.047087: 4303-7fe0e96db0c0: cdpl_compat_master.c:2407: in cdplInitMaster(): info: bcast dir is `/dev/null'
1732832199.047136: 4303-7fe0e96db0c0: cdpl_server.c:5394: in cdpl_sv_ctl_master(): info: farm worker timeout set to 36000
1732832199.047138: 4303-7fe0e96db0c0: cdpl_server.c:5410: in cdpl_sv_ctl_master(): info: grid worker timeout set to 36000
1732832199.047139: 4303-7fe0e96db0c0: cdpl_server.c:5438: in cdpl_sv_ctl_master(): info: farm submit command failure threshold set to 100
1732832199.047171: 4303-7fe0e96db0c0: cdpl_farm.c:2268: in cdpl_farm_new_sh(): info: creating SH farm on localhost
1732832199.047181: 4303-7fe0e96db0c0: cdpl_compat_master.c:207: in _set_farm_env(): info: exporting CDPL_LOGDIR as `/home/eng/d/dal852207/cad/gf65/primelib_gf65/Proj6_DRC_LVS/Flip_Flop/runtime/cdpl/pid4303'
1732832199.047183: 4303-7fe0e96db0c0: cdpl_compat_master.c:213: in _set_farm_env(): info: exporting CDPL_TMPDIR as `/var/tmp'
1732832199.047185: 4303-7fe0e96db0c0: cdpl_compat_master.c:220: in _set_farm_env(): info: exporting CDPL_HOME as `/proj/cad/synopsys/synopsys_2021/primelib/T-2022.03-SP1/cdpl_runtime_linux64'
1732832199.047187: 4303-7fe0e96db0c0: cdpl_compat_master.c:227: in _set_farm_env(): info: exporting SNPSLMD_LICENSE_FILE as `1700@engdmv.utdallas.edu'
1732832199.047190: 4303-7fe0e96db0c0: cdpl_compat_master.c:247: in _set_farm_env(): info: exporting CDPL_OPTIONS as `[filter][nowlogs]'
1732832199.047192: 4303-7fe0e96db0c0: cdpl_compat_master.c:254: in _set_farm_env(): info: exporting DISPLAY as `:1022'
1732832199.047194: 4303-7fe0e96db0c0: cdpl_compat_master.c:262: in _set_farm_env(): info: exporting CDPL_HEARTBEAT as `60'
1732832199.047198: 4303-7fe0e96db0c0: cdpl_compat_master.c:348: in _set_farm_env(): info: exporting SIS_MALIBU as `2'
1732832199.047200: 4303-7fe0e96db0c0: cdpl_compat_master.c:348: in _set_farm_env(): info: exporting SIS_CDPL as `5'
1732832199.092395: 4303-7fe0e96db0c0: cdpl_server.c:738: in cdpl_sv_new_job(): info: new job J1 in M1
1732832199.092410: 4303-7fe0e96db0c0: cdpl_compat_master.c:1314: in _add_worker(): info: new worker type 100, min:1, max:1, cmd:`/home/eng/d/dal852207/cad/gf65/primelib_gf65/Proj6_DRC_LVS/Flip_Flop/runtime/cdpl/pid4303/run_4303.sh'
1732832199.092419: 4303-7fe0e96db0c0: cdpl_server.c:900: in cdpl_sv_new_bin_withfarm(): info: new bin B1 in J1
1732832199.097899: 4303-7fe0e96db0c0: cdpl_server.c:3116: in cdpl_sv_start_job(): info: starting job J1
1732832199.105704: 4303-7fe0e96db0c0: cdpl_server.c:1824: in _sv_gen_task(): info: new task T0 in B1 (prio -1)
1732832199.105712: 4303-7fe0e96db0c0: cdpl_server.c:2558: in cdpl_sv_label_task_va(): info: setting task T0 label to "initialization__ACQ_7 of Flip_Flop"
1732832199.105771: 4303-7fe0e96db0c0: cdpl_server.c:1824: in _sv_gen_task(): info: new task T1 in B1 (prio -1)
1732832199.105787: 4303-7fe0d0bde700: cdpl_server_sched.c:700: in _sv_launch_worker(): info: started worker W1 (as C1) in bin B1
1732832199.105801: 4303-7fe0d13df700: cdpl_farm.c:1899: in _schedule(): info: worker submit failure threshold set to 100
1732832199.105816: 4303-7fe0e96db0c0: cdpl_server.c:2558: in cdpl_sv_label_task_va(): info: setting task T1 label to "setup_hbm__D__lh__CLK__hl__ACQ_1 of Flip_Flop"
1732832199.105827: 4303-7fe0d13df700: cdpl_sh.c:49: in _sh_detached_submit(): info: SH : /home/eng/d/dal852207/cad/gf65/primelib_gf65/Proj6_DRC_LVS/Flip_Flop/runtime/cdpl/pid4303/run_4303.sh
1732832199.107445: 4303-7fe0e96db0c0: cdpl_server.c:1824: in _sv_gen_task(): info: new task T2 in B1 (prio -1)
1732832199.107468: 4303-7fe0e96db0c0: cdpl_server.c:2558: in cdpl_sv_label_task_va(): info: setting task T2 label to "initialization__ACQ_6 of Flip_Flop"
1732832199.108615: 4303-7fe0e96db0c0: cdpl_server.c:1824: in _sv_gen_task(): info: new task T3 in B1 (prio -1)
1732832199.108619: 4303-7fe0e96db0c0: cdpl_server.c:2558: in cdpl_sv_label_task_va(): info: setting task T3 label to "setup_hbm__D__hl__CLK__hl__ACQ_1 of Flip_Flop"
1732832199.108768: 4303-7fe0e96db0c0: cdpl_server.c:1824: in _sv_gen_task(): info: new task T4 in B1 (prio -1)
1732832199.108772: 4303-7fe0e96db0c0: cdpl_server.c:2558: in cdpl_sv_label_task_va(): info: setting task T4 label to "initialization__ACQ_4 of Flip_Flop"
1732832199.108840: 4303-7fe0e96db0c0: cdpl_server.c:1824: in _sv_gen_task(): info: new task T5 in B1 (prio 3)
1732832199.108843: 4303-7fe0e96db0c0: cdpl_server.c:2558: in cdpl_sv_label_task_va(): info: setting task T5 label to "leakage_power__ACQ_1 of Flip_Flop"
1732832199.108889: 4303-7fe0e96db0c0: cdpl_server.c:1824: in _sv_gen_task(): info: new task T6 in B1 (prio 5)
1732832199.108892: 4303-7fe0e96db0c0: cdpl_server.c:2558: in cdpl_sv_label_task_va(): info: setting task T6 label to "Cin__D__hl__ACQ_1 of Flip_Flop"
1732832199.108941: 4303-7fe0e96db0c0: cdpl_server.c:1824: in _sv_gen_task(): info: new task T7 in B1 (prio 5)
1732832199.108944: 4303-7fe0e96db0c0: cdpl_server.c:2558: in cdpl_sv_label_task_va(): info: setting task T7 label to "Cin__D__lh__ACQ_1 of Flip_Flop"
1732832199.109003: 4303-7fe0e96db0c0: cdpl_server.c:1824: in _sv_gen_task(): info: new task T8 in B1 (prio 5)
1732832199.109007: 4303-7fe0e96db0c0: cdpl_server.c:2558: in cdpl_sv_label_task_va(): info: setting task T8 label to "Cin__VSS__hl__ACQ_1 of Flip_Flop"
1732832199.109057: 4303-7fe0e96db0c0: cdpl_server.c:1824: in _sv_gen_task(): info: new task T9 in B1 (prio 5)
1732832199.109060: 4303-7fe0e96db0c0: cdpl_server.c:2558: in cdpl_sv_label_task_va(): info: setting task T9 label to "Cin__VSS__lh__ACQ_1 of Flip_Flop"
1732832199.109105: 4303-7fe0e96db0c0: cdpl_server.c:1824: in _sv_gen_task(): info: new task T10 in B1 (prio -1)
1732832199.109108: 4303-7fe0e96db0c0: cdpl_server.c:2558: in cdpl_sv_label_task_va(): info: setting task T10 label to "initialization__ACQ_5 of Flip_Flop"
1732832199.109155: 4303-7fe0e96db0c0: cdpl_server.c:1824: in _sv_gen_task(): info: new task T11 in B1 (prio -1)
1732832199.109158: 4303-7fe0e96db0c0: cdpl_server.c:2558: in cdpl_sv_label_task_va(): info: setting task T11 label to "ncmpw_hbm__CLK__lh__CLK__hl__ACQ_1 of Flip_Flop"
1732832199.109194: 4303-7fe0e96db0c0: cdpl_server.c:1824: in _sv_gen_task(): info: new task T12 in B1 (prio -1)
1732832199.109197: 4303-7fe0e96db0c0: cdpl_server.c:2558: in cdpl_sv_label_task_va(): info: setting task T12 label to "removal_hbm__R__hl__CLK__hl__ACQ_1 of Flip_Flop"
1732832199.109233: 4303-7fe0e96db0c0: cdpl_server.c:1824: in _sv_gen_task(): info: new task T13 in B1 (prio -1)
1732832199.109236: 4303-7fe0e96db0c0: cdpl_server.c:2558: in cdpl_sv_label_task_va(): info: setting task T13 label to "recover_hbm__R__hl__CLK__hl__ACQ_1 of Flip_Flop"
1732832199.109263: 4303-7fe0e96db0c0: cdpl_server.c:1824: in _sv_gen_task(): info: new task T14 in B1 (prio -1)
1732832199.109265: 4303-7fe0e96db0c0: cdpl_server.c:2558: in cdpl_sv_label_task_va(): info: setting task T14 label to "initialization__ACQ_1 of Flip_Flop"
1732832199.109299: 4303-7fe0e96db0c0: cdpl_server.c:1824: in _sv_gen_task(): info: new task T15 in B1 (prio -1)
1732832199.109301: 4303-7fe0e96db0c0: cdpl_server.c:2558: in cdpl_sv_label_task_va(): info: setting task T15 label to "initialization__ACQ_2 of Flip_Flop"
1732832199.109354: 4303-7fe0e96db0c0: cdpl_server.c:1824: in _sv_gen_task(): info: new task T16 in B1 (prio -1)
1732832199.109357: 4303-7fe0e96db0c0: cdpl_server.c:2558: in cdpl_sv_label_task_va(): info: setting task T16 label to "cmpw_hbm__CLK__hl__CLK__lh__ACQ_1 of Flip_Flop"
1732832199.109388: 4303-7fe0e96db0c0: cdpl_server.c:1824: in _sv_gen_task(): info: new task T17 in B1 (prio -1)
1732832199.109390: 4303-7fe0e96db0c0: cdpl_server.c:2558: in cdpl_sv_label_task_va(): info: setting task T17 label to "cmpw_hbm__R__lh__R__hl__ACQ_1 of Flip_Flop"
1732832199.109417: 4303-7fe0e96db0c0: cdpl_server.c:1824: in _sv_gen_task(): info: new task T18 in B1 (prio -1)
1732832199.109420: 4303-7fe0e96db0c0: cdpl_server.c:2558: in cdpl_sv_label_task_va(): info: setting task T18 label to "initialization__ACQ_3 of Flip_Flop"
1732832199.109459: 4303-7fe0e96db0c0: cdpl_server.c:1824: in _sv_gen_task(): info: new task T19 in B1 (prio 2)
1732832199.109462: 4303-7fe0e96db0c0: cdpl_server.c:2558: in cdpl_sv_label_task_va(): info: setting task T19 label to "delay__CLK__hl__Q__hl__ACQ_1 of Flip_Flop"
1732832199.109510: 4303-7fe0e96db0c0: cdpl_server.c:1824: in _sv_gen_task(): info: new task T20 in B1 (prio 2)
1732832199.109514: 4303-7fe0e96db0c0: cdpl_server.c:2558: in cdpl_sv_label_task_va(): info: setting task T20 label to "delay__CLK__hl__Q__lh__ACQ_1 of Flip_Flop"
1732832199.109557: 4303-7fe0e96db0c0: cdpl_server.c:1824: in _sv_gen_task(): info: new task T21 in B1 (prio -1)
1732832199.109559: 4303-7fe0e96db0c0: cdpl_server.c:2558: in cdpl_sv_label_task_va(): info: setting task T21 label to "hold_hbm__D__lh__CLK__hl__ACQ_1 of Flip_Flop"
1732832199.109603: 4303-7fe0e96db0c0: cdpl_server.c:1824: in _sv_gen_task(): info: new task T22 in B1 (prio -1)
1732832199.109606: 4303-7fe0e96db0c0: cdpl_server.c:2558: in cdpl_sv_label_task_va(): info: setting task T22 label to "hold_hbm__D__hl__CLK__hl__ACQ_1 of Flip_Flop"
1732832199.109636: 4303-7fe0e96db0c0: cdpl_server.c:1824: in _sv_gen_task(): info: new task T23 in B1 (prio 5)
1732832199.109639: 4303-7fe0e96db0c0: cdpl_server.c:2558: in cdpl_sv_label_task_va(): info: setting task T23 label to "Cin__CLK__lh__ACQ_1 of Flip_Flop"
1732832199.109669: 4303-7fe0e96db0c0: cdpl_server.c:1824: in _sv_gen_task(): info: new task T24 in B1 (prio 5)
1732832199.109672: 4303-7fe0e96db0c0: cdpl_server.c:2558: in cdpl_sv_label_task_va(): info: setting task T24 label to "Cin__VDD__hl__ACQ_1 of Flip_Flop"
1732832199.109695: 4303-7fe0e96db0c0: cdpl_server.c:1824: in _sv_gen_task(): info: new task T25 in B1 (prio 5)
1732832199.109698: 4303-7fe0e96db0c0: cdpl_server.c:2558: in cdpl_sv_label_task_va(): info: setting task T25 label to "Cin__VDD__lh__ACQ_1 of Flip_Flop"
1732832199.109728: 4303-7fe0e96db0c0: cdpl_server.c:1824: in _sv_gen_task(): info: new task T26 in B1 (prio 2)
1732832199.109739: 4303-7fe0e96db0c0: cdpl_server.c:2558: in cdpl_sv_label_task_va(): info: setting task T26 label to "delay__R__lh__Q__hl__ACQ_1 of Flip_Flop"
1732832199.109762: 4303-7fe0e96db0c0: cdpl_server.c:1824: in _sv_gen_task(): info: new task T27 in B1 (prio 5)
1732832199.109765: 4303-7fe0e96db0c0: cdpl_server.c:2558: in cdpl_sv_label_task_va(): info: setting task T27 label to "Cin__R__hl__ACQ_1 of Flip_Flop"
1732832199.748582: 4303-7fe0d1be0700: cdpl_server_ipc.c:452: in _sv_on_hello(): info: W1 is `10.182.66.68:40442'
1732832199.748603: 4303-7fe0d1be0700: cdpl_server_ipc.c:454: in _sv_on_hello(): info: W1 log file is /dev/null
1732832199.748613: 4303-7fe0d1be0700: cdpl_server_ipc.c:481: in _sv_on_hello(): info: up to 1 alive workers in B1
1732832199.748648: 4303-7fe0d0bde700: cdpl_server_sched.c:955: in _assign(): info: assigning task T0 to worker W1
1732832206.777354: 4303-7fe0d1be0700: cdpl_server_ipc.c:857: in _sv_on_finish(): info: worker W1 completed task T0
1732832206.777568: 4303-7fe0d0bde700: cdpl_server_sched.c:955: in _assign(): info: assigning task T2 to worker W1
1732832213.416677: 4303-7fe0d1be0700: cdpl_server_ipc.c:857: in _sv_on_finish(): info: worker W1 completed task T2
1732832213.416725: 4303-7fe0d0bde700: cdpl_server_sched.c:955: in _assign(): info: assigning task T4 to worker W1
1732832220.022497: 4303-7fe0d1be0700: cdpl_server_ipc.c:857: in _sv_on_finish(): info: worker W1 completed task T4
1732832220.022535: 4303-7fe0d0bde700: cdpl_server_sched.c:955: in _assign(): info: assigning task T10 to worker W1
1732832226.601822: 4303-7fe0d1be0700: cdpl_server_ipc.c:857: in _sv_on_finish(): info: worker W1 completed task T10
1732832226.602054: 4303-7fe0d0bde700: cdpl_server_sched.c:955: in _assign(): info: assigning task T12 to worker W1
1732832237.377405: 4303-7fe0d1be0700: cdpl_server_ipc.c:857: in _sv_on_finish(): info: worker W1 completed task T12
1732832237.377446: 4303-7fe0d0bde700: cdpl_server_sched.c:955: in _assign(): info: assigning task T13 to worker W1
1732832248.258060: 4303-7fe0d1be0700: cdpl_server_ipc.c:857: in _sv_on_finish(): info: worker W1 completed task T13
1732832248.258106: 4303-7fe0d0bde700: cdpl_server_sched.c:955: in _assign(): info: assigning task T14 to worker W1
1732832254.854043: 4303-7fe0d1be0700: cdpl_server_ipc.c:857: in _sv_on_finish(): info: worker W1 completed task T14
1732832254.854092: 4303-7fe0d0bde700: cdpl_server_sched.c:955: in _assign(): info: assigning task T15 to worker W1
1732832261.427964: 4303-7fe0d1be0700: cdpl_server_ipc.c:857: in _sv_on_finish(): info: worker W1 completed task T15
1732832261.428003: 4303-7fe0d0bde700: cdpl_server_sched.c:955: in _assign(): info: assigning task T18 to worker W1
1732832268.201384: 4303-7fe0d1be0700: cdpl_server_ipc.c:857: in _sv_on_finish(): info: worker W1 completed task T18
1732832268.201675: 4303-7fe0d0bde700: cdpl_server_sched.c:955: in _assign(): info: assigning task T1 to worker W1
1732832279.367317: 4303-7fe0d1be0700: cdpl_server_ipc.c:857: in _sv_on_finish(): info: worker W1 completed task T1
1732832279.367357: 4303-7fe0d0bde700: cdpl_server_sched.c:955: in _assign(): info: assigning task T3 to worker W1
1732832290.070818: 4303-7fe0d1be0700: cdpl_server_ipc.c:857: in _sv_on_finish(): info: worker W1 completed task T3
1732832290.070860: 4303-7fe0d0bde700: cdpl_server_sched.c:955: in _assign(): info: assigning task T11 to worker W1
1732832297.413026: 4303-7fe0d1be0700: cdpl_server_ipc.c:857: in _sv_on_finish(): info: worker W1 completed task T11
1732832297.413077: 4303-7fe0d0bde700: cdpl_server_sched.c:955: in _assign(): info: assigning task T16 to worker W1
1732832304.419976: 4303-7fe0d1be0700: cdpl_server_ipc.c:857: in _sv_on_finish(): info: worker W1 completed task T16
1732832304.420017: 4303-7fe0d0bde700: cdpl_server_sched.c:955: in _assign(): info: assigning task T22 to worker W1
1732832314.802568: 4303-7fe0d1be0700: cdpl_server_ipc.c:857: in _sv_on_finish(): info: worker W1 completed task T22
1732832314.802813: 4303-7fe0d0bde700: cdpl_server_sched.c:955: in _assign(): info: assigning task T17 to worker W1
1732832321.735766: 4303-7fe0d1be0700: cdpl_server_ipc.c:857: in _sv_on_finish(): info: worker W1 completed task T17
1732832321.735803: 4303-7fe0d0bde700: cdpl_server_sched.c:955: in _assign(): info: assigning task T21 to worker W1
1732832332.338130: 4303-7fe0d1be0700: cdpl_server_ipc.c:857: in _sv_on_finish(): info: worker W1 completed task T21
1732832332.338176: 4303-7fe0d0bde700: cdpl_server_sched.c:955: in _assign(): info: assigning task T20 to worker W1
1732832339.624714: 4303-7fe0d1be0700: cdpl_server_ipc.c:857: in _sv_on_finish(): info: worker W1 completed task T20
1732832339.624766: 4303-7fe0d0bde700: cdpl_server_sched.c:955: in _assign(): info: assigning task T26 to worker W1
1732832346.871339: 4303-7fe0d1be0700: cdpl_server_ipc.c:857: in _sv_on_finish(): info: worker W1 completed task T26
1732832346.871384: 4303-7fe0d0bde700: cdpl_server_sched.c:955: in _assign(): info: assigning task T19 to worker W1
1732832354.335837: 4303-7fe0d1be0700: cdpl_server_ipc.c:857: in _sv_on_finish(): info: worker W1 completed task T19
1732832354.335882: 4303-7fe0d0bde700: cdpl_server_sched.c:955: in _assign(): info: assigning task T5 to worker W1
1732832424.146380: 4303-7fe0d1be0700: cdpl_server_ipc.c:857: in _sv_on_finish(): info: worker W1 completed task T5
1732832424.146678: 4303-7fe0d0bde700: cdpl_server_sched.c:955: in _assign(): info: assigning task T6 to worker W1
1732832430.892808: 4303-7fe0d1be0700: cdpl_server_ipc.c:857: in _sv_on_finish(): info: worker W1 completed task T6
1732832430.892859: 4303-7fe0d0bde700: cdpl_server_sched.c:955: in _assign(): info: assigning task T7 to worker W1
1732832437.454991: 4303-7fe0d1be0700: cdpl_server_ipc.c:857: in _sv_on_finish(): info: worker W1 completed task T7
1732832437.455036: 4303-7fe0d0bde700: cdpl_server_sched.c:955: in _assign(): info: assigning task T8 to worker W1
1732832444.346719: 4303-7fe0d1be0700: cdpl_server_ipc.c:857: in _sv_on_finish(): info: worker W1 completed task T8
1732832444.346764: 4303-7fe0d0bde700: cdpl_server_sched.c:955: in _assign(): info: assigning task T9 to worker W1
1732832450.970720: 4303-7fe0d1be0700: cdpl_server_ipc.c:857: in _sv_on_finish(): info: worker W1 completed task T9
1732832450.970758: 4303-7fe0d0bde700: cdpl_server_sched.c:955: in _assign(): info: assigning task T23 to worker W1
1732832457.754222: 4303-7fe0d1be0700: cdpl_server_ipc.c:857: in _sv_on_finish(): info: worker W1 completed task T23
1732832457.754259: 4303-7fe0d0bde700: cdpl_server_sched.c:955: in _assign(): info: assigning task T24 to worker W1
1732832464.589893: 4303-7fe0d1be0700: cdpl_server_ipc.c:857: in _sv_on_finish(): info: worker W1 completed task T24
1732832464.589930: 4303-7fe0d0bde700: cdpl_server_sched.c:955: in _assign(): info: assigning task T25 to worker W1
1732832471.274873: 4303-7fe0d1be0700: cdpl_server_ipc.c:857: in _sv_on_finish(): info: worker W1 completed task T25
1732832471.274920: 4303-7fe0d0bde700: cdpl_server_sched.c:955: in _assign(): info: assigning task T27 to worker W1
1732832477.723650: 4303-7fe0d1be0700: cdpl_server_ipc.c:857: in _sv_on_finish(): info: worker W1 completed task T27
1732832793.401272: 4303-7fe0e96db0c0: cdpl_compat_master.c:5152: in cdplMasterLogInfo(): info: [non-CDPL log entry] Ending current CDPL job
1732832793.401487: 4303-7fe0e96db0c0: cdpl_server.c:2890: in cdpl_sv_halt_job_errno(): info: stopping job J1
1732832793.401587: 4303-7fe0d0bde700: cdpl_server_sched.c:2711: in _sv_drop_worker(): info: down to 0 alive workers in B1
1732832793.401630: 4303-7fe0e96db0c0: cdpl_server.c:2875: in cdpl_sv_halt_job_errno(): info: killing job J1
1732832793.401638: 4303-7fe0e96db0c0: cdpl_server.c:288: in _sv_free_job(): info: freeing job J1
1732832793.401707: 4303-7fe0e96db0c0: cdpl_farm.c:2395: in cdpl_farm_free(): info: freeing farm
1732832793.401795: 4303-7fe0e96db0c0: cdpl_server.c:3011: in cdpl_sv_free(): info: freeing server S701169842
1732832793.401798: 4303-7fe0e96db0c0: cdpl_server.c:2976: in cdpl_sv_kill_errno(): info: killing server
1732832793.402043: 4303-7fe0e96db0c0: cdpl_server.c:328: in _sv_free_master(): info: freeing master M1
1732832793.402077: 4303-7fe0e96db0c0: cdpl_log.c:371: in cdpl_log_close(): info: @@end_of_log@@
