1732387902.544961: 19533-7f1a1c1200c0: cdpl_log.c:228: in cdpl_log_open(): info: @@start_of_log@@
1732387902.544990: 19533-7f1a1c1200c0: cdpl_log.c:866: in cdpl_log_dump_sysinfo(): info: time: 2024/11/23 12:51:42 CST -0600
1732387902.544995: 19533-7f1a1c1200c0: cdpl_log.c:868: in cdpl_log_dump_sysinfo(): info: version: T-2022.03 
1732387902.544996: 19533-7f1a1c1200c0: cdpl_log.c:870: in cdpl_log_dump_sysinfo(): info: system: Linux 3.10.0-1160.119.1.el7.x86_64 #1 SMP Tue May 14 11:55:25 EDT 2024
1732387902.544998: 19533-7f1a1c1200c0: cdpl_log.c:875: in cdpl_log_dump_sysinfo(): info: processor: x86_64 64-bits
1732387902.545000: 19533-7f1a1c1200c0: cdpl_log.c:879: in cdpl_log_dump_sysinfo(): info: hostname: engnx03a.utdallas.edu
1732387902.545002: 19533-7f1a1c1200c0: cdpl_log.c:230: in cdpl_log_open(): debug: path: /home/eng/d/dal852207/cad/gf65/primelib_gf65/OAI22/runtime/cdpl/pid19533/master.engnx03a.utdallas.edu.19533.log
1732387902.545004: 19533-7f1a1c1200c0: cdpl_log.c:231: in cdpl_log_open(): debug: dir: /home/eng/d/dal852207/cad/gf65/primelib_gf65/OAI22/runtime/cdpl/pid19533
1732387902.545013: 19533-7f1a1c1200c0: cdpl_log.c:758: in cdpl_log_set_filter(): info: filter level 1
1732387902.545042: 19533-7f1a1c1200c0: cdpl_server.c:543: in cdpl_sv_init(): info: new server S1676131407
1732387902.545050: 19533-7f1a1c1200c0: cdpl_ipc.c:3030: in cdpl_ipc_init(): info: requesting IPv4 protocol
1732387902.545584: 19533-7f1a1c1200c0: cdpl_ipc.c:800: in _selectaddrfamily(): info: selected IPv4 protocol
1732387902.545887: 19533-7f1a1c1200c0: cdpl_server.c:657: in cdpl_sv_new_master(): info: new master M1
1732387902.545900: 19533-7f1a1c1200c0: cdpl_server.c:5494: in cdpl_sv_ctl_master(): info: Setting worker heartbeat to 60 seconds
1732387902.545902: 19533-7f1a1c1200c0: cdpl_server.c:5503: in cdpl_sv_ctl_master(): info: Setting worker heartbeat timeout to 3 heartbeats
1732387902.545906: 19533-7f1a1c1200c0: cdpl_compat_master.c:2407: in cdplInitMaster(): info: bcast dir is `/dev/null'
1732387902.545963: 19533-7f1a1c1200c0: cdpl_server.c:5394: in cdpl_sv_ctl_master(): info: farm worker timeout set to 36000
1732387902.545965: 19533-7f1a1c1200c0: cdpl_server.c:5410: in cdpl_sv_ctl_master(): info: grid worker timeout set to 36000
1732387902.545967: 19533-7f1a1c1200c0: cdpl_server.c:5438: in cdpl_sv_ctl_master(): info: farm submit command failure threshold set to 100
1732387902.546015: 19533-7f1a1c1200c0: cdpl_farm.c:2268: in cdpl_farm_new_sh(): info: creating SH farm on localhost
1732387902.546026: 19533-7f1a1c1200c0: cdpl_compat_master.c:207: in _set_farm_env(): info: exporting CDPL_LOGDIR as `/home/eng/d/dal852207/cad/gf65/primelib_gf65/OAI22/runtime/cdpl/pid19533'
1732387902.546039: 19533-7f1a1c1200c0: cdpl_compat_master.c:213: in _set_farm_env(): info: exporting CDPL_TMPDIR as `/var/tmp'
1732387902.546041: 19533-7f1a1c1200c0: cdpl_compat_master.c:220: in _set_farm_env(): info: exporting CDPL_HOME as `/proj/cad/synopsys/synopsys_2021/primelib/T-2022.03-SP1/cdpl_runtime_linux64'
1732387902.546044: 19533-7f1a1c1200c0: cdpl_compat_master.c:227: in _set_farm_env(): info: exporting SNPSLMD_LICENSE_FILE as `1700@engdmv.utdallas.edu'
1732387902.546047: 19533-7f1a1c1200c0: cdpl_compat_master.c:247: in _set_farm_env(): info: exporting CDPL_OPTIONS as `[filter][nowlogs]'
1732387902.546049: 19533-7f1a1c1200c0: cdpl_compat_master.c:254: in _set_farm_env(): info: exporting DISPLAY as `:1027'
1732387902.546051: 19533-7f1a1c1200c0: cdpl_compat_master.c:262: in _set_farm_env(): info: exporting CDPL_HEARTBEAT as `60'
1732387902.546053: 19533-7f1a1c1200c0: cdpl_compat_master.c:348: in _set_farm_env(): info: exporting SIS_MALIBU as `2'
1732387902.546055: 19533-7f1a1c1200c0: cdpl_compat_master.c:348: in _set_farm_env(): info: exporting SIS_CDPL as `5'
1732387902.587913: 19533-7f1a1c1200c0: cdpl_server.c:738: in cdpl_sv_new_job(): info: new job J1 in M1
1732387902.587927: 19533-7f1a1c1200c0: cdpl_compat_master.c:1314: in _add_worker(): info: new worker type 100, min:1, max:1, cmd:`/home/eng/d/dal852207/cad/gf65/primelib_gf65/OAI22/runtime/cdpl/pid19533/run_19533.sh'
1732387902.587936: 19533-7f1a1c1200c0: cdpl_server.c:900: in cdpl_sv_new_bin_withfarm(): info: new bin B1 in J1
1732387902.595245: 19533-7f1a1c1200c0: cdpl_server.c:3116: in cdpl_sv_start_job(): info: starting job J1
1732387902.605587: 19533-7f1a1c1200c0: cdpl_server.c:1824: in _sv_gen_task(): info: new task T0 in B1 (prio 3)
1732387902.605604: 19533-7f1a1c1200c0: cdpl_server.c:2558: in cdpl_sv_label_task_va(): info: setting task T0 label to "leakage_power__ACQ_1 of OAI22"
1732387902.605707: 19533-7f1a1c1200c0: cdpl_server.c:1824: in _sv_gen_task(): info: new task T1 in B1 (prio 5)
1732387902.605752: 19533-7f1a03e24700: cdpl_server_sched.c:700: in _sv_launch_worker(): info: started worker W1 (as C1) in bin B1
1732387902.605777: 19533-7f1a1c1200c0: cdpl_server.c:2558: in cdpl_sv_label_task_va(): info: setting task T1 label to "Cin__VSS__hl__ACQ_1 of OAI22"
1732387902.605783: 19533-7f1a03623700: cdpl_farm.c:1899: in _schedule(): info: worker submit failure threshold set to 100
1732387902.605807: 19533-7f1a03623700: cdpl_sh.c:49: in _sh_detached_submit(): info: SH : /home/eng/d/dal852207/cad/gf65/primelib_gf65/OAI22/runtime/cdpl/pid19533/run_19533.sh
1732387902.605819: 19533-7f1a1c1200c0: cdpl_server.c:1824: in _sv_gen_task(): info: new task T2 in B1 (prio 5)
1732387902.605824: 19533-7f1a1c1200c0: cdpl_server.c:2558: in cdpl_sv_label_task_va(): info: setting task T2 label to "Cin__VSS__lh__ACQ_1 of OAI22"
1732387902.609140: 19533-7f1a1c1200c0: cdpl_server.c:1824: in _sv_gen_task(): info: new task T3 in B1 (prio 2)
1732387902.609153: 19533-7f1a1c1200c0: cdpl_server.c:2558: in cdpl_sv_label_task_va(): info: setting task T3 label to "delay__VA__hl__OUT__lh__ACQ_1 of OAI22"
1732387902.609568: 19533-7f1a1c1200c0: cdpl_server.c:1824: in _sv_gen_task(): info: new task T4 in B1 (prio 2)
1732387902.609571: 19533-7f1a1c1200c0: cdpl_server.c:2558: in cdpl_sv_label_task_va(): info: setting task T4 label to "delay__VA__lh__OUT__hl__ACQ_1 of OAI22"
1732387902.609629: 19533-7f1a1c1200c0: cdpl_server.c:1824: in _sv_gen_task(): info: new task T5 in B1 (prio 2)
1732387902.609632: 19533-7f1a1c1200c0: cdpl_server.c:2558: in cdpl_sv_label_task_va(): info: setting task T5 label to "delay__VB__hl__OUT__lh__ACQ_1 of OAI22"
1732387902.609668: 19533-7f1a1c1200c0: cdpl_server.c:1824: in _sv_gen_task(): info: new task T6 in B1 (prio 2)
1732387902.609671: 19533-7f1a1c1200c0: cdpl_server.c:2558: in cdpl_sv_label_task_va(): info: setting task T6 label to "delay__VB__lh__OUT__hl__ACQ_1 of OAI22"
1732387902.609714: 19533-7f1a1c1200c0: cdpl_server.c:1824: in _sv_gen_task(): info: new task T7 in B1 (prio 2)
1732387902.609717: 19533-7f1a1c1200c0: cdpl_server.c:2558: in cdpl_sv_label_task_va(): info: setting task T7 label to "delay__VC__hl__OUT__lh__ACQ_1 of OAI22"
1732387902.609764: 19533-7f1a1c1200c0: cdpl_server.c:1824: in _sv_gen_task(): info: new task T8 in B1 (prio 2)
1732387902.609767: 19533-7f1a1c1200c0: cdpl_server.c:2558: in cdpl_sv_label_task_va(): info: setting task T8 label to "delay__VC__lh__OUT__hl__ACQ_1 of OAI22"
1732387902.609807: 19533-7f1a1c1200c0: cdpl_server.c:1824: in _sv_gen_task(): info: new task T9 in B1 (prio 2)
1732387902.609810: 19533-7f1a1c1200c0: cdpl_server.c:2558: in cdpl_sv_label_task_va(): info: setting task T9 label to "delay__VD__hl__OUT__lh__ACQ_1 of OAI22"
1732387902.609842: 19533-7f1a1c1200c0: cdpl_server.c:1824: in _sv_gen_task(): info: new task T10 in B1 (prio 2)
1732387902.609847: 19533-7f1a1c1200c0: cdpl_server.c:2558: in cdpl_sv_label_task_va(): info: setting task T10 label to "delay__VD__lh__OUT__hl__ACQ_1 of OAI22"
1732387902.609877: 19533-7f1a1c1200c0: cdpl_server.c:1824: in _sv_gen_task(): info: new task T11 in B1 (prio 5)
1732387902.609880: 19533-7f1a1c1200c0: cdpl_server.c:2558: in cdpl_sv_label_task_va(): info: setting task T11 label to "Cin__VDD__hl__ACQ_1 of OAI22"
1732387902.609907: 19533-7f1a1c1200c0: cdpl_server.c:1824: in _sv_gen_task(): info: new task T12 in B1 (prio 5)
1732387902.609910: 19533-7f1a1c1200c0: cdpl_server.c:2558: in cdpl_sv_label_task_va(): info: setting task T12 label to "Cin__VDD__lh__ACQ_1 of OAI22"
1732387903.253968: 19533-7f1a04625700: cdpl_server_ipc.c:452: in _sv_on_hello(): info: W1 is `10.182.66.68:35202'
1732387903.253987: 19533-7f1a04625700: cdpl_server_ipc.c:454: in _sv_on_hello(): info: W1 log file is /dev/null
1732387903.253996: 19533-7f1a04625700: cdpl_server_ipc.c:481: in _sv_on_hello(): info: up to 1 alive workers in B1
1732387903.254104: 19533-7f1a03e24700: cdpl_server_sched.c:955: in _assign(): info: assigning task T3 to worker W1
1732387910.280806: 19533-7f1a04625700: cdpl_server_ipc.c:857: in _sv_on_finish(): info: worker W1 completed task T3
1732387910.281110: 19533-7f1a03e24700: cdpl_server_sched.c:955: in _assign(): info: assigning task T4 to worker W1
1732387917.122916: 19533-7f1a04625700: cdpl_server_ipc.c:857: in _sv_on_finish(): info: worker W1 completed task T4
1732387917.122950: 19533-7f1a03e24700: cdpl_server_sched.c:955: in _assign(): info: assigning task T5 to worker W1
1732387923.891394: 19533-7f1a04625700: cdpl_server_ipc.c:857: in _sv_on_finish(): info: worker W1 completed task T5
1732387923.891427: 19533-7f1a03e24700: cdpl_server_sched.c:955: in _assign(): info: assigning task T6 to worker W1
1732387930.577847: 19533-7f1a04625700: cdpl_server_ipc.c:857: in _sv_on_finish(): info: worker W1 completed task T6
1732387930.577891: 19533-7f1a03e24700: cdpl_server_sched.c:955: in _assign(): info: assigning task T7 to worker W1
1732387937.383537: 19533-7f1a04625700: cdpl_server_ipc.c:857: in _sv_on_finish(): info: worker W1 completed task T7
1732387937.383575: 19533-7f1a03e24700: cdpl_server_sched.c:955: in _assign(): info: assigning task T8 to worker W1
1732387944.129943: 19533-7f1a04625700: cdpl_server_ipc.c:857: in _sv_on_finish(): info: worker W1 completed task T8
1732387944.129979: 19533-7f1a03e24700: cdpl_server_sched.c:955: in _assign(): info: assigning task T9 to worker W1
1732387950.826561: 19533-7f1a04625700: cdpl_server_ipc.c:857: in _sv_on_finish(): info: worker W1 completed task T9
1732387950.826599: 19533-7f1a03e24700: cdpl_server_sched.c:955: in _assign(): info: assigning task T10 to worker W1
1732387957.524595: 19533-7f1a04625700: cdpl_server_ipc.c:857: in _sv_on_finish(): info: worker W1 completed task T10
1732387957.524649: 19533-7f1a03e24700: cdpl_server_sched.c:955: in _assign(): info: assigning task T0 to worker W1
1732387964.168762: 19533-7f1a04625700: cdpl_server_ipc.c:857: in _sv_on_finish(): info: worker W1 completed task T0
1732387964.168806: 19533-7f1a03e24700: cdpl_server_sched.c:955: in _assign(): info: assigning task T1 to worker W1
1732387970.885584: 19533-7f1a04625700: cdpl_server_ipc.c:857: in _sv_on_finish(): info: worker W1 completed task T1
1732387970.885634: 19533-7f1a03e24700: cdpl_server_sched.c:955: in _assign(): info: assigning task T2 to worker W1
1732387977.537951: 19533-7f1a04625700: cdpl_server_ipc.c:857: in _sv_on_finish(): info: worker W1 completed task T2
1732387977.537988: 19533-7f1a03e24700: cdpl_server_sched.c:955: in _assign(): info: assigning task T11 to worker W1
1732387984.178704: 19533-7f1a04625700: cdpl_server_ipc.c:857: in _sv_on_finish(): info: worker W1 completed task T11
1732387984.178757: 19533-7f1a03e24700: cdpl_server_sched.c:955: in _assign(): info: assigning task T12 to worker W1
1732387990.880070: 19533-7f1a04625700: cdpl_server_ipc.c:857: in _sv_on_finish(): info: worker W1 completed task T12
1732388365.242984: 19533-7f1a1c1200c0: cdpl_compat_master.c:5152: in cdplMasterLogInfo(): info: [non-CDPL log entry] Ending current CDPL job
1732388365.243257: 19533-7f1a1c1200c0: cdpl_server.c:2890: in cdpl_sv_halt_job_errno(): info: stopping job J1
1732388365.243339: 19533-7f1a03e24700: cdpl_server_sched.c:2711: in _sv_drop_worker(): info: down to 0 alive workers in B1
1732388365.243388: 19533-7f1a1c1200c0: cdpl_server.c:2875: in cdpl_sv_halt_job_errno(): info: killing job J1
1732388365.243393: 19533-7f1a1c1200c0: cdpl_server.c:288: in _sv_free_job(): info: freeing job J1
1732388365.243427: 19533-7f1a1c1200c0: cdpl_farm.c:2395: in cdpl_farm_free(): info: freeing farm
1732388365.243611: 19533-7f1a1c1200c0: cdpl_server.c:3011: in cdpl_sv_free(): info: freeing server S1676131407
1732388365.243618: 19533-7f1a1c1200c0: cdpl_server.c:2976: in cdpl_sv_kill_errno(): info: killing server
1732388365.243647: 19533-7f1a1c1200c0: cdpl_server.c:328: in _sv_free_master(): info: freeing master M1
1732388365.243688: 19533-7f1a1c1200c0: cdpl_log.c:371: in cdpl_log_close(): info: @@end_of_log@@
