1732831826.260516: 4303-7fe0e96db0c0: cdpl_log.c:228: in cdpl_log_open(): info: @@start_of_log@@
1732831826.260537: 4303-7fe0e96db0c0: cdpl_log.c:866: in cdpl_log_dump_sysinfo(): info: time: 2024/11/28 16:10:26 CST -0600
1732831826.260540: 4303-7fe0e96db0c0: cdpl_log.c:868: in cdpl_log_dump_sysinfo(): info: version: T-2022.03 
1732831826.260542: 4303-7fe0e96db0c0: cdpl_log.c:870: in cdpl_log_dump_sysinfo(): info: system: Linux 3.10.0-1160.119.1.el7.x86_64 #1 SMP Tue May 14 11:55:25 EDT 2024
1732831826.260544: 4303-7fe0e96db0c0: cdpl_log.c:875: in cdpl_log_dump_sysinfo(): info: processor: x86_64 64-bits
1732831826.260545: 4303-7fe0e96db0c0: cdpl_log.c:879: in cdpl_log_dump_sysinfo(): info: hostname: engnx03a.utdallas.edu
1732831826.260547: 4303-7fe0e96db0c0: cdpl_log.c:230: in cdpl_log_open(): debug: path: /home/eng/d/dal852207/cad/gf65/primelib_gf65/Proj6_DRC_LVS/AOI22/runtime/cdpl/pid4303/master.2.engnx03a.utdallas.edu.4303.log
1732831826.260549: 4303-7fe0e96db0c0: cdpl_log.c:231: in cdpl_log_open(): debug: dir: /home/eng/d/dal852207/cad/gf65/primelib_gf65/Proj6_DRC_LVS/AOI22/runtime/cdpl/pid4303
1732831826.260554: 4303-7fe0e96db0c0: cdpl_log.c:758: in cdpl_log_set_filter(): info: filter level 1
1732831826.260559: 4303-7fe0e96db0c0: cdpl_server.c:543: in cdpl_sv_init(): info: new server S1273438767
1732831826.260564: 4303-7fe0e96db0c0: cdpl_ipc.c:3030: in cdpl_ipc_init(): info: requesting IPv4 protocol
1732831826.261007: 4303-7fe0e96db0c0: cdpl_ipc.c:800: in _selectaddrfamily(): info: selected IPv4 protocol
1732831826.261280: 4303-7fe0e96db0c0: cdpl_server.c:657: in cdpl_sv_new_master(): info: new master M1
1732831826.261288: 4303-7fe0e96db0c0: cdpl_server.c:5494: in cdpl_sv_ctl_master(): info: Setting worker heartbeat to 60 seconds
1732831826.261290: 4303-7fe0e96db0c0: cdpl_server.c:5503: in cdpl_sv_ctl_master(): info: Setting worker heartbeat timeout to 3 heartbeats
1732831826.261293: 4303-7fe0e96db0c0: cdpl_compat_master.c:2407: in cdplInitMaster(): info: bcast dir is `/dev/null'
1732831826.261328: 4303-7fe0e96db0c0: cdpl_server.c:5394: in cdpl_sv_ctl_master(): info: farm worker timeout set to 36000
1732831826.261329: 4303-7fe0e96db0c0: cdpl_server.c:5410: in cdpl_sv_ctl_master(): info: grid worker timeout set to 36000
1732831826.261331: 4303-7fe0e96db0c0: cdpl_server.c:5438: in cdpl_sv_ctl_master(): info: farm submit command failure threshold set to 100
1732831826.261341: 4303-7fe0e96db0c0: cdpl_farm.c:2268: in cdpl_farm_new_sh(): info: creating SH farm on localhost
1732831826.261350: 4303-7fe0e96db0c0: cdpl_compat_master.c:207: in _set_farm_env(): info: exporting CDPL_LOGDIR as `/home/eng/d/dal852207/cad/gf65/primelib_gf65/Proj6_DRC_LVS/AOI22/runtime/cdpl/pid4303'
1732831826.261352: 4303-7fe0e96db0c0: cdpl_compat_master.c:213: in _set_farm_env(): info: exporting CDPL_TMPDIR as `/var/tmp'
1732831826.261354: 4303-7fe0e96db0c0: cdpl_compat_master.c:220: in _set_farm_env(): info: exporting CDPL_HOME as `/proj/cad/synopsys/synopsys_2021/primelib/T-2022.03-SP1/cdpl_runtime_linux64'
1732831826.261356: 4303-7fe0e96db0c0: cdpl_compat_master.c:227: in _set_farm_env(): info: exporting SNPSLMD_LICENSE_FILE as `1700@engdmv.utdallas.edu'
1732831826.261358: 4303-7fe0e96db0c0: cdpl_compat_master.c:247: in _set_farm_env(): info: exporting CDPL_OPTIONS as `[filter][nowlogs]'
1732831826.261360: 4303-7fe0e96db0c0: cdpl_compat_master.c:254: in _set_farm_env(): info: exporting DISPLAY as `:1022'
1732831826.261362: 4303-7fe0e96db0c0: cdpl_compat_master.c:262: in _set_farm_env(): info: exporting CDPL_HEARTBEAT as `60'
1732831826.261365: 4303-7fe0e96db0c0: cdpl_compat_master.c:348: in _set_farm_env(): info: exporting SIS_MALIBU as `2'
1732831826.261366: 4303-7fe0e96db0c0: cdpl_compat_master.c:348: in _set_farm_env(): info: exporting SIS_CDPL as `5'
1732831826.311087: 4303-7fe0e96db0c0: cdpl_server.c:738: in cdpl_sv_new_job(): info: new job J1 in M1
1732831826.311103: 4303-7fe0e96db0c0: cdpl_compat_master.c:1314: in _add_worker(): info: new worker type 100, min:1, max:1, cmd:`/home/eng/d/dal852207/cad/gf65/primelib_gf65/Proj6_DRC_LVS/AOI22/runtime/cdpl/pid4303/run_4303.sh'
1732831826.311114: 4303-7fe0e96db0c0: cdpl_server.c:900: in cdpl_sv_new_bin_withfarm(): info: new bin B1 in J1
1732831826.317600: 4303-7fe0e96db0c0: cdpl_server.c:3116: in cdpl_sv_start_job(): info: starting job J1
1732831826.325185: 4303-7fe0e96db0c0: cdpl_server.c:1824: in _sv_gen_task(): info: new task T0 in B1 (prio 3)
1732831826.325192: 4303-7fe0e96db0c0: cdpl_server.c:2558: in cdpl_sv_label_task_va(): info: setting task T0 label to "leakage_power__ACQ_1 of AOI22"
1732831826.325248: 4303-7fe0e96db0c0: cdpl_server.c:1824: in _sv_gen_task(): info: new task T1 in B1 (prio 5)
1732831826.325271: 4303-7fe0d13df700: cdpl_server_sched.c:700: in _sv_launch_worker(): info: started worker W1 (as C1) in bin B1
1732831826.325304: 4303-7fe0d0bde700: cdpl_farm.c:1899: in _schedule(): info: worker submit failure threshold set to 100
1732831826.325320: 4303-7fe0d0bde700: cdpl_sh.c:49: in _sh_detached_submit(): info: SH : /home/eng/d/dal852207/cad/gf65/primelib_gf65/Proj6_DRC_LVS/AOI22/runtime/cdpl/pid4303/run_4303.sh
1732831826.325331: 4303-7fe0e96db0c0: cdpl_server.c:2558: in cdpl_sv_label_task_va(): info: setting task T1 label to "Cin__VSS__hl__ACQ_1 of AOI22"
1732831826.328803: 4303-7fe0e96db0c0: cdpl_server.c:1824: in _sv_gen_task(): info: new task T2 in B1 (prio 5)
1732831826.328818: 4303-7fe0e96db0c0: cdpl_server.c:2558: in cdpl_sv_label_task_va(): info: setting task T2 label to "Cin__VSS__lh__ACQ_1 of AOI22"
1732831826.328891: 4303-7fe0e96db0c0: cdpl_server.c:1824: in _sv_gen_task(): info: new task T3 in B1 (prio 2)
1732831826.328894: 4303-7fe0e96db0c0: cdpl_server.c:2558: in cdpl_sv_label_task_va(): info: setting task T3 label to "delay__A__hl__OUT__lh__ACQ_1 of AOI22"
1732831826.328946: 4303-7fe0e96db0c0: cdpl_server.c:1824: in _sv_gen_task(): info: new task T4 in B1 (prio 2)
1732831826.328949: 4303-7fe0e96db0c0: cdpl_server.c:2558: in cdpl_sv_label_task_va(): info: setting task T4 label to "delay__A__lh__OUT__hl__ACQ_1 of AOI22"
1732831826.328986: 4303-7fe0e96db0c0: cdpl_server.c:1824: in _sv_gen_task(): info: new task T5 in B1 (prio 2)
1732831826.328988: 4303-7fe0e96db0c0: cdpl_server.c:2558: in cdpl_sv_label_task_va(): info: setting task T5 label to "delay__B__hl__OUT__lh__ACQ_1 of AOI22"
1732831826.329028: 4303-7fe0e96db0c0: cdpl_server.c:1824: in _sv_gen_task(): info: new task T6 in B1 (prio 2)
1732831826.329031: 4303-7fe0e96db0c0: cdpl_server.c:2558: in cdpl_sv_label_task_va(): info: setting task T6 label to "delay__B__lh__OUT__hl__ACQ_1 of AOI22"
1732831826.329074: 4303-7fe0e96db0c0: cdpl_server.c:1824: in _sv_gen_task(): info: new task T7 in B1 (prio 2)
1732831826.329076: 4303-7fe0e96db0c0: cdpl_server.c:2558: in cdpl_sv_label_task_va(): info: setting task T7 label to "delay__C__hl__OUT__lh__ACQ_1 of AOI22"
1732831826.329116: 4303-7fe0e96db0c0: cdpl_server.c:1824: in _sv_gen_task(): info: new task T8 in B1 (prio 2)
1732831826.329119: 4303-7fe0e96db0c0: cdpl_server.c:2558: in cdpl_sv_label_task_va(): info: setting task T8 label to "delay__C__lh__OUT__hl__ACQ_1 of AOI22"
1732831826.329150: 4303-7fe0e96db0c0: cdpl_server.c:1824: in _sv_gen_task(): info: new task T9 in B1 (prio 2)
1732831826.329153: 4303-7fe0e96db0c0: cdpl_server.c:2558: in cdpl_sv_label_task_va(): info: setting task T9 label to "delay__D__hl__OUT__lh__ACQ_1 of AOI22"
1732831826.329183: 4303-7fe0e96db0c0: cdpl_server.c:1824: in _sv_gen_task(): info: new task T10 in B1 (prio 2)
1732831826.329186: 4303-7fe0e96db0c0: cdpl_server.c:2558: in cdpl_sv_label_task_va(): info: setting task T10 label to "delay__D__lh__OUT__hl__ACQ_1 of AOI22"
1732831826.329223: 4303-7fe0e96db0c0: cdpl_server.c:1824: in _sv_gen_task(): info: new task T11 in B1 (prio 5)
1732831826.329226: 4303-7fe0e96db0c0: cdpl_server.c:2558: in cdpl_sv_label_task_va(): info: setting task T11 label to "Cin__VDD__hl__ACQ_1 of AOI22"
1732831826.329255: 4303-7fe0e96db0c0: cdpl_server.c:1824: in _sv_gen_task(): info: new task T12 in B1 (prio 5)
1732831826.329258: 4303-7fe0e96db0c0: cdpl_server.c:2558: in cdpl_sv_label_task_va(): info: setting task T12 label to "Cin__VDD__lh__ACQ_1 of AOI22"
1732831827.044121: 4303-7fe0d1be0700: cdpl_server_ipc.c:452: in _sv_on_hello(): info: W1 is `10.182.66.68:56762'
1732831827.044148: 4303-7fe0d1be0700: cdpl_server_ipc.c:454: in _sv_on_hello(): info: W1 log file is /dev/null
1732831827.044159: 4303-7fe0d1be0700: cdpl_server_ipc.c:481: in _sv_on_hello(): info: up to 1 alive workers in B1
1732831827.044183: 4303-7fe0d13df700: cdpl_server_sched.c:955: in _assign(): info: assigning task T3 to worker W1
1732831834.346743: 4303-7fe0d1be0700: cdpl_server_ipc.c:857: in _sv_on_finish(): info: worker W1 completed task T3
1732831834.346786: 4303-7fe0d13df700: cdpl_server_sched.c:955: in _assign(): info: assigning task T4 to worker W1
1732831841.097630: 4303-7fe0d1be0700: cdpl_server_ipc.c:857: in _sv_on_finish(): info: worker W1 completed task T4
1732831841.097674: 4303-7fe0d13df700: cdpl_server_sched.c:955: in _assign(): info: assigning task T5 to worker W1
1732831847.908192: 4303-7fe0d1be0700: cdpl_server_ipc.c:857: in _sv_on_finish(): info: worker W1 completed task T5
1732831847.908540: 4303-7fe0d13df700: cdpl_server_sched.c:955: in _assign(): info: assigning task T6 to worker W1
1732831854.726365: 4303-7fe0d1be0700: cdpl_server_ipc.c:857: in _sv_on_finish(): info: worker W1 completed task T6
1732831854.726423: 4303-7fe0d13df700: cdpl_server_sched.c:955: in _assign(): info: assigning task T7 to worker W1
1732831861.215431: 4303-7fe0d1be0700: cdpl_server_ipc.c:857: in _sv_on_finish(): info: worker W1 completed task T7
1732831861.215696: 4303-7fe0d13df700: cdpl_server_sched.c:955: in _assign(): info: assigning task T8 to worker W1
1732831867.704708: 4303-7fe0d1be0700: cdpl_server_ipc.c:857: in _sv_on_finish(): info: worker W1 completed task T8
1732831867.704751: 4303-7fe0d13df700: cdpl_server_sched.c:955: in _assign(): info: assigning task T9 to worker W1
1732831874.233648: 4303-7fe0d1be0700: cdpl_server_ipc.c:857: in _sv_on_finish(): info: worker W1 completed task T9
1732831874.233681: 4303-7fe0d13df700: cdpl_server_sched.c:955: in _assign(): info: assigning task T10 to worker W1
1732831880.897162: 4303-7fe0d1be0700: cdpl_server_ipc.c:857: in _sv_on_finish(): info: worker W1 completed task T10
1732831880.897197: 4303-7fe0d13df700: cdpl_server_sched.c:955: in _assign(): info: assigning task T0 to worker W1
1732831887.572551: 4303-7fe0d1be0700: cdpl_server_ipc.c:857: in _sv_on_finish(): info: worker W1 completed task T0
1732831887.572924: 4303-7fe0d13df700: cdpl_server_sched.c:955: in _assign(): info: assigning task T1 to worker W1
1732831894.160552: 4303-7fe0d1be0700: cdpl_server_ipc.c:857: in _sv_on_finish(): info: worker W1 completed task T1
1732831894.160597: 4303-7fe0d13df700: cdpl_server_sched.c:955: in _assign(): info: assigning task T2 to worker W1
1732831900.734924: 4303-7fe0d1be0700: cdpl_server_ipc.c:857: in _sv_on_finish(): info: worker W1 completed task T2
1732831900.734960: 4303-7fe0d13df700: cdpl_server_sched.c:955: in _assign(): info: assigning task T11 to worker W1
1732831907.343469: 4303-7fe0d1be0700: cdpl_server_ipc.c:857: in _sv_on_finish(): info: worker W1 completed task T11
1732831907.343510: 4303-7fe0d13df700: cdpl_server_sched.c:955: in _assign(): info: assigning task T12 to worker W1
1732831913.967292: 4303-7fe0d1be0700: cdpl_server_ipc.c:857: in _sv_on_finish(): info: worker W1 completed task T12
1732832041.878023: 4303-7fe0e96db0c0: cdpl_compat_master.c:5152: in cdplMasterLogInfo(): info: [non-CDPL log entry] Ending current CDPL job
1732832041.878225: 4303-7fe0e96db0c0: cdpl_server.c:2890: in cdpl_sv_halt_job_errno(): info: stopping job J1
1732832041.878326: 4303-7fe0d13df700: cdpl_server_sched.c:2711: in _sv_drop_worker(): info: down to 0 alive workers in B1
1732832041.878409: 4303-7fe0e96db0c0: cdpl_server.c:2875: in cdpl_sv_halt_job_errno(): info: killing job J1
1732832041.878420: 4303-7fe0e96db0c0: cdpl_server.c:288: in _sv_free_job(): info: freeing job J1
1732832041.878440: 4303-7fe0e96db0c0: cdpl_farm.c:2395: in cdpl_farm_free(): info: freeing farm
1732832041.878518: 4303-7fe0e96db0c0: cdpl_server.c:3011: in cdpl_sv_free(): info: freeing server S1273438767
1732832041.878523: 4303-7fe0e96db0c0: cdpl_server.c:2976: in cdpl_sv_kill_errno(): info: killing server
1732832041.878548: 4303-7fe0e96db0c0: cdpl_server.c:328: in _sv_free_master(): info: freeing master M1
1732832041.878776: 4303-7fe0e96db0c0: cdpl_log.c:371: in cdpl_log_close(): info: @@end_of_log@@
