Analysis & Synthesis report for FIFO
Thu Jul 25 23:15:19 2024
Quartus Prime Version 22.1std.2 Build 922 07/20/2023 SC Lite Edition


---------------------
; Table of Contents ;
---------------------
  1. Legal Notice
  2. Analysis & Synthesis Summary
  3. Analysis & Synthesis Settings
  4. Parallel Compilation
  5. Analysis & Synthesis Source Files Read
  6. Analysis & Synthesis Resource Usage Summary
  7. Analysis & Synthesis Resource Utilization by Entity
  8. Analysis & Synthesis RAM Summary
  9. General Register Statistics
 10. Registers Added for RAM Pass-Through Logic
 11. Multiplexer Restructuring Statistics (Restructuring Performed)
 12. Source assignments for altsyncram:FIFO_Mem_rtl_0|altsyncram_1fo1:auto_generated
 13. Parameter Settings for User Entity Instance: Top-level Entity: |FIFO
 14. Parameter Settings for Inferred Entity Instance: altsyncram:FIFO_Mem_rtl_0
 15. altsyncram Parameter Settings by Entity Instance
 16. Post-Synthesis Netlist Statistics for Top Partition
 17. Elapsed Time Per Partition
 18. Analysis & Synthesis Messages



----------------
; Legal Notice ;
----------------
Copyright (C) 2023  Intel Corporation. All rights reserved.
Your use of Intel Corporation's design tools, logic functions 
and other software and tools, and any partner logic 
functions, and any output files from any of the foregoing 
(including device programming or simulation files), and any 
associated documentation or information are expressly subject 
to the terms and conditions of the Intel Program License 
Subscription Agreement, the Intel Quartus Prime License Agreement,
the Intel FPGA IP License Agreement, or other applicable license
agreement, including, without limitation, that your use is for
the sole purpose of programming logic devices manufactured by
Intel and sold by Intel or its authorized distributors.  Please
refer to the applicable agreement for further details, at
https://fpgasoftware.intel.com/eula.



+----------------------------------------------------------------------------------+
; Analysis & Synthesis Summary                                                     ;
+---------------------------------+------------------------------------------------+
; Analysis & Synthesis Status     ; Successful - Thu Jul 25 23:15:19 2024          ;
; Quartus Prime Version           ; 22.1std.2 Build 922 07/20/2023 SC Lite Edition ;
; Revision Name                   ; FIFO                                           ;
; Top-level Entity Name           ; FIFO                                           ;
; Family                          ; Cyclone V                                      ;
; Logic utilization (in ALMs)     ; N/A                                            ;
; Total registers                 ; 60                                             ;
; Total pins                      ; 38                                             ;
; Total virtual pins              ; 0                                              ;
; Total block memory bits         ; 64                                             ;
; Total DSP Blocks                ; 0                                              ;
; Total HSSI RX PCSs              ; 0                                              ;
; Total HSSI PMA RX Deserializers ; 0                                              ;
; Total HSSI TX PCSs              ; 0                                              ;
; Total HSSI PMA TX Serializers   ; 0                                              ;
; Total PLLs                      ; 0                                              ;
; Total DLLs                      ; 0                                              ;
+---------------------------------+------------------------------------------------+


+---------------------------------------------------------------------------------------------------------------------------+
; Analysis & Synthesis Settings                                                                                             ;
+---------------------------------------------------------------------------------+--------------------+--------------------+
; Option                                                                          ; Setting            ; Default Value      ;
+---------------------------------------------------------------------------------+--------------------+--------------------+
; Device                                                                          ; 5CSEMA5F31C6       ;                    ;
; Top-level entity name                                                           ; FIFO               ; FIFO               ;
; Family name                                                                     ; Cyclone V          ; Cyclone V          ;
; Use smart compilation                                                           ; Off                ; Off                ;
; Enable parallel Assembler and Timing Analyzer during compilation                ; On                 ; On                 ;
; Enable compact report table                                                     ; Off                ; Off                ;
; Restructure Multiplexers                                                        ; Auto               ; Auto               ;
; MLAB Add Timing Constraints For Mixed-Port Feed-Through Mode Setting Don't Care ; Off                ; Off                ;
; Create Debugging Nodes for IP Cores                                             ; Off                ; Off                ;
; Preserve fewer node names                                                       ; On                 ; On                 ;
; Intel FPGA IP Evaluation Mode                                                   ; Enable             ; Enable             ;
; Verilog Version                                                                 ; Verilog_2001       ; Verilog_2001       ;
; VHDL Version                                                                    ; VHDL_1993          ; VHDL_1993          ;
; State Machine Processing                                                        ; Auto               ; Auto               ;
; Safe State Machine                                                              ; Off                ; Off                ;
; Extract Verilog State Machines                                                  ; On                 ; On                 ;
; Extract VHDL State Machines                                                     ; On                 ; On                 ;
; Ignore Verilog initial constructs                                               ; Off                ; Off                ;
; Iteration limit for constant Verilog loops                                      ; 5000               ; 5000               ;
; Iteration limit for non-constant Verilog loops                                  ; 250                ; 250                ;
; Add Pass-Through Logic to Inferred RAMs                                         ; On                 ; On                 ;
; Infer RAMs from Raw Logic                                                       ; On                 ; On                 ;
; Parallel Synthesis                                                              ; On                 ; On                 ;
; DSP Block Balancing                                                             ; Auto               ; Auto               ;
; NOT Gate Push-Back                                                              ; On                 ; On                 ;
; Power-Up Don't Care                                                             ; On                 ; On                 ;
; Remove Redundant Logic Cells                                                    ; Off                ; Off                ;
; Remove Duplicate Registers                                                      ; On                 ; On                 ;
; Ignore CARRY Buffers                                                            ; Off                ; Off                ;
; Ignore CASCADE Buffers                                                          ; Off                ; Off                ;
; Ignore GLOBAL Buffers                                                           ; Off                ; Off                ;
; Ignore ROW GLOBAL Buffers                                                       ; Off                ; Off                ;
; Ignore LCELL Buffers                                                            ; Off                ; Off                ;
; Ignore SOFT Buffers                                                             ; On                 ; On                 ;
; Limit AHDL Integers to 32 Bits                                                  ; Off                ; Off                ;
; Optimization Technique                                                          ; Balanced           ; Balanced           ;
; Carry Chain Length                                                              ; 70                 ; 70                 ;
; Auto Carry Chains                                                               ; On                 ; On                 ;
; Auto Open-Drain Pins                                                            ; On                 ; On                 ;
; Perform WYSIWYG Primitive Resynthesis                                           ; Off                ; Off                ;
; Auto ROM Replacement                                                            ; On                 ; On                 ;
; Auto RAM Replacement                                                            ; On                 ; On                 ;
; Auto DSP Block Replacement                                                      ; On                 ; On                 ;
; Auto Shift Register Replacement                                                 ; Auto               ; Auto               ;
; Allow Shift Register Merging across Hierarchies                                 ; Auto               ; Auto               ;
; Auto Clock Enable Replacement                                                   ; On                 ; On                 ;
; Strict RAM Replacement                                                          ; Off                ; Off                ;
; Allow Synchronous Control Signals                                               ; On                 ; On                 ;
; Force Use of Synchronous Clear Signals                                          ; Off                ; Off                ;
; Auto Resource Sharing                                                           ; Off                ; Off                ;
; Allow Any RAM Size For Recognition                                              ; Off                ; Off                ;
; Allow Any ROM Size For Recognition                                              ; Off                ; Off                ;
; Allow Any Shift Register Size For Recognition                                   ; Off                ; Off                ;
; Use LogicLock Constraints during Resource Balancing                             ; On                 ; On                 ;
; Ignore translate_off and synthesis_off directives                               ; Off                ; Off                ;
; Timing-Driven Synthesis                                                         ; On                 ; On                 ;
; Report Parameter Settings                                                       ; On                 ; On                 ;
; Report Source Assignments                                                       ; On                 ; On                 ;
; Report Connectivity Checks                                                      ; On                 ; On                 ;
; Ignore Maximum Fan-Out Assignments                                              ; Off                ; Off                ;
; Synchronization Register Chain Length                                           ; 3                  ; 3                  ;
; Power Optimization During Synthesis                                             ; Normal compilation ; Normal compilation ;
; HDL message level                                                               ; Level2             ; Level2             ;
; Suppress Register Optimization Related Messages                                 ; Off                ; Off                ;
; Number of Removed Registers Reported in Synthesis Report                        ; 5000               ; 5000               ;
; Number of Swept Nodes Reported in Synthesis Report                              ; 5000               ; 5000               ;
; Number of Inverted Registers Reported in Synthesis Report                       ; 100                ; 100                ;
; Clock MUX Protection                                                            ; On                 ; On                 ;
; Auto Gated Clock Conversion                                                     ; Off                ; Off                ;
; Block Design Naming                                                             ; Auto               ; Auto               ;
; SDC constraint protection                                                       ; Off                ; Off                ;
; Synthesis Effort                                                                ; Auto               ; Auto               ;
; Shift Register Replacement - Allow Asynchronous Clear Signal                    ; On                 ; On                 ;
; Pre-Mapping Resynthesis Optimization                                            ; Off                ; Off                ;
; Analysis & Synthesis Message Level                                              ; Medium             ; Medium             ;
; Disable Register Merging Across Hierarchies                                     ; Auto               ; Auto               ;
; Resource Aware Inference For Block RAM                                          ; On                 ; On                 ;
; Automatic Parallel Synthesis                                                    ; On                 ; On                 ;
; Partial Reconfiguration Bitstream ID                                            ; Off                ; Off                ;
+---------------------------------------------------------------------------------+--------------------+--------------------+


+------------------------------------------+
; Parallel Compilation                     ;
+----------------------------+-------------+
; Processors                 ; Number      ;
+----------------------------+-------------+
; Number detected on machine ; 16          ;
; Maximum allowed            ; 16          ;
;                            ;             ;
; Average used               ; 1.00        ;
; Maximum used               ; 16          ;
;                            ;             ;
; Usage by Processor         ; % Time Used ;
;     Processor 1            ; 100.0%      ;
;     Processors 2-16        ;   0.0%      ;
+----------------------------+-------------+


+--------------------------------------------------------------------------------------------------------------------------------------------------------------------------------------------------------------------------------------------------+
; Analysis & Synthesis Source Files Read                                                                                                                                                                                                           ;
+----------------------------------+-----------------+------------------------------+----------------------------------------------------------------------------------------------------------------------------------------------------+---------+
; File Name with User-Entered Path ; Used in Netlist ; File Type                    ; File Name with Absolute Path                                                                                                                       ; Library ;
+----------------------------------+-----------------+------------------------------+----------------------------------------------------------------------------------------------------------------------------------------------------+---------+
; FIFO.v                           ; yes             ; User Verilog HDL File        ; C:/Users/lmnjm/OneDrive/Documents/Grad School/Summer 2024/EE417 Programmable Logic Devices/Lecture 11/Examples/FIFO Example/FIFO.v                 ;         ;
; altsyncram.tdf                   ; yes             ; Megafunction                 ; c:/intelfpga_lite/22.1std/quartus/libraries/megafunctions/altsyncram.tdf                                                                           ;         ;
; stratix_ram_block.inc            ; yes             ; Megafunction                 ; c:/intelfpga_lite/22.1std/quartus/libraries/megafunctions/stratix_ram_block.inc                                                                    ;         ;
; lpm_mux.inc                      ; yes             ; Megafunction                 ; c:/intelfpga_lite/22.1std/quartus/libraries/megafunctions/lpm_mux.inc                                                                              ;         ;
; lpm_decode.inc                   ; yes             ; Megafunction                 ; c:/intelfpga_lite/22.1std/quartus/libraries/megafunctions/lpm_decode.inc                                                                           ;         ;
; aglobal221.inc                   ; yes             ; Megafunction                 ; c:/intelfpga_lite/22.1std/quartus/libraries/megafunctions/aglobal221.inc                                                                           ;         ;
; a_rdenreg.inc                    ; yes             ; Megafunction                 ; c:/intelfpga_lite/22.1std/quartus/libraries/megafunctions/a_rdenreg.inc                                                                            ;         ;
; altrom.inc                       ; yes             ; Megafunction                 ; c:/intelfpga_lite/22.1std/quartus/libraries/megafunctions/altrom.inc                                                                               ;         ;
; altram.inc                       ; yes             ; Megafunction                 ; c:/intelfpga_lite/22.1std/quartus/libraries/megafunctions/altram.inc                                                                               ;         ;
; altdpram.inc                     ; yes             ; Megafunction                 ; c:/intelfpga_lite/22.1std/quartus/libraries/megafunctions/altdpram.inc                                                                             ;         ;
; db/altsyncram_1fo1.tdf           ; yes             ; Auto-Generated Megafunction  ; C:/Users/lmnjm/OneDrive/Documents/Grad School/Summer 2024/EE417 Programmable Logic Devices/Lecture 11/Examples/FIFO Example/db/altsyncram_1fo1.tdf ;         ;
+----------------------------------+-----------------+------------------------------+----------------------------------------------------------------------------------------------------------------------------------------------------+---------+


+---------------------------------------------------------+
; Analysis & Synthesis Resource Usage Summary             ;
+---------------------------------------------+-----------+
; Resource                                    ; Usage     ;
+---------------------------------------------+-----------+
; Estimate of Logic utilization (ALMs needed) ; 32        ;
;                                             ;           ;
; Combinational ALUT usage for logic          ; 29        ;
;     -- 7 input functions                    ; 0         ;
;     -- 6 input functions                    ; 2         ;
;     -- 5 input functions                    ; 19        ;
;     -- 4 input functions                    ; 2         ;
;     -- <=3 input functions                  ; 6         ;
;                                             ;           ;
; Dedicated logic registers                   ; 60        ;
;                                             ;           ;
; I/O pins                                    ; 38        ;
; Total MLAB memory bits                      ; 0         ;
; Total block memory bits                     ; 64        ;
;                                             ;           ;
; Total DSP Blocks                            ; 0         ;
;                                             ;           ;
; Maximum fan-out node                        ; clk~input ;
; Maximum fan-out                             ; 76        ;
; Total fan-out                               ; 489       ;
; Average fan-out                             ; 2.70      ;
+---------------------------------------------+-----------+


+---------------------------------------------------------------------------------------------------------------------------------------------------------------------------------------------------------------------------------------------------+
; Analysis & Synthesis Resource Utilization by Entity                                                                                                                                                                                               ;
+----------------------------------------+---------------------+---------------------------+-------------------+------------+------+--------------+----------------------------------------------------------------+-----------------+--------------+
; Compilation Hierarchy Node             ; Combinational ALUTs ; Dedicated Logic Registers ; Block Memory Bits ; DSP Blocks ; Pins ; Virtual Pins ; Full Hierarchy Name                                            ; Entity Name     ; Library Name ;
+----------------------------------------+---------------------+---------------------------+-------------------+------------+------+--------------+----------------------------------------------------------------+-----------------+--------------+
; |FIFO                                  ; 29 (29)             ; 60 (60)                   ; 64                ; 0          ; 38   ; 0            ; |FIFO                                                          ; FIFO            ; work         ;
;    |altsyncram:FIFO_Mem_rtl_0|         ; 0 (0)               ; 0 (0)                     ; 64                ; 0          ; 0    ; 0            ; |FIFO|altsyncram:FIFO_Mem_rtl_0                                ; altsyncram      ; work         ;
;       |altsyncram_1fo1:auto_generated| ; 0 (0)               ; 0 (0)                     ; 64                ; 0          ; 0    ; 0            ; |FIFO|altsyncram:FIFO_Mem_rtl_0|altsyncram_1fo1:auto_generated ; altsyncram_1fo1 ; work         ;
+----------------------------------------+---------------------+---------------------------+-------------------+------------+------+--------------+----------------------------------------------------------------+-----------------+--------------+
Note: For table entries with two numbers listed, the numbers in parentheses indicate the number of resources of the given type used by the specific entity alone. The numbers listed outside of parentheses indicate the total resources of the given type used by the specific entity and all of its sub-entities in the hierarchy.


+-------------------------------------------------------------------------------------------------------------------------------------------------------------------------+
; Analysis & Synthesis RAM Summary                                                                                                                                        ;
+---------------------------------------------------------------------+------+------------------+--------------+--------------+--------------+--------------+------+------+
; Name                                                                ; Type ; Mode             ; Port A Depth ; Port A Width ; Port B Depth ; Port B Width ; Size ; MIF  ;
+---------------------------------------------------------------------+------+------------------+--------------+--------------+--------------+--------------+------+------+
; altsyncram:FIFO_Mem_rtl_0|altsyncram_1fo1:auto_generated|ALTSYNCRAM ; AUTO ; Simple Dual Port ; 4            ; 16           ; 4            ; 16           ; 64   ; None ;
+---------------------------------------------------------------------+------+------------------+--------------+--------------+--------------+--------------+------+------+


+------------------------------------------------------+
; General Register Statistics                          ;
+----------------------------------------------+-------+
; Statistic                                    ; Value ;
+----------------------------------------------+-------+
; Total registers                              ; 60    ;
; Number of registers using Synchronous Clear  ; 0     ;
; Number of registers using Synchronous Load   ; 0     ;
; Number of registers using Asynchronous Clear ; 25    ;
; Number of registers using Asynchronous Load  ; 0     ;
; Number of registers using Clock Enable       ; 37    ;
; Number of registers using Preset             ; 0     ;
+----------------------------------------------+-------+


+--------------------------------------------+
; Registers Added for RAM Pass-Through Logic ;
+---------------------------+----------------+
; Register Name             ; RAM Name       ;
+---------------------------+----------------+
; FIFO_Mem_rtl_0_bypass[0]  ; FIFO_Mem_rtl_0 ;
; FIFO_Mem_rtl_0_bypass[1]  ; FIFO_Mem_rtl_0 ;
; FIFO_Mem_rtl_0_bypass[2]  ; FIFO_Mem_rtl_0 ;
; FIFO_Mem_rtl_0_bypass[3]  ; FIFO_Mem_rtl_0 ;
; FIFO_Mem_rtl_0_bypass[4]  ; FIFO_Mem_rtl_0 ;
; FIFO_Mem_rtl_0_bypass[5]  ; FIFO_Mem_rtl_0 ;
; FIFO_Mem_rtl_0_bypass[6]  ; FIFO_Mem_rtl_0 ;
; FIFO_Mem_rtl_0_bypass[7]  ; FIFO_Mem_rtl_0 ;
; FIFO_Mem_rtl_0_bypass[8]  ; FIFO_Mem_rtl_0 ;
; FIFO_Mem_rtl_0_bypass[9]  ; FIFO_Mem_rtl_0 ;
; FIFO_Mem_rtl_0_bypass[10] ; FIFO_Mem_rtl_0 ;
; FIFO_Mem_rtl_0_bypass[11] ; FIFO_Mem_rtl_0 ;
; FIFO_Mem_rtl_0_bypass[12] ; FIFO_Mem_rtl_0 ;
; FIFO_Mem_rtl_0_bypass[13] ; FIFO_Mem_rtl_0 ;
; FIFO_Mem_rtl_0_bypass[14] ; FIFO_Mem_rtl_0 ;
; FIFO_Mem_rtl_0_bypass[15] ; FIFO_Mem_rtl_0 ;
; FIFO_Mem_rtl_0_bypass[16] ; FIFO_Mem_rtl_0 ;
; FIFO_Mem_rtl_0_bypass[17] ; FIFO_Mem_rtl_0 ;
; FIFO_Mem_rtl_0_bypass[18] ; FIFO_Mem_rtl_0 ;
; FIFO_Mem_rtl_0_bypass[19] ; FIFO_Mem_rtl_0 ;
; FIFO_Mem_rtl_0_bypass[20] ; FIFO_Mem_rtl_0 ;
+---------------------------+----------------+


+------------------------------------------------------------------------------------------------------------------------------------------+
; Multiplexer Restructuring Statistics (Restructuring Performed)                                                                           ;
+--------------------+-----------+---------------+----------------------+------------------------+------------+----------------------------+
; Multiplexer Inputs ; Bus Width ; Baseline Area ; Area if Restructured ; Saving if Restructured ; Registered ; Example Multiplexer Output ;
+--------------------+-----------+---------------+----------------------+------------------------+------------+----------------------------+
; 3:1                ; 16 bits   ; 32 LEs        ; 32 LEs               ; 0 LEs                  ; Yes        ; |FIFO|Data_out[0]~reg0     ;
+--------------------+-----------+---------------+----------------------+------------------------+------------+----------------------------+


+---------------------------------------------------------------------------------+
; Source assignments for altsyncram:FIFO_Mem_rtl_0|altsyncram_1fo1:auto_generated ;
+---------------------------------+--------------------+------+-------------------+
; Assignment                      ; Value              ; From ; To                ;
+---------------------------------+--------------------+------+-------------------+
; OPTIMIZE_POWER_DURING_SYNTHESIS ; NORMAL_COMPILATION ; -    ; -                 ;
+---------------------------------+--------------------+------+-------------------+


+----------------------------------------------------------------------+
; Parameter Settings for User Entity Instance: Top-level Entity: |FIFO ;
+----------------+-------+---------------------------------------------+
; Parameter Name ; Value ; Type                                        ;
+----------------+-------+---------------------------------------------+
; FIFO_width     ; 16    ; Signed Integer                              ;
; FIFO_height    ; 4     ; Signed Integer                              ;
; ptr_width      ; 2     ; Signed Integer                              ;
+----------------+-------+---------------------------------------------+
Note: In order to hide this table in the UI and the text report file, please set the "Show Parameter Settings in Synthesis Report" option in "Analysis and Synthesis Settings -> More Settings" to "Off".


+----------------------------------------------------------------------------+
; Parameter Settings for Inferred Entity Instance: altsyncram:FIFO_Mem_rtl_0 ;
+------------------------------------+----------------------+----------------+
; Parameter Name                     ; Value                ; Type           ;
+------------------------------------+----------------------+----------------+
; BYTE_SIZE_BLOCK                    ; 8                    ; Untyped        ;
; AUTO_CARRY_CHAINS                  ; ON                   ; AUTO_CARRY     ;
; IGNORE_CARRY_BUFFERS               ; OFF                  ; IGNORE_CARRY   ;
; AUTO_CASCADE_CHAINS                ; ON                   ; AUTO_CASCADE   ;
; IGNORE_CASCADE_BUFFERS             ; OFF                  ; IGNORE_CASCADE ;
; WIDTH_BYTEENA                      ; 1                    ; Untyped        ;
; OPERATION_MODE                     ; DUAL_PORT            ; Untyped        ;
; WIDTH_A                            ; 16                   ; Untyped        ;
; WIDTHAD_A                          ; 2                    ; Untyped        ;
; NUMWORDS_A                         ; 4                    ; Untyped        ;
; OUTDATA_REG_A                      ; UNREGISTERED         ; Untyped        ;
; ADDRESS_ACLR_A                     ; NONE                 ; Untyped        ;
; OUTDATA_ACLR_A                     ; NONE                 ; Untyped        ;
; WRCONTROL_ACLR_A                   ; NONE                 ; Untyped        ;
; INDATA_ACLR_A                      ; NONE                 ; Untyped        ;
; BYTEENA_ACLR_A                     ; NONE                 ; Untyped        ;
; WIDTH_B                            ; 16                   ; Untyped        ;
; WIDTHAD_B                          ; 2                    ; Untyped        ;
; NUMWORDS_B                         ; 4                    ; Untyped        ;
; INDATA_REG_B                       ; CLOCK1               ; Untyped        ;
; WRCONTROL_WRADDRESS_REG_B          ; CLOCK1               ; Untyped        ;
; RDCONTROL_REG_B                    ; CLOCK1               ; Untyped        ;
; ADDRESS_REG_B                      ; CLOCK0               ; Untyped        ;
; OUTDATA_REG_B                      ; UNREGISTERED         ; Untyped        ;
; BYTEENA_REG_B                      ; CLOCK1               ; Untyped        ;
; INDATA_ACLR_B                      ; NONE                 ; Untyped        ;
; WRCONTROL_ACLR_B                   ; NONE                 ; Untyped        ;
; ADDRESS_ACLR_B                     ; NONE                 ; Untyped        ;
; OUTDATA_ACLR_B                     ; NONE                 ; Untyped        ;
; RDCONTROL_ACLR_B                   ; NONE                 ; Untyped        ;
; BYTEENA_ACLR_B                     ; NONE                 ; Untyped        ;
; WIDTH_BYTEENA_A                    ; 1                    ; Untyped        ;
; WIDTH_BYTEENA_B                    ; 1                    ; Untyped        ;
; RAM_BLOCK_TYPE                     ; AUTO                 ; Untyped        ;
; BYTE_SIZE                          ; 8                    ; Untyped        ;
; READ_DURING_WRITE_MODE_MIXED_PORTS ; OLD_DATA             ; Untyped        ;
; READ_DURING_WRITE_MODE_PORT_A      ; NEW_DATA_NO_NBE_READ ; Untyped        ;
; READ_DURING_WRITE_MODE_PORT_B      ; NEW_DATA_NO_NBE_READ ; Untyped        ;
; INIT_FILE                          ; UNUSED               ; Untyped        ;
; INIT_FILE_LAYOUT                   ; PORT_A               ; Untyped        ;
; MAXIMUM_DEPTH                      ; 0                    ; Untyped        ;
; CLOCK_ENABLE_INPUT_A               ; NORMAL               ; Untyped        ;
; CLOCK_ENABLE_INPUT_B               ; NORMAL               ; Untyped        ;
; CLOCK_ENABLE_OUTPUT_A              ; NORMAL               ; Untyped        ;
; CLOCK_ENABLE_OUTPUT_B              ; NORMAL               ; Untyped        ;
; CLOCK_ENABLE_CORE_A                ; USE_INPUT_CLKEN      ; Untyped        ;
; CLOCK_ENABLE_CORE_B                ; USE_INPUT_CLKEN      ; Untyped        ;
; ENABLE_ECC                         ; FALSE                ; Untyped        ;
; ECC_PIPELINE_STAGE_ENABLED         ; FALSE                ; Untyped        ;
; WIDTH_ECCSTATUS                    ; 3                    ; Untyped        ;
; DEVICE_FAMILY                      ; Cyclone V            ; Untyped        ;
; CBXI_PARAMETER                     ; altsyncram_1fo1      ; Untyped        ;
+------------------------------------+----------------------+----------------+
Note: In order to hide this table in the UI and the text report file, please set the "Show Parameter Settings in Synthesis Report" option in "Analysis and Synthesis Settings -> More Settings" to "Off".


+-----------------------------------------------------------------------+
; altsyncram Parameter Settings by Entity Instance                      ;
+-------------------------------------------+---------------------------+
; Name                                      ; Value                     ;
+-------------------------------------------+---------------------------+
; Number of entity instances                ; 1                         ;
; Entity Instance                           ; altsyncram:FIFO_Mem_rtl_0 ;
;     -- OPERATION_MODE                     ; DUAL_PORT                 ;
;     -- WIDTH_A                            ; 16                        ;
;     -- NUMWORDS_A                         ; 4                         ;
;     -- OUTDATA_REG_A                      ; UNREGISTERED              ;
;     -- WIDTH_B                            ; 16                        ;
;     -- NUMWORDS_B                         ; 4                         ;
;     -- ADDRESS_REG_B                      ; CLOCK0                    ;
;     -- OUTDATA_REG_B                      ; UNREGISTERED              ;
;     -- RAM_BLOCK_TYPE                     ; AUTO                      ;
;     -- READ_DURING_WRITE_MODE_MIXED_PORTS ; OLD_DATA                  ;
+-------------------------------------------+---------------------------+


+-----------------------------------------------------+
; Post-Synthesis Netlist Statistics for Top Partition ;
+-----------------------+-----------------------------+
; Type                  ; Count                       ;
+-----------------------+-----------------------------+
; arriav_ff             ; 60                          ;
;     CLR               ; 4                           ;
;     ENA               ; 16                          ;
;     ENA CLR           ; 21                          ;
;     plain             ; 19                          ;
; arriav_lcell_comb     ; 31                          ;
;     normal            ; 31                          ;
;         0 data inputs ; 1                           ;
;         1 data inputs ; 4                           ;
;         2 data inputs ; 2                           ;
;         3 data inputs ; 1                           ;
;         4 data inputs ; 2                           ;
;         5 data inputs ; 19                          ;
;         6 data inputs ; 2                           ;
; boundary_port         ; 38                          ;
; stratixv_ram_block    ; 16                          ;
;                       ;                             ;
; Max LUT depth         ; 2.00                        ;
; Average LUT depth     ; 0.94                        ;
+-----------------------+-----------------------------+


+-------------------------------+
; Elapsed Time Per Partition    ;
+----------------+--------------+
; Partition Name ; Elapsed Time ;
+----------------+--------------+
; Top            ; 00:00:00     ;
+----------------+--------------+


+-------------------------------+
; Analysis & Synthesis Messages ;
+-------------------------------+
Info: *******************************************************************
Info: Running Quartus Prime Analysis & Synthesis
    Info: Version 22.1std.2 Build 922 07/20/2023 SC Lite Edition
    Info: Processing started: Thu Jul 25 23:15:02 2024
Info: Command: quartus_map --read_settings_files=on --write_settings_files=off FIFO -c FIFO
Warning (18236): Number of processors has not been specified which may cause overloading on shared machines.  Set the global assignment NUM_PARALLEL_PROCESSORS in your QSF to an appropriate value for best performance.
Info (20030): Parallel compilation is enabled and will use 16 of the 16 processors detected
Info (12021): Found 1 design units, including 1 entities, in source file fifo.v
    Info (12023): Found entity 1: FIFO File: C:/Users/lmnjm/OneDrive/Documents/Grad School/Summer 2024/EE417 Programmable Logic Devices/Lecture 11/Examples/FIFO Example/FIFO.v Line: 3
Info (12021): Found 1 design units, including 1 entities, in source file fifo_tb.v
    Info (12023): Found entity 1: FIFO_tb File: C:/Users/lmnjm/OneDrive/Documents/Grad School/Summer 2024/EE417 Programmable Logic Devices/Lecture 11/Examples/FIFO Example/FIFO_tb.v Line: 2
Info (12127): Elaborating entity "FIFO" for the top level hierarchy
Warning (10230): Verilog HDL assignment warning at FIFO.v(46): truncated value with size 32 to match size of target (2) File: C:/Users/lmnjm/OneDrive/Documents/Grad School/Summer 2024/EE417 Programmable Logic Devices/Lecture 11/Examples/FIFO Example/FIFO.v Line: 46
Warning (10230): Verilog HDL assignment warning at FIFO.v(47): truncated value with size 32 to match size of target (2) File: C:/Users/lmnjm/OneDrive/Documents/Grad School/Summer 2024/EE417 Programmable Logic Devices/Lecture 11/Examples/FIFO Example/FIFO.v Line: 47
Warning (10230): Verilog HDL assignment warning at FIFO.v(52): truncated value with size 32 to match size of target (2) File: C:/Users/lmnjm/OneDrive/Documents/Grad School/Summer 2024/EE417 Programmable Logic Devices/Lecture 11/Examples/FIFO Example/FIFO.v Line: 52
Warning (10230): Verilog HDL assignment warning at FIFO.v(53): truncated value with size 32 to match size of target (2) File: C:/Users/lmnjm/OneDrive/Documents/Grad School/Summer 2024/EE417 Programmable Logic Devices/Lecture 11/Examples/FIFO Example/FIFO.v Line: 53
Warning (276020): Inferred RAM node "FIFO_Mem_rtl_0" from synchronous design logic.  Pass-through logic has been added to match the read-during-write behavior of the original design.
Info (19000): Inferred 1 megafunctions from design logic
    Info (276029): Inferred altsyncram megafunction from the following design logic: "FIFO_Mem_rtl_0" 
        Info (286033): Parameter OPERATION_MODE set to DUAL_PORT
        Info (286033): Parameter WIDTH_A set to 16
        Info (286033): Parameter WIDTHAD_A set to 2
        Info (286033): Parameter NUMWORDS_A set to 4
        Info (286033): Parameter WIDTH_B set to 16
        Info (286033): Parameter WIDTHAD_B set to 2
        Info (286033): Parameter NUMWORDS_B set to 4
        Info (286033): Parameter ADDRESS_ACLR_A set to NONE
        Info (286033): Parameter OUTDATA_REG_B set to UNREGISTERED
        Info (286033): Parameter ADDRESS_ACLR_B set to NONE
        Info (286033): Parameter OUTDATA_ACLR_B set to NONE
        Info (286033): Parameter ADDRESS_REG_B set to CLOCK0
        Info (286033): Parameter INDATA_ACLR_A set to NONE
        Info (286033): Parameter WRCONTROL_ACLR_A set to NONE
        Info (286033): Parameter READ_DURING_WRITE_MODE_MIXED_PORTS set to OLD_DATA
Info (12130): Elaborated megafunction instantiation "altsyncram:FIFO_Mem_rtl_0"
Info (12133): Instantiated megafunction "altsyncram:FIFO_Mem_rtl_0" with the following parameter:
    Info (12134): Parameter "OPERATION_MODE" = "DUAL_PORT"
    Info (12134): Parameter "WIDTH_A" = "16"
    Info (12134): Parameter "WIDTHAD_A" = "2"
    Info (12134): Parameter "NUMWORDS_A" = "4"
    Info (12134): Parameter "WIDTH_B" = "16"
    Info (12134): Parameter "WIDTHAD_B" = "2"
    Info (12134): Parameter "NUMWORDS_B" = "4"
    Info (12134): Parameter "ADDRESS_ACLR_A" = "NONE"
    Info (12134): Parameter "OUTDATA_REG_B" = "UNREGISTERED"
    Info (12134): Parameter "ADDRESS_ACLR_B" = "NONE"
    Info (12134): Parameter "OUTDATA_ACLR_B" = "NONE"
    Info (12134): Parameter "ADDRESS_REG_B" = "CLOCK0"
    Info (12134): Parameter "INDATA_ACLR_A" = "NONE"
    Info (12134): Parameter "WRCONTROL_ACLR_A" = "NONE"
    Info (12134): Parameter "READ_DURING_WRITE_MODE_MIXED_PORTS" = "OLD_DATA"
Info (12021): Found 1 design units, including 1 entities, in source file db/altsyncram_1fo1.tdf
    Info (12023): Found entity 1: altsyncram_1fo1 File: C:/Users/lmnjm/OneDrive/Documents/Grad School/Summer 2024/EE417 Programmable Logic Devices/Lecture 11/Examples/FIFO Example/db/altsyncram_1fo1.tdf Line: 28
Warning (13024): Output pins are stuck at VCC or GND
    Warning (13410): Pin "full" is stuck at GND File: C:/Users/lmnjm/OneDrive/Documents/Grad School/Summer 2024/EE417 Programmable Logic Devices/Lecture 11/Examples/FIFO Example/FIFO.v Line: 18
Info (286030): Timing-Driven Synthesis is running
Info (16010): Generating hard_block partition "hard_block:auto_generated_inst"
    Info (16011): Adding 0 node(s), including 0 DDIO, 0 PLL, 0 transceiver and 0 LCELL
Info (21057): Implemented 121 device resources after synthesis - the final resource count might be different
    Info (21058): Implemented 20 input pins
    Info (21059): Implemented 18 output pins
    Info (21061): Implemented 67 logic cells
    Info (21064): Implemented 16 RAM segments
Info: Quartus Prime Analysis & Synthesis was successful. 0 errors, 8 warnings
    Info: Peak virtual memory: 4879 megabytes
    Info: Processing ended: Thu Jul 25 23:15:19 2024
    Info: Elapsed time: 00:00:17
    Info: Total CPU time (on all processors): 00:00:08


