1731202028.268982: 5755-7f00f64250c0: cdpl_log.c:228: in cdpl_log_open(): info: @@start_of_log@@
1731202028.269008: 5755-7f00f64250c0: cdpl_log.c:866: in cdpl_log_dump_sysinfo(): info: time: 2024/11/09 19:27:08 CST -0600
1731202028.269011: 5755-7f00f64250c0: cdpl_log.c:868: in cdpl_log_dump_sysinfo(): info: version: T-2022.03 
1731202028.269013: 5755-7f00f64250c0: cdpl_log.c:870: in cdpl_log_dump_sysinfo(): info: system: Linux 3.10.0-1160.119.1.el7.x86_64 #1 SMP Tue May 14 11:55:25 EDT 2024
1731202028.269015: 5755-7f00f64250c0: cdpl_log.c:875: in cdpl_log_dump_sysinfo(): info: processor: x86_64 64-bits
1731202028.269016: 5755-7f00f64250c0: cdpl_log.c:879: in cdpl_log_dump_sysinfo(): info: hostname: engnx03a.utdallas.edu
1731202028.269018: 5755-7f00f64250c0: cdpl_log.c:230: in cdpl_log_open(): debug: path: /home/eng/d/dal852207/cad/gf65/primelib_gf65/NAND2/runtime/cdpl/pid5755/master.3.engnx03a.utdallas.edu.5755.log
1731202028.269021: 5755-7f00f64250c0: cdpl_log.c:231: in cdpl_log_open(): debug: dir: /home/eng/d/dal852207/cad/gf65/primelib_gf65/NAND2/runtime/cdpl/pid5755
1731202028.269029: 5755-7f00f64250c0: cdpl_log.c:758: in cdpl_log_set_filter(): info: filter level 1
1731202028.269038: 5755-7f00f64250c0: cdpl_server.c:543: in cdpl_sv_init(): info: new server S1093124148
1731202028.269061: 5755-7f00f64250c0: cdpl_ipc.c:3030: in cdpl_ipc_init(): info: requesting IPv4 protocol
1731202028.269507: 5755-7f00f64250c0: cdpl_ipc.c:800: in _selectaddrfamily(): info: selected IPv4 protocol
1731202028.269913: 5755-7f00f64250c0: cdpl_server.c:657: in cdpl_sv_new_master(): info: new master M1
1731202028.269941: 5755-7f00f64250c0: cdpl_server.c:5494: in cdpl_sv_ctl_master(): info: Setting worker heartbeat to 60 seconds
1731202028.269943: 5755-7f00f64250c0: cdpl_server.c:5503: in cdpl_sv_ctl_master(): info: Setting worker heartbeat timeout to 3 heartbeats
1731202028.269949: 5755-7f00f64250c0: cdpl_compat_master.c:2407: in cdplInitMaster(): info: bcast dir is `/dev/null'
1731202028.270028: 5755-7f00f64250c0: cdpl_server.c:5394: in cdpl_sv_ctl_master(): info: farm worker timeout set to 36000
1731202028.270030: 5755-7f00f64250c0: cdpl_server.c:5410: in cdpl_sv_ctl_master(): info: grid worker timeout set to 36000
1731202028.270032: 5755-7f00f64250c0: cdpl_server.c:5438: in cdpl_sv_ctl_master(): info: farm submit command failure threshold set to 100
1731202028.270062: 5755-7f00f64250c0: cdpl_farm.c:2268: in cdpl_farm_new_sh(): info: creating SH farm on localhost
1731202028.270073: 5755-7f00f64250c0: cdpl_compat_master.c:207: in _set_farm_env(): info: exporting CDPL_LOGDIR as `/home/eng/d/dal852207/cad/gf65/primelib_gf65/NAND2/runtime/cdpl/pid5755'
1731202028.270076: 5755-7f00f64250c0: cdpl_compat_master.c:213: in _set_farm_env(): info: exporting CDPL_TMPDIR as `/var/tmp'
1731202028.270078: 5755-7f00f64250c0: cdpl_compat_master.c:220: in _set_farm_env(): info: exporting CDPL_HOME as `/proj/cad/synopsys/synopsys_2021/primelib/T-2022.03-SP1/cdpl_runtime_linux64'
1731202028.270081: 5755-7f00f64250c0: cdpl_compat_master.c:227: in _set_farm_env(): info: exporting SNPSLMD_LICENSE_FILE as `1700@engdmv.utdallas.edu'
1731202028.270084: 5755-7f00f64250c0: cdpl_compat_master.c:247: in _set_farm_env(): info: exporting CDPL_OPTIONS as `[filter][nowlogs]'
1731202028.270087: 5755-7f00f64250c0: cdpl_compat_master.c:254: in _set_farm_env(): info: exporting DISPLAY as `:1005'
1731202028.270090: 5755-7f00f64250c0: cdpl_compat_master.c:262: in _set_farm_env(): info: exporting CDPL_HEARTBEAT as `60'
1731202028.270094: 5755-7f00f64250c0: cdpl_compat_master.c:348: in _set_farm_env(): info: exporting SIS_MALIBU as `2'
1731202028.270096: 5755-7f00f64250c0: cdpl_compat_master.c:348: in _set_farm_env(): info: exporting SIS_CDPL as `5'
1731202028.312873: 5755-7f00f64250c0: cdpl_server.c:738: in cdpl_sv_new_job(): info: new job J1 in M1
1731202028.312888: 5755-7f00f64250c0: cdpl_compat_master.c:1314: in _add_worker(): info: new worker type 100, min:1, max:1, cmd:`/home/eng/d/dal852207/cad/gf65/primelib_gf65/NAND2/runtime/cdpl/pid5755/run_5755.sh'
1731202028.312895: 5755-7f00f64250c0: cdpl_server.c:900: in cdpl_sv_new_bin_withfarm(): info: new bin B1 in J1
1731202028.318632: 5755-7f00f64250c0: cdpl_server.c:3116: in cdpl_sv_start_job(): info: starting job J1
1731202028.326792: 5755-7f00f64250c0: cdpl_server.c:1824: in _sv_gen_task(): info: new task T0 in B1 (prio 3)
1731202028.326800: 5755-7f00f64250c0: cdpl_server.c:2558: in cdpl_sv_label_task_va(): info: setting task T0 label to "leakage_power__ACQ_1 of NAND2"
1731202028.326839: 5755-7f00f64250c0: cdpl_server.c:1824: in _sv_gen_task(): info: new task T1 in B1 (prio 2)
1731202028.326864: 5755-7f00dd928700: cdpl_server_sched.c:700: in _sv_launch_worker(): info: started worker W1 (as C1) in bin B1
1731202028.326879: 5755-7f00de129700: cdpl_farm.c:1899: in _schedule(): info: worker submit failure threshold set to 100
1731202028.326890: 5755-7f00de129700: cdpl_sh.c:49: in _sh_detached_submit(): info: SH : /home/eng/d/dal852207/cad/gf65/primelib_gf65/NAND2/runtime/cdpl/pid5755/run_5755.sh
1731202028.326901: 5755-7f00f64250c0: cdpl_server.c:2558: in cdpl_sv_label_task_va(): info: setting task T1 label to "delay__VA__lh__OUT__hl__ACQ_1 of NAND2"
1731202028.330377: 5755-7f00f64250c0: cdpl_server.c:1824: in _sv_gen_task(): info: new task T2 in B1 (prio 2)
1731202028.330395: 5755-7f00f64250c0: cdpl_server.c:2558: in cdpl_sv_label_task_va(): info: setting task T2 label to "delay__VA__hl__OUT__lh__ACQ_1 of NAND2"
1731202028.330466: 5755-7f00f64250c0: cdpl_server.c:1824: in _sv_gen_task(): info: new task T3 in B1 (prio 5)
1731202028.330469: 5755-7f00f64250c0: cdpl_server.c:2558: in cdpl_sv_label_task_va(): info: setting task T3 label to "Cin__VSS__lh__ACQ_1 of NAND2"
1731202028.330509: 5755-7f00f64250c0: cdpl_server.c:1824: in _sv_gen_task(): info: new task T4 in B1 (prio 5)
1731202028.330511: 5755-7f00f64250c0: cdpl_server.c:2558: in cdpl_sv_label_task_va(): info: setting task T4 label to "Cin__VSS__hl__ACQ_1 of NAND2"
1731202028.330557: 5755-7f00f64250c0: cdpl_server.c:1824: in _sv_gen_task(): info: new task T5 in B1 (prio 2)
1731202028.330560: 5755-7f00f64250c0: cdpl_server.c:2558: in cdpl_sv_label_task_va(): info: setting task T5 label to "delay__VB__lh__OUT__hl__ACQ_1 of NAND2"
1731202028.330591: 5755-7f00f64250c0: cdpl_server.c:1824: in _sv_gen_task(): info: new task T6 in B1 (prio 2)
1731202028.330594: 5755-7f00f64250c0: cdpl_server.c:2558: in cdpl_sv_label_task_va(): info: setting task T6 label to "delay__VB__hl__OUT__lh__ACQ_1 of NAND2"
1731202028.330626: 5755-7f00f64250c0: cdpl_server.c:1824: in _sv_gen_task(): info: new task T7 in B1 (prio 5)
1731202028.330628: 5755-7f00f64250c0: cdpl_server.c:2558: in cdpl_sv_label_task_va(): info: setting task T7 label to "Cin__VDD__lh__ACQ_1 of NAND2"
1731202028.330665: 5755-7f00f64250c0: cdpl_server.c:1824: in _sv_gen_task(): info: new task T8 in B1 (prio 5)
1731202028.330668: 5755-7f00f64250c0: cdpl_server.c:2558: in cdpl_sv_label_task_va(): info: setting task T8 label to "Cin__VDD__hl__ACQ_1 of NAND2"
1731202028.988456: 5755-7f00de92a700: cdpl_server_ipc.c:452: in _sv_on_hello(): info: W1 is `10.182.66.68:51204'
1731202028.988476: 5755-7f00de92a700: cdpl_server_ipc.c:454: in _sv_on_hello(): info: W1 log file is /dev/null
1731202028.988485: 5755-7f00de92a700: cdpl_server_ipc.c:481: in _sv_on_hello(): info: up to 1 alive workers in B1
1731202028.988504: 5755-7f00dd928700: cdpl_server_sched.c:955: in _assign(): info: assigning task T1 to worker W1
1731202036.001869: 5755-7f00de92a700: cdpl_server_ipc.c:857: in _sv_on_finish(): info: worker W1 completed task T1
1731202036.001905: 5755-7f00dd928700: cdpl_server_sched.c:955: in _assign(): info: assigning task T2 to worker W1
1731202042.591521: 5755-7f00de92a700: cdpl_server_ipc.c:857: in _sv_on_finish(): info: worker W1 completed task T2
1731202042.591550: 5755-7f00dd928700: cdpl_server_sched.c:955: in _assign(): info: assigning task T5 to worker W1
1731202049.275253: 5755-7f00de92a700: cdpl_server_ipc.c:857: in _sv_on_finish(): info: worker W1 completed task T5
1731202049.275299: 5755-7f00dd928700: cdpl_server_sched.c:955: in _assign(): info: assigning task T6 to worker W1
1731202055.943945: 5755-7f00de92a700: cdpl_server_ipc.c:857: in _sv_on_finish(): info: worker W1 completed task T6
1731202055.943988: 5755-7f00dd928700: cdpl_server_sched.c:955: in _assign(): info: assigning task T0 to worker W1
1731202062.514459: 5755-7f00de92a700: cdpl_server_ipc.c:857: in _sv_on_finish(): info: worker W1 completed task T0
1731202062.514492: 5755-7f00dd928700: cdpl_server_sched.c:955: in _assign(): info: assigning task T3 to worker W1
1731202069.027208: 5755-7f00de92a700: cdpl_server_ipc.c:857: in _sv_on_finish(): info: worker W1 completed task T3
1731202069.027491: 5755-7f00dd928700: cdpl_server_sched.c:955: in _assign(): info: assigning task T4 to worker W1
1731202075.535970: 5755-7f00de92a700: cdpl_server_ipc.c:857: in _sv_on_finish(): info: worker W1 completed task T4
1731202075.536006: 5755-7f00dd928700: cdpl_server_sched.c:955: in _assign(): info: assigning task T7 to worker W1
1731202081.952480: 5755-7f00de92a700: cdpl_server_ipc.c:857: in _sv_on_finish(): info: worker W1 completed task T7
1731202081.952509: 5755-7f00dd928700: cdpl_server_sched.c:955: in _assign(): info: assigning task T8 to worker W1
1731202088.461347: 5755-7f00de92a700: cdpl_server_ipc.c:857: in _sv_on_finish(): info: worker W1 completed task T8
1731202449.498649: 5755-7f00f64250c0: cdpl_compat_master.c:5152: in cdplMasterLogInfo(): info: [non-CDPL log entry] Ending current CDPL job
1731202449.498857: 5755-7f00f64250c0: cdpl_server.c:2890: in cdpl_sv_halt_job_errno(): info: stopping job J1
1731202449.498944: 5755-7f00dd928700: cdpl_server_sched.c:2711: in _sv_drop_worker(): info: down to 0 alive workers in B1
1731202449.498984: 5755-7f00f64250c0: cdpl_server.c:2875: in cdpl_sv_halt_job_errno(): info: killing job J1
1731202449.498997: 5755-7f00f64250c0: cdpl_server.c:288: in _sv_free_job(): info: freeing job J1
1731202449.499022: 5755-7f00f64250c0: cdpl_farm.c:2395: in cdpl_farm_free(): info: freeing farm
1731202449.499099: 5755-7f00f64250c0: cdpl_server.c:3011: in cdpl_sv_free(): info: freeing server S1093124148
1731202449.499101: 5755-7f00f64250c0: cdpl_server.c:2976: in cdpl_sv_kill_errno(): info: killing server
1731202449.499261: 5755-7f00f64250c0: cdpl_server.c:328: in _sv_free_master(): info: freeing master M1
1731202449.499297: 5755-7f00f64250c0: cdpl_log.c:371: in cdpl_log_close(): info: @@end_of_log@@
