1732838763.522079: 12879-7fac6c63d0c0: cdpl_log.c:228: in cdpl_log_open(): info: @@start_of_log@@
1732838763.522108: 12879-7fac6c63d0c0: cdpl_log.c:866: in cdpl_log_dump_sysinfo(): info: time: 2024/11/28 18:06:03 CST -0600
1732838763.522113: 12879-7fac6c63d0c0: cdpl_log.c:868: in cdpl_log_dump_sysinfo(): info: version: T-2022.03 
1732838763.522115: 12879-7fac6c63d0c0: cdpl_log.c:870: in cdpl_log_dump_sysinfo(): info: system: Linux 3.10.0-1160.119.1.el7.x86_64 #1 SMP Tue May 14 11:55:25 EDT 2024
1732838763.522117: 12879-7fac6c63d0c0: cdpl_log.c:875: in cdpl_log_dump_sysinfo(): info: processor: x86_64 64-bits
1732838763.522118: 12879-7fac6c63d0c0: cdpl_log.c:879: in cdpl_log_dump_sysinfo(): info: hostname: engnx03a.utdallas.edu
1732838763.522120: 12879-7fac6c63d0c0: cdpl_log.c:230: in cdpl_log_open(): debug: path: /home/eng/d/dal852207/cad/gf65/primelib_gf65/Proj6_DRC_LVS/NAND3/runtime/cdpl/pid12879/master.engnx03a.utdallas.edu.12879.log
1732838763.522123: 12879-7fac6c63d0c0: cdpl_log.c:231: in cdpl_log_open(): debug: dir: /home/eng/d/dal852207/cad/gf65/primelib_gf65/Proj6_DRC_LVS/NAND3/runtime/cdpl/pid12879
1732838763.522130: 12879-7fac6c63d0c0: cdpl_log.c:758: in cdpl_log_set_filter(): info: filter level 1
1732838763.522151: 12879-7fac6c63d0c0: cdpl_server.c:543: in cdpl_sv_init(): info: new server S1286494910
1732838763.522160: 12879-7fac6c63d0c0: cdpl_ipc.c:3030: in cdpl_ipc_init(): info: requesting IPv4 protocol
1732838763.522694: 12879-7fac6c63d0c0: cdpl_ipc.c:800: in _selectaddrfamily(): info: selected IPv4 protocol
1732838763.523030: 12879-7fac6c63d0c0: cdpl_server.c:657: in cdpl_sv_new_master(): info: new master M1
1732838763.523050: 12879-7fac6c63d0c0: cdpl_server.c:5494: in cdpl_sv_ctl_master(): info: Setting worker heartbeat to 60 seconds
1732838763.523052: 12879-7fac6c63d0c0: cdpl_server.c:5503: in cdpl_sv_ctl_master(): info: Setting worker heartbeat timeout to 3 heartbeats
1732838763.523056: 12879-7fac6c63d0c0: cdpl_compat_master.c:2407: in cdplInitMaster(): info: bcast dir is `/dev/null'
1732838763.523143: 12879-7fac6c63d0c0: cdpl_server.c:5394: in cdpl_sv_ctl_master(): info: farm worker timeout set to 36000
1732838763.523146: 12879-7fac6c63d0c0: cdpl_server.c:5410: in cdpl_sv_ctl_master(): info: grid worker timeout set to 36000
1732838763.523148: 12879-7fac6c63d0c0: cdpl_server.c:5438: in cdpl_sv_ctl_master(): info: farm submit command failure threshold set to 100
1732838763.523191: 12879-7fac6c63d0c0: cdpl_farm.c:2268: in cdpl_farm_new_sh(): info: creating SH farm on localhost
1732838763.523207: 12879-7fac6c63d0c0: cdpl_compat_master.c:207: in _set_farm_env(): info: exporting CDPL_LOGDIR as `/home/eng/d/dal852207/cad/gf65/primelib_gf65/Proj6_DRC_LVS/NAND3/runtime/cdpl/pid12879'
1732838763.523210: 12879-7fac6c63d0c0: cdpl_compat_master.c:213: in _set_farm_env(): info: exporting CDPL_TMPDIR as `/var/tmp'
1732838763.523212: 12879-7fac6c63d0c0: cdpl_compat_master.c:220: in _set_farm_env(): info: exporting CDPL_HOME as `/proj/cad/synopsys/synopsys_2021/primelib/T-2022.03-SP1/cdpl_runtime_linux64'
1732838763.523215: 12879-7fac6c63d0c0: cdpl_compat_master.c:227: in _set_farm_env(): info: exporting SNPSLMD_LICENSE_FILE as `1700@engdmv.utdallas.edu'
1732838763.523218: 12879-7fac6c63d0c0: cdpl_compat_master.c:247: in _set_farm_env(): info: exporting CDPL_OPTIONS as `[filter][nowlogs]'
1732838763.523220: 12879-7fac6c63d0c0: cdpl_compat_master.c:254: in _set_farm_env(): info: exporting DISPLAY as `:1022'
1732838763.523222: 12879-7fac6c63d0c0: cdpl_compat_master.c:262: in _set_farm_env(): info: exporting CDPL_HEARTBEAT as `60'
1732838763.523226: 12879-7fac6c63d0c0: cdpl_compat_master.c:348: in _set_farm_env(): info: exporting SIS_MALIBU as `2'
1732838763.523227: 12879-7fac6c63d0c0: cdpl_compat_master.c:348: in _set_farm_env(): info: exporting SIS_CDPL as `5'
1732838763.563566: 12879-7fac6c63d0c0: cdpl_server.c:738: in cdpl_sv_new_job(): info: new job J1 in M1
1732838763.563582: 12879-7fac6c63d0c0: cdpl_compat_master.c:1314: in _add_worker(): info: new worker type 100, min:1, max:1, cmd:`/home/eng/d/dal852207/cad/gf65/primelib_gf65/Proj6_DRC_LVS/NAND3/runtime/cdpl/pid12879/run_12879.sh'
1732838763.563590: 12879-7fac6c63d0c0: cdpl_server.c:900: in cdpl_sv_new_bin_withfarm(): info: new bin B1 in J1
1732838763.571463: 12879-7fac6c63d0c0: cdpl_server.c:3116: in cdpl_sv_start_job(): info: starting job J1
1732838763.579979: 12879-7fac6c63d0c0: cdpl_server.c:1824: in _sv_gen_task(): info: new task T0 in B1 (prio 2)
1732838763.579991: 12879-7fac6c63d0c0: cdpl_server.c:2558: in cdpl_sv_label_task_va(): info: setting task T0 label to "delay__B__lh__OUT__hl__ACQ_1 of NAND3"
1732838763.580053: 12879-7fac6c63d0c0: cdpl_server.c:1824: in _sv_gen_task(): info: new task T1 in B1 (prio 2)
1732838763.580109: 12879-7fac54341700: cdpl_server_sched.c:700: in _sv_launch_worker(): info: started worker W1 (as C1) in bin B1
1732838763.580130: 12879-7fac53b40700: cdpl_farm.c:1899: in _schedule(): info: worker submit failure threshold set to 100
1732838763.580143: 12879-7fac6c63d0c0: cdpl_server.c:2558: in cdpl_sv_label_task_va(): info: setting task T1 label to "delay__B__hl__OUT__lh__ACQ_1 of NAND3"
1732838763.580150: 12879-7fac53b40700: cdpl_sh.c:49: in _sh_detached_submit(): info: SH : /home/eng/d/dal852207/cad/gf65/primelib_gf65/Proj6_DRC_LVS/NAND3/runtime/cdpl/pid12879/run_12879.sh
1732838763.581639: 12879-7fac6c63d0c0: cdpl_server.c:1824: in _sv_gen_task(): info: new task T2 in B1 (prio 3)
1732838763.581651: 12879-7fac6c63d0c0: cdpl_server.c:2558: in cdpl_sv_label_task_va(): info: setting task T2 label to "leakage_power__ACQ_1 of NAND3"
1732838763.582194: 12879-7fac6c63d0c0: cdpl_server.c:1824: in _sv_gen_task(): info: new task T3 in B1 (prio 2)
1732838763.582198: 12879-7fac6c63d0c0: cdpl_server.c:2558: in cdpl_sv_label_task_va(): info: setting task T3 label to "delay__C__lh__OUT__hl__ACQ_1 of NAND3"
1732838763.582235: 12879-7fac6c63d0c0: cdpl_server.c:1824: in _sv_gen_task(): info: new task T4 in B1 (prio 2)
1732838763.582237: 12879-7fac6c63d0c0: cdpl_server.c:2558: in cdpl_sv_label_task_va(): info: setting task T4 label to "delay__C__hl__OUT__lh__ACQ_1 of NAND3"
1732838763.582265: 12879-7fac6c63d0c0: cdpl_server.c:1824: in _sv_gen_task(): info: new task T5 in B1 (prio 5)
1732838763.582268: 12879-7fac6c63d0c0: cdpl_server.c:2558: in cdpl_sv_label_task_va(): info: setting task T5 label to "Cin__VSS__lh__ACQ_1 of NAND3"
1732838763.582323: 12879-7fac6c63d0c0: cdpl_server.c:1824: in _sv_gen_task(): info: new task T6 in B1 (prio 5)
1732838763.582326: 12879-7fac6c63d0c0: cdpl_server.c:2558: in cdpl_sv_label_task_va(): info: setting task T6 label to "Cin__VSS__hl__ACQ_1 of NAND3"
1732838763.582357: 12879-7fac6c63d0c0: cdpl_server.c:1824: in _sv_gen_task(): info: new task T7 in B1 (prio 2)
1732838763.582359: 12879-7fac6c63d0c0: cdpl_server.c:2558: in cdpl_sv_label_task_va(): info: setting task T7 label to "delay__A__lh__OUT__hl__ACQ_1 of NAND3"
1732838763.582391: 12879-7fac6c63d0c0: cdpl_server.c:1824: in _sv_gen_task(): info: new task T8 in B1 (prio 2)
1732838763.582393: 12879-7fac6c63d0c0: cdpl_server.c:2558: in cdpl_sv_label_task_va(): info: setting task T8 label to "delay__A__hl__OUT__lh__ACQ_1 of NAND3"
1732838763.582416: 12879-7fac6c63d0c0: cdpl_server.c:1824: in _sv_gen_task(): info: new task T9 in B1 (prio 5)
1732838763.582418: 12879-7fac6c63d0c0: cdpl_server.c:2558: in cdpl_sv_label_task_va(): info: setting task T9 label to "Cin__VDD__lh__ACQ_1 of NAND3"
1732838763.582469: 12879-7fac6c63d0c0: cdpl_server.c:1824: in _sv_gen_task(): info: new task T10 in B1 (prio 5)
1732838763.582472: 12879-7fac6c63d0c0: cdpl_server.c:2558: in cdpl_sv_label_task_va(): info: setting task T10 label to "Cin__VDD__hl__ACQ_1 of NAND3"
1732838764.225247: 12879-7fac54b42700: cdpl_server_ipc.c:452: in _sv_on_hello(): info: W1 is `10.182.66.68:56722'
1732838764.225271: 12879-7fac54b42700: cdpl_server_ipc.c:454: in _sv_on_hello(): info: W1 log file is /dev/null
1732838764.225281: 12879-7fac54b42700: cdpl_server_ipc.c:481: in _sv_on_hello(): info: up to 1 alive workers in B1
1732838764.225306: 12879-7fac54341700: cdpl_server_sched.c:955: in _assign(): info: assigning task T0 to worker W1
1732838771.266810: 12879-7fac54b42700: cdpl_server_ipc.c:857: in _sv_on_finish(): info: worker W1 completed task T0
1732838771.266847: 12879-7fac54341700: cdpl_server_sched.c:955: in _assign(): info: assigning task T1 to worker W1
1732838777.983307: 12879-7fac54b42700: cdpl_server_ipc.c:857: in _sv_on_finish(): info: worker W1 completed task T1
1732838777.983347: 12879-7fac54341700: cdpl_server_sched.c:955: in _assign(): info: assigning task T3 to worker W1
1732838784.584546: 12879-7fac54b42700: cdpl_server_ipc.c:857: in _sv_on_finish(): info: worker W1 completed task T3
1732838784.584579: 12879-7fac54341700: cdpl_server_sched.c:955: in _assign(): info: assigning task T4 to worker W1
1732838791.168610: 12879-7fac54b42700: cdpl_server_ipc.c:857: in _sv_on_finish(): info: worker W1 completed task T4
1732838791.168640: 12879-7fac54341700: cdpl_server_sched.c:955: in _assign(): info: assigning task T7 to worker W1
1732838797.674244: 12879-7fac54b42700: cdpl_server_ipc.c:857: in _sv_on_finish(): info: worker W1 completed task T7
1732838797.674290: 12879-7fac54341700: cdpl_server_sched.c:955: in _assign(): info: assigning task T8 to worker W1
1732838804.119028: 12879-7fac54b42700: cdpl_server_ipc.c:857: in _sv_on_finish(): info: worker W1 completed task T8
1732838804.119345: 12879-7fac54341700: cdpl_server_sched.c:955: in _assign(): info: assigning task T2 to worker W1
1732838810.447958: 12879-7fac54b42700: cdpl_server_ipc.c:857: in _sv_on_finish(): info: worker W1 completed task T2
1732838810.447992: 12879-7fac54341700: cdpl_server_sched.c:955: in _assign(): info: assigning task T5 to worker W1
1732838816.809432: 12879-7fac54b42700: cdpl_server_ipc.c:857: in _sv_on_finish(): info: worker W1 completed task T5
1732838816.809473: 12879-7fac54341700: cdpl_server_sched.c:955: in _assign(): info: assigning task T6 to worker W1
1732838823.255635: 12879-7fac54b42700: cdpl_server_ipc.c:857: in _sv_on_finish(): info: worker W1 completed task T6
1732838823.255672: 12879-7fac54341700: cdpl_server_sched.c:955: in _assign(): info: assigning task T9 to worker W1
1732838829.794849: 12879-7fac54b42700: cdpl_server_ipc.c:857: in _sv_on_finish(): info: worker W1 completed task T9
1732838829.794893: 12879-7fac54341700: cdpl_server_sched.c:955: in _assign(): info: assigning task T10 to worker W1
1732838836.152809: 12879-7fac54b42700: cdpl_server_ipc.c:857: in _sv_on_finish(): info: worker W1 completed task T10
1732839009.706749: 12879-7fac6c63d0c0: cdpl_compat_master.c:5152: in cdplMasterLogInfo(): info: [non-CDPL log entry] Ending current CDPL job
1732839009.707019: 12879-7fac6c63d0c0: cdpl_server.c:2890: in cdpl_sv_halt_job_errno(): info: stopping job J1
1732839009.707085: 12879-7fac54341700: cdpl_server_sched.c:2711: in _sv_drop_worker(): info: down to 0 alive workers in B1
1732839009.707148: 12879-7fac6c63d0c0: cdpl_server.c:2875: in cdpl_sv_halt_job_errno(): info: killing job J1
1732839009.707158: 12879-7fac6c63d0c0: cdpl_server.c:288: in _sv_free_job(): info: freeing job J1
1732839009.707225: 12879-7fac6c63d0c0: cdpl_farm.c:2395: in cdpl_farm_free(): info: freeing farm
1732839009.707640: 12879-7fac6c63d0c0: cdpl_server.c:3011: in cdpl_sv_free(): info: freeing server S1286494910
1732839009.707644: 12879-7fac6c63d0c0: cdpl_server.c:2976: in cdpl_sv_kill_errno(): info: killing server
1732839009.707676: 12879-7fac6c63d0c0: cdpl_server.c:328: in _sv_free_master(): info: freeing master M1
1732839009.707722: 12879-7fac6c63d0c0: cdpl_log.c:371: in cdpl_log_close(): info: @@end_of_log@@
