Analysis & Synthesis report for PAM8_Datapath_controller
Thu Jun 27 22:48:40 2024
Quartus Prime Version 22.1std.2 Build 922 07/20/2023 SC Lite Edition


---------------------
; Table of Contents ;
---------------------
  1. Legal Notice
  2. Analysis & Synthesis Summary
  3. Analysis & Synthesis Settings
  4. Parallel Compilation
  5. Analysis & Synthesis Source Files Read
  6. Analysis & Synthesis Resource Usage Summary
  7. Analysis & Synthesis Resource Utilization by Entity
  8. State Machine - |PAM8_Datapath_controller|PAM8_Controller:m2|state
  9. Registers Removed During Synthesis
 10. General Register Statistics
 11. Multiplexer Restructuring Statistics (Restructuring Performed)
 12. Parameter Settings for User Entity Instance: PAM8_Controller:m2
 13. Post-Synthesis Netlist Statistics for Top Partition
 14. Elapsed Time Per Partition
 15. Analysis & Synthesis Messages



----------------
; Legal Notice ;
----------------
Copyright (C) 2023  Intel Corporation. All rights reserved.
Your use of Intel Corporation's design tools, logic functions 
and other software and tools, and any partner logic 
functions, and any output files from any of the foregoing 
(including device programming or simulation files), and any 
associated documentation or information are expressly subject 
to the terms and conditions of the Intel Program License 
Subscription Agreement, the Intel Quartus Prime License Agreement,
the Intel FPGA IP License Agreement, or other applicable license
agreement, including, without limitation, that your use is for
the sole purpose of programming logic devices manufactured by
Intel and sold by Intel or its authorized distributors.  Please
refer to the applicable agreement for further details, at
https://fpgasoftware.intel.com/eula.



+----------------------------------------------------------------------------------+
; Analysis & Synthesis Summary                                                     ;
+---------------------------------+------------------------------------------------+
; Analysis & Synthesis Status     ; Successful - Thu Jun 27 22:48:40 2024          ;
; Quartus Prime Version           ; 22.1std.2 Build 922 07/20/2023 SC Lite Edition ;
; Revision Name                   ; PAM8_Datapath_controller                       ;
; Top-level Entity Name           ; PAM8_Datapath_controller                       ;
; Family                          ; Cyclone V                                      ;
; Logic utilization (in ALMs)     ; N/A                                            ;
; Total registers                 ; 11                                             ;
; Total pins                      ; 7                                              ;
; Total virtual pins              ; 0                                              ;
; Total block memory bits         ; 0                                              ;
; Total DSP Blocks                ; 0                                              ;
; Total HSSI RX PCSs              ; 0                                              ;
; Total HSSI PMA RX Deserializers ; 0                                              ;
; Total HSSI TX PCSs              ; 0                                              ;
; Total HSSI PMA TX Serializers   ; 0                                              ;
; Total PLLs                      ; 0                                              ;
; Total DLLs                      ; 0                                              ;
+---------------------------------+------------------------------------------------+


+---------------------------------------------------------------------------------------------------------------------------------------+
; Analysis & Synthesis Settings                                                                                                         ;
+---------------------------------------------------------------------------------+--------------------------+--------------------------+
; Option                                                                          ; Setting                  ; Default Value            ;
+---------------------------------------------------------------------------------+--------------------------+--------------------------+
; Device                                                                          ; 5CSEMA5F31C6             ;                          ;
; Top-level entity name                                                           ; PAM8_Datapath_controller ; PAM8_Datapath_controller ;
; Family name                                                                     ; Cyclone V                ; Cyclone V                ;
; Use smart compilation                                                           ; Off                      ; Off                      ;
; Enable parallel Assembler and Timing Analyzer during compilation                ; On                       ; On                       ;
; Enable compact report table                                                     ; Off                      ; Off                      ;
; Restructure Multiplexers                                                        ; Auto                     ; Auto                     ;
; MLAB Add Timing Constraints For Mixed-Port Feed-Through Mode Setting Don't Care ; Off                      ; Off                      ;
; Create Debugging Nodes for IP Cores                                             ; Off                      ; Off                      ;
; Preserve fewer node names                                                       ; On                       ; On                       ;
; Intel FPGA IP Evaluation Mode                                                   ; Enable                   ; Enable                   ;
; Verilog Version                                                                 ; Verilog_2001             ; Verilog_2001             ;
; VHDL Version                                                                    ; VHDL_1993                ; VHDL_1993                ;
; State Machine Processing                                                        ; Auto                     ; Auto                     ;
; Safe State Machine                                                              ; Off                      ; Off                      ;
; Extract Verilog State Machines                                                  ; On                       ; On                       ;
; Extract VHDL State Machines                                                     ; On                       ; On                       ;
; Ignore Verilog initial constructs                                               ; Off                      ; Off                      ;
; Iteration limit for constant Verilog loops                                      ; 5000                     ; 5000                     ;
; Iteration limit for non-constant Verilog loops                                  ; 250                      ; 250                      ;
; Add Pass-Through Logic to Inferred RAMs                                         ; On                       ; On                       ;
; Infer RAMs from Raw Logic                                                       ; On                       ; On                       ;
; Parallel Synthesis                                                              ; On                       ; On                       ;
; DSP Block Balancing                                                             ; Auto                     ; Auto                     ;
; NOT Gate Push-Back                                                              ; On                       ; On                       ;
; Power-Up Don't Care                                                             ; On                       ; On                       ;
; Remove Redundant Logic Cells                                                    ; Off                      ; Off                      ;
; Remove Duplicate Registers                                                      ; On                       ; On                       ;
; Ignore CARRY Buffers                                                            ; Off                      ; Off                      ;
; Ignore CASCADE Buffers                                                          ; Off                      ; Off                      ;
; Ignore GLOBAL Buffers                                                           ; Off                      ; Off                      ;
; Ignore ROW GLOBAL Buffers                                                       ; Off                      ; Off                      ;
; Ignore LCELL Buffers                                                            ; Off                      ; Off                      ;
; Ignore SOFT Buffers                                                             ; On                       ; On                       ;
; Limit AHDL Integers to 32 Bits                                                  ; Off                      ; Off                      ;
; Optimization Technique                                                          ; Balanced                 ; Balanced                 ;
; Carry Chain Length                                                              ; 70                       ; 70                       ;
; Auto Carry Chains                                                               ; On                       ; On                       ;
; Auto Open-Drain Pins                                                            ; On                       ; On                       ;
; Perform WYSIWYG Primitive Resynthesis                                           ; Off                      ; Off                      ;
; Auto ROM Replacement                                                            ; On                       ; On                       ;
; Auto RAM Replacement                                                            ; On                       ; On                       ;
; Auto DSP Block Replacement                                                      ; On                       ; On                       ;
; Auto Shift Register Replacement                                                 ; Auto                     ; Auto                     ;
; Allow Shift Register Merging across Hierarchies                                 ; Auto                     ; Auto                     ;
; Auto Clock Enable Replacement                                                   ; On                       ; On                       ;
; Strict RAM Replacement                                                          ; Off                      ; Off                      ;
; Allow Synchronous Control Signals                                               ; On                       ; On                       ;
; Force Use of Synchronous Clear Signals                                          ; Off                      ; Off                      ;
; Auto Resource Sharing                                                           ; Off                      ; Off                      ;
; Allow Any RAM Size For Recognition                                              ; Off                      ; Off                      ;
; Allow Any ROM Size For Recognition                                              ; Off                      ; Off                      ;
; Allow Any Shift Register Size For Recognition                                   ; Off                      ; Off                      ;
; Use LogicLock Constraints during Resource Balancing                             ; On                       ; On                       ;
; Ignore translate_off and synthesis_off directives                               ; Off                      ; Off                      ;
; Timing-Driven Synthesis                                                         ; On                       ; On                       ;
; Report Parameter Settings                                                       ; On                       ; On                       ;
; Report Source Assignments                                                       ; On                       ; On                       ;
; Report Connectivity Checks                                                      ; On                       ; On                       ;
; Ignore Maximum Fan-Out Assignments                                              ; Off                      ; Off                      ;
; Synchronization Register Chain Length                                           ; 3                        ; 3                        ;
; Power Optimization During Synthesis                                             ; Normal compilation       ; Normal compilation       ;
; HDL message level                                                               ; Level2                   ; Level2                   ;
; Suppress Register Optimization Related Messages                                 ; Off                      ; Off                      ;
; Number of Removed Registers Reported in Synthesis Report                        ; 5000                     ; 5000                     ;
; Number of Swept Nodes Reported in Synthesis Report                              ; 5000                     ; 5000                     ;
; Number of Inverted Registers Reported in Synthesis Report                       ; 100                      ; 100                      ;
; Clock MUX Protection                                                            ; On                       ; On                       ;
; Auto Gated Clock Conversion                                                     ; Off                      ; Off                      ;
; Block Design Naming                                                             ; Auto                     ; Auto                     ;
; SDC constraint protection                                                       ; Off                      ; Off                      ;
; Synthesis Effort                                                                ; Auto                     ; Auto                     ;
; Shift Register Replacement - Allow Asynchronous Clear Signal                    ; On                       ; On                       ;
; Pre-Mapping Resynthesis Optimization                                            ; Off                      ; Off                      ;
; Analysis & Synthesis Message Level                                              ; Medium                   ; Medium                   ;
; Disable Register Merging Across Hierarchies                                     ; Auto                     ; Auto                     ;
; Resource Aware Inference For Block RAM                                          ; On                       ; On                       ;
; Automatic Parallel Synthesis                                                    ; On                       ; On                       ;
; Partial Reconfiguration Bitstream ID                                            ; Off                      ; Off                      ;
+---------------------------------------------------------------------------------+--------------------------+--------------------------+


+------------------------------------------+
; Parallel Compilation                     ;
+----------------------------+-------------+
; Processors                 ; Number      ;
+----------------------------+-------------+
; Number detected on machine ; 16          ;
; Maximum allowed            ; 16          ;
;                            ;             ;
; Average used               ; 1.00        ;
; Maximum used               ; 16          ;
;                            ;             ;
; Usage by Processor         ; % Time Used ;
;     Processor 1            ; 100.0%      ;
;     Processors 2-16        ;   0.0%      ;
+----------------------------+-------------+


+----------------------------------------------------------------------------------------------------------------------------------------------------------------------------------------------------------------------------------------------------------+
; Analysis & Synthesis Source Files Read                                                                                                                                                                                                                   ;
+----------------------------------+-----------------+------------------------+------------------------------------------------------------------------------------------------------------------------------------------------------------------+---------+
; File Name with User-Entered Path ; Used in Netlist ; File Type              ; File Name with Absolute Path                                                                                                                                     ; Library ;
+----------------------------------+-----------------+------------------------+------------------------------------------------------------------------------------------------------------------------------------------------------------------+---------+
; ../Datapath/PAM8_Datapath.v      ; yes             ; User Verilog HDL File  ; C:/Users/lmnjm/OneDrive/Documents/Summer 2024/EE417 Programmable Logic Devices/Lecture 07/Examples/Example 2/Datapath/PAM8_Datapath.v                            ;         ;
; ../Controller/PAM8_Controller.v  ; yes             ; User Verilog HDL File  ; C:/Users/lmnjm/OneDrive/Documents/Summer 2024/EE417 Programmable Logic Devices/Lecture 07/Examples/Example 2/Controller/PAM8_Controller.v                        ;         ;
; PAM8_Datapath_controller.v       ; yes             ; User Verilog HDL File  ; C:/Users/lmnjm/OneDrive/Documents/Summer 2024/EE417 Programmable Logic Devices/Lecture 07/Examples/Example 2/PAM8_Datapath_controller/PAM8_Datapath_controller.v ;         ;
+----------------------------------+-----------------+------------------------+------------------------------------------------------------------------------------------------------------------------------------------------------------------+---------+


+-----------------------------------------------------------+
; Analysis & Synthesis Resource Usage Summary               ;
+---------------------------------------------+-------------+
; Resource                                    ; Usage       ;
+---------------------------------------------+-------------+
; Estimate of Logic utilization (ALMs needed) ; 7           ;
;                                             ;             ;
; Combinational ALUT usage for logic          ; 13          ;
;     -- 7 input functions                    ; 0           ;
;     -- 6 input functions                    ; 0           ;
;     -- 5 input functions                    ; 0           ;
;     -- 4 input functions                    ; 2           ;
;     -- <=3 input functions                  ; 11          ;
;                                             ;             ;
; Dedicated logic registers                   ; 11          ;
;                                             ;             ;
; I/O pins                                    ; 7           ;
;                                             ;             ;
; Total DSP Blocks                            ; 0           ;
;                                             ;             ;
; Maximum fan-out node                        ; reset~input ;
; Maximum fan-out                             ; 13          ;
; Total fan-out                               ; 72          ;
; Average fan-out                             ; 1.89        ;
+---------------------------------------------+-------------+


+------------------------------------------------------------------------------------------------------------------------------------------------------------------------------------------------------------------------------+
; Analysis & Synthesis Resource Utilization by Entity                                                                                                                                                                          ;
+----------------------------+---------------------+---------------------------+-------------------+------------+------+--------------+----------------------------------------------+--------------------------+--------------+
; Compilation Hierarchy Node ; Combinational ALUTs ; Dedicated Logic Registers ; Block Memory Bits ; DSP Blocks ; Pins ; Virtual Pins ; Full Hierarchy Name                          ; Entity Name              ; Library Name ;
+----------------------------+---------------------+---------------------------+-------------------+------------+------+--------------+----------------------------------------------+--------------------------+--------------+
; |PAM8_Datapath_controller  ; 13 (0)              ; 11 (0)                    ; 0                 ; 0          ; 7    ; 0            ; |PAM8_Datapath_controller                    ; PAM8_Datapath_controller ; work         ;
;    |PAM8_Controller:m2|    ; 5 (5)               ; 5 (5)                     ; 0                 ; 0          ; 0    ; 0            ; |PAM8_Datapath_controller|PAM8_Controller:m2 ; PAM8_Controller          ; work         ;
;    |PAM8_Datapath:m1|      ; 8 (8)               ; 6 (6)                     ; 0                 ; 0          ; 0    ; 0            ; |PAM8_Datapath_controller|PAM8_Datapath:m1   ; PAM8_Datapath            ; work         ;
+----------------------------+---------------------+---------------------------+-------------------+------------+------+--------------+----------------------------------------------+--------------------------+--------------+
Note: For table entries with two numbers listed, the numbers in parentheses indicate the number of resources of the given type used by the specific entity alone. The numbers listed outside of parentheses indicate the total resources of the given type used by the specific entity and all of its sub-entities in the hierarchy.


Encoding Type:  One-Hot
+--------------------------------------------------------------------------------------------+
; State Machine - |PAM8_Datapath_controller|PAM8_Controller:m2|state                         ;
+----------------+---------------+--------------+--------------+------------+----------------+
; Name           ; state.loading ; state.shift2 ; state.shift1 ; state.idle ; state.starting ;
+----------------+---------------+--------------+--------------+------------+----------------+
; state.idle     ; 0             ; 0            ; 0            ; 0          ; 0              ;
; state.shift1   ; 0             ; 0            ; 1            ; 1          ; 0              ;
; state.shift2   ; 0             ; 1            ; 0            ; 1          ; 0              ;
; state.loading  ; 1             ; 0            ; 0            ; 1          ; 0              ;
; state.starting ; 0             ; 0            ; 0            ; 1          ; 1              ;
+----------------+---------------+--------------+--------------+------------+----------------+


+------------------------------------------------------------+
; Registers Removed During Synthesis                         ;
+---------------------------------------+--------------------+
; Register name                         ; Reason for Removal ;
+---------------------------------------+--------------------+
; PAM8_Controller:m2|state~2            ; Lost fanout        ;
; PAM8_Controller:m2|state~3            ; Lost fanout        ;
; Total Number of Removed Registers = 2 ;                    ;
+---------------------------------------+--------------------+


+------------------------------------------------------+
; General Register Statistics                          ;
+----------------------------------------------+-------+
; Statistic                                    ; Value ;
+----------------------------------------------+-------+
; Total registers                              ; 11    ;
; Number of registers using Synchronous Clear  ; 0     ;
; Number of registers using Synchronous Load   ; 0     ;
; Number of registers using Asynchronous Clear ; 0     ;
; Number of registers using Asynchronous Load  ; 0     ;
; Number of registers using Clock Enable       ; 5     ;
; Number of registers using Preset             ; 0     ;
+----------------------------------------------+-------+


+----------------------------------------------------------------------------------------------------------------------------------------------------------------------+
; Multiplexer Restructuring Statistics (Restructuring Performed)                                                                                                       ;
+--------------------+-----------+---------------+----------------------+------------------------+------------+--------------------------------------------------------+
; Multiplexer Inputs ; Bus Width ; Baseline Area ; Area if Restructured ; Saving if Restructured ; Registered ; Example Multiplexer Output                             ;
+--------------------+-----------+---------------+----------------------+------------------------+------------+--------------------------------------------------------+
; 3:1                ; 2 bits    ; 4 LEs         ; 2 LEs                ; 2 LEs                  ; Yes        ; |PAM8_Datapath_controller|PAM8_Datapath:m1|shft_reg[0] ;
; 4:1                ; 3 bits    ; 6 LEs         ; 6 LEs                ; 0 LEs                  ; Yes        ; |PAM8_Datapath_controller|PAM8_Datapath:m1|out_reg[0]  ;
+--------------------+-----------+---------------+----------------------+------------------------+------------+--------------------------------------------------------+


+-----------------------------------------------------------------+
; Parameter Settings for User Entity Instance: PAM8_Controller:m2 ;
+----------------+-------+----------------------------------------+
; Parameter Name ; Value ; Type                                   ;
+----------------+-------+----------------------------------------+
; idle           ; 000   ; Unsigned Binary                        ;
; starting       ; 100   ; Unsigned Binary                        ;
; shift1         ; 001   ; Unsigned Binary                        ;
; shift2         ; 010   ; Unsigned Binary                        ;
; loading        ; 011   ; Unsigned Binary                        ;
+----------------+-------+----------------------------------------+
Note: In order to hide this table in the UI and the text report file, please set the "Show Parameter Settings in Synthesis Report" option in "Analysis and Synthesis Settings -> More Settings" to "Off".


+-----------------------------------------------------+
; Post-Synthesis Netlist Statistics for Top Partition ;
+-----------------------+-----------------------------+
; Type                  ; Count                       ;
+-----------------------+-----------------------------+
; arriav_ff             ; 11                          ;
;     ENA               ; 5                           ;
;     plain             ; 6                           ;
; arriav_lcell_comb     ; 13                          ;
;     normal            ; 13                          ;
;         2 data inputs ; 6                           ;
;         3 data inputs ; 5                           ;
;         4 data inputs ; 2                           ;
; boundary_port         ; 7                           ;
;                       ;                             ;
; Max LUT depth         ; 1.00                        ;
; Average LUT depth     ; 0.86                        ;
+-----------------------+-----------------------------+


+-------------------------------+
; Elapsed Time Per Partition    ;
+----------------+--------------+
; Partition Name ; Elapsed Time ;
+----------------+--------------+
; Top            ; 00:00:00     ;
+----------------+--------------+


+-------------------------------+
; Analysis & Synthesis Messages ;
+-------------------------------+
Info: *******************************************************************
Info: Running Quartus Prime Analysis & Synthesis
    Info: Version 22.1std.2 Build 922 07/20/2023 SC Lite Edition
    Info: Processing started: Thu Jun 27 22:48:34 2024
Info: Command: quartus_map --read_settings_files=on --write_settings_files=off PAM8_Datapath_controller -c PAM8_Datapath_controller
Warning (18236): Number of processors has not been specified which may cause overloading on shared machines.  Set the global assignment NUM_PARALLEL_PROCESSORS in your QSF to an appropriate value for best performance.
Info (20030): Parallel compilation is enabled and will use 16 of the 16 processors detected
Info (12021): Found 1 design units, including 1 entities, in source file /users/lmnjm/onedrive/documents/summer 2024/ee417 programmable logic devices/lecture 07/examples/example 2/datapath/pam8_datapath.v
    Info (12023): Found entity 1: PAM8_Datapath File: C:/Users/lmnjm/OneDrive/Documents/Summer 2024/EE417 Programmable Logic Devices/Lecture 07/Examples/Example 2/Datapath/PAM8_Datapath.v Line: 2
Info (12021): Found 1 design units, including 1 entities, in source file /users/lmnjm/onedrive/documents/summer 2024/ee417 programmable logic devices/lecture 07/examples/example 2/controller/pam8_controller.v
    Info (12023): Found entity 1: PAM8_Controller File: C:/Users/lmnjm/OneDrive/Documents/Summer 2024/EE417 Programmable Logic Devices/Lecture 07/Examples/Example 2/Controller/PAM8_Controller.v Line: 2
Info (12021): Found 1 design units, including 1 entities, in source file pam8_datapath_controller.v
    Info (12023): Found entity 1: PAM8_Datapath_controller File: C:/Users/lmnjm/OneDrive/Documents/Summer 2024/EE417 Programmable Logic Devices/Lecture 07/Examples/Example 2/PAM8_Datapath_controller/PAM8_Datapath_controller.v Line: 2
Info (12021): Found 1 design units, including 1 entities, in source file pam8_tb.v
    Info (12023): Found entity 1: PAM8_tb File: C:/Users/lmnjm/OneDrive/Documents/Summer 2024/EE417 Programmable Logic Devices/Lecture 07/Examples/Example 2/PAM8_Datapath_controller/PAM8_tb.v Line: 2
Info (12127): Elaborating entity "PAM8_Datapath_controller" for the top level hierarchy
Info (12128): Elaborating entity "PAM8_Datapath" for hierarchy "PAM8_Datapath:m1" File: C:/Users/lmnjm/OneDrive/Documents/Summer 2024/EE417 Programmable Logic Devices/Lecture 07/Examples/Example 2/PAM8_Datapath_controller/PAM8_Datapath_controller.v Line: 10
Info (12128): Elaborating entity "PAM8_Controller" for hierarchy "PAM8_Controller:m2" File: C:/Users/lmnjm/OneDrive/Documents/Summer 2024/EE417 Programmable Logic Devices/Lecture 07/Examples/Example 2/PAM8_Datapath_controller/PAM8_Datapath_controller.v Line: 11
Info (286030): Timing-Driven Synthesis is running
Info (17049): 2 registers lost all their fanouts during netlist optimizations.
Info (16010): Generating hard_block partition "hard_block:auto_generated_inst"
    Info (16011): Adding 0 node(s), including 0 DDIO, 0 PLL, 0 transceiver and 0 LCELL
Info (21057): Implemented 20 device resources after synthesis - the final resource count might be different
    Info (21058): Implemented 4 input pins
    Info (21059): Implemented 3 output pins
    Info (21061): Implemented 13 logic cells
Info: Quartus Prime Analysis & Synthesis was successful. 0 errors, 1 warning
    Info: Peak virtual memory: 4865 megabytes
    Info: Processing ended: Thu Jun 27 22:48:40 2024
    Info: Elapsed time: 00:00:06
    Info: Total CPU time (on all processors): 00:00:09


