1732983191.421535: 1639-7fe85fa0a0c0: cdpl_log.c:228: in cdpl_log_open(): info: @@start_of_log@@
1732983191.421562: 1639-7fe85fa0a0c0: cdpl_log.c:866: in cdpl_log_dump_sysinfo(): info: time: 2024/11/30 10:13:11 CST -0600
1732983191.421567: 1639-7fe85fa0a0c0: cdpl_log.c:868: in cdpl_log_dump_sysinfo(): info: version: T-2022.03 
1732983191.421569: 1639-7fe85fa0a0c0: cdpl_log.c:870: in cdpl_log_dump_sysinfo(): info: system: Linux 3.10.0-1160.119.1.el7.x86_64 #1 SMP Tue May 14 11:55:25 EDT 2024
1732983191.421571: 1639-7fe85fa0a0c0: cdpl_log.c:875: in cdpl_log_dump_sysinfo(): info: processor: x86_64 64-bits
1732983191.421572: 1639-7fe85fa0a0c0: cdpl_log.c:879: in cdpl_log_dump_sysinfo(): info: hostname: engnx03a.utdallas.edu
1732983191.421574: 1639-7fe85fa0a0c0: cdpl_log.c:230: in cdpl_log_open(): debug: path: /home/eng/d/dal852207/cad/gf65/primelib_gf65/NAND3/runtime/cdpl/pid1639/master.engnx03a.utdallas.edu.1639.log
1732983191.421577: 1639-7fe85fa0a0c0: cdpl_log.c:231: in cdpl_log_open(): debug: dir: /home/eng/d/dal852207/cad/gf65/primelib_gf65/NAND3/runtime/cdpl/pid1639
1732983191.421587: 1639-7fe85fa0a0c0: cdpl_log.c:758: in cdpl_log_set_filter(): info: filter level 1
1732983191.421608: 1639-7fe85fa0a0c0: cdpl_server.c:543: in cdpl_sv_init(): info: new server S2135833797
1732983191.421615: 1639-7fe85fa0a0c0: cdpl_ipc.c:3030: in cdpl_ipc_init(): info: requesting IPv4 protocol
1732983191.422137: 1639-7fe85fa0a0c0: cdpl_ipc.c:800: in _selectaddrfamily(): info: selected IPv4 protocol
1732983191.422484: 1639-7fe85fa0a0c0: cdpl_server.c:657: in cdpl_sv_new_master(): info: new master M1
1732983191.422497: 1639-7fe85fa0a0c0: cdpl_server.c:5494: in cdpl_sv_ctl_master(): info: Setting worker heartbeat to 60 seconds
1732983191.422499: 1639-7fe85fa0a0c0: cdpl_server.c:5503: in cdpl_sv_ctl_master(): info: Setting worker heartbeat timeout to 3 heartbeats
1732983191.422502: 1639-7fe85fa0a0c0: cdpl_compat_master.c:2407: in cdplInitMaster(): info: bcast dir is `/dev/null'
1732983191.422568: 1639-7fe85fa0a0c0: cdpl_server.c:5394: in cdpl_sv_ctl_master(): info: farm worker timeout set to 36000
1732983191.422570: 1639-7fe85fa0a0c0: cdpl_server.c:5410: in cdpl_sv_ctl_master(): info: grid worker timeout set to 36000
1732983191.422572: 1639-7fe85fa0a0c0: cdpl_server.c:5438: in cdpl_sv_ctl_master(): info: farm submit command failure threshold set to 100
1732983191.422613: 1639-7fe85fa0a0c0: cdpl_farm.c:2268: in cdpl_farm_new_sh(): info: creating SH farm on localhost
1732983191.422625: 1639-7fe85fa0a0c0: cdpl_compat_master.c:207: in _set_farm_env(): info: exporting CDPL_LOGDIR as `/home/eng/d/dal852207/cad/gf65/primelib_gf65/NAND3/runtime/cdpl/pid1639'
1732983191.422629: 1639-7fe85fa0a0c0: cdpl_compat_master.c:213: in _set_farm_env(): info: exporting CDPL_TMPDIR as `/var/tmp'
1732983191.422631: 1639-7fe85fa0a0c0: cdpl_compat_master.c:220: in _set_farm_env(): info: exporting CDPL_HOME as `/proj/cad/synopsys/synopsys_2021/primelib/T-2022.03-SP1/cdpl_runtime_linux64'
1732983191.422633: 1639-7fe85fa0a0c0: cdpl_compat_master.c:227: in _set_farm_env(): info: exporting SNPSLMD_LICENSE_FILE as `1700@engdmv.utdallas.edu'
1732983191.422636: 1639-7fe85fa0a0c0: cdpl_compat_master.c:247: in _set_farm_env(): info: exporting CDPL_OPTIONS as `[filter][nowlogs]'
1732983191.422638: 1639-7fe85fa0a0c0: cdpl_compat_master.c:254: in _set_farm_env(): info: exporting DISPLAY as `:1022'
1732983191.422640: 1639-7fe85fa0a0c0: cdpl_compat_master.c:262: in _set_farm_env(): info: exporting CDPL_HEARTBEAT as `60'
1732983191.422645: 1639-7fe85fa0a0c0: cdpl_compat_master.c:348: in _set_farm_env(): info: exporting SIS_MALIBU as `2'
1732983191.422646: 1639-7fe85fa0a0c0: cdpl_compat_master.c:348: in _set_farm_env(): info: exporting SIS_CDPL as `5'
1732983191.466879: 1639-7fe85fa0a0c0: cdpl_server.c:738: in cdpl_sv_new_job(): info: new job J1 in M1
1732983191.466901: 1639-7fe85fa0a0c0: cdpl_compat_master.c:1314: in _add_worker(): info: new worker type 100, min:1, max:1, cmd:`/home/eng/d/dal852207/cad/gf65/primelib_gf65/NAND3/runtime/cdpl/pid1639/run_1639.sh'
1732983191.466909: 1639-7fe85fa0a0c0: cdpl_server.c:900: in cdpl_sv_new_bin_withfarm(): info: new bin B1 in J1
1732983191.474867: 1639-7fe85fa0a0c0: cdpl_server.c:3116: in cdpl_sv_start_job(): info: starting job J1
1732983191.483207: 1639-7fe85fa0a0c0: cdpl_server.c:1824: in _sv_gen_task(): info: new task T0 in B1 (prio 2)
1732983191.483217: 1639-7fe85fa0a0c0: cdpl_server.c:2558: in cdpl_sv_label_task_va(): info: setting task T0 label to "delay__B__lh__OUT__hl__ACQ_1 of NAND3"
1732983191.483273: 1639-7fe85fa0a0c0: cdpl_server.c:1824: in _sv_gen_task(): info: new task T1 in B1 (prio 2)
1732983191.483323: 1639-7fe84770e700: cdpl_server_sched.c:700: in _sv_launch_worker(): info: started worker W1 (as C1) in bin B1
1732983191.483348: 1639-7fe85fa0a0c0: cdpl_server.c:2558: in cdpl_sv_label_task_va(): info: setting task T1 label to "delay__B__hl__OUT__lh__ACQ_1 of NAND3"
1732983191.483361: 1639-7fe846f0d700: cdpl_farm.c:1899: in _schedule(): info: worker submit failure threshold set to 100
1732983191.483386: 1639-7fe846f0d700: cdpl_sh.c:49: in _sh_detached_submit(): info: SH : /home/eng/d/dal852207/cad/gf65/primelib_gf65/NAND3/runtime/cdpl/pid1639/run_1639.sh
1732983191.483396: 1639-7fe85fa0a0c0: cdpl_server.c:1824: in _sv_gen_task(): info: new task T2 in B1 (prio 3)
1732983191.483400: 1639-7fe85fa0a0c0: cdpl_server.c:2558: in cdpl_sv_label_task_va(): info: setting task T2 label to "leakage_power__ACQ_1 of NAND3"
1732983191.486267: 1639-7fe85fa0a0c0: cdpl_server.c:1824: in _sv_gen_task(): info: new task T3 in B1 (prio 2)
1732983191.486280: 1639-7fe85fa0a0c0: cdpl_server.c:2558: in cdpl_sv_label_task_va(): info: setting task T3 label to "delay__C__lh__OUT__hl__ACQ_1 of NAND3"
1732983191.486348: 1639-7fe85fa0a0c0: cdpl_server.c:1824: in _sv_gen_task(): info: new task T4 in B1 (prio 2)
1732983191.486351: 1639-7fe85fa0a0c0: cdpl_server.c:2558: in cdpl_sv_label_task_va(): info: setting task T4 label to "delay__C__hl__OUT__lh__ACQ_1 of NAND3"
1732983191.486388: 1639-7fe85fa0a0c0: cdpl_server.c:1824: in _sv_gen_task(): info: new task T5 in B1 (prio 5)
1732983191.486391: 1639-7fe85fa0a0c0: cdpl_server.c:2558: in cdpl_sv_label_task_va(): info: setting task T5 label to "Cin__VSS__lh__ACQ_1 of NAND3"
1732983191.486427: 1639-7fe85fa0a0c0: cdpl_server.c:1824: in _sv_gen_task(): info: new task T6 in B1 (prio 5)
1732983191.486430: 1639-7fe85fa0a0c0: cdpl_server.c:2558: in cdpl_sv_label_task_va(): info: setting task T6 label to "Cin__VSS__hl__ACQ_1 of NAND3"
1732983191.486467: 1639-7fe85fa0a0c0: cdpl_server.c:1824: in _sv_gen_task(): info: new task T7 in B1 (prio 2)
1732983191.486470: 1639-7fe85fa0a0c0: cdpl_server.c:2558: in cdpl_sv_label_task_va(): info: setting task T7 label to "delay__A__lh__OUT__hl__ACQ_1 of NAND3"
1732983191.486508: 1639-7fe85fa0a0c0: cdpl_server.c:1824: in _sv_gen_task(): info: new task T8 in B1 (prio 2)
1732983191.486511: 1639-7fe85fa0a0c0: cdpl_server.c:2558: in cdpl_sv_label_task_va(): info: setting task T8 label to "delay__A__hl__OUT__lh__ACQ_1 of NAND3"
1732983191.486542: 1639-7fe85fa0a0c0: cdpl_server.c:1824: in _sv_gen_task(): info: new task T9 in B1 (prio 5)
1732983191.486544: 1639-7fe85fa0a0c0: cdpl_server.c:2558: in cdpl_sv_label_task_va(): info: setting task T9 label to "Cin__VDD__lh__ACQ_1 of NAND3"
1732983191.486601: 1639-7fe85fa0a0c0: cdpl_server.c:1824: in _sv_gen_task(): info: new task T10 in B1 (prio 5)
1732983191.486604: 1639-7fe85fa0a0c0: cdpl_server.c:2558: in cdpl_sv_label_task_va(): info: setting task T10 label to "Cin__VDD__hl__ACQ_1 of NAND3"
1732983192.135819: 1639-7fe847f0f700: cdpl_server_ipc.c:452: in _sv_on_hello(): info: W1 is `10.182.66.68:39550'
1732983192.135841: 1639-7fe847f0f700: cdpl_server_ipc.c:454: in _sv_on_hello(): info: W1 log file is /dev/null
1732983192.135851: 1639-7fe847f0f700: cdpl_server_ipc.c:481: in _sv_on_hello(): info: up to 1 alive workers in B1
1732983192.135875: 1639-7fe84770e700: cdpl_server_sched.c:955: in _assign(): info: assigning task T0 to worker W1
1732983199.196764: 1639-7fe847f0f700: cdpl_server_ipc.c:857: in _sv_on_finish(): info: worker W1 completed task T0
1732983199.196988: 1639-7fe84770e700: cdpl_server_sched.c:955: in _assign(): info: assigning task T1 to worker W1
1732983205.800096: 1639-7fe847f0f700: cdpl_server_ipc.c:857: in _sv_on_finish(): info: worker W1 completed task T1
1732983205.800135: 1639-7fe84770e700: cdpl_server_sched.c:955: in _assign(): info: assigning task T3 to worker W1
1732983212.517387: 1639-7fe847f0f700: cdpl_server_ipc.c:857: in _sv_on_finish(): info: worker W1 completed task T3
1732983212.517429: 1639-7fe84770e700: cdpl_server_sched.c:955: in _assign(): info: assigning task T4 to worker W1
1732983219.293964: 1639-7fe847f0f700: cdpl_server_ipc.c:857: in _sv_on_finish(): info: worker W1 completed task T4
1732983219.294200: 1639-7fe84770e700: cdpl_server_sched.c:955: in _assign(): info: assigning task T7 to worker W1
1732983226.090682: 1639-7fe847f0f700: cdpl_server_ipc.c:857: in _sv_on_finish(): info: worker W1 completed task T7
1732983226.090714: 1639-7fe84770e700: cdpl_server_sched.c:955: in _assign(): info: assigning task T8 to worker W1
1732983232.725030: 1639-7fe847f0f700: cdpl_server_ipc.c:857: in _sv_on_finish(): info: worker W1 completed task T8
1732983232.725060: 1639-7fe84770e700: cdpl_server_sched.c:955: in _assign(): info: assigning task T2 to worker W1
1732983239.185816: 1639-7fe847f0f700: cdpl_server_ipc.c:857: in _sv_on_finish(): info: worker W1 completed task T2
1732983239.185848: 1639-7fe84770e700: cdpl_server_sched.c:955: in _assign(): info: assigning task T5 to worker W1
1732983245.653934: 1639-7fe847f0f700: cdpl_server_ipc.c:857: in _sv_on_finish(): info: worker W1 completed task T5
1732983245.653969: 1639-7fe84770e700: cdpl_server_sched.c:955: in _assign(): info: assigning task T6 to worker W1
1732983252.247511: 1639-7fe847f0f700: cdpl_server_ipc.c:857: in _sv_on_finish(): info: worker W1 completed task T6
1732983252.247542: 1639-7fe84770e700: cdpl_server_sched.c:955: in _assign(): info: assigning task T9 to worker W1
1732983258.702871: 1639-7fe847f0f700: cdpl_server_ipc.c:857: in _sv_on_finish(): info: worker W1 completed task T9
1732983258.702902: 1639-7fe84770e700: cdpl_server_sched.c:955: in _assign(): info: assigning task T10 to worker W1
1732983265.181840: 1639-7fe847f0f700: cdpl_server_ipc.c:857: in _sv_on_finish(): info: worker W1 completed task T10
1732983455.806653: 1639-7fe85fa0a0c0: cdpl_compat_master.c:5152: in cdplMasterLogInfo(): info: [non-CDPL log entry] Ending current CDPL job
1732983455.806907: 1639-7fe85fa0a0c0: cdpl_server.c:2890: in cdpl_sv_halt_job_errno(): info: stopping job J1
1732983455.806982: 1639-7fe84770e700: cdpl_server_sched.c:2711: in _sv_drop_worker(): info: down to 0 alive workers in B1
1732983455.807016: 1639-7fe85fa0a0c0: cdpl_server.c:2875: in cdpl_sv_halt_job_errno(): info: killing job J1
1732983455.807025: 1639-7fe85fa0a0c0: cdpl_server.c:288: in _sv_free_job(): info: freeing job J1
1732983455.807086: 1639-7fe85fa0a0c0: cdpl_farm.c:2395: in cdpl_farm_free(): info: freeing farm
1732983455.807260: 1639-7fe85fa0a0c0: cdpl_server.c:3011: in cdpl_sv_free(): info: freeing server S2135833797
1732983455.807266: 1639-7fe85fa0a0c0: cdpl_server.c:2976: in cdpl_sv_kill_errno(): info: killing server
1732983455.807660: 1639-7fe85fa0a0c0: cdpl_server.c:328: in _sv_free_master(): info: freeing master M1
1732983455.807702: 1639-7fe85fa0a0c0: cdpl_log.c:371: in cdpl_log_close(): info: @@end_of_log@@
