1732983629.489297: 17397-7f2b97eb50c0: cdpl_log.c:228: in cdpl_log_open(): info: @@start_of_log@@
1732983629.489322: 17397-7f2b97eb50c0: cdpl_log.c:866: in cdpl_log_dump_sysinfo(): info: time: 2024/11/30 10:20:29 CST -0600
1732983629.489327: 17397-7f2b97eb50c0: cdpl_log.c:868: in cdpl_log_dump_sysinfo(): info: version: T-2022.03 
1732983629.489329: 17397-7f2b97eb50c0: cdpl_log.c:870: in cdpl_log_dump_sysinfo(): info: system: Linux 3.10.0-1160.119.1.el7.x86_64 #1 SMP Tue May 14 11:55:25 EDT 2024
1732983629.489330: 17397-7f2b97eb50c0: cdpl_log.c:875: in cdpl_log_dump_sysinfo(): info: processor: x86_64 64-bits
1732983629.489332: 17397-7f2b97eb50c0: cdpl_log.c:879: in cdpl_log_dump_sysinfo(): info: hostname: engnx03a.utdallas.edu
1732983629.489334: 17397-7f2b97eb50c0: cdpl_log.c:230: in cdpl_log_open(): debug: path: /home/eng/d/dal852207/cad/gf65/primelib_gf65/NAND4/runtime/cdpl/pid17397/master.engnx03a.utdallas.edu.17397.log
1732983629.489336: 17397-7f2b97eb50c0: cdpl_log.c:231: in cdpl_log_open(): debug: dir: /home/eng/d/dal852207/cad/gf65/primelib_gf65/NAND4/runtime/cdpl/pid17397
1732983629.489343: 17397-7f2b97eb50c0: cdpl_log.c:758: in cdpl_log_set_filter(): info: filter level 1
1732983629.489363: 17397-7f2b97eb50c0: cdpl_server.c:543: in cdpl_sv_init(): info: new server S1865401858
1732983629.489370: 17397-7f2b97eb50c0: cdpl_ipc.c:3030: in cdpl_ipc_init(): info: requesting IPv4 protocol
1732983629.489899: 17397-7f2b97eb50c0: cdpl_ipc.c:800: in _selectaddrfamily(): info: selected IPv4 protocol
1732983629.490149: 17397-7f2b97eb50c0: cdpl_server.c:657: in cdpl_sv_new_master(): info: new master M1
1732983629.490162: 17397-7f2b97eb50c0: cdpl_server.c:5494: in cdpl_sv_ctl_master(): info: Setting worker heartbeat to 60 seconds
1732983629.490165: 17397-7f2b97eb50c0: cdpl_server.c:5503: in cdpl_sv_ctl_master(): info: Setting worker heartbeat timeout to 3 heartbeats
1732983629.490169: 17397-7f2b97eb50c0: cdpl_compat_master.c:2407: in cdplInitMaster(): info: bcast dir is `/dev/null'
1732983629.490210: 17397-7f2b97eb50c0: cdpl_server.c:5394: in cdpl_sv_ctl_master(): info: farm worker timeout set to 36000
1732983629.490212: 17397-7f2b97eb50c0: cdpl_server.c:5410: in cdpl_sv_ctl_master(): info: grid worker timeout set to 36000
1732983629.490214: 17397-7f2b97eb50c0: cdpl_server.c:5438: in cdpl_sv_ctl_master(): info: farm submit command failure threshold set to 100
1732983629.490249: 17397-7f2b97eb50c0: cdpl_farm.c:2268: in cdpl_farm_new_sh(): info: creating SH farm on localhost
1732983629.490262: 17397-7f2b97eb50c0: cdpl_compat_master.c:207: in _set_farm_env(): info: exporting CDPL_LOGDIR as `/home/eng/d/dal852207/cad/gf65/primelib_gf65/NAND4/runtime/cdpl/pid17397'
1732983629.490266: 17397-7f2b97eb50c0: cdpl_compat_master.c:213: in _set_farm_env(): info: exporting CDPL_TMPDIR as `/var/tmp'
1732983629.490268: 17397-7f2b97eb50c0: cdpl_compat_master.c:220: in _set_farm_env(): info: exporting CDPL_HOME as `/proj/cad/synopsys/synopsys_2021/primelib/T-2022.03-SP1/cdpl_runtime_linux64'
1732983629.490270: 17397-7f2b97eb50c0: cdpl_compat_master.c:227: in _set_farm_env(): info: exporting SNPSLMD_LICENSE_FILE as `1700@engdmv.utdallas.edu'
1732983629.490273: 17397-7f2b97eb50c0: cdpl_compat_master.c:247: in _set_farm_env(): info: exporting CDPL_OPTIONS as `[filter][nowlogs]'
1732983629.490275: 17397-7f2b97eb50c0: cdpl_compat_master.c:254: in _set_farm_env(): info: exporting DISPLAY as `:1022'
1732983629.490277: 17397-7f2b97eb50c0: cdpl_compat_master.c:262: in _set_farm_env(): info: exporting CDPL_HEARTBEAT as `60'
1732983629.490280: 17397-7f2b97eb50c0: cdpl_compat_master.c:348: in _set_farm_env(): info: exporting SIS_MALIBU as `2'
1732983629.490281: 17397-7f2b97eb50c0: cdpl_compat_master.c:348: in _set_farm_env(): info: exporting SIS_CDPL as `5'
1732983629.532311: 17397-7f2b97eb50c0: cdpl_server.c:738: in cdpl_sv_new_job(): info: new job J1 in M1
1732983629.532328: 17397-7f2b97eb50c0: cdpl_compat_master.c:1314: in _add_worker(): info: new worker type 100, min:1, max:1, cmd:`/home/eng/d/dal852207/cad/gf65/primelib_gf65/NAND4/runtime/cdpl/pid17397/run_17397.sh'
1732983629.532338: 17397-7f2b97eb50c0: cdpl_server.c:900: in cdpl_sv_new_bin_withfarm(): info: new bin B1 in J1
1732983629.540995: 17397-7f2b97eb50c0: cdpl_server.c:3116: in cdpl_sv_start_job(): info: starting job J1
1732983629.549663: 17397-7f2b97eb50c0: cdpl_server.c:1824: in _sv_gen_task(): info: new task T0 in B1 (prio 3)
1732983629.549673: 17397-7f2b97eb50c0: cdpl_server.c:2558: in cdpl_sv_label_task_va(): info: setting task T0 label to "leakage_power__ACQ_1 of NAND4"
1732983629.549737: 17397-7f2b97eb50c0: cdpl_server.c:1824: in _sv_gen_task(): info: new task T1 in B1 (prio 5)
1732983629.549794: 17397-7f2b7fbb9700: cdpl_server_sched.c:700: in _sv_launch_worker(): info: started worker W1 (as C1) in bin B1
1732983629.549814: 17397-7f2b97eb50c0: cdpl_server.c:2558: in cdpl_sv_label_task_va(): info: setting task T1 label to "Cin__VSS__hl__ACQ_1 of NAND4"
1732983629.549833: 17397-7f2b7f3b8700: cdpl_farm.c:1899: in _schedule(): info: worker submit failure threshold set to 100
1732983629.549858: 17397-7f2b97eb50c0: cdpl_server.c:1824: in _sv_gen_task(): info: new task T2 in B1 (prio 5)
1732983629.549865: 17397-7f2b97eb50c0: cdpl_server.c:2558: in cdpl_sv_label_task_va(): info: setting task T2 label to "Cin__VSS__lh__ACQ_1 of NAND4"
1732983629.549868: 17397-7f2b7f3b8700: cdpl_sh.c:49: in _sh_detached_submit(): info: SH : /home/eng/d/dal852207/cad/gf65/primelib_gf65/NAND4/runtime/cdpl/pid17397/run_17397.sh
1732983629.552312: 17397-7f2b97eb50c0: cdpl_server.c:1824: in _sv_gen_task(): info: new task T3 in B1 (prio 2)
1732983629.552362: 17397-7f2b97eb50c0: cdpl_server.c:2558: in cdpl_sv_label_task_va(): info: setting task T3 label to "delay__A__hl__OUT__lh__ACQ_1 of NAND4"
1732983629.553001: 17397-7f2b97eb50c0: cdpl_server.c:1824: in _sv_gen_task(): info: new task T4 in B1 (prio 2)
1732983629.553005: 17397-7f2b97eb50c0: cdpl_server.c:2558: in cdpl_sv_label_task_va(): info: setting task T4 label to "delay__A__lh__OUT__hl__ACQ_1 of NAND4"
1732983629.553075: 17397-7f2b97eb50c0: cdpl_server.c:1824: in _sv_gen_task(): info: new task T5 in B1 (prio 2)
1732983629.553078: 17397-7f2b97eb50c0: cdpl_server.c:2558: in cdpl_sv_label_task_va(): info: setting task T5 label to "delay__B__hl__OUT__lh__ACQ_1 of NAND4"
1732983629.553145: 17397-7f2b97eb50c0: cdpl_server.c:1824: in _sv_gen_task(): info: new task T6 in B1 (prio 2)
1732983629.553148: 17397-7f2b97eb50c0: cdpl_server.c:2558: in cdpl_sv_label_task_va(): info: setting task T6 label to "delay__B__lh__OUT__hl__ACQ_1 of NAND4"
1732983629.553208: 17397-7f2b97eb50c0: cdpl_server.c:1824: in _sv_gen_task(): info: new task T7 in B1 (prio 2)
1732983629.553212: 17397-7f2b97eb50c0: cdpl_server.c:2558: in cdpl_sv_label_task_va(): info: setting task T7 label to "delay__C__hl__OUT__lh__ACQ_1 of NAND4"
1732983629.553263: 17397-7f2b97eb50c0: cdpl_server.c:1824: in _sv_gen_task(): info: new task T8 in B1 (prio 2)
1732983629.553266: 17397-7f2b97eb50c0: cdpl_server.c:2558: in cdpl_sv_label_task_va(): info: setting task T8 label to "delay__C__lh__OUT__hl__ACQ_1 of NAND4"
1732983629.553325: 17397-7f2b97eb50c0: cdpl_server.c:1824: in _sv_gen_task(): info: new task T9 in B1 (prio 2)
1732983629.553327: 17397-7f2b97eb50c0: cdpl_server.c:2558: in cdpl_sv_label_task_va(): info: setting task T9 label to "delay__D__hl__OUT__lh__ACQ_1 of NAND4"
1732983629.553371: 17397-7f2b97eb50c0: cdpl_server.c:1824: in _sv_gen_task(): info: new task T10 in B1 (prio 2)
1732983629.553374: 17397-7f2b97eb50c0: cdpl_server.c:2558: in cdpl_sv_label_task_va(): info: setting task T10 label to "delay__D__lh__OUT__hl__ACQ_1 of NAND4"
1732983629.553407: 17397-7f2b97eb50c0: cdpl_server.c:1824: in _sv_gen_task(): info: new task T11 in B1 (prio 5)
1732983629.553410: 17397-7f2b97eb50c0: cdpl_server.c:2558: in cdpl_sv_label_task_va(): info: setting task T11 label to "Cin__VDD__hl__ACQ_1 of NAND4"
1732983629.553443: 17397-7f2b97eb50c0: cdpl_server.c:1824: in _sv_gen_task(): info: new task T12 in B1 (prio 5)
1732983629.553446: 17397-7f2b97eb50c0: cdpl_server.c:2558: in cdpl_sv_label_task_va(): info: setting task T12 label to "Cin__VDD__lh__ACQ_1 of NAND4"
1732983630.223111: 17397-7f2b803ba700: cdpl_server_ipc.c:452: in _sv_on_hello(): info: W1 is `10.182.66.68:59264'
1732983630.223128: 17397-7f2b803ba700: cdpl_server_ipc.c:454: in _sv_on_hello(): info: W1 log file is /dev/null
1732983630.223138: 17397-7f2b803ba700: cdpl_server_ipc.c:481: in _sv_on_hello(): info: up to 1 alive workers in B1
1732983630.223169: 17397-7f2b7fbb9700: cdpl_server_sched.c:955: in _assign(): info: assigning task T3 to worker W1
1732983637.056817: 17397-7f2b803ba700: cdpl_server_ipc.c:857: in _sv_on_finish(): info: worker W1 completed task T3
1732983637.056853: 17397-7f2b7fbb9700: cdpl_server_sched.c:955: in _assign(): info: assigning task T4 to worker W1
1732983643.667245: 17397-7f2b803ba700: cdpl_server_ipc.c:857: in _sv_on_finish(): info: worker W1 completed task T4
1732983643.667549: 17397-7f2b7fbb9700: cdpl_server_sched.c:955: in _assign(): info: assigning task T5 to worker W1
1732983650.194312: 17397-7f2b803ba700: cdpl_server_ipc.c:857: in _sv_on_finish(): info: worker W1 completed task T5
1732983650.194356: 17397-7f2b7fbb9700: cdpl_server_sched.c:955: in _assign(): info: assigning task T6 to worker W1
1732983656.817083: 17397-7f2b803ba700: cdpl_server_ipc.c:857: in _sv_on_finish(): info: worker W1 completed task T6
1732983656.817123: 17397-7f2b7fbb9700: cdpl_server_sched.c:955: in _assign(): info: assigning task T7 to worker W1
1732983663.554723: 17397-7f2b803ba700: cdpl_server_ipc.c:857: in _sv_on_finish(): info: worker W1 completed task T7
1732983663.554773: 17397-7f2b7fbb9700: cdpl_server_sched.c:955: in _assign(): info: assigning task T8 to worker W1
1732983670.068480: 17397-7f2b803ba700: cdpl_server_ipc.c:857: in _sv_on_finish(): info: worker W1 completed task T8
1732983670.068742: 17397-7f2b7fbb9700: cdpl_server_sched.c:955: in _assign(): info: assigning task T9 to worker W1
1732983676.617013: 17397-7f2b803ba700: cdpl_server_ipc.c:857: in _sv_on_finish(): info: worker W1 completed task T9
1732983676.617050: 17397-7f2b7fbb9700: cdpl_server_sched.c:955: in _assign(): info: assigning task T10 to worker W1
1732983683.364701: 17397-7f2b803ba700: cdpl_server_ipc.c:857: in _sv_on_finish(): info: worker W1 completed task T10
1732983683.364757: 17397-7f2b7fbb9700: cdpl_server_sched.c:955: in _assign(): info: assigning task T0 to worker W1
1732983689.674148: 17397-7f2b803ba700: cdpl_server_ipc.c:857: in _sv_on_finish(): info: worker W1 completed task T0
1732983689.674180: 17397-7f2b7fbb9700: cdpl_server_sched.c:955: in _assign(): info: assigning task T1 to worker W1
1732983696.074965: 17397-7f2b803ba700: cdpl_server_ipc.c:857: in _sv_on_finish(): info: worker W1 completed task T1
1732983696.075212: 17397-7f2b7fbb9700: cdpl_server_sched.c:955: in _assign(): info: assigning task T2 to worker W1
1732983702.534102: 17397-7f2b803ba700: cdpl_server_ipc.c:857: in _sv_on_finish(): info: worker W1 completed task T2
1732983702.534138: 17397-7f2b7fbb9700: cdpl_server_sched.c:955: in _assign(): info: assigning task T11 to worker W1
1732983708.965303: 17397-7f2b803ba700: cdpl_server_ipc.c:857: in _sv_on_finish(): info: worker W1 completed task T11
1732983708.965343: 17397-7f2b7fbb9700: cdpl_server_sched.c:955: in _assign(): info: assigning task T12 to worker W1
1732983715.270093: 17397-7f2b803ba700: cdpl_server_ipc.c:857: in _sv_on_finish(): info: worker W1 completed task T12
1732983805.602994: 17397-7f2b97eb50c0: cdpl_compat_master.c:5152: in cdplMasterLogInfo(): info: [non-CDPL log entry] Ending current CDPL job
1732983805.603262: 17397-7f2b97eb50c0: cdpl_server.c:2890: in cdpl_sv_halt_job_errno(): info: stopping job J1
1732983805.603348: 17397-7f2b7fbb9700: cdpl_server_sched.c:2711: in _sv_drop_worker(): info: down to 0 alive workers in B1
1732983805.603403: 17397-7f2b97eb50c0: cdpl_server.c:2875: in cdpl_sv_halt_job_errno(): info: killing job J1
1732983805.603409: 17397-7f2b97eb50c0: cdpl_server.c:288: in _sv_free_job(): info: freeing job J1
1732983805.603452: 17397-7f2b97eb50c0: cdpl_farm.c:2395: in cdpl_farm_free(): info: freeing farm
1732983805.603705: 17397-7f2b97eb50c0: cdpl_server.c:3011: in cdpl_sv_free(): info: freeing server S1865401858
1732983805.603712: 17397-7f2b97eb50c0: cdpl_server.c:2976: in cdpl_sv_kill_errno(): info: killing server
1732983805.603739: 17397-7f2b97eb50c0: cdpl_server.c:328: in _sv_free_master(): info: freeing master M1
1732983805.603788: 17397-7f2b97eb50c0: cdpl_log.c:371: in cdpl_log_close(): info: @@end_of_log@@
