1733168682.201411: 10777-7ffaa9e0c0c0: cdpl_log.c:228: in cdpl_log_open(): info: @@start_of_log@@
1733168682.201440: 10777-7ffaa9e0c0c0: cdpl_log.c:866: in cdpl_log_dump_sysinfo(): info: time: 2024/12/02 13:44:42 CST -0600
1733168682.201444: 10777-7ffaa9e0c0c0: cdpl_log.c:868: in cdpl_log_dump_sysinfo(): info: version: T-2022.03 
1733168682.201446: 10777-7ffaa9e0c0c0: cdpl_log.c:870: in cdpl_log_dump_sysinfo(): info: system: Linux 3.10.0-1160.119.1.el7.x86_64 #1 SMP Tue May 14 11:55:25 EDT 2024
1733168682.201448: 10777-7ffaa9e0c0c0: cdpl_log.c:875: in cdpl_log_dump_sysinfo(): info: processor: x86_64 64-bits
1733168682.201449: 10777-7ffaa9e0c0c0: cdpl_log.c:879: in cdpl_log_dump_sysinfo(): info: hostname: engnx01a.utdallas.edu
1733168682.201451: 10777-7ffaa9e0c0c0: cdpl_log.c:230: in cdpl_log_open(): debug: path: /home/eng/d/dal852207/cad/gf65/primelib_gf65/INV/runtime/cdpl/pid10777/master.engnx01a.utdallas.edu.10777.log
1733168682.201454: 10777-7ffaa9e0c0c0: cdpl_log.c:231: in cdpl_log_open(): debug: dir: /home/eng/d/dal852207/cad/gf65/primelib_gf65/INV/runtime/cdpl/pid10777
1733168682.201458: 10777-7ffaa9e0c0c0: cdpl_log.c:758: in cdpl_log_set_filter(): info: filter level 1
1733168682.201474: 10777-7ffaa9e0c0c0: cdpl_server.c:543: in cdpl_sv_init(): info: new server S1433219984
1733168682.201481: 10777-7ffaa9e0c0c0: cdpl_ipc.c:3030: in cdpl_ipc_init(): info: requesting IPv4 protocol
1733168682.201940: 10777-7ffaa9e0c0c0: cdpl_ipc.c:800: in _selectaddrfamily(): info: selected IPv4 protocol
1733168682.202201: 10777-7ffaa9e0c0c0: cdpl_server.c:657: in cdpl_sv_new_master(): info: new master M1
1733168682.202214: 10777-7ffaa9e0c0c0: cdpl_server.c:5494: in cdpl_sv_ctl_master(): info: Setting worker heartbeat to 60 seconds
1733168682.202216: 10777-7ffaa9e0c0c0: cdpl_server.c:5503: in cdpl_sv_ctl_master(): info: Setting worker heartbeat timeout to 3 heartbeats
1733168682.202220: 10777-7ffaa9e0c0c0: cdpl_compat_master.c:2407: in cdplInitMaster(): info: bcast dir is `/dev/null'
1733168682.202266: 10777-7ffaa9e0c0c0: cdpl_server.c:5394: in cdpl_sv_ctl_master(): info: farm worker timeout set to 36000
1733168682.202268: 10777-7ffaa9e0c0c0: cdpl_server.c:5410: in cdpl_sv_ctl_master(): info: grid worker timeout set to 36000
1733168682.202270: 10777-7ffaa9e0c0c0: cdpl_server.c:5438: in cdpl_sv_ctl_master(): info: farm submit command failure threshold set to 100
1733168682.202305: 10777-7ffaa9e0c0c0: cdpl_farm.c:2268: in cdpl_farm_new_sh(): info: creating SH farm on localhost
1733168682.202316: 10777-7ffaa9e0c0c0: cdpl_compat_master.c:207: in _set_farm_env(): info: exporting CDPL_LOGDIR as `/home/eng/d/dal852207/cad/gf65/primelib_gf65/INV/runtime/cdpl/pid10777'
1733168682.202319: 10777-7ffaa9e0c0c0: cdpl_compat_master.c:213: in _set_farm_env(): info: exporting CDPL_TMPDIR as `/var/tmp'
1733168682.202322: 10777-7ffaa9e0c0c0: cdpl_compat_master.c:220: in _set_farm_env(): info: exporting CDPL_HOME as `/proj/cad/synopsys/synopsys_2021/primelib/T-2022.03-SP1/cdpl_runtime_linux64'
1733168682.202324: 10777-7ffaa9e0c0c0: cdpl_compat_master.c:227: in _set_farm_env(): info: exporting SNPSLMD_LICENSE_FILE as `1700@engdmv.utdallas.edu'
1733168682.202326: 10777-7ffaa9e0c0c0: cdpl_compat_master.c:247: in _set_farm_env(): info: exporting CDPL_OPTIONS as `[filter][nowlogs]'
1733168682.202328: 10777-7ffaa9e0c0c0: cdpl_compat_master.c:254: in _set_farm_env(): info: exporting DISPLAY as `:1022'
1733168682.202330: 10777-7ffaa9e0c0c0: cdpl_compat_master.c:262: in _set_farm_env(): info: exporting CDPL_HEARTBEAT as `60'
1733168682.202333: 10777-7ffaa9e0c0c0: cdpl_compat_master.c:348: in _set_farm_env(): info: exporting SIS_MALIBU as `2'
1733168682.202335: 10777-7ffaa9e0c0c0: cdpl_compat_master.c:348: in _set_farm_env(): info: exporting SIS_CDPL as `5'
1733168682.245496: 10777-7ffaa9e0c0c0: cdpl_server.c:738: in cdpl_sv_new_job(): info: new job J1 in M1
1733168682.245519: 10777-7ffaa9e0c0c0: cdpl_compat_master.c:1314: in _add_worker(): info: new worker type 100, min:1, max:1, cmd:`/home/eng/d/dal852207/cad/gf65/primelib_gf65/INV/runtime/cdpl/pid10777/run_10777.sh'
1733168682.245528: 10777-7ffaa9e0c0c0: cdpl_server.c:900: in cdpl_sv_new_bin_withfarm(): info: new bin B1 in J1
1733168682.251782: 10777-7ffaa9e0c0c0: cdpl_server.c:3116: in cdpl_sv_start_job(): info: starting job J1
1733168682.262656: 10777-7ffaa9e0c0c0: cdpl_server.c:1824: in _sv_gen_task(): info: new task T0 in B1 (prio 3)
1733168682.262668: 10777-7ffaa9e0c0c0: cdpl_server.c:2558: in cdpl_sv_label_task_va(): info: setting task T0 label to "leakage_power__ACQ_1 of INV"
1733168682.262741: 10777-7ffaa9e0c0c0: cdpl_server.c:1824: in _sv_gen_task(): info: new task T1 in B1 (prio 2)
1733168682.262799: 10777-7ffa91b0f700: cdpl_server_sched.c:700: in _sv_launch_worker(): info: started worker W1 (as C1) in bin B1
1733168682.262822: 10777-7ffaa9e0c0c0: cdpl_server.c:2558: in cdpl_sv_label_task_va(): info: setting task T1 label to "delay__IN__lh__OUT__hl__ACQ_1 of INV"
1733168682.262838: 10777-7ffa9130e700: cdpl_farm.c:1899: in _schedule(): info: worker submit failure threshold set to 100
1733168682.262852: 10777-7ffaa9e0c0c0: cdpl_server.c:1824: in _sv_gen_task(): info: new task T2 in B1 (prio 2)
1733168682.262856: 10777-7ffaa9e0c0c0: cdpl_server.c:2558: in cdpl_sv_label_task_va(): info: setting task T2 label to "delay__IN__hl__OUT__lh__ACQ_1 of INV"
1733168682.262876: 10777-7ffa9130e700: cdpl_sh.c:49: in _sh_detached_submit(): info: SH : /home/eng/d/dal852207/cad/gf65/primelib_gf65/INV/runtime/cdpl/pid10777/run_10777.sh
1733168682.262887: 10777-7ffaa9e0c0c0: cdpl_server.c:1824: in _sv_gen_task(): info: new task T3 in B1 (prio 5)
1733168682.262891: 10777-7ffaa9e0c0c0: cdpl_server.c:2558: in cdpl_sv_label_task_va(): info: setting task T3 label to "Cin__VSS__lh__ACQ_1 of INV"
1733168682.265103: 10777-7ffaa9e0c0c0: cdpl_server.c:1824: in _sv_gen_task(): info: new task T4 in B1 (prio 5)
1733168682.265118: 10777-7ffaa9e0c0c0: cdpl_server.c:2558: in cdpl_sv_label_task_va(): info: setting task T4 label to "Cin__VSS__hl__ACQ_1 of INV"
1733168682.265264: 10777-7ffaa9e0c0c0: cdpl_server.c:1824: in _sv_gen_task(): info: new task T5 in B1 (prio 5)
1733168682.265267: 10777-7ffaa9e0c0c0: cdpl_server.c:2558: in cdpl_sv_label_task_va(): info: setting task T5 label to "Cin__VDD__lh__ACQ_1 of INV"
1733168682.265302: 10777-7ffaa9e0c0c0: cdpl_server.c:1824: in _sv_gen_task(): info: new task T6 in B1 (prio 5)
1733168682.265305: 10777-7ffaa9e0c0c0: cdpl_server.c:2558: in cdpl_sv_label_task_va(): info: setting task T6 label to "Cin__VDD__hl__ACQ_1 of INV"
1733168682.895601: 10777-7ffa92310700: cdpl_server_ipc.c:452: in _sv_on_hello(): info: W1 is `10.182.66.66:51444'
1733168682.895621: 10777-7ffa92310700: cdpl_server_ipc.c:454: in _sv_on_hello(): info: W1 log file is /dev/null
1733168682.895637: 10777-7ffa92310700: cdpl_server_ipc.c:481: in _sv_on_hello(): info: up to 1 alive workers in B1
1733168682.895690: 10777-7ffa91b0f700: cdpl_server_sched.c:955: in _assign(): info: assigning task T1 to worker W1
1733168689.665814: 10777-7ffa92310700: cdpl_server_ipc.c:857: in _sv_on_finish(): info: worker W1 completed task T1
1733168689.666108: 10777-7ffa91b0f700: cdpl_server_sched.c:955: in _assign(): info: assigning task T2 to worker W1
1733168696.285657: 10777-7ffa92310700: cdpl_server_ipc.c:857: in _sv_on_finish(): info: worker W1 completed task T2
1733168696.285696: 10777-7ffa91b0f700: cdpl_server_sched.c:955: in _assign(): info: assigning task T0 to worker W1
1733168766.311044: 10777-7ffa92310700: cdpl_server_ipc.c:857: in _sv_on_finish(): info: worker W1 completed task T0
1733168766.311331: 10777-7ffa91b0f700: cdpl_server_sched.c:955: in _assign(): info: assigning task T3 to worker W1
1733168772.923447: 10777-7ffa92310700: cdpl_server_ipc.c:857: in _sv_on_finish(): info: worker W1 completed task T3
1733168772.923491: 10777-7ffa91b0f700: cdpl_server_sched.c:955: in _assign(): info: assigning task T4 to worker W1
1733168779.369356: 10777-7ffa92310700: cdpl_server_ipc.c:857: in _sv_on_finish(): info: worker W1 completed task T4
1733168779.369704: 10777-7ffa91b0f700: cdpl_server_sched.c:955: in _assign(): info: assigning task T5 to worker W1
1733168785.947786: 10777-7ffa92310700: cdpl_server_ipc.c:857: in _sv_on_finish(): info: worker W1 completed task T5
1733168785.947822: 10777-7ffa91b0f700: cdpl_server_sched.c:955: in _assign(): info: assigning task T6 to worker W1
1733168792.623179: 10777-7ffa92310700: cdpl_server_ipc.c:857: in _sv_on_finish(): info: worker W1 completed task T6
1733168909.646900: 10777-7ffaa9e0c0c0: cdpl_compat_master.c:5152: in cdplMasterLogInfo(): info: [non-CDPL log entry] Ending current CDPL job
1733168909.647141: 10777-7ffaa9e0c0c0: cdpl_server.c:2890: in cdpl_sv_halt_job_errno(): info: stopping job J1
1733168909.647215: 10777-7ffa91b0f700: cdpl_server_sched.c:2711: in _sv_drop_worker(): info: down to 0 alive workers in B1
1733168909.647267: 10777-7ffaa9e0c0c0: cdpl_server.c:2875: in cdpl_sv_halt_job_errno(): info: killing job J1
1733168909.647277: 10777-7ffaa9e0c0c0: cdpl_server.c:288: in _sv_free_job(): info: freeing job J1
1733168909.647324: 10777-7ffaa9e0c0c0: cdpl_farm.c:2395: in cdpl_farm_free(): info: freeing farm
1733168909.647528: 10777-7ffaa9e0c0c0: cdpl_server.c:3011: in cdpl_sv_free(): info: freeing server S1433219984
1733168909.647534: 10777-7ffaa9e0c0c0: cdpl_server.c:2976: in cdpl_sv_kill_errno(): info: killing server
1733168909.647577: 10777-7ffaa9e0c0c0: cdpl_server.c:328: in _sv_free_master(): info: freeing master M1
1733168909.647629: 10777-7ffaa9e0c0c0: cdpl_log.c:371: in cdpl_log_close(): info: @@end_of_log@@
