1732981068.485584: 14939-7f31bfe2e0c0: cdpl_log.c:228: in cdpl_log_open(): info: @@start_of_log@@
1732981068.485613: 14939-7f31bfe2e0c0: cdpl_log.c:866: in cdpl_log_dump_sysinfo(): info: time: 2024/11/30 09:37:48 CST -0600
1732981068.485617: 14939-7f31bfe2e0c0: cdpl_log.c:868: in cdpl_log_dump_sysinfo(): info: version: T-2022.03 
1732981068.485619: 14939-7f31bfe2e0c0: cdpl_log.c:870: in cdpl_log_dump_sysinfo(): info: system: Linux 3.10.0-1160.119.1.el7.x86_64 #1 SMP Tue May 14 11:55:25 EDT 2024
1732981068.485621: 14939-7f31bfe2e0c0: cdpl_log.c:875: in cdpl_log_dump_sysinfo(): info: processor: x86_64 64-bits
1732981068.485623: 14939-7f31bfe2e0c0: cdpl_log.c:879: in cdpl_log_dump_sysinfo(): info: hostname: engnx03a.utdallas.edu
1732981068.485624: 14939-7f31bfe2e0c0: cdpl_log.c:230: in cdpl_log_open(): debug: path: /home/eng/d/dal852207/cad/gf65/primelib_gf65/AOI22/runtime/cdpl/pid14939/master.engnx03a.utdallas.edu.14939.log
1732981068.485627: 14939-7f31bfe2e0c0: cdpl_log.c:231: in cdpl_log_open(): debug: dir: /home/eng/d/dal852207/cad/gf65/primelib_gf65/AOI22/runtime/cdpl/pid14939
1732981068.485635: 14939-7f31bfe2e0c0: cdpl_log.c:758: in cdpl_log_set_filter(): info: filter level 1
1732981068.485657: 14939-7f31bfe2e0c0: cdpl_server.c:543: in cdpl_sv_init(): info: new server S1391825393
1732981068.485665: 14939-7f31bfe2e0c0: cdpl_ipc.c:3030: in cdpl_ipc_init(): info: requesting IPv4 protocol
1732981068.486255: 14939-7f31bfe2e0c0: cdpl_ipc.c:800: in _selectaddrfamily(): info: selected IPv4 protocol
1732981068.486583: 14939-7f31bfe2e0c0: cdpl_server.c:657: in cdpl_sv_new_master(): info: new master M1
1732981068.486595: 14939-7f31bfe2e0c0: cdpl_server.c:5494: in cdpl_sv_ctl_master(): info: Setting worker heartbeat to 60 seconds
1732981068.486597: 14939-7f31bfe2e0c0: cdpl_server.c:5503: in cdpl_sv_ctl_master(): info: Setting worker heartbeat timeout to 3 heartbeats
1732981068.486601: 14939-7f31bfe2e0c0: cdpl_compat_master.c:2407: in cdplInitMaster(): info: bcast dir is `/dev/null'
1732981068.486661: 14939-7f31bfe2e0c0: cdpl_server.c:5394: in cdpl_sv_ctl_master(): info: farm worker timeout set to 36000
1732981068.486663: 14939-7f31bfe2e0c0: cdpl_server.c:5410: in cdpl_sv_ctl_master(): info: grid worker timeout set to 36000
1732981068.486665: 14939-7f31bfe2e0c0: cdpl_server.c:5438: in cdpl_sv_ctl_master(): info: farm submit command failure threshold set to 100
1732981068.486705: 14939-7f31bfe2e0c0: cdpl_farm.c:2268: in cdpl_farm_new_sh(): info: creating SH farm on localhost
1732981068.486720: 14939-7f31bfe2e0c0: cdpl_compat_master.c:207: in _set_farm_env(): info: exporting CDPL_LOGDIR as `/home/eng/d/dal852207/cad/gf65/primelib_gf65/AOI22/runtime/cdpl/pid14939'
1732981068.486723: 14939-7f31bfe2e0c0: cdpl_compat_master.c:213: in _set_farm_env(): info: exporting CDPL_TMPDIR as `/var/tmp'
1732981068.486725: 14939-7f31bfe2e0c0: cdpl_compat_master.c:220: in _set_farm_env(): info: exporting CDPL_HOME as `/proj/cad/synopsys/synopsys_2021/primelib/T-2022.03-SP1/cdpl_runtime_linux64'
1732981068.486728: 14939-7f31bfe2e0c0: cdpl_compat_master.c:227: in _set_farm_env(): info: exporting SNPSLMD_LICENSE_FILE as `1700@engdmv.utdallas.edu'
1732981068.486738: 14939-7f31bfe2e0c0: cdpl_compat_master.c:247: in _set_farm_env(): info: exporting CDPL_OPTIONS as `[filter][nowlogs]'
1732981068.486740: 14939-7f31bfe2e0c0: cdpl_compat_master.c:254: in _set_farm_env(): info: exporting DISPLAY as `:1022'
1732981068.486742: 14939-7f31bfe2e0c0: cdpl_compat_master.c:262: in _set_farm_env(): info: exporting CDPL_HEARTBEAT as `60'
1732981068.486746: 14939-7f31bfe2e0c0: cdpl_compat_master.c:348: in _set_farm_env(): info: exporting SIS_MALIBU as `2'
1732981068.486747: 14939-7f31bfe2e0c0: cdpl_compat_master.c:348: in _set_farm_env(): info: exporting SIS_CDPL as `5'
1732981068.528515: 14939-7f31bfe2e0c0: cdpl_server.c:738: in cdpl_sv_new_job(): info: new job J1 in M1
1732981068.528530: 14939-7f31bfe2e0c0: cdpl_compat_master.c:1314: in _add_worker(): info: new worker type 100, min:1, max:1, cmd:`/home/eng/d/dal852207/cad/gf65/primelib_gf65/AOI22/runtime/cdpl/pid14939/run_14939.sh'
1732981068.528539: 14939-7f31bfe2e0c0: cdpl_server.c:900: in cdpl_sv_new_bin_withfarm(): info: new bin B1 in J1
1732981068.537210: 14939-7f31bfe2e0c0: cdpl_server.c:3116: in cdpl_sv_start_job(): info: starting job J1
1732981068.545293: 14939-7f31bfe2e0c0: cdpl_server.c:1824: in _sv_gen_task(): info: new task T0 in B1 (prio 3)
1732981068.545304: 14939-7f31bfe2e0c0: cdpl_server.c:2558: in cdpl_sv_label_task_va(): info: setting task T0 label to "leakage_power__ACQ_1 of AOI22"
1732981068.545366: 14939-7f31bfe2e0c0: cdpl_server.c:1824: in _sv_gen_task(): info: new task T1 in B1 (prio 5)
1732981068.545418: 14939-7f31a7b32700: cdpl_server_sched.c:700: in _sv_launch_worker(): info: started worker W1 (as C1) in bin B1
1732981068.545446: 14939-7f31a7331700: cdpl_farm.c:1899: in _schedule(): info: worker submit failure threshold set to 100
1732981068.545456: 14939-7f31bfe2e0c0: cdpl_server.c:2558: in cdpl_sv_label_task_va(): info: setting task T1 label to "Cin__VSS__hl__ACQ_1 of AOI22"
1732981068.545462: 14939-7f31a7331700: cdpl_sh.c:49: in _sh_detached_submit(): info: SH : /home/eng/d/dal852207/cad/gf65/primelib_gf65/AOI22/runtime/cdpl/pid14939/run_14939.sh
1732981068.546902: 14939-7f31bfe2e0c0: cdpl_server.c:1824: in _sv_gen_task(): info: new task T2 in B1 (prio 5)
1732981068.546914: 14939-7f31bfe2e0c0: cdpl_server.c:2558: in cdpl_sv_label_task_va(): info: setting task T2 label to "Cin__VSS__lh__ACQ_1 of AOI22"
1732981068.547393: 14939-7f31bfe2e0c0: cdpl_server.c:1824: in _sv_gen_task(): info: new task T3 in B1 (prio 2)
1732981068.547396: 14939-7f31bfe2e0c0: cdpl_server.c:2558: in cdpl_sv_label_task_va(): info: setting task T3 label to "delay__A__hl__OUT__lh__ACQ_1 of AOI22"
1732981068.547458: 14939-7f31bfe2e0c0: cdpl_server.c:1824: in _sv_gen_task(): info: new task T4 in B1 (prio 2)
1732981068.547461: 14939-7f31bfe2e0c0: cdpl_server.c:2558: in cdpl_sv_label_task_va(): info: setting task T4 label to "delay__A__lh__OUT__hl__ACQ_1 of AOI22"
1732981068.547511: 14939-7f31bfe2e0c0: cdpl_server.c:1824: in _sv_gen_task(): info: new task T5 in B1 (prio 2)
1732981068.547514: 14939-7f31bfe2e0c0: cdpl_server.c:2558: in cdpl_sv_label_task_va(): info: setting task T5 label to "delay__B__hl__OUT__lh__ACQ_1 of AOI22"
1732981068.547562: 14939-7f31bfe2e0c0: cdpl_server.c:1824: in _sv_gen_task(): info: new task T6 in B1 (prio 2)
1732981068.547565: 14939-7f31bfe2e0c0: cdpl_server.c:2558: in cdpl_sv_label_task_va(): info: setting task T6 label to "delay__B__lh__OUT__hl__ACQ_1 of AOI22"
1732981068.547604: 14939-7f31bfe2e0c0: cdpl_server.c:1824: in _sv_gen_task(): info: new task T7 in B1 (prio 2)
1732981068.547607: 14939-7f31bfe2e0c0: cdpl_server.c:2558: in cdpl_sv_label_task_va(): info: setting task T7 label to "delay__C__hl__OUT__lh__ACQ_1 of AOI22"
1732981068.547645: 14939-7f31bfe2e0c0: cdpl_server.c:1824: in _sv_gen_task(): info: new task T8 in B1 (prio 2)
1732981068.547648: 14939-7f31bfe2e0c0: cdpl_server.c:2558: in cdpl_sv_label_task_va(): info: setting task T8 label to "delay__C__lh__OUT__hl__ACQ_1 of AOI22"
1732981068.547685: 14939-7f31bfe2e0c0: cdpl_server.c:1824: in _sv_gen_task(): info: new task T9 in B1 (prio 2)
1732981068.547688: 14939-7f31bfe2e0c0: cdpl_server.c:2558: in cdpl_sv_label_task_va(): info: setting task T9 label to "delay__D__hl__OUT__lh__ACQ_1 of AOI22"
1732981068.547714: 14939-7f31bfe2e0c0: cdpl_server.c:1824: in _sv_gen_task(): info: new task T10 in B1 (prio 2)
1732981068.547716: 14939-7f31bfe2e0c0: cdpl_server.c:2558: in cdpl_sv_label_task_va(): info: setting task T10 label to "delay__D__lh__OUT__hl__ACQ_1 of AOI22"
1732981068.547748: 14939-7f31bfe2e0c0: cdpl_server.c:1824: in _sv_gen_task(): info: new task T11 in B1 (prio 5)
1732981068.547751: 14939-7f31bfe2e0c0: cdpl_server.c:2558: in cdpl_sv_label_task_va(): info: setting task T11 label to "Cin__VDD__hl__ACQ_1 of AOI22"
1732981068.547784: 14939-7f31bfe2e0c0: cdpl_server.c:1824: in _sv_gen_task(): info: new task T12 in B1 (prio 5)
1732981068.547786: 14939-7f31bfe2e0c0: cdpl_server.c:2558: in cdpl_sv_label_task_va(): info: setting task T12 label to "Cin__VDD__lh__ACQ_1 of AOI22"
1732981069.185816: 14939-7f31a8333700: cdpl_server_ipc.c:452: in _sv_on_hello(): info: W1 is `10.182.66.68:57440'
1732981069.185836: 14939-7f31a8333700: cdpl_server_ipc.c:454: in _sv_on_hello(): info: W1 log file is /dev/null
1732981069.185846: 14939-7f31a8333700: cdpl_server_ipc.c:481: in _sv_on_hello(): info: up to 1 alive workers in B1
1732981069.185871: 14939-7f31a7b32700: cdpl_server_sched.c:955: in _assign(): info: assigning task T3 to worker W1
1732981076.077934: 14939-7f31a8333700: cdpl_server_ipc.c:857: in _sv_on_finish(): info: worker W1 completed task T3
1732981076.077965: 14939-7f31a7b32700: cdpl_server_sched.c:955: in _assign(): info: assigning task T4 to worker W1
1732981082.699703: 14939-7f31a8333700: cdpl_server_ipc.c:857: in _sv_on_finish(): info: worker W1 completed task T4
1732981082.699743: 14939-7f31a7b32700: cdpl_server_sched.c:955: in _assign(): info: assigning task T5 to worker W1
1732981089.377639: 14939-7f31a8333700: cdpl_server_ipc.c:857: in _sv_on_finish(): info: worker W1 completed task T5
1732981089.377676: 14939-7f31a7b32700: cdpl_server_sched.c:955: in _assign(): info: assigning task T6 to worker W1
1732981095.918650: 14939-7f31a8333700: cdpl_server_ipc.c:857: in _sv_on_finish(): info: worker W1 completed task T6
1732981095.918683: 14939-7f31a7b32700: cdpl_server_sched.c:955: in _assign(): info: assigning task T7 to worker W1
1732981102.577447: 14939-7f31a8333700: cdpl_server_ipc.c:857: in _sv_on_finish(): info: worker W1 completed task T7
1732981102.577698: 14939-7f31a7b32700: cdpl_server_sched.c:955: in _assign(): info: assigning task T8 to worker W1
1732981109.135459: 14939-7f31a8333700: cdpl_server_ipc.c:857: in _sv_on_finish(): info: worker W1 completed task T8
1732981109.135504: 14939-7f31a7b32700: cdpl_server_sched.c:955: in _assign(): info: assigning task T9 to worker W1
1732981115.638070: 14939-7f31a8333700: cdpl_server_ipc.c:857: in _sv_on_finish(): info: worker W1 completed task T9
1732981115.638097: 14939-7f31a7b32700: cdpl_server_sched.c:955: in _assign(): info: assigning task T10 to worker W1
1732981122.166688: 14939-7f31a8333700: cdpl_server_ipc.c:857: in _sv_on_finish(): info: worker W1 completed task T10
1732981122.166722: 14939-7f31a7b32700: cdpl_server_sched.c:955: in _assign(): info: assigning task T0 to worker W1
1732981128.693044: 14939-7f31a8333700: cdpl_server_ipc.c:857: in _sv_on_finish(): info: worker W1 completed task T0
1732981128.693068: 14939-7f31a7b32700: cdpl_server_sched.c:955: in _assign(): info: assigning task T1 to worker W1
1732981135.215454: 14939-7f31a8333700: cdpl_server_ipc.c:857: in _sv_on_finish(): info: worker W1 completed task T1
1732981135.215696: 14939-7f31a7b32700: cdpl_server_sched.c:955: in _assign(): info: assigning task T2 to worker W1
1732981141.801712: 14939-7f31a8333700: cdpl_server_ipc.c:857: in _sv_on_finish(): info: worker W1 completed task T2
1732981141.801766: 14939-7f31a7b32700: cdpl_server_sched.c:955: in _assign(): info: assigning task T11 to worker W1
1732981148.209408: 14939-7f31a8333700: cdpl_server_ipc.c:857: in _sv_on_finish(): info: worker W1 completed task T11
1732981148.209442: 14939-7f31a7b32700: cdpl_server_sched.c:955: in _assign(): info: assigning task T12 to worker W1
1732981154.696233: 14939-7f31a8333700: cdpl_server_ipc.c:857: in _sv_on_finish(): info: worker W1 completed task T12
1732981231.344117: 14939-7f31bfe2e0c0: cdpl_compat_master.c:5152: in cdplMasterLogInfo(): info: [non-CDPL log entry] Ending current CDPL job
1732981231.344354: 14939-7f31bfe2e0c0: cdpl_server.c:2890: in cdpl_sv_halt_job_errno(): info: stopping job J1
1732981231.344432: 14939-7f31a7b32700: cdpl_server_sched.c:2711: in _sv_drop_worker(): info: down to 0 alive workers in B1
1732981231.344471: 14939-7f31bfe2e0c0: cdpl_server.c:2875: in cdpl_sv_halt_job_errno(): info: killing job J1
1732981231.344477: 14939-7f31bfe2e0c0: cdpl_server.c:288: in _sv_free_job(): info: freeing job J1
1732981231.344516: 14939-7f31bfe2e0c0: cdpl_farm.c:2395: in cdpl_farm_free(): info: freeing farm
1732981231.344781: 14939-7f31bfe2e0c0: cdpl_server.c:3011: in cdpl_sv_free(): info: freeing server S1391825393
1732981231.344792: 14939-7f31bfe2e0c0: cdpl_server.c:2976: in cdpl_sv_kill_errno(): info: killing server
1732981231.344832: 14939-7f31bfe2e0c0: cdpl_server.c:328: in _sv_free_master(): info: freeing master M1
1732981231.345048: 14939-7f31bfe2e0c0: cdpl_log.c:371: in cdpl_log_close(): info: @@end_of_log@@
