1731203819.665434: 5755-7f00f64250c0: cdpl_log.c:228: in cdpl_log_open(): info: @@start_of_log@@
1731203819.665463: 5755-7f00f64250c0: cdpl_log.c:866: in cdpl_log_dump_sysinfo(): info: time: 2024/11/09 19:56:59 CST -0600
1731203819.665466: 5755-7f00f64250c0: cdpl_log.c:868: in cdpl_log_dump_sysinfo(): info: version: T-2022.03 
1731203819.665468: 5755-7f00f64250c0: cdpl_log.c:870: in cdpl_log_dump_sysinfo(): info: system: Linux 3.10.0-1160.119.1.el7.x86_64 #1 SMP Tue May 14 11:55:25 EDT 2024
1731203819.665470: 5755-7f00f64250c0: cdpl_log.c:875: in cdpl_log_dump_sysinfo(): info: processor: x86_64 64-bits
1731203819.665471: 5755-7f00f64250c0: cdpl_log.c:879: in cdpl_log_dump_sysinfo(): info: hostname: engnx03a.utdallas.edu
1731203819.665473: 5755-7f00f64250c0: cdpl_log.c:230: in cdpl_log_open(): debug: path: /home/eng/d/dal852207/cad/gf65/primelib_gf65/NAND4/runtime/cdpl/pid5755/master.5.engnx03a.utdallas.edu.5755.log
1731203819.665476: 5755-7f00f64250c0: cdpl_log.c:231: in cdpl_log_open(): debug: dir: /home/eng/d/dal852207/cad/gf65/primelib_gf65/NAND4/runtime/cdpl/pid5755
1731203819.665481: 5755-7f00f64250c0: cdpl_log.c:758: in cdpl_log_set_filter(): info: filter level 1
1731203819.665486: 5755-7f00f64250c0: cdpl_server.c:543: in cdpl_sv_init(): info: new server S292906005
1731203819.665494: 5755-7f00f64250c0: cdpl_ipc.c:3030: in cdpl_ipc_init(): info: requesting IPv4 protocol
1731203819.665902: 5755-7f00f64250c0: cdpl_ipc.c:800: in _selectaddrfamily(): info: selected IPv4 protocol
1731203819.666117: 5755-7f00f64250c0: cdpl_server.c:657: in cdpl_sv_new_master(): info: new master M1
1731203819.666126: 5755-7f00f64250c0: cdpl_server.c:5494: in cdpl_sv_ctl_master(): info: Setting worker heartbeat to 60 seconds
1731203819.666128: 5755-7f00f64250c0: cdpl_server.c:5503: in cdpl_sv_ctl_master(): info: Setting worker heartbeat timeout to 3 heartbeats
1731203819.666131: 5755-7f00f64250c0: cdpl_compat_master.c:2407: in cdplInitMaster(): info: bcast dir is `/dev/null'
1731203819.666184: 5755-7f00f64250c0: cdpl_server.c:5394: in cdpl_sv_ctl_master(): info: farm worker timeout set to 36000
1731203819.666186: 5755-7f00f64250c0: cdpl_server.c:5410: in cdpl_sv_ctl_master(): info: grid worker timeout set to 36000
1731203819.666187: 5755-7f00f64250c0: cdpl_server.c:5438: in cdpl_sv_ctl_master(): info: farm submit command failure threshold set to 100
1731203819.666219: 5755-7f00f64250c0: cdpl_farm.c:2268: in cdpl_farm_new_sh(): info: creating SH farm on localhost
1731203819.666230: 5755-7f00f64250c0: cdpl_compat_master.c:207: in _set_farm_env(): info: exporting CDPL_LOGDIR as `/home/eng/d/dal852207/cad/gf65/primelib_gf65/NAND4/runtime/cdpl/pid5755'
1731203819.666232: 5755-7f00f64250c0: cdpl_compat_master.c:213: in _set_farm_env(): info: exporting CDPL_TMPDIR as `/var/tmp'
1731203819.666234: 5755-7f00f64250c0: cdpl_compat_master.c:220: in _set_farm_env(): info: exporting CDPL_HOME as `/proj/cad/synopsys/synopsys_2021/primelib/T-2022.03-SP1/cdpl_runtime_linux64'
1731203819.666243: 5755-7f00f64250c0: cdpl_compat_master.c:227: in _set_farm_env(): info: exporting SNPSLMD_LICENSE_FILE as `1700@engdmv.utdallas.edu'
1731203819.666246: 5755-7f00f64250c0: cdpl_compat_master.c:247: in _set_farm_env(): info: exporting CDPL_OPTIONS as `[filter][nowlogs]'
1731203819.666248: 5755-7f00f64250c0: cdpl_compat_master.c:254: in _set_farm_env(): info: exporting DISPLAY as `:1005'
1731203819.666249: 5755-7f00f64250c0: cdpl_compat_master.c:262: in _set_farm_env(): info: exporting CDPL_HEARTBEAT as `60'
1731203819.666253: 5755-7f00f64250c0: cdpl_compat_master.c:348: in _set_farm_env(): info: exporting SIS_MALIBU as `2'
1731203819.666255: 5755-7f00f64250c0: cdpl_compat_master.c:348: in _set_farm_env(): info: exporting SIS_CDPL as `5'
1731203819.735753: 5755-7f00f64250c0: cdpl_server.c:738: in cdpl_sv_new_job(): info: new job J1 in M1
1731203819.735767: 5755-7f00f64250c0: cdpl_compat_master.c:1314: in _add_worker(): info: new worker type 100, min:1, max:1, cmd:`/home/eng/d/dal852207/cad/gf65/primelib_gf65/NAND4/runtime/cdpl/pid5755/run_5755.sh'
1731203819.735773: 5755-7f00f64250c0: cdpl_server.c:900: in cdpl_sv_new_bin_withfarm(): info: new bin B1 in J1
1731203819.740993: 5755-7f00f64250c0: cdpl_server.c:3116: in cdpl_sv_start_job(): info: starting job J1
1731203819.748117: 5755-7f00f64250c0: cdpl_server.c:1824: in _sv_gen_task(): info: new task T0 in B1 (prio 3)
1731203819.748124: 5755-7f00f64250c0: cdpl_server.c:2558: in cdpl_sv_label_task_va(): info: setting task T0 label to "leakage_power__ACQ_1 of NAND4"
1731203819.748162: 5755-7f00f64250c0: cdpl_server.c:1824: in _sv_gen_task(): info: new task T1 in B1 (prio 5)
1731203819.748251: 5755-7f00dd928700: cdpl_server_sched.c:700: in _sv_launch_worker(): info: started worker W1 (as C1) in bin B1
1731203819.748279: 5755-7f00de129700: cdpl_farm.c:1899: in _schedule(): info: worker submit failure threshold set to 100
1731203819.748290: 5755-7f00f64250c0: cdpl_server.c:2558: in cdpl_sv_label_task_va(): info: setting task T1 label to "Cin__VSS__hl__ACQ_1 of NAND4"
1731203819.748298: 5755-7f00de129700: cdpl_sh.c:49: in _sh_detached_submit(): info: SH : /home/eng/d/dal852207/cad/gf65/primelib_gf65/NAND4/runtime/cdpl/pid5755/run_5755.sh
1731203819.750092: 5755-7f00f64250c0: cdpl_server.c:1824: in _sv_gen_task(): info: new task T2 in B1 (prio 5)
1731203819.750107: 5755-7f00f64250c0: cdpl_server.c:2558: in cdpl_sv_label_task_va(): info: setting task T2 label to "Cin__VSS__lh__ACQ_1 of NAND4"
1731203819.750647: 5755-7f00f64250c0: cdpl_server.c:1824: in _sv_gen_task(): info: new task T3 in B1 (prio 2)
1731203819.750651: 5755-7f00f64250c0: cdpl_server.c:2558: in cdpl_sv_label_task_va(): info: setting task T3 label to "delay__VA__hl__OUT__lh__ACQ_1 of NAND4"
1731203819.750701: 5755-7f00f64250c0: cdpl_server.c:1824: in _sv_gen_task(): info: new task T4 in B1 (prio 2)
1731203819.750704: 5755-7f00f64250c0: cdpl_server.c:2558: in cdpl_sv_label_task_va(): info: setting task T4 label to "delay__VA__lh__OUT__hl__ACQ_1 of NAND4"
1731203819.750747: 5755-7f00f64250c0: cdpl_server.c:1824: in _sv_gen_task(): info: new task T5 in B1 (prio 2)
1731203819.750750: 5755-7f00f64250c0: cdpl_server.c:2558: in cdpl_sv_label_task_va(): info: setting task T5 label to "delay__VB__hl__OUT__lh__ACQ_1 of NAND4"
1731203819.750786: 5755-7f00f64250c0: cdpl_server.c:1824: in _sv_gen_task(): info: new task T6 in B1 (prio 2)
1731203819.750789: 5755-7f00f64250c0: cdpl_server.c:2558: in cdpl_sv_label_task_va(): info: setting task T6 label to "delay__VB__lh__OUT__hl__ACQ_1 of NAND4"
1731203819.750819: 5755-7f00f64250c0: cdpl_server.c:1824: in _sv_gen_task(): info: new task T7 in B1 (prio 2)
1731203819.750822: 5755-7f00f64250c0: cdpl_server.c:2558: in cdpl_sv_label_task_va(): info: setting task T7 label to "delay__VC__hl__OUT__lh__ACQ_1 of NAND4"
1731203819.750858: 5755-7f00f64250c0: cdpl_server.c:1824: in _sv_gen_task(): info: new task T8 in B1 (prio 2)
1731203819.750860: 5755-7f00f64250c0: cdpl_server.c:2558: in cdpl_sv_label_task_va(): info: setting task T8 label to "delay__VC__lh__OUT__hl__ACQ_1 of NAND4"
1731203819.750885: 5755-7f00f64250c0: cdpl_server.c:1824: in _sv_gen_task(): info: new task T9 in B1 (prio 2)
1731203819.750888: 5755-7f00f64250c0: cdpl_server.c:2558: in cdpl_sv_label_task_va(): info: setting task T9 label to "delay__VD__hl__OUT__lh__ACQ_1 of NAND4"
1731203819.750921: 5755-7f00f64250c0: cdpl_server.c:1824: in _sv_gen_task(): info: new task T10 in B1 (prio 2)
1731203819.750924: 5755-7f00f64250c0: cdpl_server.c:2558: in cdpl_sv_label_task_va(): info: setting task T10 label to "delay__VD__lh__OUT__hl__ACQ_1 of NAND4"
1731203819.750956: 5755-7f00f64250c0: cdpl_server.c:1824: in _sv_gen_task(): info: new task T11 in B1 (prio 5)
1731203819.750958: 5755-7f00f64250c0: cdpl_server.c:2558: in cdpl_sv_label_task_va(): info: setting task T11 label to "Cin__VDD__hl__ACQ_1 of NAND4"
1731203819.750993: 5755-7f00f64250c0: cdpl_server.c:1824: in _sv_gen_task(): info: new task T12 in B1 (prio 5)
1731203819.750995: 5755-7f00f64250c0: cdpl_server.c:2558: in cdpl_sv_label_task_va(): info: setting task T12 label to "Cin__VDD__lh__ACQ_1 of NAND4"
1731203820.434401: 5755-7f00df12b700: cdpl_server_ipc.c:452: in _sv_on_hello(): info: W1 is `10.182.66.68:53438'
1731203820.434421: 5755-7f00df12b700: cdpl_server_ipc.c:454: in _sv_on_hello(): info: W1 log file is /dev/null
1731203820.434429: 5755-7f00df12b700: cdpl_server_ipc.c:481: in _sv_on_hello(): info: up to 1 alive workers in B1
1731203820.434465: 5755-7f00dd928700: cdpl_server_sched.c:955: in _assign(): info: assigning task T3 to worker W1
1731203827.662860: 5755-7f00df12b700: cdpl_server_ipc.c:857: in _sv_on_finish(): info: worker W1 completed task T3
1731203827.662896: 5755-7f00dd928700: cdpl_server_sched.c:955: in _assign(): info: assigning task T4 to worker W1
1731203834.513215: 5755-7f00df12b700: cdpl_server_ipc.c:857: in _sv_on_finish(): info: worker W1 completed task T4
1731203834.513260: 5755-7f00dd928700: cdpl_server_sched.c:955: in _assign(): info: assigning task T5 to worker W1
1731203841.142976: 5755-7f00df12b700: cdpl_server_ipc.c:857: in _sv_on_finish(): info: worker W1 completed task T5
1731203841.143011: 5755-7f00dd928700: cdpl_server_sched.c:955: in _assign(): info: assigning task T6 to worker W1
1731203847.770760: 5755-7f00df12b700: cdpl_server_ipc.c:857: in _sv_on_finish(): info: worker W1 completed task T6
1731203847.770797: 5755-7f00dd928700: cdpl_server_sched.c:955: in _assign(): info: assigning task T7 to worker W1
1731203854.575744: 5755-7f00df12b700: cdpl_server_ipc.c:857: in _sv_on_finish(): info: worker W1 completed task T7
1731203854.575801: 5755-7f00dd928700: cdpl_server_sched.c:955: in _assign(): info: assigning task T8 to worker W1
1731203861.316153: 5755-7f00df12b700: cdpl_server_ipc.c:857: in _sv_on_finish(): info: worker W1 completed task T8
1731203861.316434: 5755-7f00dd928700: cdpl_server_sched.c:955: in _assign(): info: assigning task T9 to worker W1
1731203868.071167: 5755-7f00df12b700: cdpl_server_ipc.c:857: in _sv_on_finish(): info: worker W1 completed task T9
1731203868.071202: 5755-7f00dd928700: cdpl_server_sched.c:955: in _assign(): info: assigning task T10 to worker W1
1731203874.942014: 5755-7f00df12b700: cdpl_server_ipc.c:857: in _sv_on_finish(): info: worker W1 completed task T10
1731203874.942056: 5755-7f00dd928700: cdpl_server_sched.c:955: in _assign(): info: assigning task T0 to worker W1
1731203881.459977: 5755-7f00df12b700: cdpl_server_ipc.c:857: in _sv_on_finish(): info: worker W1 completed task T0
1731203881.460010: 5755-7f00dd928700: cdpl_server_sched.c:955: in _assign(): info: assigning task T1 to worker W1
1731203888.167042: 5755-7f00df12b700: cdpl_server_ipc.c:857: in _sv_on_finish(): info: worker W1 completed task T1
1731203888.167087: 5755-7f00dd928700: cdpl_server_sched.c:955: in _assign(): info: assigning task T2 to worker W1
1731203894.742055: 5755-7f00df12b700: cdpl_server_ipc.c:857: in _sv_on_finish(): info: worker W1 completed task T2
1731203894.742329: 5755-7f00dd928700: cdpl_server_sched.c:955: in _assign(): info: assigning task T11 to worker W1
1731203901.305334: 5755-7f00df12b700: cdpl_server_ipc.c:857: in _sv_on_finish(): info: worker W1 completed task T11
1731203901.305378: 5755-7f00dd928700: cdpl_server_sched.c:955: in _assign(): info: assigning task T12 to worker W1
1731203907.941188: 5755-7f00df12b700: cdpl_server_ipc.c:857: in _sv_on_finish(): info: worker W1 completed task T12
1731204074.595183: 5755-7f00f64250c0: cdpl_compat_master.c:5152: in cdplMasterLogInfo(): info: [non-CDPL log entry] Ending current CDPL job
1731204074.595367: 5755-7f00f64250c0: cdpl_server.c:2890: in cdpl_sv_halt_job_errno(): info: stopping job J1
1731204074.595465: 5755-7f00dd928700: cdpl_server_sched.c:2711: in _sv_drop_worker(): info: down to 0 alive workers in B1
1731204074.595505: 5755-7f00f64250c0: cdpl_server.c:2875: in cdpl_sv_halt_job_errno(): info: killing job J1
1731204074.595512: 5755-7f00f64250c0: cdpl_server.c:288: in _sv_free_job(): info: freeing job J1
1731204074.595540: 5755-7f00f64250c0: cdpl_farm.c:2395: in cdpl_farm_free(): info: freeing farm
1731204074.595619: 5755-7f00f64250c0: cdpl_server.c:3011: in cdpl_sv_free(): info: freeing server S292906005
1731204074.595623: 5755-7f00f64250c0: cdpl_server.c:2976: in cdpl_sv_kill_errno(): info: killing server
1731204074.595658: 5755-7f00f64250c0: cdpl_server.c:328: in _sv_free_master(): info: freeing master M1
1731204074.595705: 5755-7f00f64250c0: cdpl_log.c:371: in cdpl_log_close(): info: @@end_of_log@@
