1732396748.972063: 4567-7fe0d851b0c0: cdpl_log.c:228: in cdpl_log_open(): info: @@start_of_log@@
1732396748.972090: 4567-7fe0d851b0c0: cdpl_log.c:866: in cdpl_log_dump_sysinfo(): info: time: 2024/11/23 15:19:08 CST -0600
1732396748.972094: 4567-7fe0d851b0c0: cdpl_log.c:868: in cdpl_log_dump_sysinfo(): info: version: T-2022.03 
1732396748.972096: 4567-7fe0d851b0c0: cdpl_log.c:870: in cdpl_log_dump_sysinfo(): info: system: Linux 3.10.0-1160.119.1.el7.x86_64 #1 SMP Tue May 14 11:55:25 EDT 2024
1732396748.972098: 4567-7fe0d851b0c0: cdpl_log.c:875: in cdpl_log_dump_sysinfo(): info: processor: x86_64 64-bits
1732396748.972099: 4567-7fe0d851b0c0: cdpl_log.c:879: in cdpl_log_dump_sysinfo(): info: hostname: engnx03a.utdallas.edu
1732396748.972101: 4567-7fe0d851b0c0: cdpl_log.c:230: in cdpl_log_open(): debug: path: /home/eng/d/dal852207/cad/gf65/primelib_gf65/Flip_Flop/runtime/cdpl/pid4567/master.engnx03a.utdallas.edu.4567.log
1732396748.972104: 4567-7fe0d851b0c0: cdpl_log.c:231: in cdpl_log_open(): debug: dir: /home/eng/d/dal852207/cad/gf65/primelib_gf65/Flip_Flop/runtime/cdpl/pid4567
1732396748.972111: 4567-7fe0d851b0c0: cdpl_log.c:758: in cdpl_log_set_filter(): info: filter level 1
1732396748.972130: 4567-7fe0d851b0c0: cdpl_server.c:543: in cdpl_sv_init(): info: new server S2048921187
1732396748.972139: 4567-7fe0d851b0c0: cdpl_ipc.c:3030: in cdpl_ipc_init(): info: requesting IPv4 protocol
1732396748.972565: 4567-7fe0d851b0c0: cdpl_ipc.c:800: in _selectaddrfamily(): info: selected IPv4 protocol
1732396748.972885: 4567-7fe0d851b0c0: cdpl_server.c:657: in cdpl_sv_new_master(): info: new master M1
1732396748.972897: 4567-7fe0d851b0c0: cdpl_server.c:5494: in cdpl_sv_ctl_master(): info: Setting worker heartbeat to 60 seconds
1732396748.972899: 4567-7fe0d851b0c0: cdpl_server.c:5503: in cdpl_sv_ctl_master(): info: Setting worker heartbeat timeout to 3 heartbeats
1732396748.972903: 4567-7fe0d851b0c0: cdpl_compat_master.c:2407: in cdplInitMaster(): info: bcast dir is `/dev/null'
1732396748.972965: 4567-7fe0d851b0c0: cdpl_server.c:5394: in cdpl_sv_ctl_master(): info: farm worker timeout set to 36000
1732396748.972967: 4567-7fe0d851b0c0: cdpl_server.c:5410: in cdpl_sv_ctl_master(): info: grid worker timeout set to 36000
1732396748.972969: 4567-7fe0d851b0c0: cdpl_server.c:5438: in cdpl_sv_ctl_master(): info: farm submit command failure threshold set to 100
1732396748.973007: 4567-7fe0d851b0c0: cdpl_farm.c:2268: in cdpl_farm_new_sh(): info: creating SH farm on localhost
1732396748.973021: 4567-7fe0d851b0c0: cdpl_compat_master.c:207: in _set_farm_env(): info: exporting CDPL_LOGDIR as `/home/eng/d/dal852207/cad/gf65/primelib_gf65/Flip_Flop/runtime/cdpl/pid4567'
1732396748.973024: 4567-7fe0d851b0c0: cdpl_compat_master.c:213: in _set_farm_env(): info: exporting CDPL_TMPDIR as `/var/tmp'
1732396748.973026: 4567-7fe0d851b0c0: cdpl_compat_master.c:220: in _set_farm_env(): info: exporting CDPL_HOME as `/proj/cad/synopsys/synopsys_2021/primelib/T-2022.03-SP1/cdpl_runtime_linux64'
1732396748.973036: 4567-7fe0d851b0c0: cdpl_compat_master.c:227: in _set_farm_env(): info: exporting SNPSLMD_LICENSE_FILE as `1700@engdmv.utdallas.edu'
1732396748.973039: 4567-7fe0d851b0c0: cdpl_compat_master.c:247: in _set_farm_env(): info: exporting CDPL_OPTIONS as `[filter][nowlogs]'
1732396748.973042: 4567-7fe0d851b0c0: cdpl_compat_master.c:254: in _set_farm_env(): info: exporting DISPLAY as `:1027'
1732396748.973043: 4567-7fe0d851b0c0: cdpl_compat_master.c:262: in _set_farm_env(): info: exporting CDPL_HEARTBEAT as `60'
1732396748.973047: 4567-7fe0d851b0c0: cdpl_compat_master.c:348: in _set_farm_env(): info: exporting SIS_MALIBU as `2'
1732396748.973049: 4567-7fe0d851b0c0: cdpl_compat_master.c:348: in _set_farm_env(): info: exporting SIS_CDPL as `5'
1732396749.012769: 4567-7fe0d851b0c0: cdpl_server.c:738: in cdpl_sv_new_job(): info: new job J1 in M1
1732396749.012783: 4567-7fe0d851b0c0: cdpl_compat_master.c:1314: in _add_worker(): info: new worker type 100, min:1, max:1, cmd:`/home/eng/d/dal852207/cad/gf65/primelib_gf65/Flip_Flop/runtime/cdpl/pid4567/run_4567.sh'
1732396749.012790: 4567-7fe0d851b0c0: cdpl_server.c:900: in cdpl_sv_new_bin_withfarm(): info: new bin B1 in J1
1732396749.020915: 4567-7fe0d851b0c0: cdpl_server.c:3116: in cdpl_sv_start_job(): info: starting job J1
1732396749.029113: 4567-7fe0d851b0c0: cdpl_server.c:1824: in _sv_gen_task(): info: new task T0 in B1 (prio -1)
1732396749.029124: 4567-7fe0d851b0c0: cdpl_server.c:2558: in cdpl_sv_label_task_va(): info: setting task T0 label to "initialization__ACQ_7 of Flip_Flop"
1732396749.029229: 4567-7fe0d851b0c0: cdpl_server.c:1824: in _sv_gen_task(): info: new task T1 in B1 (prio -1)
1732396749.029267: 4567-7fe0c021f700: cdpl_server_sched.c:700: in _sv_launch_worker(): info: started worker W1 (as C1) in bin B1
1732396749.029290: 4567-7fe0bfa1e700: cdpl_farm.c:1899: in _schedule(): info: worker submit failure threshold set to 100
1732396749.029299: 4567-7fe0d851b0c0: cdpl_server.c:2558: in cdpl_sv_label_task_va(): info: setting task T1 label to "setup_hbm__D__lh__CLK__hl__ACQ_1 of Flip_Flop"
1732396749.029311: 4567-7fe0bfa1e700: cdpl_sh.c:49: in _sh_detached_submit(): info: SH : /home/eng/d/dal852207/cad/gf65/primelib_gf65/Flip_Flop/runtime/cdpl/pid4567/run_4567.sh
1732396749.030802: 4567-7fe0d851b0c0: cdpl_server.c:1824: in _sv_gen_task(): info: new task T2 in B1 (prio -1)
1732396749.030813: 4567-7fe0d851b0c0: cdpl_server.c:2558: in cdpl_sv_label_task_va(): info: setting task T2 label to "initialization__ACQ_6 of Flip_Flop"
1732396749.031280: 4567-7fe0d851b0c0: cdpl_server.c:1824: in _sv_gen_task(): info: new task T3 in B1 (prio -1)
1732396749.031284: 4567-7fe0d851b0c0: cdpl_server.c:2558: in cdpl_sv_label_task_va(): info: setting task T3 label to "setup_hbm__D__hl__CLK__hl__ACQ_1 of Flip_Flop"
1732396749.031349: 4567-7fe0d851b0c0: cdpl_server.c:1824: in _sv_gen_task(): info: new task T4 in B1 (prio -1)
1732396749.031352: 4567-7fe0d851b0c0: cdpl_server.c:2558: in cdpl_sv_label_task_va(): info: setting task T4 label to "initialization__ACQ_4 of Flip_Flop"
1732396749.031417: 4567-7fe0d851b0c0: cdpl_server.c:1824: in _sv_gen_task(): info: new task T5 in B1 (prio 3)
1732396749.031424: 4567-7fe0d851b0c0: cdpl_server.c:2558: in cdpl_sv_label_task_va(): info: setting task T5 label to "leakage_power__ACQ_1 of Flip_Flop"
1732396749.031467: 4567-7fe0d851b0c0: cdpl_server.c:1824: in _sv_gen_task(): info: new task T6 in B1 (prio 5)
1732396749.031470: 4567-7fe0d851b0c0: cdpl_server.c:2558: in cdpl_sv_label_task_va(): info: setting task T6 label to "Cin__D__hl__ACQ_1 of Flip_Flop"
1732396749.031499: 4567-7fe0d851b0c0: cdpl_server.c:1824: in _sv_gen_task(): info: new task T7 in B1 (prio 5)
1732396749.031501: 4567-7fe0d851b0c0: cdpl_server.c:2558: in cdpl_sv_label_task_va(): info: setting task T7 label to "Cin__D__lh__ACQ_1 of Flip_Flop"
1732396749.031535: 4567-7fe0d851b0c0: cdpl_server.c:1824: in _sv_gen_task(): info: new task T8 in B1 (prio 5)
1732396749.031537: 4567-7fe0d851b0c0: cdpl_server.c:2558: in cdpl_sv_label_task_va(): info: setting task T8 label to "Cin__VSS__hl__ACQ_1 of Flip_Flop"
1732396749.031565: 4567-7fe0d851b0c0: cdpl_server.c:1824: in _sv_gen_task(): info: new task T9 in B1 (prio 5)
1732396749.031567: 4567-7fe0d851b0c0: cdpl_server.c:2558: in cdpl_sv_label_task_va(): info: setting task T9 label to "Cin__VSS__lh__ACQ_1 of Flip_Flop"
1732396749.031600: 4567-7fe0d851b0c0: cdpl_server.c:1824: in _sv_gen_task(): info: new task T10 in B1 (prio -1)
1732396749.031603: 4567-7fe0d851b0c0: cdpl_server.c:2558: in cdpl_sv_label_task_va(): info: setting task T10 label to "initialization__ACQ_5 of Flip_Flop"
1732396749.031646: 4567-7fe0d851b0c0: cdpl_server.c:1824: in _sv_gen_task(): info: new task T11 in B1 (prio -1)
1732396749.031649: 4567-7fe0d851b0c0: cdpl_server.c:2558: in cdpl_sv_label_task_va(): info: setting task T11 label to "ncmpw_hbm__CLK__lh__CLK__hl__ACQ_1 of Flip_Flop"
1732396749.031675: 4567-7fe0d851b0c0: cdpl_server.c:1824: in _sv_gen_task(): info: new task T12 in B1 (prio -1)
1732396749.031678: 4567-7fe0d851b0c0: cdpl_server.c:2558: in cdpl_sv_label_task_va(): info: setting task T12 label to "removal_hbm__R__hl__CLK__hl__ACQ_1 of Flip_Flop"
1732396749.031704: 4567-7fe0d851b0c0: cdpl_server.c:1824: in _sv_gen_task(): info: new task T13 in B1 (prio -1)
1732396749.031707: 4567-7fe0d851b0c0: cdpl_server.c:2558: in cdpl_sv_label_task_va(): info: setting task T13 label to "recover_hbm__R__hl__CLK__hl__ACQ_1 of Flip_Flop"
1732396749.031733: 4567-7fe0d851b0c0: cdpl_server.c:1824: in _sv_gen_task(): info: new task T14 in B1 (prio -1)
1732396749.031735: 4567-7fe0d851b0c0: cdpl_server.c:2558: in cdpl_sv_label_task_va(): info: setting task T14 label to "initialization__ACQ_1 of Flip_Flop"
1732396749.031765: 4567-7fe0d851b0c0: cdpl_server.c:1824: in _sv_gen_task(): info: new task T15 in B1 (prio -1)
1732396749.031767: 4567-7fe0d851b0c0: cdpl_server.c:2558: in cdpl_sv_label_task_va(): info: setting task T15 label to "initialization__ACQ_2 of Flip_Flop"
1732396749.031810: 4567-7fe0d851b0c0: cdpl_server.c:1824: in _sv_gen_task(): info: new task T16 in B1 (prio -1)
1732396749.031813: 4567-7fe0d851b0c0: cdpl_server.c:2558: in cdpl_sv_label_task_va(): info: setting task T16 label to "cmpw_hbm__CLK__hl__CLK__lh__ACQ_1 of Flip_Flop"
1732396749.031846: 4567-7fe0d851b0c0: cdpl_server.c:1824: in _sv_gen_task(): info: new task T17 in B1 (prio -1)
1732396749.031849: 4567-7fe0d851b0c0: cdpl_server.c:2558: in cdpl_sv_label_task_va(): info: setting task T17 label to "cmpw_hbm__R__lh__R__hl__ACQ_1 of Flip_Flop"
1732396749.031873: 4567-7fe0d851b0c0: cdpl_server.c:1824: in _sv_gen_task(): info: new task T18 in B1 (prio -1)
1732396749.031876: 4567-7fe0d851b0c0: cdpl_server.c:2558: in cdpl_sv_label_task_va(): info: setting task T18 label to "initialization__ACQ_3 of Flip_Flop"
1732396749.031919: 4567-7fe0d851b0c0: cdpl_server.c:1824: in _sv_gen_task(): info: new task T19 in B1 (prio 2)
1732396749.031922: 4567-7fe0d851b0c0: cdpl_server.c:2558: in cdpl_sv_label_task_va(): info: setting task T19 label to "delay__CLK__hl__Q__hl__ACQ_1 of Flip_Flop"
1732396749.031956: 4567-7fe0d851b0c0: cdpl_server.c:1824: in _sv_gen_task(): info: new task T20 in B1 (prio 2)
1732396749.031959: 4567-7fe0d851b0c0: cdpl_server.c:2558: in cdpl_sv_label_task_va(): info: setting task T20 label to "delay__CLK__hl__Q__lh__ACQ_1 of Flip_Flop"
1732396749.032000: 4567-7fe0d851b0c0: cdpl_server.c:1824: in _sv_gen_task(): info: new task T21 in B1 (prio -1)
1732396749.032004: 4567-7fe0d851b0c0: cdpl_server.c:2558: in cdpl_sv_label_task_va(): info: setting task T21 label to "hold_hbm__D__lh__CLK__hl__ACQ_1 of Flip_Flop"
1732396749.032047: 4567-7fe0d851b0c0: cdpl_server.c:1824: in _sv_gen_task(): info: new task T22 in B1 (prio -1)
1732396749.032050: 4567-7fe0d851b0c0: cdpl_server.c:2558: in cdpl_sv_label_task_va(): info: setting task T22 label to "hold_hbm__D__hl__CLK__hl__ACQ_1 of Flip_Flop"
1732396749.032078: 4567-7fe0d851b0c0: cdpl_server.c:1824: in _sv_gen_task(): info: new task T23 in B1 (prio 5)
1732396749.032081: 4567-7fe0d851b0c0: cdpl_server.c:2558: in cdpl_sv_label_task_va(): info: setting task T23 label to "Cin__CLK__lh__ACQ_1 of Flip_Flop"
1732396749.032107: 4567-7fe0d851b0c0: cdpl_server.c:1824: in _sv_gen_task(): info: new task T24 in B1 (prio 5)
1732396749.032110: 4567-7fe0d851b0c0: cdpl_server.c:2558: in cdpl_sv_label_task_va(): info: setting task T24 label to "Cin__VDD__hl__ACQ_1 of Flip_Flop"
1732396749.032138: 4567-7fe0d851b0c0: cdpl_server.c:1824: in _sv_gen_task(): info: new task T25 in B1 (prio 5)
1732396749.032140: 4567-7fe0d851b0c0: cdpl_server.c:2558: in cdpl_sv_label_task_va(): info: setting task T25 label to "Cin__VDD__lh__ACQ_1 of Flip_Flop"
1732396749.032177: 4567-7fe0d851b0c0: cdpl_server.c:1824: in _sv_gen_task(): info: new task T26 in B1 (prio 2)
1732396749.032180: 4567-7fe0d851b0c0: cdpl_server.c:2558: in cdpl_sv_label_task_va(): info: setting task T26 label to "delay__R__lh__Q__hl__ACQ_1 of Flip_Flop"
1732396749.032206: 4567-7fe0d851b0c0: cdpl_server.c:1824: in _sv_gen_task(): info: new task T27 in B1 (prio 5)
1732396749.032209: 4567-7fe0d851b0c0: cdpl_server.c:2558: in cdpl_sv_label_task_va(): info: setting task T27 label to "Cin__R__hl__ACQ_1 of Flip_Flop"
1732396749.692328: 4567-7fe0c0a20700: cdpl_server_ipc.c:452: in _sv_on_hello(): info: W1 is `10.182.66.68:37970'
1732396749.692345: 4567-7fe0c0a20700: cdpl_server_ipc.c:454: in _sv_on_hello(): info: W1 log file is /dev/null
1732396749.692354: 4567-7fe0c0a20700: cdpl_server_ipc.c:481: in _sv_on_hello(): info: up to 1 alive workers in B1
1732396749.692382: 4567-7fe0c021f700: cdpl_server_sched.c:955: in _assign(): info: assigning task T0 to worker W1
1732396756.778972: 4567-7fe0c0a20700: cdpl_server_ipc.c:857: in _sv_on_finish(): info: worker W1 completed task T0
1732396756.779042: 4567-7fe0c021f700: cdpl_server_sched.c:955: in _assign(): info: assigning task T2 to worker W1
1732396763.496249: 4567-7fe0c0a20700: cdpl_server_ipc.c:857: in _sv_on_finish(): info: worker W1 completed task T2
1732396763.496298: 4567-7fe0c021f700: cdpl_server_sched.c:955: in _assign(): info: assigning task T4 to worker W1
1732396770.380363: 4567-7fe0c0a20700: cdpl_server_ipc.c:857: in _sv_on_finish(): info: worker W1 completed task T4
1732396770.380413: 4567-7fe0c021f700: cdpl_server_sched.c:955: in _assign(): info: assigning task T10 to worker W1
1732396777.441701: 4567-7fe0c0a20700: cdpl_server_ipc.c:857: in _sv_on_finish(): info: worker W1 completed task T10
1732396777.441746: 4567-7fe0c021f700: cdpl_server_sched.c:955: in _assign(): info: assigning task T12 to worker W1
1732396788.326413: 4567-7fe0c0a20700: cdpl_server_ipc.c:857: in _sv_on_finish(): info: worker W1 completed task T12
1732396788.326682: 4567-7fe0c021f700: cdpl_server_sched.c:955: in _assign(): info: assigning task T13 to worker W1
1732396799.304321: 4567-7fe0c0a20700: cdpl_server_ipc.c:857: in _sv_on_finish(): info: worker W1 completed task T13
1732396799.304368: 4567-7fe0c021f700: cdpl_server_sched.c:955: in _assign(): info: assigning task T14 to worker W1
1732396806.090043: 4567-7fe0c0a20700: cdpl_server_ipc.c:857: in _sv_on_finish(): info: worker W1 completed task T14
1732396806.090104: 4567-7fe0c021f700: cdpl_server_sched.c:955: in _assign(): info: assigning task T15 to worker W1
1732396813.098011: 4567-7fe0c0a20700: cdpl_server_ipc.c:857: in _sv_on_finish(): info: worker W1 completed task T15
1732396813.098081: 4567-7fe0c021f700: cdpl_server_sched.c:955: in _assign(): info: assigning task T18 to worker W1
1732396819.870830: 4567-7fe0c0a20700: cdpl_server_ipc.c:857: in _sv_on_finish(): info: worker W1 completed task T18
1732396819.871111: 4567-7fe0c021f700: cdpl_server_sched.c:955: in _assign(): info: assigning task T1 to worker W1
1732396831.333112: 4567-7fe0c0a20700: cdpl_server_ipc.c:857: in _sv_on_finish(): info: worker W1 completed task T1
1732396831.333160: 4567-7fe0c021f700: cdpl_server_sched.c:955: in _assign(): info: assigning task T3 to worker W1
1732396842.497450: 4567-7fe0c0a20700: cdpl_server_ipc.c:857: in _sv_on_finish(): info: worker W1 completed task T3
1732396842.497495: 4567-7fe0c021f700: cdpl_server_sched.c:955: in _assign(): info: assigning task T11 to worker W1
1732396849.961680: 4567-7fe0c0a20700: cdpl_server_ipc.c:857: in _sv_on_finish(): info: worker W1 completed task T11
1732396849.961726: 4567-7fe0c021f700: cdpl_server_sched.c:955: in _assign(): info: assigning task T16 to worker W1
1732396857.158201: 4567-7fe0c0a20700: cdpl_server_ipc.c:857: in _sv_on_finish(): info: worker W1 completed task T16
1732396857.158239: 4567-7fe0c021f700: cdpl_server_sched.c:955: in _assign(): info: assigning task T22 to worker W1
1732396867.760684: 4567-7fe0c0a20700: cdpl_server_ipc.c:857: in _sv_on_finish(): info: worker W1 completed task T22
1732396867.760728: 4567-7fe0c021f700: cdpl_server_sched.c:955: in _assign(): info: assigning task T17 to worker W1
1732396874.988004: 4567-7fe0c0a20700: cdpl_server_ipc.c:857: in _sv_on_finish(): info: worker W1 completed task T17
1732396874.988046: 4567-7fe0c021f700: cdpl_server_sched.c:955: in _assign(): info: assigning task T21 to worker W1
1732396885.826227: 4567-7fe0c0a20700: cdpl_server_ipc.c:857: in _sv_on_finish(): info: worker W1 completed task T21
1732396885.826276: 4567-7fe0c021f700: cdpl_server_sched.c:955: in _assign(): info: assigning task T20 to worker W1
1732396893.163385: 4567-7fe0c0a20700: cdpl_server_ipc.c:857: in _sv_on_finish(): info: worker W1 completed task T20
1732396893.163432: 4567-7fe0c021f700: cdpl_server_sched.c:955: in _assign(): info: assigning task T26 to worker W1
1732396900.527101: 4567-7fe0c0a20700: cdpl_server_ipc.c:857: in _sv_on_finish(): info: worker W1 completed task T26
1732396900.527146: 4567-7fe0c021f700: cdpl_server_sched.c:955: in _assign(): info: assigning task T19 to worker W1
1732396908.082224: 4567-7fe0c0a20700: cdpl_server_ipc.c:857: in _sv_on_finish(): info: worker W1 completed task T19
1732396908.082279: 4567-7fe0c021f700: cdpl_server_sched.c:955: in _assign(): info: assigning task T5 to worker W1
1732396981.272464: 4567-7fe0c0a20700: cdpl_server_ipc.c:857: in _sv_on_finish(): info: worker W1 completed task T5
1732396981.272782: 4567-7fe0c021f700: cdpl_server_sched.c:955: in _assign(): info: assigning task T6 to worker W1
1732396988.317934: 4567-7fe0c0a20700: cdpl_server_ipc.c:857: in _sv_on_finish(): info: worker W1 completed task T6
1732396988.317977: 4567-7fe0c021f700: cdpl_server_sched.c:955: in _assign(): info: assigning task T7 to worker W1
1732396995.246309: 4567-7fe0c0a20700: cdpl_server_ipc.c:857: in _sv_on_finish(): info: worker W1 completed task T7
1732396995.246351: 4567-7fe0c021f700: cdpl_server_sched.c:955: in _assign(): info: assigning task T8 to worker W1
1732397002.363443: 4567-7fe0c0a20700: cdpl_server_ipc.c:857: in _sv_on_finish(): info: worker W1 completed task T8
1732397002.363488: 4567-7fe0c021f700: cdpl_server_sched.c:955: in _assign(): info: assigning task T9 to worker W1
1732397009.466502: 4567-7fe0c0a20700: cdpl_server_ipc.c:857: in _sv_on_finish(): info: worker W1 completed task T9
1732397009.466539: 4567-7fe0c021f700: cdpl_server_sched.c:955: in _assign(): info: assigning task T23 to worker W1
1732397016.620516: 4567-7fe0c0a20700: cdpl_server_ipc.c:857: in _sv_on_finish(): info: worker W1 completed task T23
1732397016.620562: 4567-7fe0c021f700: cdpl_server_sched.c:955: in _assign(): info: assigning task T24 to worker W1
1732397023.623476: 4567-7fe0c0a20700: cdpl_server_ipc.c:857: in _sv_on_finish(): info: worker W1 completed task T24
1732397023.623513: 4567-7fe0c021f700: cdpl_server_sched.c:955: in _assign(): info: assigning task T25 to worker W1
1732397030.446836: 4567-7fe0c0a20700: cdpl_server_ipc.c:857: in _sv_on_finish(): info: worker W1 completed task T25
1732397030.446884: 4567-7fe0c021f700: cdpl_server_sched.c:955: in _assign(): info: assigning task T27 to worker W1
1732397036.897009: 4567-7fe0c0a20700: cdpl_server_ipc.c:857: in _sv_on_finish(): info: worker W1 completed task T27
1732397297.002038: 4567-7fe0d851b0c0: cdpl_compat_master.c:5152: in cdplMasterLogInfo(): info: [non-CDPL log entry] Ending current CDPL job
1732397297.002257: 4567-7fe0d851b0c0: cdpl_server.c:2890: in cdpl_sv_halt_job_errno(): info: stopping job J1
1732397297.002347: 4567-7fe0c021f700: cdpl_server_sched.c:2711: in _sv_drop_worker(): info: down to 0 alive workers in B1
1732397297.002404: 4567-7fe0d851b0c0: cdpl_server.c:2875: in cdpl_sv_halt_job_errno(): info: killing job J1
1732397297.002413: 4567-7fe0d851b0c0: cdpl_server.c:288: in _sv_free_job(): info: freeing job J1
1732397297.002485: 4567-7fe0d851b0c0: cdpl_farm.c:2395: in cdpl_farm_free(): info: freeing farm
1732397297.002695: 4567-7fe0d851b0c0: cdpl_server.c:3011: in cdpl_sv_free(): info: freeing server S2048921187
1732397297.002699: 4567-7fe0d851b0c0: cdpl_server.c:2976: in cdpl_sv_kill_errno(): info: killing server
1732397297.002730: 4567-7fe0d851b0c0: cdpl_server.c:328: in _sv_free_master(): info: freeing master M1
1732397297.002776: 4567-7fe0d851b0c0: cdpl_log.c:371: in cdpl_log_close(): info: @@end_of_log@@
