1732831147.218583: 4303-7fe0e96db0c0: cdpl_log.c:228: in cdpl_log_open(): info: @@start_of_log@@
1732831147.218609: 4303-7fe0e96db0c0: cdpl_log.c:866: in cdpl_log_dump_sysinfo(): info: time: 2024/11/28 15:59:07 CST -0600
1732831147.218613: 4303-7fe0e96db0c0: cdpl_log.c:868: in cdpl_log_dump_sysinfo(): info: version: T-2022.03 
1732831147.218615: 4303-7fe0e96db0c0: cdpl_log.c:870: in cdpl_log_dump_sysinfo(): info: system: Linux 3.10.0-1160.119.1.el7.x86_64 #1 SMP Tue May 14 11:55:25 EDT 2024
1732831147.218617: 4303-7fe0e96db0c0: cdpl_log.c:875: in cdpl_log_dump_sysinfo(): info: processor: x86_64 64-bits
1732831147.218618: 4303-7fe0e96db0c0: cdpl_log.c:879: in cdpl_log_dump_sysinfo(): info: hostname: engnx03a.utdallas.edu
1732831147.218620: 4303-7fe0e96db0c0: cdpl_log.c:230: in cdpl_log_open(): debug: path: /home/eng/d/dal852207/cad/gf65/primelib_gf65/Proj6_DRC_LVS/AOI12/runtime/cdpl/pid4303/master.1.engnx03a.utdallas.edu.4303.log
1732831147.218622: 4303-7fe0e96db0c0: cdpl_log.c:231: in cdpl_log_open(): debug: dir: /home/eng/d/dal852207/cad/gf65/primelib_gf65/Proj6_DRC_LVS/AOI12/runtime/cdpl/pid4303
1732831147.218631: 4303-7fe0e96db0c0: cdpl_log.c:758: in cdpl_log_set_filter(): info: filter level 1
1732831147.218636: 4303-7fe0e96db0c0: cdpl_server.c:543: in cdpl_sv_init(): info: new server S1292718293
1732831147.218641: 4303-7fe0e96db0c0: cdpl_ipc.c:3030: in cdpl_ipc_init(): info: requesting IPv4 protocol
1732831147.219314: 4303-7fe0e96db0c0: cdpl_ipc.c:800: in _selectaddrfamily(): info: selected IPv4 protocol
1732831147.219655: 4303-7fe0e96db0c0: cdpl_server.c:657: in cdpl_sv_new_master(): info: new master M1
1732831147.219663: 4303-7fe0e96db0c0: cdpl_server.c:5494: in cdpl_sv_ctl_master(): info: Setting worker heartbeat to 60 seconds
1732831147.219665: 4303-7fe0e96db0c0: cdpl_server.c:5503: in cdpl_sv_ctl_master(): info: Setting worker heartbeat timeout to 3 heartbeats
1732831147.219670: 4303-7fe0e96db0c0: cdpl_compat_master.c:2407: in cdplInitMaster(): info: bcast dir is `/dev/null'
1732831147.219709: 4303-7fe0e96db0c0: cdpl_server.c:5394: in cdpl_sv_ctl_master(): info: farm worker timeout set to 36000
1732831147.219711: 4303-7fe0e96db0c0: cdpl_server.c:5410: in cdpl_sv_ctl_master(): info: grid worker timeout set to 36000
1732831147.219713: 4303-7fe0e96db0c0: cdpl_server.c:5438: in cdpl_sv_ctl_master(): info: farm submit command failure threshold set to 100
1732831147.219742: 4303-7fe0e96db0c0: cdpl_farm.c:2268: in cdpl_farm_new_sh(): info: creating SH farm on localhost
1732831147.219751: 4303-7fe0e96db0c0: cdpl_compat_master.c:207: in _set_farm_env(): info: exporting CDPL_LOGDIR as `/home/eng/d/dal852207/cad/gf65/primelib_gf65/Proj6_DRC_LVS/AOI12/runtime/cdpl/pid4303'
1732831147.219753: 4303-7fe0e96db0c0: cdpl_compat_master.c:213: in _set_farm_env(): info: exporting CDPL_TMPDIR as `/var/tmp'
1732831147.219755: 4303-7fe0e96db0c0: cdpl_compat_master.c:220: in _set_farm_env(): info: exporting CDPL_HOME as `/proj/cad/synopsys/synopsys_2021/primelib/T-2022.03-SP1/cdpl_runtime_linux64'
1732831147.219757: 4303-7fe0e96db0c0: cdpl_compat_master.c:227: in _set_farm_env(): info: exporting SNPSLMD_LICENSE_FILE as `1700@engdmv.utdallas.edu'
1732831147.219759: 4303-7fe0e96db0c0: cdpl_compat_master.c:247: in _set_farm_env(): info: exporting CDPL_OPTIONS as `[filter][nowlogs]'
1732831147.219761: 4303-7fe0e96db0c0: cdpl_compat_master.c:254: in _set_farm_env(): info: exporting DISPLAY as `:1022'
1732831147.219763: 4303-7fe0e96db0c0: cdpl_compat_master.c:262: in _set_farm_env(): info: exporting CDPL_HEARTBEAT as `60'
1732831147.219767: 4303-7fe0e96db0c0: cdpl_compat_master.c:348: in _set_farm_env(): info: exporting SIS_MALIBU as `2'
1732831147.219768: 4303-7fe0e96db0c0: cdpl_compat_master.c:348: in _set_farm_env(): info: exporting SIS_CDPL as `5'
1732831147.256267: 4303-7fe0e96db0c0: cdpl_server.c:738: in cdpl_sv_new_job(): info: new job J1 in M1
1732831147.256279: 4303-7fe0e96db0c0: cdpl_compat_master.c:1314: in _add_worker(): info: new worker type 100, min:1, max:1, cmd:`/home/eng/d/dal852207/cad/gf65/primelib_gf65/Proj6_DRC_LVS/AOI12/runtime/cdpl/pid4303/run_4303.sh'
1732831147.256286: 4303-7fe0e96db0c0: cdpl_server.c:900: in cdpl_sv_new_bin_withfarm(): info: new bin B1 in J1
1732831147.259578: 4303-7fe0e96db0c0: cdpl_server.c:3116: in cdpl_sv_start_job(): info: starting job J1
1732831147.266185: 4303-7fe0e96db0c0: cdpl_server.c:1824: in _sv_gen_task(): info: new task T0 in B1 (prio 2)
1732831147.266192: 4303-7fe0e96db0c0: cdpl_server.c:2558: in cdpl_sv_label_task_va(): info: setting task T0 label to "delay__B__lh__OUT__hl__ACQ_1 of AOI12"
1732831147.266232: 4303-7fe0e96db0c0: cdpl_server.c:1824: in _sv_gen_task(): info: new task T1 in B1 (prio 2)
1732831147.266255: 4303-7fe0d0bde700: cdpl_server_sched.c:700: in _sv_launch_worker(): info: started worker W1 (as C1) in bin B1
1732831147.266278: 4303-7fe0e96db0c0: cdpl_server.c:2558: in cdpl_sv_label_task_va(): info: setting task T1 label to "delay__B__hl__OUT__lh__ACQ_1 of AOI12"
1732831147.266307: 4303-7fe0e96db0c0: cdpl_server.c:1824: in _sv_gen_task(): info: new task T2 in B1 (prio 3)
1732831147.266310: 4303-7fe0e96db0c0: cdpl_server.c:2558: in cdpl_sv_label_task_va(): info: setting task T2 label to "leakage_power__ACQ_1 of AOI12"
1732831147.266331: 4303-7fe0e96db0c0: cdpl_server.c:1824: in _sv_gen_task(): info: new task T3 in B1 (prio 2)
1732831147.266333: 4303-7fe0e96db0c0: cdpl_server.c:2558: in cdpl_sv_label_task_va(): info: setting task T3 label to "delay__C__lh__OUT__hl__ACQ_1 of AOI12"
1732831147.266352: 4303-7fe0e96db0c0: cdpl_server.c:1824: in _sv_gen_task(): info: new task T4 in B1 (prio 2)
1732831147.266355: 4303-7fe0e96db0c0: cdpl_server.c:2558: in cdpl_sv_label_task_va(): info: setting task T4 label to "delay__C__hl__OUT__lh__ACQ_1 of AOI12"
1732831147.266375: 4303-7fe0e96db0c0: cdpl_server.c:1824: in _sv_gen_task(): info: new task T5 in B1 (prio 5)
1732831147.266378: 4303-7fe0e96db0c0: cdpl_server.c:2558: in cdpl_sv_label_task_va(): info: setting task T5 label to "Cin__VSS__lh__ACQ_1 of AOI12"
1732831147.266396: 4303-7fe0e96db0c0: cdpl_server.c:1824: in _sv_gen_task(): info: new task T6 in B1 (prio 5)
1732831147.266399: 4303-7fe0e96db0c0: cdpl_server.c:2558: in cdpl_sv_label_task_va(): info: setting task T6 label to "Cin__VSS__hl__ACQ_1 of AOI12"
1732831147.266418: 4303-7fe0e96db0c0: cdpl_server.c:1824: in _sv_gen_task(): info: new task T7 in B1 (prio 2)
1732831147.266421: 4303-7fe0e96db0c0: cdpl_server.c:2558: in cdpl_sv_label_task_va(): info: setting task T7 label to "delay__A__lh__OUT__hl__ACQ_1 of AOI12"
1732831147.266440: 4303-7fe0e96db0c0: cdpl_server.c:1824: in _sv_gen_task(): info: new task T8 in B1 (prio 2)
1732831147.266442: 4303-7fe0e96db0c0: cdpl_server.c:2558: in cdpl_sv_label_task_va(): info: setting task T8 label to "delay__A__hl__OUT__lh__ACQ_1 of AOI12"
1732831147.266460: 4303-7fe0e96db0c0: cdpl_server.c:1824: in _sv_gen_task(): info: new task T9 in B1 (prio 5)
1732831147.266463: 4303-7fe0e96db0c0: cdpl_server.c:2558: in cdpl_sv_label_task_va(): info: setting task T9 label to "Cin__VDD__lh__ACQ_1 of AOI12"
1732831147.266481: 4303-7fe0e96db0c0: cdpl_server.c:1824: in _sv_gen_task(): info: new task T10 in B1 (prio 5)
1732831147.266483: 4303-7fe0e96db0c0: cdpl_server.c:2558: in cdpl_sv_label_task_va(): info: setting task T10 label to "Cin__VDD__hl__ACQ_1 of AOI12"
1732831147.266757: 4303-7fe0d13df700: cdpl_farm.c:1899: in _schedule(): info: worker submit failure threshold set to 100
1732831147.266768: 4303-7fe0d13df700: cdpl_sh.c:49: in _sh_detached_submit(): info: SH : /home/eng/d/dal852207/cad/gf65/primelib_gf65/Proj6_DRC_LVS/AOI12/runtime/cdpl/pid4303/run_4303.sh
1732831147.909685: 4303-7fe0d23e1700: cdpl_server_ipc.c:452: in _sv_on_hello(): info: W1 is `10.182.66.68:45332'
1732831147.909703: 4303-7fe0d23e1700: cdpl_server_ipc.c:454: in _sv_on_hello(): info: W1 log file is /dev/null
1732831147.909711: 4303-7fe0d23e1700: cdpl_server_ipc.c:481: in _sv_on_hello(): info: up to 1 alive workers in B1
1732831147.909729: 4303-7fe0d0bde700: cdpl_server_sched.c:955: in _assign(): info: assigning task T0 to worker W1
1732831154.812620: 4303-7fe0d23e1700: cdpl_server_ipc.c:857: in _sv_on_finish(): info: worker W1 completed task T0
1732831154.812656: 4303-7fe0d0bde700: cdpl_server_sched.c:955: in _assign(): info: assigning task T1 to worker W1
1732831161.457350: 4303-7fe0d23e1700: cdpl_server_ipc.c:857: in _sv_on_finish(): info: worker W1 completed task T1
1732831161.457380: 4303-7fe0d0bde700: cdpl_server_sched.c:955: in _assign(): info: assigning task T3 to worker W1
1732831167.968932: 4303-7fe0d23e1700: cdpl_server_ipc.c:857: in _sv_on_finish(): info: worker W1 completed task T3
1732831167.968958: 4303-7fe0d0bde700: cdpl_server_sched.c:955: in _assign(): info: assigning task T4 to worker W1
1732831174.533635: 4303-7fe0d23e1700: cdpl_server_ipc.c:857: in _sv_on_finish(): info: worker W1 completed task T4
1732831174.533674: 4303-7fe0d0bde700: cdpl_server_sched.c:955: in _assign(): info: assigning task T7 to worker W1
1732831180.992437: 4303-7fe0d23e1700: cdpl_server_ipc.c:857: in _sv_on_finish(): info: worker W1 completed task T7
1732831180.992469: 4303-7fe0d0bde700: cdpl_server_sched.c:955: in _assign(): info: assigning task T8 to worker W1
1732831187.371494: 4303-7fe0d23e1700: cdpl_server_ipc.c:857: in _sv_on_finish(): info: worker W1 completed task T8
1732831187.371773: 4303-7fe0d0bde700: cdpl_server_sched.c:955: in _assign(): info: assigning task T2 to worker W1
1732831256.386121: 4303-7fe0d23e1700: cdpl_server_ipc.c:857: in _sv_on_finish(): info: worker W1 completed task T2
1732831256.386369: 4303-7fe0d0bde700: cdpl_server_sched.c:955: in _assign(): info: assigning task T5 to worker W1
1732831262.872527: 4303-7fe0d23e1700: cdpl_server_ipc.c:857: in _sv_on_finish(): info: worker W1 completed task T5
1732831262.872563: 4303-7fe0d0bde700: cdpl_server_sched.c:955: in _assign(): info: assigning task T6 to worker W1
1732831269.201454: 4303-7fe0d23e1700: cdpl_server_ipc.c:857: in _sv_on_finish(): info: worker W1 completed task T6
1732831269.201490: 4303-7fe0d0bde700: cdpl_server_sched.c:955: in _assign(): info: assigning task T9 to worker W1
1732831275.812487: 4303-7fe0d23e1700: cdpl_server_ipc.c:857: in _sv_on_finish(): info: worker W1 completed task T9
1732831275.812521: 4303-7fe0d0bde700: cdpl_server_sched.c:955: in _assign(): info: assigning task T10 to worker W1
1732831282.223411: 4303-7fe0d23e1700: cdpl_server_ipc.c:857: in _sv_on_finish(): info: worker W1 completed task T10
1732831356.980719: 4303-7fe0e96db0c0: cdpl_compat_master.c:5152: in cdplMasterLogInfo(): info: [non-CDPL log entry] Ending current CDPL job
1732831356.980925: 4303-7fe0e96db0c0: cdpl_server.c:2890: in cdpl_sv_halt_job_errno(): info: stopping job J1
1732831356.980996: 4303-7fe0d0bde700: cdpl_server_sched.c:2711: in _sv_drop_worker(): info: down to 0 alive workers in B1
1732831356.981155: 4303-7fe0e96db0c0: cdpl_server.c:2875: in cdpl_sv_halt_job_errno(): info: killing job J1
1732831356.981163: 4303-7fe0e96db0c0: cdpl_server.c:288: in _sv_free_job(): info: freeing job J1
1732831356.981182: 4303-7fe0e96db0c0: cdpl_farm.c:2395: in cdpl_farm_free(): info: freeing farm
1732831356.981248: 4303-7fe0e96db0c0: cdpl_server.c:3011: in cdpl_sv_free(): info: freeing server S1292718293
1732831356.981251: 4303-7fe0e96db0c0: cdpl_server.c:2976: in cdpl_sv_kill_errno(): info: killing server
1732831356.981373: 4303-7fe0e96db0c0: cdpl_server.c:328: in _sv_free_master(): info: freeing master M1
1732831356.981406: 4303-7fe0e96db0c0: cdpl_log.c:371: in cdpl_log_close(): info: @@end_of_log@@
