1732951951.654213: 21643-7f24245820c0: cdpl_log.c:228: in cdpl_log_open(): info: @@start_of_log@@
1732951951.654240: 21643-7f24245820c0: cdpl_log.c:866: in cdpl_log_dump_sysinfo(): info: time: 2024/11/30 01:32:31 CST -0600
1732951951.654244: 21643-7f24245820c0: cdpl_log.c:868: in cdpl_log_dump_sysinfo(): info: version: T-2022.03 
1732951951.654245: 21643-7f24245820c0: cdpl_log.c:870: in cdpl_log_dump_sysinfo(): info: system: Linux 3.10.0-1160.119.1.el7.x86_64 #1 SMP Tue May 14 11:55:25 EDT 2024
1732951951.654247: 21643-7f24245820c0: cdpl_log.c:875: in cdpl_log_dump_sysinfo(): info: processor: x86_64 64-bits
1732951951.654249: 21643-7f24245820c0: cdpl_log.c:879: in cdpl_log_dump_sysinfo(): info: hostname: engnx03a.utdallas.edu
1732951951.654250: 21643-7f24245820c0: cdpl_log.c:230: in cdpl_log_open(): debug: path: /home/eng/d/dal852207/cad/gf65/primelib_gf65/INV/runtime/cdpl/pid21643/master.engnx03a.utdallas.edu.21643.log
1732951951.654253: 21643-7f24245820c0: cdpl_log.c:231: in cdpl_log_open(): debug: dir: /home/eng/d/dal852207/cad/gf65/primelib_gf65/INV/runtime/cdpl/pid21643
1732951951.654257: 21643-7f24245820c0: cdpl_log.c:758: in cdpl_log_set_filter(): info: filter level 1
1732951951.654274: 21643-7f24245820c0: cdpl_server.c:543: in cdpl_sv_init(): info: new server S1783764523
1732951951.654281: 21643-7f24245820c0: cdpl_ipc.c:3030: in cdpl_ipc_init(): info: requesting IPv4 protocol
1732951951.654770: 21643-7f24245820c0: cdpl_ipc.c:800: in _selectaddrfamily(): info: selected IPv4 protocol
1732951951.655061: 21643-7f24245820c0: cdpl_server.c:657: in cdpl_sv_new_master(): info: new master M1
1732951951.655072: 21643-7f24245820c0: cdpl_server.c:5494: in cdpl_sv_ctl_master(): info: Setting worker heartbeat to 60 seconds
1732951951.655074: 21643-7f24245820c0: cdpl_server.c:5503: in cdpl_sv_ctl_master(): info: Setting worker heartbeat timeout to 3 heartbeats
1732951951.655078: 21643-7f24245820c0: cdpl_compat_master.c:2407: in cdplInitMaster(): info: bcast dir is `/dev/null'
1732951951.655138: 21643-7f24245820c0: cdpl_server.c:5394: in cdpl_sv_ctl_master(): info: farm worker timeout set to 36000
1732951951.655140: 21643-7f24245820c0: cdpl_server.c:5410: in cdpl_sv_ctl_master(): info: grid worker timeout set to 36000
1732951951.655142: 21643-7f24245820c0: cdpl_server.c:5438: in cdpl_sv_ctl_master(): info: farm submit command failure threshold set to 100
1732951951.655182: 21643-7f24245820c0: cdpl_farm.c:2268: in cdpl_farm_new_sh(): info: creating SH farm on localhost
1732951951.655194: 21643-7f24245820c0: cdpl_compat_master.c:207: in _set_farm_env(): info: exporting CDPL_LOGDIR as `/home/eng/d/dal852207/cad/gf65/primelib_gf65/INV/runtime/cdpl/pid21643'
1732951951.655197: 21643-7f24245820c0: cdpl_compat_master.c:213: in _set_farm_env(): info: exporting CDPL_TMPDIR as `/var/tmp'
1732951951.655199: 21643-7f24245820c0: cdpl_compat_master.c:220: in _set_farm_env(): info: exporting CDPL_HOME as `/proj/cad/synopsys/synopsys_2021/primelib/T-2022.03-SP1/cdpl_runtime_linux64'
1732951951.655201: 21643-7f24245820c0: cdpl_compat_master.c:227: in _set_farm_env(): info: exporting SNPSLMD_LICENSE_FILE as `1700@engdmv.utdallas.edu'
1732951951.655203: 21643-7f24245820c0: cdpl_compat_master.c:247: in _set_farm_env(): info: exporting CDPL_OPTIONS as `[filter][nowlogs]'
1732951951.655205: 21643-7f24245820c0: cdpl_compat_master.c:254: in _set_farm_env(): info: exporting DISPLAY as `:1022'
1732951951.655207: 21643-7f24245820c0: cdpl_compat_master.c:262: in _set_farm_env(): info: exporting CDPL_HEARTBEAT as `60'
1732951951.655211: 21643-7f24245820c0: cdpl_compat_master.c:348: in _set_farm_env(): info: exporting SIS_MALIBU as `2'
1732951951.655213: 21643-7f24245820c0: cdpl_compat_master.c:348: in _set_farm_env(): info: exporting SIS_CDPL as `5'
1732951951.696408: 21643-7f24245820c0: cdpl_server.c:738: in cdpl_sv_new_job(): info: new job J1 in M1
1732951951.696422: 21643-7f24245820c0: cdpl_compat_master.c:1314: in _add_worker(): info: new worker type 100, min:1, max:1, cmd:`/home/eng/d/dal852207/cad/gf65/primelib_gf65/INV/runtime/cdpl/pid21643/run_21643.sh'
1732951951.696430: 21643-7f24245820c0: cdpl_server.c:900: in cdpl_sv_new_bin_withfarm(): info: new bin B1 in J1
1732951951.704645: 21643-7f24245820c0: cdpl_server.c:3116: in cdpl_sv_start_job(): info: starting job J1
1732951951.712978: 21643-7f24245820c0: cdpl_server.c:1824: in _sv_gen_task(): info: new task T0 in B1 (prio 3)
1732951951.712988: 21643-7f24245820c0: cdpl_server.c:2558: in cdpl_sv_label_task_va(): info: setting task T0 label to "leakage_power__ACQ_1 of INV"
1732951951.713070: 21643-7f24245820c0: cdpl_server.c:1824: in _sv_gen_task(): info: new task T1 in B1 (prio 2)
1732951951.713154: 21643-7f240c286700: cdpl_server_sched.c:700: in _sv_launch_worker(): info: started worker W1 (as C1) in bin B1
1732951951.713183: 21643-7f24245820c0: cdpl_server.c:2558: in cdpl_sv_label_task_va(): info: setting task T1 label to "delay__IN__lh__OUT__hl__ACQ_1 of INV"
1732951951.713212: 21643-7f24245820c0: cdpl_server.c:1824: in _sv_gen_task(): info: new task T2 in B1 (prio 2)
1732951951.713215: 21643-7f24245820c0: cdpl_server.c:2558: in cdpl_sv_label_task_va(): info: setting task T2 label to "delay__IN__hl__OUT__lh__ACQ_1 of INV"
1732951951.713236: 21643-7f24245820c0: cdpl_server.c:1824: in _sv_gen_task(): info: new task T3 in B1 (prio 5)
1732951951.713238: 21643-7f24245820c0: cdpl_server.c:2558: in cdpl_sv_label_task_va(): info: setting task T3 label to "Cin__VSS__lh__ACQ_1 of INV"
1732951951.713257: 21643-7f24245820c0: cdpl_server.c:1824: in _sv_gen_task(): info: new task T4 in B1 (prio 5)
1732951951.713260: 21643-7f24245820c0: cdpl_server.c:2558: in cdpl_sv_label_task_va(): info: setting task T4 label to "Cin__VSS__hl__ACQ_1 of INV"
1732951951.713278: 21643-7f24245820c0: cdpl_server.c:1824: in _sv_gen_task(): info: new task T5 in B1 (prio 5)
1732951951.713280: 21643-7f24245820c0: cdpl_server.c:2558: in cdpl_sv_label_task_va(): info: setting task T5 label to "Cin__VDD__lh__ACQ_1 of INV"
1732951951.713298: 21643-7f24245820c0: cdpl_server.c:1824: in _sv_gen_task(): info: new task T6 in B1 (prio 5)
1732951951.713300: 21643-7f24245820c0: cdpl_server.c:2558: in cdpl_sv_label_task_va(): info: setting task T6 label to "Cin__VDD__hl__ACQ_1 of INV"
1732951951.713765: 21643-7f240ba85700: cdpl_farm.c:1899: in _schedule(): info: worker submit failure threshold set to 100
1732951951.713780: 21643-7f240ba85700: cdpl_sh.c:49: in _sh_detached_submit(): info: SH : /home/eng/d/dal852207/cad/gf65/primelib_gf65/INV/runtime/cdpl/pid21643/run_21643.sh
1732951952.366169: 21643-7f240ca87700: cdpl_server_ipc.c:452: in _sv_on_hello(): info: W1 is `10.182.66.68:54748'
1732951952.366193: 21643-7f240ca87700: cdpl_server_ipc.c:454: in _sv_on_hello(): info: W1 log file is /dev/null
1732951952.366203: 21643-7f240ca87700: cdpl_server_ipc.c:481: in _sv_on_hello(): info: up to 1 alive workers in B1
1732951952.366235: 21643-7f240c286700: cdpl_server_sched.c:955: in _assign(): info: assigning task T1 to worker W1
1732951959.334279: 21643-7f240ca87700: cdpl_server_ipc.c:857: in _sv_on_finish(): info: worker W1 completed task T1
1732951959.334322: 21643-7f240c286700: cdpl_server_sched.c:955: in _assign(): info: assigning task T2 to worker W1
1732951966.085884: 21643-7f240ca87700: cdpl_server_ipc.c:857: in _sv_on_finish(): info: worker W1 completed task T2
1732951966.085929: 21643-7f240c286700: cdpl_server_sched.c:955: in _assign(): info: assigning task T0 to worker W1
1732952035.665707: 21643-7f240ca87700: cdpl_server_ipc.c:857: in _sv_on_finish(): info: worker W1 completed task T0
1732952035.665957: 21643-7f240c286700: cdpl_server_sched.c:955: in _assign(): info: assigning task T3 to worker W1
1732952042.054327: 21643-7f240ca87700: cdpl_server_ipc.c:857: in _sv_on_finish(): info: worker W1 completed task T3
1732952042.054379: 21643-7f240c286700: cdpl_server_sched.c:955: in _assign(): info: assigning task T4 to worker W1
1732952048.565267: 21643-7f240ca87700: cdpl_server_ipc.c:857: in _sv_on_finish(): info: worker W1 completed task T4
1732952048.565313: 21643-7f240c286700: cdpl_server_sched.c:955: in _assign(): info: assigning task T5 to worker W1
1732952054.964932: 21643-7f240ca87700: cdpl_server_ipc.c:857: in _sv_on_finish(): info: worker W1 completed task T5
1732952054.964980: 21643-7f240c286700: cdpl_server_sched.c:955: in _assign(): info: assigning task T6 to worker W1
1732952061.397304: 21643-7f240ca87700: cdpl_server_ipc.c:857: in _sv_on_finish(): info: worker W1 completed task T6
1732952236.311603: 21643-7f24245820c0: cdpl_compat_master.c:5152: in cdplMasterLogInfo(): info: [non-CDPL log entry] Ending current CDPL job
1732952236.311879: 21643-7f24245820c0: cdpl_server.c:2890: in cdpl_sv_halt_job_errno(): info: stopping job J1
1732952236.312120: 21643-7f240c286700: cdpl_server_sched.c:2711: in _sv_drop_worker(): info: down to 0 alive workers in B1
1732952236.312616: 21643-7f24245820c0: cdpl_server.c:2875: in cdpl_sv_halt_job_errno(): info: killing job J1
1732952236.312623: 21643-7f24245820c0: cdpl_server.c:288: in _sv_free_job(): info: freeing job J1
1732952236.312654: 21643-7f24245820c0: cdpl_farm.c:2395: in cdpl_farm_free(): info: freeing farm
1732952236.312724: 21643-7f24245820c0: cdpl_server.c:3011: in cdpl_sv_free(): info: freeing server S1783764523
1732952236.312727: 21643-7f24245820c0: cdpl_server.c:2976: in cdpl_sv_kill_errno(): info: killing server
1732952236.312778: 21643-7f24245820c0: cdpl_server.c:328: in _sv_free_master(): info: freeing master M1
1732952236.312825: 21643-7f24245820c0: cdpl_log.c:371: in cdpl_log_close(): info: @@end_of_log@@
