1733170483.526059: 28235-7fa07a01d0c0: cdpl_log.c:228: in cdpl_log_open(): info: @@start_of_log@@
1733170483.526089: 28235-7fa07a01d0c0: cdpl_log.c:866: in cdpl_log_dump_sysinfo(): info: time: 2024/12/02 14:14:43 CST -0600
1733170483.526093: 28235-7fa07a01d0c0: cdpl_log.c:868: in cdpl_log_dump_sysinfo(): info: version: T-2022.03 
1733170483.526095: 28235-7fa07a01d0c0: cdpl_log.c:870: in cdpl_log_dump_sysinfo(): info: system: Linux 3.10.0-1160.119.1.el7.x86_64 #1 SMP Tue May 14 11:55:25 EDT 2024
1733170483.526097: 28235-7fa07a01d0c0: cdpl_log.c:875: in cdpl_log_dump_sysinfo(): info: processor: x86_64 64-bits
1733170483.526098: 28235-7fa07a01d0c0: cdpl_log.c:879: in cdpl_log_dump_sysinfo(): info: hostname: engnx01a.utdallas.edu
1733170483.526100: 28235-7fa07a01d0c0: cdpl_log.c:230: in cdpl_log_open(): debug: path: /home/eng/d/dal852207/cad/gf65/primelib_gf65/XOR2/runtime/cdpl/pid28235/master.engnx01a.utdallas.edu.28235.log
1733170483.526102: 28235-7fa07a01d0c0: cdpl_log.c:231: in cdpl_log_open(): debug: dir: /home/eng/d/dal852207/cad/gf65/primelib_gf65/XOR2/runtime/cdpl/pid28235
1733170483.526109: 28235-7fa07a01d0c0: cdpl_log.c:758: in cdpl_log_set_filter(): info: filter level 1
1733170483.526126: 28235-7fa07a01d0c0: cdpl_server.c:543: in cdpl_sv_init(): info: new server S135131226
1733170483.526134: 28235-7fa07a01d0c0: cdpl_ipc.c:3030: in cdpl_ipc_init(): info: requesting IPv4 protocol
1733170483.526638: 28235-7fa07a01d0c0: cdpl_ipc.c:800: in _selectaddrfamily(): info: selected IPv4 protocol
1733170483.526902: 28235-7fa07a01d0c0: cdpl_server.c:657: in cdpl_sv_new_master(): info: new master M1
1733170483.526913: 28235-7fa07a01d0c0: cdpl_server.c:5494: in cdpl_sv_ctl_master(): info: Setting worker heartbeat to 60 seconds
1733170483.526915: 28235-7fa07a01d0c0: cdpl_server.c:5503: in cdpl_sv_ctl_master(): info: Setting worker heartbeat timeout to 3 heartbeats
1733170483.526919: 28235-7fa07a01d0c0: cdpl_compat_master.c:2407: in cdplInitMaster(): info: bcast dir is `/dev/null'
1733170483.526972: 28235-7fa07a01d0c0: cdpl_server.c:5394: in cdpl_sv_ctl_master(): info: farm worker timeout set to 36000
1733170483.526974: 28235-7fa07a01d0c0: cdpl_server.c:5410: in cdpl_sv_ctl_master(): info: grid worker timeout set to 36000
1733170483.526976: 28235-7fa07a01d0c0: cdpl_server.c:5438: in cdpl_sv_ctl_master(): info: farm submit command failure threshold set to 100
1733170483.527009: 28235-7fa07a01d0c0: cdpl_farm.c:2268: in cdpl_farm_new_sh(): info: creating SH farm on localhost
1733170483.527020: 28235-7fa07a01d0c0: cdpl_compat_master.c:207: in _set_farm_env(): info: exporting CDPL_LOGDIR as `/home/eng/d/dal852207/cad/gf65/primelib_gf65/XOR2/runtime/cdpl/pid28235'
1733170483.527023: 28235-7fa07a01d0c0: cdpl_compat_master.c:213: in _set_farm_env(): info: exporting CDPL_TMPDIR as `/var/tmp'
1733170483.527025: 28235-7fa07a01d0c0: cdpl_compat_master.c:220: in _set_farm_env(): info: exporting CDPL_HOME as `/proj/cad/synopsys/synopsys_2021/primelib/T-2022.03-SP1/cdpl_runtime_linux64'
1733170483.527027: 28235-7fa07a01d0c0: cdpl_compat_master.c:227: in _set_farm_env(): info: exporting SNPSLMD_LICENSE_FILE as `1700@engdmv.utdallas.edu'
1733170483.527029: 28235-7fa07a01d0c0: cdpl_compat_master.c:247: in _set_farm_env(): info: exporting CDPL_OPTIONS as `[filter][nowlogs]'
1733170483.527031: 28235-7fa07a01d0c0: cdpl_compat_master.c:254: in _set_farm_env(): info: exporting DISPLAY as `:1022'
1733170483.527033: 28235-7fa07a01d0c0: cdpl_compat_master.c:262: in _set_farm_env(): info: exporting CDPL_HEARTBEAT as `60'
1733170483.527036: 28235-7fa07a01d0c0: cdpl_compat_master.c:348: in _set_farm_env(): info: exporting SIS_MALIBU as `2'
1733170483.527038: 28235-7fa07a01d0c0: cdpl_compat_master.c:348: in _set_farm_env(): info: exporting SIS_CDPL as `5'
1733170483.573672: 28235-7fa07a01d0c0: cdpl_server.c:738: in cdpl_sv_new_job(): info: new job J1 in M1
1733170483.573692: 28235-7fa07a01d0c0: cdpl_compat_master.c:1314: in _add_worker(): info: new worker type 100, min:1, max:1, cmd:`/home/eng/d/dal852207/cad/gf65/primelib_gf65/XOR2/runtime/cdpl/pid28235/run_28235.sh'
1733170483.573703: 28235-7fa07a01d0c0: cdpl_server.c:900: in cdpl_sv_new_bin_withfarm(): info: new bin B1 in J1
1733170483.581925: 28235-7fa07a01d0c0: cdpl_server.c:3116: in cdpl_sv_start_job(): info: starting job J1
1733170483.590801: 28235-7fa07a01d0c0: cdpl_server.c:1824: in _sv_gen_task(): info: new task T0 in B1 (prio 3)
1733170483.590814: 28235-7fa07a01d0c0: cdpl_server.c:2558: in cdpl_sv_label_task_va(): info: setting task T0 label to "leakage_power__ACQ_1 of XOR2"
1733170483.590873: 28235-7fa07a01d0c0: cdpl_server.c:1824: in _sv_gen_task(): info: new task T1 in B1 (prio 5)
1733170483.590931: 28235-7fa061d20700: cdpl_server_sched.c:700: in _sv_launch_worker(): info: started worker W1 (as C1) in bin B1
1733170483.590954: 28235-7fa07a01d0c0: cdpl_server.c:2558: in cdpl_sv_label_task_va(): info: setting task T1 label to "Cin__VSS__hl__ACQ_1 of XOR2"
1733170483.590972: 28235-7fa06151f700: cdpl_farm.c:1899: in _schedule(): info: worker submit failure threshold set to 100
1733170483.591000: 28235-7fa07a01d0c0: cdpl_server.c:1824: in _sv_gen_task(): info: new task T2 in B1 (prio 5)
1733170483.591006: 28235-7fa07a01d0c0: cdpl_server.c:2558: in cdpl_sv_label_task_va(): info: setting task T2 label to "Cin__VSS__lh__ACQ_1 of XOR2"
1733170483.591013: 28235-7fa06151f700: cdpl_sh.c:49: in _sh_detached_submit(): info: SH : /home/eng/d/dal852207/cad/gf65/primelib_gf65/XOR2/runtime/cdpl/pid28235/run_28235.sh
1733170483.591031: 28235-7fa07a01d0c0: cdpl_server.c:1824: in _sv_gen_task(): info: new task T3 in B1 (prio 2)
1733170483.591036: 28235-7fa07a01d0c0: cdpl_server.c:2558: in cdpl_sv_label_task_va(): info: setting task T3 label to "delay__A__hl__OUT__hl__ACQ_1 of XOR2"
1733170483.593705: 28235-7fa07a01d0c0: cdpl_server.c:1824: in _sv_gen_task(): info: new task T4 in B1 (prio 2)
1733170483.593721: 28235-7fa07a01d0c0: cdpl_server.c:2558: in cdpl_sv_label_task_va(): info: setting task T4 label to "delay__A__hl__OUT__lh__ACQ_1 of XOR2"
1733170483.593765: 28235-7fa07a01d0c0: cdpl_server.c:1824: in _sv_gen_task(): info: new task T5 in B1 (prio 2)
1733170483.593768: 28235-7fa07a01d0c0: cdpl_server.c:2558: in cdpl_sv_label_task_va(): info: setting task T5 label to "delay__A__lh__OUT__hl__ACQ_1 of XOR2"
1733170483.593815: 28235-7fa07a01d0c0: cdpl_server.c:1824: in _sv_gen_task(): info: new task T6 in B1 (prio 2)
1733170483.593818: 28235-7fa07a01d0c0: cdpl_server.c:2558: in cdpl_sv_label_task_va(): info: setting task T6 label to "delay__A__lh__OUT__lh__ACQ_1 of XOR2"
1733170483.593854: 28235-7fa07a01d0c0: cdpl_server.c:1824: in _sv_gen_task(): info: new task T7 in B1 (prio 2)
1733170483.593856: 28235-7fa07a01d0c0: cdpl_server.c:2558: in cdpl_sv_label_task_va(): info: setting task T7 label to "delay__B__hl__OUT__hl__ACQ_1 of XOR2"
1733170483.593894: 28235-7fa07a01d0c0: cdpl_server.c:1824: in _sv_gen_task(): info: new task T8 in B1 (prio 2)
1733170483.593897: 28235-7fa07a01d0c0: cdpl_server.c:2558: in cdpl_sv_label_task_va(): info: setting task T8 label to "delay__B__hl__OUT__lh__ACQ_1 of XOR2"
1733170483.593923: 28235-7fa07a01d0c0: cdpl_server.c:1824: in _sv_gen_task(): info: new task T9 in B1 (prio 2)
1733170483.593925: 28235-7fa07a01d0c0: cdpl_server.c:2558: in cdpl_sv_label_task_va(): info: setting task T9 label to "delay__B__lh__OUT__hl__ACQ_1 of XOR2"
1733170483.593960: 28235-7fa07a01d0c0: cdpl_server.c:1824: in _sv_gen_task(): info: new task T10 in B1 (prio 2)
1733170483.593963: 28235-7fa07a01d0c0: cdpl_server.c:2558: in cdpl_sv_label_task_va(): info: setting task T10 label to "delay__B__lh__OUT__lh__ACQ_1 of XOR2"
1733170483.594012: 28235-7fa07a01d0c0: cdpl_server.c:1824: in _sv_gen_task(): info: new task T11 in B1 (prio 5)
1733170483.594015: 28235-7fa07a01d0c0: cdpl_server.c:2558: in cdpl_sv_label_task_va(): info: setting task T11 label to "Cin__VDD__hl__ACQ_1 of XOR2"
1733170483.594060: 28235-7fa07a01d0c0: cdpl_server.c:1824: in _sv_gen_task(): info: new task T12 in B1 (prio 5)
1733170483.594062: 28235-7fa07a01d0c0: cdpl_server.c:2558: in cdpl_sv_label_task_va(): info: setting task T12 label to "Cin__VDD__lh__ACQ_1 of XOR2"
1733170484.230573: 28235-7fa062521700: cdpl_server_ipc.c:452: in _sv_on_hello(): info: W1 is `10.182.66.66:58344'
1733170484.230592: 28235-7fa062521700: cdpl_server_ipc.c:454: in _sv_on_hello(): info: W1 log file is /dev/null
1733170484.230601: 28235-7fa062521700: cdpl_server_ipc.c:481: in _sv_on_hello(): info: up to 1 alive workers in B1
1733170484.230631: 28235-7fa061d20700: cdpl_server_sched.c:955: in _assign(): info: assigning task T3 to worker W1
1733170491.533789: 28235-7fa062521700: cdpl_server_ipc.c:857: in _sv_on_finish(): info: worker W1 completed task T3
1733170491.533836: 28235-7fa061d20700: cdpl_server_sched.c:955: in _assign(): info: assigning task T4 to worker W1
1733170498.285889: 28235-7fa062521700: cdpl_server_ipc.c:857: in _sv_on_finish(): info: worker W1 completed task T4
1733170498.285937: 28235-7fa061d20700: cdpl_server_sched.c:955: in _assign(): info: assigning task T5 to worker W1
1733170505.216547: 28235-7fa062521700: cdpl_server_ipc.c:857: in _sv_on_finish(): info: worker W1 completed task T5
1733170505.216592: 28235-7fa061d20700: cdpl_server_sched.c:955: in _assign(): info: assigning task T6 to worker W1
1733170512.188367: 28235-7fa062521700: cdpl_server_ipc.c:857: in _sv_on_finish(): info: worker W1 completed task T6
1733170512.188423: 28235-7fa061d20700: cdpl_server_sched.c:955: in _assign(): info: assigning task T7 to worker W1
1733170519.026279: 28235-7fa062521700: cdpl_server_ipc.c:857: in _sv_on_finish(): info: worker W1 completed task T7
1733170519.026566: 28235-7fa061d20700: cdpl_server_sched.c:955: in _assign(): info: assigning task T8 to worker W1
1733170525.769753: 28235-7fa062521700: cdpl_server_ipc.c:857: in _sv_on_finish(): info: worker W1 completed task T8
1733170525.769792: 28235-7fa061d20700: cdpl_server_sched.c:955: in _assign(): info: assigning task T9 to worker W1
1733170532.473446: 28235-7fa062521700: cdpl_server_ipc.c:857: in _sv_on_finish(): info: worker W1 completed task T9
1733170532.473507: 28235-7fa061d20700: cdpl_server_sched.c:955: in _assign(): info: assigning task T10 to worker W1
1733170539.327088: 28235-7fa062521700: cdpl_server_ipc.c:857: in _sv_on_finish(): info: worker W1 completed task T10
1733170539.327347: 28235-7fa061d20700: cdpl_server_sched.c:955: in _assign(): info: assigning task T0 to worker W1
1733170609.730419: 28235-7fa062521700: cdpl_server_ipc.c:857: in _sv_on_finish(): info: worker W1 completed task T0
1733170609.730748: 28235-7fa061d20700: cdpl_server_sched.c:955: in _assign(): info: assigning task T1 to worker W1
1733170616.221857: 28235-7fa062521700: cdpl_server_ipc.c:857: in _sv_on_finish(): info: worker W1 completed task T1
1733170616.221902: 28235-7fa061d20700: cdpl_server_sched.c:955: in _assign(): info: assigning task T2 to worker W1
1733170622.820929: 28235-7fa062521700: cdpl_server_ipc.c:857: in _sv_on_finish(): info: worker W1 completed task T2
1733170622.820976: 28235-7fa061d20700: cdpl_server_sched.c:955: in _assign(): info: assigning task T11 to worker W1
1733170629.280848: 28235-7fa062521700: cdpl_server_ipc.c:857: in _sv_on_finish(): info: worker W1 completed task T11
1733170629.280892: 28235-7fa061d20700: cdpl_server_sched.c:955: in _assign(): info: assigning task T12 to worker W1
1733170635.810631: 28235-7fa062521700: cdpl_server_ipc.c:857: in _sv_on_finish(): info: worker W1 completed task T12
1733171236.852176: 28235-7fa062d22700: cdpl_ipc.c:738: in _readv(): warning: read(): EOF
1733173006.290134: 28235-7fa07a01d0c0: cdpl_compat_master.c:5152: in cdplMasterLogInfo(): info: [non-CDPL log entry] Ending current CDPL job
1733173006.290400: 28235-7fa07a01d0c0: cdpl_server.c:2890: in cdpl_sv_halt_job_errno(): info: stopping job J1
1733173006.290436: 28235-7fa07a01d0c0: cdpl_server.c:2875: in cdpl_sv_halt_job_errno(): info: killing job J1
1733173006.290440: 28235-7fa07a01d0c0: cdpl_server.c:288: in _sv_free_job(): info: freeing job J1
1733173006.290494: 28235-7fa07a01d0c0: cdpl_farm.c:2395: in cdpl_farm_free(): info: freeing farm
1733173006.290696: 28235-7fa07a01d0c0: cdpl_server.c:3011: in cdpl_sv_free(): info: freeing server S135131226
1733173006.290706: 28235-7fa07a01d0c0: cdpl_server.c:2976: in cdpl_sv_kill_errno(): info: killing server
1733173006.290755: 28235-7fa07a01d0c0: cdpl_server.c:328: in _sv_free_master(): info: freeing master M1
1733173006.290805: 28235-7fa07a01d0c0: cdpl_log.c:371: in cdpl_log_close(): info: @@end_of_log@@
