Analysis & Synthesis report for UART_RCVR
Sat Jul  6 11:35:17 2024
Quartus Prime Version 22.1std.2 Build 922 07/20/2023 SC Lite Edition


---------------------
; Table of Contents ;
---------------------
  1. Legal Notice
  2. Analysis & Synthesis Summary
  3. Analysis & Synthesis Settings
  4. Parallel Compilation
  5. Analysis & Synthesis Source Files Read
  6. Analysis & Synthesis Resource Usage Summary
  7. Analysis & Synthesis Resource Utilization by Entity
  8. State Machine - |UART_RCVR|Control_Unit:M0|state
  9. General Register Statistics
 10. Multiplexer Restructuring Statistics (Restructuring Performed)
 11. Parameter Settings for User Entity Instance: Top-level Entity: |UART_RCVR
 12. Parameter Settings for User Entity Instance: Control_Unit:M0
 13. Parameter Settings for User Entity Instance: Datapath_Unit:M1
 14. Post-Synthesis Netlist Statistics for Top Partition
 15. Elapsed Time Per Partition
 16. Analysis & Synthesis Messages



----------------
; Legal Notice ;
----------------
Copyright (C) 2023  Intel Corporation. All rights reserved.
Your use of Intel Corporation's design tools, logic functions 
and other software and tools, and any partner logic 
functions, and any output files from any of the foregoing 
(including device programming or simulation files), and any 
associated documentation or information are expressly subject 
to the terms and conditions of the Intel Program License 
Subscription Agreement, the Intel Quartus Prime License Agreement,
the Intel FPGA IP License Agreement, or other applicable license
agreement, including, without limitation, that your use is for
the sole purpose of programming logic devices manufactured by
Intel and sold by Intel or its authorized distributors.  Please
refer to the applicable agreement for further details, at
https://fpgasoftware.intel.com/eula.



+----------------------------------------------------------------------------------+
; Analysis & Synthesis Summary                                                     ;
+---------------------------------+------------------------------------------------+
; Analysis & Synthesis Status     ; Successful - Sat Jul  6 11:35:17 2024          ;
; Quartus Prime Version           ; 22.1std.2 Build 922 07/20/2023 SC Lite Edition ;
; Revision Name                   ; UART_RCVR                                      ;
; Top-level Entity Name           ; UART_RCVR                                      ;
; Family                          ; Cyclone V                                      ;
; Logic utilization (in ALMs)     ; N/A                                            ;
; Total registers                 ; 28                                             ;
; Total pins                      ; 15                                             ;
; Total virtual pins              ; 0                                              ;
; Total block memory bits         ; 0                                              ;
; Total DSP Blocks                ; 0                                              ;
; Total HSSI RX PCSs              ; 0                                              ;
; Total HSSI PMA RX Deserializers ; 0                                              ;
; Total HSSI TX PCSs              ; 0                                              ;
; Total HSSI PMA TX Serializers   ; 0                                              ;
; Total PLLs                      ; 0                                              ;
; Total DLLs                      ; 0                                              ;
+---------------------------------+------------------------------------------------+


+---------------------------------------------------------------------------------------------------------------------------+
; Analysis & Synthesis Settings                                                                                             ;
+---------------------------------------------------------------------------------+--------------------+--------------------+
; Option                                                                          ; Setting            ; Default Value      ;
+---------------------------------------------------------------------------------+--------------------+--------------------+
; Device                                                                          ; 5CGXFC7C7F23C8     ;                    ;
; Top-level entity name                                                           ; UART_RCVR          ; UART_RCVR          ;
; Family name                                                                     ; Cyclone V          ; Cyclone V          ;
; Use smart compilation                                                           ; Off                ; Off                ;
; Enable parallel Assembler and Timing Analyzer during compilation                ; On                 ; On                 ;
; Enable compact report table                                                     ; Off                ; Off                ;
; Restructure Multiplexers                                                        ; Auto               ; Auto               ;
; MLAB Add Timing Constraints For Mixed-Port Feed-Through Mode Setting Don't Care ; Off                ; Off                ;
; Create Debugging Nodes for IP Cores                                             ; Off                ; Off                ;
; Preserve fewer node names                                                       ; On                 ; On                 ;
; Intel FPGA IP Evaluation Mode                                                   ; Enable             ; Enable             ;
; Verilog Version                                                                 ; Verilog_2001       ; Verilog_2001       ;
; VHDL Version                                                                    ; VHDL_1993          ; VHDL_1993          ;
; State Machine Processing                                                        ; Auto               ; Auto               ;
; Safe State Machine                                                              ; Off                ; Off                ;
; Extract Verilog State Machines                                                  ; On                 ; On                 ;
; Extract VHDL State Machines                                                     ; On                 ; On                 ;
; Ignore Verilog initial constructs                                               ; Off                ; Off                ;
; Iteration limit for constant Verilog loops                                      ; 5000               ; 5000               ;
; Iteration limit for non-constant Verilog loops                                  ; 250                ; 250                ;
; Add Pass-Through Logic to Inferred RAMs                                         ; On                 ; On                 ;
; Infer RAMs from Raw Logic                                                       ; On                 ; On                 ;
; Parallel Synthesis                                                              ; On                 ; On                 ;
; DSP Block Balancing                                                             ; Auto               ; Auto               ;
; NOT Gate Push-Back                                                              ; On                 ; On                 ;
; Power-Up Don't Care                                                             ; On                 ; On                 ;
; Remove Redundant Logic Cells                                                    ; Off                ; Off                ;
; Remove Duplicate Registers                                                      ; On                 ; On                 ;
; Ignore CARRY Buffers                                                            ; Off                ; Off                ;
; Ignore CASCADE Buffers                                                          ; Off                ; Off                ;
; Ignore GLOBAL Buffers                                                           ; Off                ; Off                ;
; Ignore ROW GLOBAL Buffers                                                       ; Off                ; Off                ;
; Ignore LCELL Buffers                                                            ; Off                ; Off                ;
; Ignore SOFT Buffers                                                             ; On                 ; On                 ;
; Limit AHDL Integers to 32 Bits                                                  ; Off                ; Off                ;
; Optimization Technique                                                          ; Balanced           ; Balanced           ;
; Carry Chain Length                                                              ; 70                 ; 70                 ;
; Auto Carry Chains                                                               ; On                 ; On                 ;
; Auto Open-Drain Pins                                                            ; On                 ; On                 ;
; Perform WYSIWYG Primitive Resynthesis                                           ; Off                ; Off                ;
; Auto ROM Replacement                                                            ; On                 ; On                 ;
; Auto RAM Replacement                                                            ; On                 ; On                 ;
; Auto DSP Block Replacement                                                      ; On                 ; On                 ;
; Auto Shift Register Replacement                                                 ; Auto               ; Auto               ;
; Allow Shift Register Merging across Hierarchies                                 ; Auto               ; Auto               ;
; Auto Clock Enable Replacement                                                   ; On                 ; On                 ;
; Strict RAM Replacement                                                          ; Off                ; Off                ;
; Allow Synchronous Control Signals                                               ; On                 ; On                 ;
; Force Use of Synchronous Clear Signals                                          ; Off                ; Off                ;
; Auto Resource Sharing                                                           ; Off                ; Off                ;
; Allow Any RAM Size For Recognition                                              ; Off                ; Off                ;
; Allow Any ROM Size For Recognition                                              ; Off                ; Off                ;
; Allow Any Shift Register Size For Recognition                                   ; Off                ; Off                ;
; Use LogicLock Constraints during Resource Balancing                             ; On                 ; On                 ;
; Ignore translate_off and synthesis_off directives                               ; Off                ; Off                ;
; Timing-Driven Synthesis                                                         ; On                 ; On                 ;
; Report Parameter Settings                                                       ; On                 ; On                 ;
; Report Source Assignments                                                       ; On                 ; On                 ;
; Report Connectivity Checks                                                      ; On                 ; On                 ;
; Ignore Maximum Fan-Out Assignments                                              ; Off                ; Off                ;
; Synchronization Register Chain Length                                           ; 3                  ; 3                  ;
; Power Optimization During Synthesis                                             ; Normal compilation ; Normal compilation ;
; HDL message level                                                               ; Level2             ; Level2             ;
; Suppress Register Optimization Related Messages                                 ; Off                ; Off                ;
; Number of Removed Registers Reported in Synthesis Report                        ; 5000               ; 5000               ;
; Number of Swept Nodes Reported in Synthesis Report                              ; 5000               ; 5000               ;
; Number of Inverted Registers Reported in Synthesis Report                       ; 100                ; 100                ;
; Clock MUX Protection                                                            ; On                 ; On                 ;
; Auto Gated Clock Conversion                                                     ; Off                ; Off                ;
; Block Design Naming                                                             ; Auto               ; Auto               ;
; SDC constraint protection                                                       ; Off                ; Off                ;
; Synthesis Effort                                                                ; Auto               ; Auto               ;
; Shift Register Replacement - Allow Asynchronous Clear Signal                    ; On                 ; On                 ;
; Pre-Mapping Resynthesis Optimization                                            ; Off                ; Off                ;
; Analysis & Synthesis Message Level                                              ; Medium             ; Medium             ;
; Disable Register Merging Across Hierarchies                                     ; Auto               ; Auto               ;
; Resource Aware Inference For Block RAM                                          ; On                 ; On                 ;
; Automatic Parallel Synthesis                                                    ; On                 ; On                 ;
; Partial Reconfiguration Bitstream ID                                            ; Off                ; Off                ;
+---------------------------------------------------------------------------------+--------------------+--------------------+


+------------------------------------------+
; Parallel Compilation                     ;
+----------------------------+-------------+
; Processors                 ; Number      ;
+----------------------------+-------------+
; Number detected on machine ; 4           ;
; Maximum allowed            ; 4           ;
;                            ;             ;
; Average used               ; 1.00        ;
; Maximum used               ; 4           ;
;                            ;             ;
; Usage by Processor         ; % Time Used ;
;     Processor 1            ; 100.0%      ;
;     Processors 2-4         ;   0.0%      ;
+----------------------------+-------------+


+--------------------------------------------------------------------------------------------------------------------------------------------------------+
; Analysis & Synthesis Source Files Read                                                                                                                 ;
+----------------------------------+-----------------+------------------------+----------------------------------------------------------------+---------+
; File Name with User-Entered Path ; Used in Netlist ; File Type              ; File Name with Absolute Path                                   ; Library ;
+----------------------------------+-----------------+------------------------+----------------------------------------------------------------+---------+
; UART_RCVR.v                      ; yes             ; User Verilog HDL File  ; C:/MyDocuments/college/ee417/projects/lesson08_A01/UART_RCVR.v ;         ;
+----------------------------------+-----------------+------------------------+----------------------------------------------------------------+---------+


+-----------------------------------------------------------+
; Analysis & Synthesis Resource Usage Summary               ;
+---------------------------------------------+-------------+
; Resource                                    ; Usage       ;
+---------------------------------------------+-------------+
; Estimate of Logic utilization (ALMs needed) ; 20          ;
;                                             ;             ;
; Combinational ALUT usage for logic          ; 29          ;
;     -- 7 input functions                    ; 0           ;
;     -- 6 input functions                    ; 8           ;
;     -- 5 input functions                    ; 9           ;
;     -- 4 input functions                    ; 7           ;
;     -- <=3 input functions                  ; 5           ;
;                                             ;             ;
; Dedicated logic registers                   ; 28          ;
;                                             ;             ;
; I/O pins                                    ; 15          ;
;                                             ;             ;
; Total DSP Blocks                            ; 0           ;
;                                             ;             ;
; Maximum fan-out node                        ; rst_b~input ;
; Maximum fan-out                             ; 32          ;
; Total fan-out                               ; 259         ;
; Average fan-out                             ; 2.98        ;
+---------------------------------------------+-------------+


+--------------------------------------------------------------------------------------------------------------------------------------------------------------------------------------------------+
; Analysis & Synthesis Resource Utilization by Entity                                                                                                                                              ;
+----------------------------+---------------------+---------------------------+-------------------+------------+------+--------------+-----------------------------+---------------+--------------+
; Compilation Hierarchy Node ; Combinational ALUTs ; Dedicated Logic Registers ; Block Memory Bits ; DSP Blocks ; Pins ; Virtual Pins ; Full Hierarchy Name         ; Entity Name   ; Library Name ;
+----------------------------+---------------------+---------------------------+-------------------+------------+------+--------------+-----------------------------+---------------+--------------+
; |UART_RCVR                 ; 29 (0)              ; 28 (0)                    ; 0                 ; 0          ; 15   ; 0            ; |UART_RCVR                  ; UART_RCVR     ; work         ;
;    |Control_Unit:M0|       ; 6 (6)               ; 3 (3)                     ; 0                 ; 0          ; 0    ; 0            ; |UART_RCVR|Control_Unit:M0  ; Control_Unit  ; work         ;
;    |Datapath_Unit:M1|      ; 23 (23)             ; 25 (25)                   ; 0                 ; 0          ; 0    ; 0            ; |UART_RCVR|Datapath_Unit:M1 ; Datapath_Unit ; work         ;
+----------------------------+---------------------+---------------------------+-------------------+------------+------+--------------+-----------------------------+---------------+--------------+
Note: For table entries with two numbers listed, the numbers in parentheses indicate the number of resources of the given type used by the specific entity alone. The numbers listed outside of parentheses indicate the total resources of the given type used by the specific entity and all of its sub-entities in the hierarchy.


Encoding Type:  One-Hot
+-----------------------------------------------------------------+
; State Machine - |UART_RCVR|Control_Unit:M0|state                ;
+-----------------+------------+-----------------+----------------+
; Name            ; state.idle ; state.receiving ; state.starting ;
+-----------------+------------+-----------------+----------------+
; state.idle      ; 0          ; 0               ; 0              ;
; state.starting  ; 1          ; 0               ; 1              ;
; state.receiving ; 1          ; 1               ; 0              ;
+-----------------+------------+-----------------+----------------+


+------------------------------------------------------+
; General Register Statistics                          ;
+----------------------------------------------+-------+
; Statistic                                    ; Value ;
+----------------------------------------------+-------+
; Total registers                              ; 28    ;
; Number of registers using Synchronous Clear  ; 18    ;
; Number of registers using Synchronous Load   ; 0     ;
; Number of registers using Asynchronous Clear ; 0     ;
; Number of registers using Asynchronous Load  ; 0     ;
; Number of registers using Clock Enable       ; 25    ;
; Number of registers using Preset             ; 0     ;
+----------------------------------------------+-------+


+-------------------------------------------------------------------------------------------------------------------------------------------------------------+
; Multiplexer Restructuring Statistics (Restructuring Performed)                                                                                              ;
+--------------------+-----------+---------------+----------------------+------------------------+------------+-----------------------------------------------+
; Multiplexer Inputs ; Bus Width ; Baseline Area ; Area if Restructured ; Saving if Restructured ; Registered ; Example Multiplexer Output                    ;
+--------------------+-----------+---------------+----------------------+------------------------+------------+-----------------------------------------------+
; 3:1                ; 8 bits    ; 16 LEs        ; 0 LEs                ; 16 LEs                 ; Yes        ; |UART_RCVR|Datapath_Unit:M1|RCV_datareg[0]    ;
; 3:1                ; 8 bits    ; 16 LEs        ; 0 LEs                ; 16 LEs                 ; Yes        ; |UART_RCVR|Datapath_Unit:M1|RCV_shftreg[0]    ;
; 4:1                ; 5 bits    ; 10 LEs        ; 10 LEs               ; 0 LEs                  ; Yes        ; |UART_RCVR|Datapath_Unit:M1|Bit_counter[3]    ;
; 4:1                ; 4 bits    ; 8 LEs         ; 8 LEs                ; 0 LEs                  ; Yes        ; |UART_RCVR|Datapath_Unit:M1|Sample_counter[1] ;
; 5:1                ; 2 bits    ; 6 LEs         ; 6 LEs                ; 0 LEs                  ; No         ; |UART_RCVR|Control_Unit:M0|Error2             ;
+--------------------+-----------+---------------+----------------------+------------------------+------------+-----------------------------------------------+


+---------------------------------------------------------------------------+
; Parameter Settings for User Entity Instance: Top-level Entity: |UART_RCVR ;
+----------------+-------+--------------------------------------------------+
; Parameter Name ; Value ; Type                                             ;
+----------------+-------+--------------------------------------------------+
; word_size      ; 8     ; Signed Integer                                   ;
; half_word      ; 4     ; Signed Integer                                   ;
+----------------+-------+--------------------------------------------------+
Note: In order to hide this table in the UI and the text report file, please set the "Show Parameter Settings in Synthesis Report" option in "Analysis and Synthesis Settings -> More Settings" to "Off".


+--------------------------------------------------------------+
; Parameter Settings for User Entity Instance: Control_Unit:M0 ;
+----------------+-------+-------------------------------------+
; Parameter Name ; Value ; Type                                ;
+----------------+-------+-------------------------------------+
; word_size      ; 8     ; Signed Integer                      ;
; half_word      ; 4     ; Signed Integer                      ;
; Num_state_bits ; 2     ; Signed Integer                      ;
; idle           ; 00    ; Unsigned Binary                     ;
; starting       ; 01    ; Unsigned Binary                     ;
; receiving      ; 10    ; Unsigned Binary                     ;
+----------------+-------+-------------------------------------+
Note: In order to hide this table in the UI and the text report file, please set the "Show Parameter Settings in Synthesis Report" option in "Analysis and Synthesis Settings -> More Settings" to "Off".


+---------------------------------------------------------------+
; Parameter Settings for User Entity Instance: Datapath_Unit:M1 ;
+------------------+-------+------------------------------------+
; Parameter Name   ; Value ; Type                               ;
+------------------+-------+------------------------------------+
; word_size        ; 8     ; Signed Integer                     ;
; half_word        ; 4     ; Signed Integer                     ;
; Num_counter_bits ; 4     ; Signed Integer                     ;
+------------------+-------+------------------------------------+
Note: In order to hide this table in the UI and the text report file, please set the "Show Parameter Settings in Synthesis Report" option in "Analysis and Synthesis Settings -> More Settings" to "Off".


+-----------------------------------------------------+
; Post-Synthesis Netlist Statistics for Top Partition ;
+-----------------------+-----------------------------+
; Type                  ; Count                       ;
+-----------------------+-----------------------------+
; arriav_ff             ; 28                          ;
;     ENA               ; 9                           ;
;     ENA SCLR          ; 16                          ;
;     SCLR              ; 2                           ;
;     plain             ; 1                           ;
; arriav_lcell_comb     ; 30                          ;
;     normal            ; 30                          ;
;         1 data inputs ; 1                           ;
;         2 data inputs ; 2                           ;
;         3 data inputs ; 3                           ;
;         4 data inputs ; 7                           ;
;         5 data inputs ; 9                           ;
;         6 data inputs ; 8                           ;
; boundary_port         ; 15                          ;
;                       ;                             ;
; Max LUT depth         ; 3.00                        ;
; Average LUT depth     ; 1.58                        ;
+-----------------------+-----------------------------+


+-------------------------------+
; Elapsed Time Per Partition    ;
+----------------+--------------+
; Partition Name ; Elapsed Time ;
+----------------+--------------+
; Top            ; 00:00:00     ;
+----------------+--------------+


+-------------------------------+
; Analysis & Synthesis Messages ;
+-------------------------------+
Info: *******************************************************************
Info: Running Quartus Prime Analysis & Synthesis
    Info: Version 22.1std.2 Build 922 07/20/2023 SC Lite Edition
    Info: Processing started: Sat Jul  6 11:34:56 2024
Info: Command: quartus_map --read_settings_files=on --write_settings_files=off UART_RCVR -c UART_RCVR
Warning (18236): Number of processors has not been specified which may cause overloading on shared machines.  Set the global assignment NUM_PARALLEL_PROCESSORS in your QSF to an appropriate value for best performance.
Info (20030): Parallel compilation is enabled and will use 4 of the 4 processors detected
Info (12021): Found 3 design units, including 3 entities, in source file uart_rcvr.v
    Info (12023): Found entity 1: UART_RCVR File: C:/MyDocuments/college/ee417/projects/lesson08_A01/UART_RCVR.v Line: 1
    Info (12023): Found entity 2: Control_Unit File: C:/MyDocuments/college/ee417/projects/lesson08_A01/UART_RCVR.v Line: 42
    Info (12023): Found entity 3: Datapath_Unit File: C:/MyDocuments/college/ee417/projects/lesson08_A01/UART_RCVR.v Line: 111
Info (12021): Found 1 design units, including 1 entities, in source file uart_rcvr_tb.v
    Info (12023): Found entity 1: UART_RCVR_tb File: C:/MyDocuments/college/ee417/projects/lesson08_A01/UART_RCVR_tb.v Line: 8
Warning (10236): Verilog HDL Implicit Net warning at UART_RCVR.v(10): created implicit net for "clr_Sample_counter" File: C:/MyDocuments/college/ee417/projects/lesson08_A01/UART_RCVR.v Line: 10
Warning (10236): Verilog HDL Implicit Net warning at UART_RCVR.v(11): created implicit net for "inc_Sample_counter" File: C:/MyDocuments/college/ee417/projects/lesson08_A01/UART_RCVR.v Line: 11
Warning (10236): Verilog HDL Implicit Net warning at UART_RCVR.v(12): created implicit net for "clr_Bit_counter" File: C:/MyDocuments/college/ee417/projects/lesson08_A01/UART_RCVR.v Line: 12
Warning (10236): Verilog HDL Implicit Net warning at UART_RCVR.v(13): created implicit net for "inc_Bit_counter" File: C:/MyDocuments/college/ee417/projects/lesson08_A01/UART_RCVR.v Line: 13
Warning (10236): Verilog HDL Implicit Net warning at UART_RCVR.v(14): created implicit net for "shift" File: C:/MyDocuments/college/ee417/projects/lesson08_A01/UART_RCVR.v Line: 14
Warning (10236): Verilog HDL Implicit Net warning at UART_RCVR.v(15): created implicit net for "load" File: C:/MyDocuments/college/ee417/projects/lesson08_A01/UART_RCVR.v Line: 15
Warning (10236): Verilog HDL Implicit Net warning at UART_RCVR.v(17): created implicit net for "Ser_in_0" File: C:/MyDocuments/college/ee417/projects/lesson08_A01/UART_RCVR.v Line: 17
Warning (10236): Verilog HDL Implicit Net warning at UART_RCVR.v(18): created implicit net for "SC_eq_3" File: C:/MyDocuments/college/ee417/projects/lesson08_A01/UART_RCVR.v Line: 18
Warning (10236): Verilog HDL Implicit Net warning at UART_RCVR.v(19): created implicit net for "SC_lt_7" File: C:/MyDocuments/college/ee417/projects/lesson08_A01/UART_RCVR.v Line: 19
Warning (10236): Verilog HDL Implicit Net warning at UART_RCVR.v(20): created implicit net for "BC_eq_8" File: C:/MyDocuments/college/ee417/projects/lesson08_A01/UART_RCVR.v Line: 20
Info (12127): Elaborating entity "UART_RCVR" for the top level hierarchy
Info (12128): Elaborating entity "Control_Unit" for hierarchy "Control_Unit:M0" File: C:/MyDocuments/college/ee417/projects/lesson08_A01/UART_RCVR.v Line: 22
Warning (10235): Verilog HDL Always Construct warning at UART_RCVR.v(92): variable "BC_eq_8" is read inside the Always Construct but isn't in the Always Construct's Event Control File: C:/MyDocuments/college/ee417/projects/lesson08_A01/UART_RCVR.v Line: 92
Info (12128): Elaborating entity "Datapath_Unit" for hierarchy "Datapath_Unit:M1" File: C:/MyDocuments/college/ee417/projects/lesson08_A01/UART_RCVR.v Line: 38
Warning (10230): Verilog HDL assignment warning at UART_RCVR.v(145): truncated value with size 32 to match size of target (4) File: C:/MyDocuments/college/ee417/projects/lesson08_A01/UART_RCVR.v Line: 145
Warning (10230): Verilog HDL assignment warning at UART_RCVR.v(148): truncated value with size 32 to match size of target (5) File: C:/MyDocuments/college/ee417/projects/lesson08_A01/UART_RCVR.v Line: 148
Info (286030): Timing-Driven Synthesis is running
Info (16010): Generating hard_block partition "hard_block:auto_generated_inst"
    Info (16011): Adding 0 node(s), including 0 DDIO, 0 PLL, 0 transceiver and 0 LCELL
Info (21057): Implemented 60 device resources after synthesis - the final resource count might be different
    Info (21058): Implemented 4 input pins
    Info (21059): Implemented 11 output pins
    Info (21061): Implemented 45 logic cells
Info: Quartus Prime Analysis & Synthesis was successful. 0 errors, 14 warnings
    Info: Peak virtual memory: 4837 megabytes
    Info: Processing ended: Sat Jul  6 11:35:17 2024
    Info: Elapsed time: 00:00:21
    Info: Total CPU time (on all processors): 00:00:35


