1733169369.339261: 27686-7fb8e10b40c0: cdpl_log.c:228: in cdpl_log_open(): info: @@start_of_log@@
1733169369.339290: 27686-7fb8e10b40c0: cdpl_log.c:866: in cdpl_log_dump_sysinfo(): info: time: 2024/12/02 13:56:09 CST -0600
1733169369.339295: 27686-7fb8e10b40c0: cdpl_log.c:868: in cdpl_log_dump_sysinfo(): info: version: T-2022.03 
1733169369.339297: 27686-7fb8e10b40c0: cdpl_log.c:870: in cdpl_log_dump_sysinfo(): info: system: Linux 3.10.0-1160.119.1.el7.x86_64 #1 SMP Tue May 14 11:55:25 EDT 2024
1733169369.339298: 27686-7fb8e10b40c0: cdpl_log.c:875: in cdpl_log_dump_sysinfo(): info: processor: x86_64 64-bits
1733169369.339300: 27686-7fb8e10b40c0: cdpl_log.c:879: in cdpl_log_dump_sysinfo(): info: hostname: engnx01a.utdallas.edu
1733169369.339302: 27686-7fb8e10b40c0: cdpl_log.c:230: in cdpl_log_open(): debug: path: /home/eng/d/dal852207/cad/gf65/primelib_gf65/NAND4/runtime/cdpl/pid27686/master.engnx01a.utdallas.edu.27686.log
1733169369.339305: 27686-7fb8e10b40c0: cdpl_log.c:231: in cdpl_log_open(): debug: dir: /home/eng/d/dal852207/cad/gf65/primelib_gf65/NAND4/runtime/cdpl/pid27686
1733169369.339313: 27686-7fb8e10b40c0: cdpl_log.c:758: in cdpl_log_set_filter(): info: filter level 1
1733169369.339331: 27686-7fb8e10b40c0: cdpl_server.c:543: in cdpl_sv_init(): info: new server S868326174
1733169369.339340: 27686-7fb8e10b40c0: cdpl_ipc.c:3030: in cdpl_ipc_init(): info: requesting IPv4 protocol
1733169369.339878: 27686-7fb8e10b40c0: cdpl_ipc.c:800: in _selectaddrfamily(): info: selected IPv4 protocol
1733169369.340160: 27686-7fb8e10b40c0: cdpl_server.c:657: in cdpl_sv_new_master(): info: new master M1
1733169369.340173: 27686-7fb8e10b40c0: cdpl_server.c:5494: in cdpl_sv_ctl_master(): info: Setting worker heartbeat to 60 seconds
1733169369.340176: 27686-7fb8e10b40c0: cdpl_server.c:5503: in cdpl_sv_ctl_master(): info: Setting worker heartbeat timeout to 3 heartbeats
1733169369.340180: 27686-7fb8e10b40c0: cdpl_compat_master.c:2407: in cdplInitMaster(): info: bcast dir is `/dev/null'
1733169369.340247: 27686-7fb8e10b40c0: cdpl_server.c:5394: in cdpl_sv_ctl_master(): info: farm worker timeout set to 36000
1733169369.340250: 27686-7fb8e10b40c0: cdpl_server.c:5410: in cdpl_sv_ctl_master(): info: grid worker timeout set to 36000
1733169369.340252: 27686-7fb8e10b40c0: cdpl_server.c:5438: in cdpl_sv_ctl_master(): info: farm submit command failure threshold set to 100
1733169369.340292: 27686-7fb8e10b40c0: cdpl_farm.c:2268: in cdpl_farm_new_sh(): info: creating SH farm on localhost
1733169369.340306: 27686-7fb8e10b40c0: cdpl_compat_master.c:207: in _set_farm_env(): info: exporting CDPL_LOGDIR as `/home/eng/d/dal852207/cad/gf65/primelib_gf65/NAND4/runtime/cdpl/pid27686'
1733169369.340309: 27686-7fb8e10b40c0: cdpl_compat_master.c:213: in _set_farm_env(): info: exporting CDPL_TMPDIR as `/var/tmp'
1733169369.340312: 27686-7fb8e10b40c0: cdpl_compat_master.c:220: in _set_farm_env(): info: exporting CDPL_HOME as `/proj/cad/synopsys/synopsys_2021/primelib/T-2022.03-SP1/cdpl_runtime_linux64'
1733169369.340314: 27686-7fb8e10b40c0: cdpl_compat_master.c:227: in _set_farm_env(): info: exporting SNPSLMD_LICENSE_FILE as `1700@engdmv.utdallas.edu'
1733169369.340316: 27686-7fb8e10b40c0: cdpl_compat_master.c:247: in _set_farm_env(): info: exporting CDPL_OPTIONS as `[filter][nowlogs]'
1733169369.340319: 27686-7fb8e10b40c0: cdpl_compat_master.c:254: in _set_farm_env(): info: exporting DISPLAY as `:1022'
1733169369.340321: 27686-7fb8e10b40c0: cdpl_compat_master.c:262: in _set_farm_env(): info: exporting CDPL_HEARTBEAT as `60'
1733169369.340323: 27686-7fb8e10b40c0: cdpl_compat_master.c:348: in _set_farm_env(): info: exporting SIS_MALIBU as `2'
1733169369.340325: 27686-7fb8e10b40c0: cdpl_compat_master.c:348: in _set_farm_env(): info: exporting SIS_CDPL as `5'
1733169369.383326: 27686-7fb8e10b40c0: cdpl_server.c:738: in cdpl_sv_new_job(): info: new job J1 in M1
1733169369.383342: 27686-7fb8e10b40c0: cdpl_compat_master.c:1314: in _add_worker(): info: new worker type 100, min:1, max:1, cmd:`/home/eng/d/dal852207/cad/gf65/primelib_gf65/NAND4/runtime/cdpl/pid27686/run_27686.sh'
1733169369.383354: 27686-7fb8e10b40c0: cdpl_server.c:900: in cdpl_sv_new_bin_withfarm(): info: new bin B1 in J1
1733169369.392106: 27686-7fb8e10b40c0: cdpl_server.c:3116: in cdpl_sv_start_job(): info: starting job J1
1733169369.400658: 27686-7fb8e10b40c0: cdpl_server.c:1824: in _sv_gen_task(): info: new task T0 in B1 (prio 3)
1733169369.400669: 27686-7fb8e10b40c0: cdpl_server.c:2558: in cdpl_sv_label_task_va(): info: setting task T0 label to "leakage_power__ACQ_1 of NAND4"
1733169369.400725: 27686-7fb8e10b40c0: cdpl_server.c:1824: in _sv_gen_task(): info: new task T1 in B1 (prio 5)
1733169369.400781: 27686-7fb8c8db7700: cdpl_server_sched.c:700: in _sv_launch_worker(): info: started worker W1 (as C1) in bin B1
1733169369.400800: 27686-7fb8c85b6700: cdpl_farm.c:1899: in _schedule(): info: worker submit failure threshold set to 100
1733169369.400811: 27686-7fb8e10b40c0: cdpl_server.c:2558: in cdpl_sv_label_task_va(): info: setting task T1 label to "Cin__VSS__hl__ACQ_1 of NAND4"
1733169369.400817: 27686-7fb8c85b6700: cdpl_sh.c:49: in _sh_detached_submit(): info: SH : /home/eng/d/dal852207/cad/gf65/primelib_gf65/NAND4/runtime/cdpl/pid27686/run_27686.sh
1733169369.402060: 27686-7fb8e10b40c0: cdpl_server.c:1824: in _sv_gen_task(): info: new task T2 in B1 (prio 5)
1733169369.402072: 27686-7fb8e10b40c0: cdpl_server.c:2558: in cdpl_sv_label_task_va(): info: setting task T2 label to "Cin__VSS__lh__ACQ_1 of NAND4"
1733169369.402445: 27686-7fb8e10b40c0: cdpl_server.c:1824: in _sv_gen_task(): info: new task T3 in B1 (prio 2)
1733169369.402449: 27686-7fb8e10b40c0: cdpl_server.c:2558: in cdpl_sv_label_task_va(): info: setting task T3 label to "delay__A__hl__OUT__lh__ACQ_1 of NAND4"
1733169369.402508: 27686-7fb8e10b40c0: cdpl_server.c:1824: in _sv_gen_task(): info: new task T4 in B1 (prio 2)
1733169369.402511: 27686-7fb8e10b40c0: cdpl_server.c:2558: in cdpl_sv_label_task_va(): info: setting task T4 label to "delay__A__lh__OUT__hl__ACQ_1 of NAND4"
1733169369.402560: 27686-7fb8e10b40c0: cdpl_server.c:1824: in _sv_gen_task(): info: new task T5 in B1 (prio 2)
1733169369.402563: 27686-7fb8e10b40c0: cdpl_server.c:2558: in cdpl_sv_label_task_va(): info: setting task T5 label to "delay__B__hl__OUT__lh__ACQ_1 of NAND4"
1733169369.402612: 27686-7fb8e10b40c0: cdpl_server.c:1824: in _sv_gen_task(): info: new task T6 in B1 (prio 2)
1733169369.402615: 27686-7fb8e10b40c0: cdpl_server.c:2558: in cdpl_sv_label_task_va(): info: setting task T6 label to "delay__B__lh__OUT__hl__ACQ_1 of NAND4"
1733169369.402668: 27686-7fb8e10b40c0: cdpl_server.c:1824: in _sv_gen_task(): info: new task T7 in B1 (prio 2)
1733169369.402671: 27686-7fb8e10b40c0: cdpl_server.c:2558: in cdpl_sv_label_task_va(): info: setting task T7 label to "delay__C__hl__OUT__lh__ACQ_1 of NAND4"
1733169369.402712: 27686-7fb8e10b40c0: cdpl_server.c:1824: in _sv_gen_task(): info: new task T8 in B1 (prio 2)
1733169369.402715: 27686-7fb8e10b40c0: cdpl_server.c:2558: in cdpl_sv_label_task_va(): info: setting task T8 label to "delay__C__lh__OUT__hl__ACQ_1 of NAND4"
1733169369.402741: 27686-7fb8e10b40c0: cdpl_server.c:1824: in _sv_gen_task(): info: new task T9 in B1 (prio 2)
1733169369.402743: 27686-7fb8e10b40c0: cdpl_server.c:2558: in cdpl_sv_label_task_va(): info: setting task T9 label to "delay__D__hl__OUT__lh__ACQ_1 of NAND4"
1733169369.402782: 27686-7fb8e10b40c0: cdpl_server.c:1824: in _sv_gen_task(): info: new task T10 in B1 (prio 2)
1733169369.402785: 27686-7fb8e10b40c0: cdpl_server.c:2558: in cdpl_sv_label_task_va(): info: setting task T10 label to "delay__D__lh__OUT__hl__ACQ_1 of NAND4"
1733169369.402822: 27686-7fb8e10b40c0: cdpl_server.c:1824: in _sv_gen_task(): info: new task T11 in B1 (prio 5)
1733169369.402825: 27686-7fb8e10b40c0: cdpl_server.c:2558: in cdpl_sv_label_task_va(): info: setting task T11 label to "Cin__VDD__hl__ACQ_1 of NAND4"
1733169369.402853: 27686-7fb8e10b40c0: cdpl_server.c:1824: in _sv_gen_task(): info: new task T12 in B1 (prio 5)
1733169369.402856: 27686-7fb8e10b40c0: cdpl_server.c:2558: in cdpl_sv_label_task_va(): info: setting task T12 label to "Cin__VDD__lh__ACQ_1 of NAND4"
1733169370.034766: 27686-7fb8c95b8700: cdpl_server_ipc.c:452: in _sv_on_hello(): info: W1 is `10.182.66.66:49364'
1733169370.034786: 27686-7fb8c95b8700: cdpl_server_ipc.c:454: in _sv_on_hello(): info: W1 log file is /dev/null
1733169370.034796: 27686-7fb8c95b8700: cdpl_server_ipc.c:481: in _sv_on_hello(): info: up to 1 alive workers in B1
1733169370.034853: 27686-7fb8c8db7700: cdpl_server_sched.c:955: in _assign(): info: assigning task T3 to worker W1
1733169377.188606: 27686-7fb8c95b8700: cdpl_server_ipc.c:857: in _sv_on_finish(): info: worker W1 completed task T3
1733169377.188655: 27686-7fb8c8db7700: cdpl_server_sched.c:955: in _assign(): info: assigning task T4 to worker W1
1733169383.859178: 27686-7fb8c95b8700: cdpl_server_ipc.c:857: in _sv_on_finish(): info: worker W1 completed task T4
1733169383.859228: 27686-7fb8c8db7700: cdpl_server_sched.c:955: in _assign(): info: assigning task T5 to worker W1
1733169390.523427: 27686-7fb8c95b8700: cdpl_server_ipc.c:857: in _sv_on_finish(): info: worker W1 completed task T5
1733169390.523481: 27686-7fb8c8db7700: cdpl_server_sched.c:955: in _assign(): info: assigning task T6 to worker W1
1733169397.131660: 27686-7fb8c95b8700: cdpl_server_ipc.c:857: in _sv_on_finish(): info: worker W1 completed task T6
1733169397.131709: 27686-7fb8c8db7700: cdpl_server_sched.c:955: in _assign(): info: assigning task T7 to worker W1
1733169403.871553: 27686-7fb8c95b8700: cdpl_server_ipc.c:857: in _sv_on_finish(): info: worker W1 completed task T7
1733169403.871624: 27686-7fb8c8db7700: cdpl_server_sched.c:955: in _assign(): info: assigning task T8 to worker W1
1733169410.520635: 27686-7fb8c95b8700: cdpl_server_ipc.c:857: in _sv_on_finish(): info: worker W1 completed task T8
1733169410.520951: 27686-7fb8c8db7700: cdpl_server_sched.c:955: in _assign(): info: assigning task T9 to worker W1
1733169417.131635: 27686-7fb8c95b8700: cdpl_server_ipc.c:857: in _sv_on_finish(): info: worker W1 completed task T9
1733169417.131684: 27686-7fb8c8db7700: cdpl_server_sched.c:955: in _assign(): info: assigning task T10 to worker W1
1733169423.720998: 27686-7fb8c95b8700: cdpl_server_ipc.c:857: in _sv_on_finish(): info: worker W1 completed task T10
1733169423.721054: 27686-7fb8c8db7700: cdpl_server_sched.c:955: in _assign(): info: assigning task T0 to worker W1
1733169430.167931: 27686-7fb8c95b8700: cdpl_server_ipc.c:857: in _sv_on_finish(): info: worker W1 completed task T0
1733169430.168012: 27686-7fb8c8db7700: cdpl_server_sched.c:955: in _assign(): info: assigning task T1 to worker W1
1733169436.852240: 27686-7fb8c95b8700: cdpl_server_ipc.c:857: in _sv_on_finish(): info: worker W1 completed task T1
1733169436.852533: 27686-7fb8c8db7700: cdpl_server_sched.c:955: in _assign(): info: assigning task T2 to worker W1
1733169443.432719: 27686-7fb8c95b8700: cdpl_server_ipc.c:857: in _sv_on_finish(): info: worker W1 completed task T2
1733169443.432764: 27686-7fb8c8db7700: cdpl_server_sched.c:955: in _assign(): info: assigning task T11 to worker W1
1733169449.982876: 27686-7fb8c95b8700: cdpl_server_ipc.c:857: in _sv_on_finish(): info: worker W1 completed task T11
1733169449.982926: 27686-7fb8c8db7700: cdpl_server_sched.c:955: in _assign(): info: assigning task T12 to worker W1
1733169456.608837: 27686-7fb8c95b8700: cdpl_server_ipc.c:857: in _sv_on_finish(): info: worker W1 completed task T12
1733169512.866168: 27686-7fb8e10b40c0: cdpl_compat_master.c:5152: in cdplMasterLogInfo(): info: [non-CDPL log entry] Ending current CDPL job
1733169512.866366: 27686-7fb8e10b40c0: cdpl_server.c:2890: in cdpl_sv_halt_job_errno(): info: stopping job J1
1733169512.866442: 27686-7fb8c8db7700: cdpl_server_sched.c:2711: in _sv_drop_worker(): info: down to 0 alive workers in B1
1733169512.866474: 27686-7fb8e10b40c0: cdpl_server.c:2875: in cdpl_sv_halt_job_errno(): info: killing job J1
1733169512.866481: 27686-7fb8e10b40c0: cdpl_server.c:288: in _sv_free_job(): info: freeing job J1
1733169512.866530: 27686-7fb8e10b40c0: cdpl_farm.c:2395: in cdpl_farm_free(): info: freeing farm
1733169512.866772: 27686-7fb8e10b40c0: cdpl_server.c:3011: in cdpl_sv_free(): info: freeing server S868326174
1733169512.866783: 27686-7fb8e10b40c0: cdpl_server.c:2976: in cdpl_sv_kill_errno(): info: killing server
1733169512.866816: 27686-7fb8e10b40c0: cdpl_server.c:328: in _sv_free_master(): info: freeing master M1
1733169512.866866: 27686-7fb8e10b40c0: cdpl_log.c:371: in cdpl_log_close(): info: @@end_of_log@@
