### Custom WaveView ADV log file, revision O-2018.09-SP1 (build Nov 21, ) ###
### created at 17:00:39 on Fri Oct 11 2024 (Linux AMD64) ###
### Host Name: engnx01a.utdallas.edu   User ID: dal852207   PID: 29617   ###
wv_start_log
# (0) running in waveview only mode
# (0) SW_SX_PERL_LIB defined
# (0) SW_SX_TCL_LIB defined
# (0) HOME defined
wv_move_window {Custom WaveView} {} 28 57
wv_select_window {Custom WaveView} 
wv_move_window {Custom WaveView} {} -10 19
wv_press_tool_button {Custom WaveView} {} {OpenWaveform0} 
wv_move_window {FileDialog} {} 563 176
wv_move_window {FileDialog} {} 563 178
wv_select_dialog {FileDialog} 
wv_select_list_item {FileDialog} {} {FileList} {inv_HSPICE.tr1} 13
wv_press_button {FileDialog} {} {Ok} 
wv_expand_tree_item {Custom WaveView} {} {hierview} {D0:inv_HSPICE.tr1(0)} {+sep=@}
wv_expand_tree_item {Custom WaveView} {} {hierview} {D0:inv_HSPICE.tr1(0)@toplevel(0)} {+sep=@}
wv_collapse_tree_item {Custom WaveView} {} {hierview} {D0:inv_HSPICE.tr1(0)@toplevel(0)} {+sep=@}
wv_select_tree_item {Custom WaveView} {} {hierview} {D0:inv_HSPICE.tr1(0)@toplevel(0)} {0} {+sep=@}
wv_select_list_item {Custom WaveView} {} {sigview} {v(in)} 3
wv_drag_list_item {Custom WaveView} {} {sigview} {v(in)} 3
wv_dclick_list_item {Custom WaveView} {} {sigview} {v(in)} 3
wv_press_tool_button {Custom WaveView} {} {WaveformMeasurementTool0} 
wv_move_window {MeasurementTool} {} 10 45
wv_move_window {MeasurementTool} {} 379 109
wv_select_dialog {MeasurementTool} 
wv_close_dialog {MeasurementTool} 
wv_select_window {Custom WaveView} 
wv_select_list_item {Custom WaveView} {} {sigview} {v(vdd!)} 5
wv_dclick_list_item {Custom WaveView} {} {sigview} {v(vdd!)} 5
wv_press_tool_button {Custom WaveView} {waveview 1:1} {Waveview.CloseBtn} 
wv_select_dialog {Confirmation} 
wv_press_button {Confirmation} {} {Ok} 
wv_select_list_item {Custom WaveView} {} {sigview} {v(in)} 3
wv_dclick_list_item {Custom WaveView} {} {sigview} {v(in)} 3
wv_press_tool_button {Custom WaveView} {} {NewWaveView0} 
wv_resize_browser {Custom WaveView} {} {waveview 1:1} 27 631
wv_resize_browser {Custom WaveView} {} {waveview 1:1} 1276 631
wv_select_list_item {Custom WaveView} {} {sigview} {v(in)} 3
wv_drag_list_item {Custom WaveView} {} {sigview} {v(in)} 3
wv_dclick_list_item {Custom WaveView} {} {sigview} {v(in)} 3
wv_select_list_item {Custom WaveView} {} {sigview} {v(out)} 4
wv_dclick_list_item {Custom WaveView} {} {sigview} {v(out)} 4
wv_press_tool_button {Custom WaveView} {} {WaveformMeasurementTool0} 
wv_move_window {MeasurementTool} {} 10 45
wv_move_window {MeasurementTool} {} 379 109
wv_select_dialog {MeasurementTool} 
wv_press_button {MeasurementTool} {} {Ok} 
wv_select_window {Custom WaveView} 
wv_select_waveview 1 {waveview 1}
wv_select_wv_item WV1.MEAS1
wv_drag_item_to WV1 731 438
wv_move_wv_item WV1.MEAS1 257 496
wv_select_waveview 1 {waveview 1}
wv_select_wv_item WV1.MEAS1
wv_drag_item_to WV1 299 523
wv_move_wv_item WV1.MEAS1 258 191
wv_press_tool_button {Custom WaveView} {} {WaveformMeasurementTool0} 
wv_move_window {MeasurementTool} {} 10 45
wv_move_window {MeasurementTool} {} 379 109
wv_select_dialog {MeasurementTool} 
wv_set_text {MeasurementTool} {} {AtValue} "20"
wv_set_text {MeasurementTool} {} {Lock2ndPointAt} "80"
wv_press_button {MeasurementTool} {} {Ok} 
wv_select_window {Custom WaveView} 
wv_select_waveview 1 {waveview 1}
wv_select_wv_item WV1.MEAS2
wv_drag_item_to WV1 687 452
wv_move_wv_item WV1.MEAS2 514 426
wv_select_waveview 1 {waveview 1}
wv_select_wv_item WV1.MEAS2
wv_drag_item_to WV1 543 457
wv_move_wv_item WV1.MEAS2 496 387
wv_press_tool_button {Custom WaveView} {} {WaveformMeasurementTool0} 
wv_move_window {MeasurementTool} {} 10 45
wv_move_window {MeasurementTool} {} 379 109
wv_select_dialog {MeasurementTool} 
wv_press_button {MeasurementTool} {} {Ok} 
wv_select_window {Custom WaveView} 
wv_select_waveview 1 {waveview 1}
wv_select_wv_item WV1.MEAS3
wv_drag_item_to WV1 760 450
wv_move_wv_item WV1.MEAS3 281 467
wv_select_waveview 1 {waveview 1}
wv_select_wv_item WV1.MEAS3
wv_drag_item_to WV1 334 504
wv_move_wv_item WV1.MEAS3 291 393
wv_press_tool_button {Custom WaveView} {} {WaveformMeasurementTool0} 
wv_move_window {MeasurementTool} {} 10 45
wv_move_window {MeasurementTool} {} 379 109
wv_select_dialog {MeasurementTool} 
wv_press_button {MeasurementTool} {} {Ok} 
wv_select_window {Custom WaveView} 
wv_select_waveview 1 {waveview 1}
wv_select_wv_item WV1.MEAS4
wv_drag_item_to WV1 727 448
wv_move_wv_item WV1.MEAS4 493 85
wv_select_waveview 1 {waveview 1}
wv_select_wv_item WV1.MEAS4
wv_drag_item_to WV1 541 123
wv_move_wv_item WV1.MEAS4 467 94
wv_move_window {Custom WaveView} {} -10 51
wv_move_window {Custom WaveView} {} -10 57
wv_move_window {Custom WaveView} {} -10 60
wv_move_window {Custom WaveView} {} -10 62
wv_move_window {Custom WaveView} {} -10 64
wv_move_window {Custom WaveView} {} -10 68
wv_move_window {Custom WaveView} {} -10 72
wv_move_window {Custom WaveView} {} -10 76
wv_move_window {Custom WaveView} {} -10 79
wv_move_window {Custom WaveView} {} -10 80
wv_move_window {Custom WaveView} {} -10 82
wv_move_window {Custom WaveView} {} -10 89
wv_move_window {Custom WaveView} {} -10 99
wv_move_window {Custom WaveView} {} -10 111
wv_move_window {Custom WaveView} {} -10 132
wv_move_window {Custom WaveView} {} 32 165
wv_move_window {Custom WaveView} {} 42 184
wv_move_window {Custom WaveView} {} 52 201
wv_move_window {Custom WaveView} {} 61 215
wv_move_window {Custom WaveView} {} 69 227
wv_move_window {Custom WaveView} {} 76 240
wv_move_window {Custom WaveView} {} 94 271
wv_move_window {Custom WaveView} {} 99 276
wv_move_window {Custom WaveView} {} 104 283
wv_move_window {Custom WaveView} {} 108 289
wv_move_window {Custom WaveView} {} 114 299
wv_move_window {Custom WaveView} {} 118 304
wv_move_window {Custom WaveView} {} 120 310
wv_move_window {Custom WaveView} {} 122 314
wv_move_window {Custom WaveView} {} 123 317
wv_move_window {Custom WaveView} {} 125 319
wv_move_window {Custom WaveView} {} 126 319
wv_move_window {Custom WaveView} {} 125 319
wv_move_window {Custom WaveView} {} 120 315
wv_move_window {Custom WaveView} {} 105 310
wv_move_window {Custom WaveView} {} 79 309
wv_move_window {Custom WaveView} {} 25 315
wv_move_window {Custom WaveView} {} -10 323
wv_move_window {Custom WaveView} {} -94 329
wv_move_window {Custom WaveView} {} -127 333
wv_move_window {Custom WaveView} {} -147 337
wv_move_window {Custom WaveView} {} -161 342
wv_move_window {Custom WaveView} {} -167 346
wv_move_window {Custom WaveView} {} -168 347
wv_move_window {Custom WaveView} {} -168 349
wv_move_window {Custom WaveView} {} -168 352
wv_move_window {Custom WaveView} {} -168 358
wv_move_window {Custom WaveView} {} -168 366
wv_move_window {Custom WaveView} {} -168 377
wv_move_window {Custom WaveView} {} -168 389
wv_move_window {Custom WaveView} {} -168 391
wv_move_window {Custom WaveView} {} -168 390
wv_move_window {Custom WaveView} {} -168 389
wv_move_window {Custom WaveView} {} -168 388
wv_move_window {Custom WaveView} {} -169 383
wv_move_window {Custom WaveView} {} -173 372
wv_move_window {Custom WaveView} {} -178 358
wv_move_window {Custom WaveView} {} -181 341
wv_move_window {Custom WaveView} {} -184 322
wv_move_window {Custom WaveView} {} -187 286
wv_move_window {Custom WaveView} {} -187 274
wv_move_window {Custom WaveView} {} -181 235
wv_move_window {Custom WaveView} {} -176 209
wv_move_window {Custom WaveView} {} -169 190
wv_move_window {Custom WaveView} {} -164 176
wv_move_window {Custom WaveView} {} -163 169
wv_move_window {Custom WaveView} {} -162 166
wv_move_window {Custom WaveView} {} -161 165
wv_move_window {Custom WaveView} {} -161 164
wv_move_window {Custom WaveView} {} -160 163
wv_move_window {Custom WaveView} {} -159 163
wv_move_window {Custom WaveView} {} -157 161
wv_move_window {Custom WaveView} {} -154 159
wv_move_window {Custom WaveView} {} -150 158
wv_move_window {Custom WaveView} {} -146 157
wv_move_window {Custom WaveView} {} -141 154
wv_move_window {Custom WaveView} {} -134 152
wv_move_window {Custom WaveView} {} -126 148
wv_move_window {Custom WaveView} {} -115 145
wv_move_window {Custom WaveView} {} -96 136
wv_move_window {Custom WaveView} {} -82 130
wv_move_window {Custom WaveView} {} -76 127
wv_move_window {Custom WaveView} {} -58 119
wv_move_window {Custom WaveView} {} -48 113
wv_move_window {Custom WaveView} {} -41 108
wv_move_window {Custom WaveView} {} -37 106
wv_move_window {Custom WaveView} {} -36 105
wv_move_window {Custom WaveView} {} -37 105
wv_move_window {Custom WaveView} {} -38 104
wv_select_window {Custom WaveView} 
wv_close_window {Custom WaveView} 
wv_select_dialog {Confirmation} 
#wv_press_button {Confirmation} {} {Ok} 
#*WARNING* Can not remove '/home/eng/d/dal852207/.cx_hostport/.cx_hostport_engnx01a.utdallas.edu_29617'.
