1732385960.546365: 29102-7f106f98a0c0: cdpl_log.c:228: in cdpl_log_open(): info: @@start_of_log@@
1732385960.546387: 29102-7f106f98a0c0: cdpl_log.c:866: in cdpl_log_dump_sysinfo(): info: time: 2024/11/23 12:19:20 CST -0600
1732385960.546390: 29102-7f106f98a0c0: cdpl_log.c:868: in cdpl_log_dump_sysinfo(): info: version: T-2022.03 
1732385960.546392: 29102-7f106f98a0c0: cdpl_log.c:870: in cdpl_log_dump_sysinfo(): info: system: Linux 3.10.0-1160.119.1.el7.x86_64 #1 SMP Tue May 14 11:55:25 EDT 2024
1732385960.546394: 29102-7f106f98a0c0: cdpl_log.c:875: in cdpl_log_dump_sysinfo(): info: processor: x86_64 64-bits
1732385960.546395: 29102-7f106f98a0c0: cdpl_log.c:879: in cdpl_log_dump_sysinfo(): info: hostname: engnx03a.utdallas.edu
1732385960.546397: 29102-7f106f98a0c0: cdpl_log.c:230: in cdpl_log_open(): debug: path: /home/eng/d/dal852207/cad/gf65/primelib_gf65/AOI12/runtime/cdpl/pid29102/master.engnx03a.utdallas.edu.29102.log
1732385960.546399: 29102-7f106f98a0c0: cdpl_log.c:231: in cdpl_log_open(): debug: dir: /home/eng/d/dal852207/cad/gf65/primelib_gf65/AOI12/runtime/cdpl/pid29102
1732385960.546406: 29102-7f106f98a0c0: cdpl_log.c:758: in cdpl_log_set_filter(): info: filter level 1
1732385960.546420: 29102-7f106f98a0c0: cdpl_server.c:543: in cdpl_sv_init(): info: new server S207381444
1732385960.546428: 29102-7f106f98a0c0: cdpl_ipc.c:3030: in cdpl_ipc_init(): info: requesting IPv4 protocol
1732385960.546897: 29102-7f106f98a0c0: cdpl_ipc.c:800: in _selectaddrfamily(): info: selected IPv4 protocol
1732385960.547165: 29102-7f106f98a0c0: cdpl_server.c:657: in cdpl_sv_new_master(): info: new master M1
1732385960.547175: 29102-7f106f98a0c0: cdpl_server.c:5494: in cdpl_sv_ctl_master(): info: Setting worker heartbeat to 60 seconds
1732385960.547176: 29102-7f106f98a0c0: cdpl_server.c:5503: in cdpl_sv_ctl_master(): info: Setting worker heartbeat timeout to 3 heartbeats
1732385960.547179: 29102-7f106f98a0c0: cdpl_compat_master.c:2407: in cdplInitMaster(): info: bcast dir is `/dev/null'
1732385960.547225: 29102-7f106f98a0c0: cdpl_server.c:5394: in cdpl_sv_ctl_master(): info: farm worker timeout set to 36000
1732385960.547227: 29102-7f106f98a0c0: cdpl_server.c:5410: in cdpl_sv_ctl_master(): info: grid worker timeout set to 36000
1732385960.547228: 29102-7f106f98a0c0: cdpl_server.c:5438: in cdpl_sv_ctl_master(): info: farm submit command failure threshold set to 100
1732385960.547256: 29102-7f106f98a0c0: cdpl_farm.c:2268: in cdpl_farm_new_sh(): info: creating SH farm on localhost
1732385960.547264: 29102-7f106f98a0c0: cdpl_compat_master.c:207: in _set_farm_env(): info: exporting CDPL_LOGDIR as `/home/eng/d/dal852207/cad/gf65/primelib_gf65/AOI12/runtime/cdpl/pid29102'
1732385960.547267: 29102-7f106f98a0c0: cdpl_compat_master.c:213: in _set_farm_env(): info: exporting CDPL_TMPDIR as `/var/tmp'
1732385960.547269: 29102-7f106f98a0c0: cdpl_compat_master.c:220: in _set_farm_env(): info: exporting CDPL_HOME as `/proj/cad/synopsys/synopsys_2021/primelib/T-2022.03-SP1/cdpl_runtime_linux64'
1732385960.547271: 29102-7f106f98a0c0: cdpl_compat_master.c:227: in _set_farm_env(): info: exporting SNPSLMD_LICENSE_FILE as `1700@engdmv.utdallas.edu'
1732385960.547274: 29102-7f106f98a0c0: cdpl_compat_master.c:247: in _set_farm_env(): info: exporting CDPL_OPTIONS as `[filter][nowlogs]'
1732385960.547276: 29102-7f106f98a0c0: cdpl_compat_master.c:254: in _set_farm_env(): info: exporting DISPLAY as `:1027'
1732385960.547277: 29102-7f106f98a0c0: cdpl_compat_master.c:262: in _set_farm_env(): info: exporting CDPL_HEARTBEAT as `60'
1732385960.547280: 29102-7f106f98a0c0: cdpl_compat_master.c:348: in _set_farm_env(): info: exporting SIS_MALIBU as `2'
1732385960.547282: 29102-7f106f98a0c0: cdpl_compat_master.c:348: in _set_farm_env(): info: exporting SIS_CDPL as `5'
1732385960.588642: 29102-7f106f98a0c0: cdpl_server.c:738: in cdpl_sv_new_job(): info: new job J1 in M1
1732385960.588657: 29102-7f106f98a0c0: cdpl_compat_master.c:1314: in _add_worker(): info: new worker type 100, min:1, max:1, cmd:`/home/eng/d/dal852207/cad/gf65/primelib_gf65/AOI12/runtime/cdpl/pid29102/run_29102.sh'
1732385960.588665: 29102-7f106f98a0c0: cdpl_server.c:900: in cdpl_sv_new_bin_withfarm(): info: new bin B1 in J1
1732385960.596621: 29102-7f106f98a0c0: cdpl_server.c:3116: in cdpl_sv_start_job(): info: starting job J1
1732385960.605429: 29102-7f106f98a0c0: cdpl_server.c:1824: in _sv_gen_task(): info: new task T0 in B1 (prio 3)
1732385960.605439: 29102-7f106f98a0c0: cdpl_server.c:2558: in cdpl_sv_label_task_va(): info: setting task T0 label to "leakage_power__ACQ_1 of AOI12"
1732385960.605498: 29102-7f106f98a0c0: cdpl_server.c:1824: in _sv_gen_task(): info: new task T1 in B1 (prio 2)
1732385960.605578: 29102-7f105768e700: cdpl_server_sched.c:700: in _sv_launch_worker(): info: started worker W1 (as C1) in bin B1
1732385960.605607: 29102-7f106f98a0c0: cdpl_server.c:2558: in cdpl_sv_label_task_va(): info: setting task T1 label to "delay__VA__lh__OUT__hl__ACQ_1 of AOI12"
1732385960.605632: 29102-7f1056e8d700: cdpl_farm.c:1899: in _schedule(): info: worker submit failure threshold set to 100
1732385960.605660: 29102-7f106f98a0c0: cdpl_server.c:1824: in _sv_gen_task(): info: new task T2 in B1 (prio 2)
1732385960.605677: 29102-7f106f98a0c0: cdpl_server.c:2558: in cdpl_sv_label_task_va(): info: setting task T2 label to "delay__VA__hl__OUT__lh__ACQ_1 of AOI12"
1732385960.605679: 29102-7f1056e8d700: cdpl_sh.c:49: in _sh_detached_submit(): info: SH : /home/eng/d/dal852207/cad/gf65/primelib_gf65/AOI12/runtime/cdpl/pid29102/run_29102.sh
1732385960.605702: 29102-7f106f98a0c0: cdpl_server.c:1824: in _sv_gen_task(): info: new task T3 in B1 (prio 5)
1732385960.605706: 29102-7f106f98a0c0: cdpl_server.c:2558: in cdpl_sv_label_task_va(): info: setting task T3 label to "Cin__VSS__lh__ACQ_1 of AOI12"
1732385960.608622: 29102-7f106f98a0c0: cdpl_server.c:1824: in _sv_gen_task(): info: new task T4 in B1 (prio 5)
1732385960.608641: 29102-7f106f98a0c0: cdpl_server.c:2558: in cdpl_sv_label_task_va(): info: setting task T4 label to "Cin__VSS__hl__ACQ_1 of AOI12"
1732385960.608687: 29102-7f106f98a0c0: cdpl_server.c:1824: in _sv_gen_task(): info: new task T5 in B1 (prio 2)
1732385960.608690: 29102-7f106f98a0c0: cdpl_server.c:2558: in cdpl_sv_label_task_va(): info: setting task T5 label to "delay__VB__lh__OUT__hl__ACQ_1 of AOI12"
1732385960.608731: 29102-7f106f98a0c0: cdpl_server.c:1824: in _sv_gen_task(): info: new task T6 in B1 (prio 2)
1732385960.608733: 29102-7f106f98a0c0: cdpl_server.c:2558: in cdpl_sv_label_task_va(): info: setting task T6 label to "delay__VB__hl__OUT__lh__ACQ_1 of AOI12"
1732385960.608776: 29102-7f106f98a0c0: cdpl_server.c:1824: in _sv_gen_task(): info: new task T7 in B1 (prio 2)
1732385960.608779: 29102-7f106f98a0c0: cdpl_server.c:2558: in cdpl_sv_label_task_va(): info: setting task T7 label to "delay__VC__lh__OUT__hl__ACQ_1 of AOI12"
1732385960.608821: 29102-7f106f98a0c0: cdpl_server.c:1824: in _sv_gen_task(): info: new task T8 in B1 (prio 2)
1732385960.608823: 29102-7f106f98a0c0: cdpl_server.c:2558: in cdpl_sv_label_task_va(): info: setting task T8 label to "delay__VC__hl__OUT__lh__ACQ_1 of AOI12"
1732385960.608854: 29102-7f106f98a0c0: cdpl_server.c:1824: in _sv_gen_task(): info: new task T9 in B1 (prio 5)
1732385960.608857: 29102-7f106f98a0c0: cdpl_server.c:2558: in cdpl_sv_label_task_va(): info: setting task T9 label to "Cin__VDD__lh__ACQ_1 of AOI12"
1732385960.608892: 29102-7f106f98a0c0: cdpl_server.c:1824: in _sv_gen_task(): info: new task T10 in B1 (prio 5)
1732385960.608895: 29102-7f106f98a0c0: cdpl_server.c:2558: in cdpl_sv_label_task_va(): info: setting task T10 label to "Cin__VDD__hl__ACQ_1 of AOI12"
1732385961.283306: 29102-7f1057e8f700: cdpl_server_ipc.c:452: in _sv_on_hello(): info: W1 is `10.182.66.68:59860'
1732385961.283328: 29102-7f1057e8f700: cdpl_server_ipc.c:454: in _sv_on_hello(): info: W1 log file is /dev/null
1732385961.283341: 29102-7f1057e8f700: cdpl_server_ipc.c:481: in _sv_on_hello(): info: up to 1 alive workers in B1
1732385961.283367: 29102-7f105768e700: cdpl_server_sched.c:955: in _assign(): info: assigning task T1 to worker W1
1732385968.221545: 29102-7f1057e8f700: cdpl_server_ipc.c:857: in _sv_on_finish(): info: worker W1 completed task T1
1732385968.221579: 29102-7f105768e700: cdpl_server_sched.c:955: in _assign(): info: assigning task T2 to worker W1
1732385974.798800: 29102-7f1057e8f700: cdpl_server_ipc.c:857: in _sv_on_finish(): info: worker W1 completed task T2
1732385974.798849: 29102-7f105768e700: cdpl_server_sched.c:955: in _assign(): info: assigning task T5 to worker W1
1732385981.387512: 29102-7f1057e8f700: cdpl_server_ipc.c:857: in _sv_on_finish(): info: worker W1 completed task T5
1732385981.387549: 29102-7f105768e700: cdpl_server_sched.c:955: in _assign(): info: assigning task T6 to worker W1
1732385988.057722: 29102-7f1057e8f700: cdpl_server_ipc.c:857: in _sv_on_finish(): info: worker W1 completed task T6
1732385988.057758: 29102-7f105768e700: cdpl_server_sched.c:955: in _assign(): info: assigning task T7 to worker W1
1732385994.674542: 29102-7f1057e8f700: cdpl_server_ipc.c:857: in _sv_on_finish(): info: worker W1 completed task T7
1732385994.674578: 29102-7f105768e700: cdpl_server_sched.c:955: in _assign(): info: assigning task T8 to worker W1
1732386001.406354: 29102-7f1057e8f700: cdpl_server_ipc.c:857: in _sv_on_finish(): info: worker W1 completed task T8
1732386001.406663: 29102-7f105768e700: cdpl_server_sched.c:955: in _assign(): info: assigning task T0 to worker W1
1732386072.736202: 29102-7f1057e8f700: cdpl_server_ipc.c:857: in _sv_on_finish(): info: worker W1 completed task T0
1732386072.736484: 29102-7f105768e700: cdpl_server_sched.c:955: in _assign(): info: assigning task T3 to worker W1
1732386079.402937: 29102-7f1057e8f700: cdpl_server_ipc.c:857: in _sv_on_finish(): info: worker W1 completed task T3
1732386079.402977: 29102-7f105768e700: cdpl_server_sched.c:955: in _assign(): info: assigning task T4 to worker W1
1732386085.874590: 29102-7f1057e8f700: cdpl_server_ipc.c:857: in _sv_on_finish(): info: worker W1 completed task T4
1732386085.874638: 29102-7f105768e700: cdpl_server_sched.c:955: in _assign(): info: assigning task T9 to worker W1
1732386092.554080: 29102-7f1057e8f700: cdpl_server_ipc.c:857: in _sv_on_finish(): info: worker W1 completed task T9
1732386092.554122: 29102-7f105768e700: cdpl_server_sched.c:955: in _assign(): info: assigning task T10 to worker W1
1732386098.941617: 29102-7f1057e8f700: cdpl_server_ipc.c:857: in _sv_on_finish(): info: worker W1 completed task T10
1732386699.985772: 29102-7f1058690700: cdpl_ipc.c:738: in _readv(): warning: read(): EOF
