1732842880.944888: 7289-7f5db0e1a0c0: cdpl_log.c:228: in cdpl_log_open(): info: @@start_of_log@@
1732842880.944915: 7289-7f5db0e1a0c0: cdpl_log.c:866: in cdpl_log_dump_sysinfo(): info: time: 2024/11/28 19:14:40 CST -0600
1732842880.944919: 7289-7f5db0e1a0c0: cdpl_log.c:868: in cdpl_log_dump_sysinfo(): info: version: T-2022.03 
1732842880.944921: 7289-7f5db0e1a0c0: cdpl_log.c:870: in cdpl_log_dump_sysinfo(): info: system: Linux 3.10.0-1160.119.1.el7.x86_64 #1 SMP Tue May 14 11:55:25 EDT 2024
1732842880.944923: 7289-7f5db0e1a0c0: cdpl_log.c:875: in cdpl_log_dump_sysinfo(): info: processor: x86_64 64-bits
1732842880.944925: 7289-7f5db0e1a0c0: cdpl_log.c:879: in cdpl_log_dump_sysinfo(): info: hostname: engnx03a.utdallas.edu
1732842880.944927: 7289-7f5db0e1a0c0: cdpl_log.c:230: in cdpl_log_open(): debug: path: /home/eng/d/dal852207/cad/gf65/primelib_gf65/Proj6_DRC_LVS/XOR2/runtime/cdpl/pid7289/master.engnx03a.utdallas.edu.7289.log
1732842880.944929: 7289-7f5db0e1a0c0: cdpl_log.c:231: in cdpl_log_open(): debug: dir: /home/eng/d/dal852207/cad/gf65/primelib_gf65/Proj6_DRC_LVS/XOR2/runtime/cdpl/pid7289
1732842880.944937: 7289-7f5db0e1a0c0: cdpl_log.c:758: in cdpl_log_set_filter(): info: filter level 1
1732842880.944956: 7289-7f5db0e1a0c0: cdpl_server.c:543: in cdpl_sv_init(): info: new server S121456744
1732842880.944964: 7289-7f5db0e1a0c0: cdpl_ipc.c:3030: in cdpl_ipc_init(): info: requesting IPv4 protocol
1732842880.945402: 7289-7f5db0e1a0c0: cdpl_ipc.c:800: in _selectaddrfamily(): info: selected IPv4 protocol
1732842880.945786: 7289-7f5db0e1a0c0: cdpl_server.c:657: in cdpl_sv_new_master(): info: new master M1
1732842880.945798: 7289-7f5db0e1a0c0: cdpl_server.c:5494: in cdpl_sv_ctl_master(): info: Setting worker heartbeat to 60 seconds
1732842880.945800: 7289-7f5db0e1a0c0: cdpl_server.c:5503: in cdpl_sv_ctl_master(): info: Setting worker heartbeat timeout to 3 heartbeats
1732842880.945803: 7289-7f5db0e1a0c0: cdpl_compat_master.c:2407: in cdplInitMaster(): info: bcast dir is `/dev/null'
1732842880.945865: 7289-7f5db0e1a0c0: cdpl_server.c:5394: in cdpl_sv_ctl_master(): info: farm worker timeout set to 36000
1732842880.945868: 7289-7f5db0e1a0c0: cdpl_server.c:5410: in cdpl_sv_ctl_master(): info: grid worker timeout set to 36000
1732842880.945869: 7289-7f5db0e1a0c0: cdpl_server.c:5438: in cdpl_sv_ctl_master(): info: farm submit command failure threshold set to 100
1732842880.945915: 7289-7f5db0e1a0c0: cdpl_farm.c:2268: in cdpl_farm_new_sh(): info: creating SH farm on localhost
1732842880.945927: 7289-7f5db0e1a0c0: cdpl_compat_master.c:207: in _set_farm_env(): info: exporting CDPL_LOGDIR as `/home/eng/d/dal852207/cad/gf65/primelib_gf65/Proj6_DRC_LVS/XOR2/runtime/cdpl/pid7289'
1732842880.945930: 7289-7f5db0e1a0c0: cdpl_compat_master.c:213: in _set_farm_env(): info: exporting CDPL_TMPDIR as `/var/tmp'
1732842880.945932: 7289-7f5db0e1a0c0: cdpl_compat_master.c:220: in _set_farm_env(): info: exporting CDPL_HOME as `/proj/cad/synopsys/synopsys_2021/primelib/T-2022.03-SP1/cdpl_runtime_linux64'
1732842880.945935: 7289-7f5db0e1a0c0: cdpl_compat_master.c:227: in _set_farm_env(): info: exporting SNPSLMD_LICENSE_FILE as `1700@engdmv.utdallas.edu'
1732842880.945937: 7289-7f5db0e1a0c0: cdpl_compat_master.c:247: in _set_farm_env(): info: exporting CDPL_OPTIONS as `[filter][nowlogs]'
1732842880.945939: 7289-7f5db0e1a0c0: cdpl_compat_master.c:254: in _set_farm_env(): info: exporting DISPLAY as `:1022'
1732842880.945941: 7289-7f5db0e1a0c0: cdpl_compat_master.c:262: in _set_farm_env(): info: exporting CDPL_HEARTBEAT as `60'
1732842880.945945: 7289-7f5db0e1a0c0: cdpl_compat_master.c:348: in _set_farm_env(): info: exporting SIS_MALIBU as `2'
1732842880.945946: 7289-7f5db0e1a0c0: cdpl_compat_master.c:348: in _set_farm_env(): info: exporting SIS_CDPL as `5'
1732842880.993657: 7289-7f5db0e1a0c0: cdpl_server.c:738: in cdpl_sv_new_job(): info: new job J1 in M1
1732842880.993674: 7289-7f5db0e1a0c0: cdpl_compat_master.c:1314: in _add_worker(): info: new worker type 100, min:1, max:1, cmd:`/home/eng/d/dal852207/cad/gf65/primelib_gf65/Proj6_DRC_LVS/XOR2/runtime/cdpl/pid7289/run_7289.sh'
1732842880.993686: 7289-7f5db0e1a0c0: cdpl_server.c:900: in cdpl_sv_new_bin_withfarm(): info: new bin B1 in J1
1732842881.002180: 7289-7f5db0e1a0c0: cdpl_server.c:3116: in cdpl_sv_start_job(): info: starting job J1
1732842881.011061: 7289-7f5db0e1a0c0: cdpl_server.c:1824: in _sv_gen_task(): info: new task T0 in B1 (prio 3)
1732842881.011072: 7289-7f5db0e1a0c0: cdpl_server.c:2558: in cdpl_sv_label_task_va(): info: setting task T0 label to "leakage_power__ACQ_1 of XOR2"
1732842881.011164: 7289-7f5db0e1a0c0: cdpl_server.c:1824: in _sv_gen_task(): info: new task T1 in B1 (prio 5)
1732842881.011243: 7289-7f5d98b1e700: cdpl_server_sched.c:700: in _sv_launch_worker(): info: started worker W1 (as C1) in bin B1
1732842881.011268: 7289-7f5db0e1a0c0: cdpl_server.c:2558: in cdpl_sv_label_task_va(): info: setting task T1 label to "Cin__VSS__hl__ACQ_1 of XOR2"
1732842881.011280: 7289-7f5d9831d700: cdpl_farm.c:1899: in _schedule(): info: worker submit failure threshold set to 100
1732842881.011300: 7289-7f5db0e1a0c0: cdpl_server.c:1824: in _sv_gen_task(): info: new task T2 in B1 (prio 5)
1732842881.011307: 7289-7f5db0e1a0c0: cdpl_server.c:2558: in cdpl_sv_label_task_va(): info: setting task T2 label to "Cin__VSS__lh__ACQ_1 of XOR2"
1732842881.011310: 7289-7f5d9831d700: cdpl_sh.c:49: in _sh_detached_submit(): info: SH : /home/eng/d/dal852207/cad/gf65/primelib_gf65/Proj6_DRC_LVS/XOR2/runtime/cdpl/pid7289/run_7289.sh
1732842881.013983: 7289-7f5db0e1a0c0: cdpl_server.c:1824: in _sv_gen_task(): info: new task T3 in B1 (prio 2)
1732842881.014017: 7289-7f5db0e1a0c0: cdpl_server.c:2558: in cdpl_sv_label_task_va(): info: setting task T3 label to "delay__A__hl__OUT__hl__ACQ_1 of XOR2"
1732842881.014601: 7289-7f5db0e1a0c0: cdpl_server.c:1824: in _sv_gen_task(): info: new task T4 in B1 (prio 2)
1732842881.014607: 7289-7f5db0e1a0c0: cdpl_server.c:2558: in cdpl_sv_label_task_va(): info: setting task T4 label to "delay__A__hl__OUT__lh__ACQ_1 of XOR2"
1732842881.014668: 7289-7f5db0e1a0c0: cdpl_server.c:1824: in _sv_gen_task(): info: new task T5 in B1 (prio 2)
1732842881.014671: 7289-7f5db0e1a0c0: cdpl_server.c:2558: in cdpl_sv_label_task_va(): info: setting task T5 label to "delay__A__lh__OUT__hl__ACQ_1 of XOR2"
1732842881.014742: 7289-7f5db0e1a0c0: cdpl_server.c:1824: in _sv_gen_task(): info: new task T6 in B1 (prio 2)
1732842881.014747: 7289-7f5db0e1a0c0: cdpl_server.c:2558: in cdpl_sv_label_task_va(): info: setting task T6 label to "delay__A__lh__OUT__lh__ACQ_1 of XOR2"
1732842881.014788: 7289-7f5db0e1a0c0: cdpl_server.c:1824: in _sv_gen_task(): info: new task T7 in B1 (prio 2)
1732842881.014792: 7289-7f5db0e1a0c0: cdpl_server.c:2558: in cdpl_sv_label_task_va(): info: setting task T7 label to "delay__B__hl__OUT__hl__ACQ_1 of XOR2"
1732842881.014839: 7289-7f5db0e1a0c0: cdpl_server.c:1824: in _sv_gen_task(): info: new task T8 in B1 (prio 2)
1732842881.014842: 7289-7f5db0e1a0c0: cdpl_server.c:2558: in cdpl_sv_label_task_va(): info: setting task T8 label to "delay__B__hl__OUT__lh__ACQ_1 of XOR2"
1732842881.014870: 7289-7f5db0e1a0c0: cdpl_server.c:1824: in _sv_gen_task(): info: new task T9 in B1 (prio 2)
1732842881.014873: 7289-7f5db0e1a0c0: cdpl_server.c:2558: in cdpl_sv_label_task_va(): info: setting task T9 label to "delay__B__lh__OUT__hl__ACQ_1 of XOR2"
1732842881.014906: 7289-7f5db0e1a0c0: cdpl_server.c:1824: in _sv_gen_task(): info: new task T10 in B1 (prio 2)
1732842881.014909: 7289-7f5db0e1a0c0: cdpl_server.c:2558: in cdpl_sv_label_task_va(): info: setting task T10 label to "delay__B__lh__OUT__lh__ACQ_1 of XOR2"
1732842881.014933: 7289-7f5db0e1a0c0: cdpl_server.c:1824: in _sv_gen_task(): info: new task T11 in B1 (prio 5)
1732842881.014936: 7289-7f5db0e1a0c0: cdpl_server.c:2558: in cdpl_sv_label_task_va(): info: setting task T11 label to "Cin__VDD__hl__ACQ_1 of XOR2"
1732842881.014961: 7289-7f5db0e1a0c0: cdpl_server.c:1824: in _sv_gen_task(): info: new task T12 in B1 (prio 5)
1732842881.014964: 7289-7f5db0e1a0c0: cdpl_server.c:2558: in cdpl_sv_label_task_va(): info: setting task T12 label to "Cin__VDD__lh__ACQ_1 of XOR2"
1732842881.652683: 7289-7f5d9931f700: cdpl_server_ipc.c:452: in _sv_on_hello(): info: W1 is `10.182.66.68:51752'
1732842881.652700: 7289-7f5d9931f700: cdpl_server_ipc.c:454: in _sv_on_hello(): info: W1 log file is /dev/null
1732842881.652708: 7289-7f5d9931f700: cdpl_server_ipc.c:481: in _sv_on_hello(): info: up to 1 alive workers in B1
1732842881.652728: 7289-7f5d98b1e700: cdpl_server_sched.c:955: in _assign(): info: assigning task T3 to worker W1
1732842888.912059: 7289-7f5d9931f700: cdpl_server_ipc.c:857: in _sv_on_finish(): info: worker W1 completed task T3
1732842888.912309: 7289-7f5d98b1e700: cdpl_server_sched.c:955: in _assign(): info: assigning task T4 to worker W1
1732842895.486125: 7289-7f5d9931f700: cdpl_server_ipc.c:857: in _sv_on_finish(): info: worker W1 completed task T4
1732842895.486159: 7289-7f5d98b1e700: cdpl_server_sched.c:955: in _assign(): info: assigning task T5 to worker W1
1732842902.252327: 7289-7f5d9931f700: cdpl_server_ipc.c:857: in _sv_on_finish(): info: worker W1 completed task T5
1732842902.252352: 7289-7f5d98b1e700: cdpl_server_sched.c:955: in _assign(): info: assigning task T6 to worker W1
1732842909.140193: 7289-7f5d9931f700: cdpl_server_ipc.c:857: in _sv_on_finish(): info: worker W1 completed task T6
1732842909.140221: 7289-7f5d98b1e700: cdpl_server_sched.c:955: in _assign(): info: assigning task T7 to worker W1
1732842915.881848: 7289-7f5d9931f700: cdpl_server_ipc.c:857: in _sv_on_finish(): info: worker W1 completed task T7
1732842915.881964: 7289-7f5d98b1e700: cdpl_server_sched.c:955: in _assign(): info: assigning task T8 to worker W1
1732842922.439478: 7289-7f5d9931f700: cdpl_server_ipc.c:857: in _sv_on_finish(): info: worker W1 completed task T8
1732842922.439523: 7289-7f5d98b1e700: cdpl_server_sched.c:955: in _assign(): info: assigning task T9 to worker W1
1732842928.996190: 7289-7f5d9931f700: cdpl_server_ipc.c:857: in _sv_on_finish(): info: worker W1 completed task T9
1732842928.996231: 7289-7f5d98b1e700: cdpl_server_sched.c:955: in _assign(): info: assigning task T10 to worker W1
1732842935.678694: 7289-7f5d9931f700: cdpl_server_ipc.c:857: in _sv_on_finish(): info: worker W1 completed task T10
1732842935.678953: 7289-7f5d98b1e700: cdpl_server_sched.c:955: in _assign(): info: assigning task T0 to worker W1
1732843004.189379: 7289-7f5d9931f700: cdpl_server_ipc.c:857: in _sv_on_finish(): info: worker W1 completed task T0
1732843004.189619: 7289-7f5d98b1e700: cdpl_server_sched.c:955: in _assign(): info: assigning task T1 to worker W1
1732843010.602589: 7289-7f5d9931f700: cdpl_server_ipc.c:857: in _sv_on_finish(): info: worker W1 completed task T1
1732843010.602630: 7289-7f5d98b1e700: cdpl_server_sched.c:955: in _assign(): info: assigning task T2 to worker W1
1732843016.997013: 7289-7f5d9931f700: cdpl_server_ipc.c:857: in _sv_on_finish(): info: worker W1 completed task T2
1732843016.997051: 7289-7f5d98b1e700: cdpl_server_sched.c:955: in _assign(): info: assigning task T11 to worker W1
1732843023.402714: 7289-7f5d9931f700: cdpl_server_ipc.c:857: in _sv_on_finish(): info: worker W1 completed task T11
1732843023.402760: 7289-7f5d98b1e700: cdpl_server_sched.c:955: in _assign(): info: assigning task T12 to worker W1
1732843029.872208: 7289-7f5d9931f700: cdpl_server_ipc.c:857: in _sv_on_finish(): info: worker W1 completed task T12
1732843387.407472: 7289-7f5db0e1a0c0: cdpl_compat_master.c:5152: in cdplMasterLogInfo(): info: [non-CDPL log entry] Ending current CDPL job
1732843387.407716: 7289-7f5db0e1a0c0: cdpl_server.c:2890: in cdpl_sv_halt_job_errno(): info: stopping job J1
1732843387.407798: 7289-7f5d98b1e700: cdpl_server_sched.c:2711: in _sv_drop_worker(): info: down to 0 alive workers in B1
1732843387.407847: 7289-7f5db0e1a0c0: cdpl_server.c:2875: in cdpl_sv_halt_job_errno(): info: killing job J1
1732843387.407853: 7289-7f5db0e1a0c0: cdpl_server.c:288: in _sv_free_job(): info: freeing job J1
1732843387.407901: 7289-7f5db0e1a0c0: cdpl_farm.c:2395: in cdpl_farm_free(): info: freeing farm
1732843387.408123: 7289-7f5db0e1a0c0: cdpl_server.c:3011: in cdpl_sv_free(): info: freeing server S121456744
1732843387.408129: 7289-7f5db0e1a0c0: cdpl_server.c:2976: in cdpl_sv_kill_errno(): info: killing server
1732843387.408169: 7289-7f5db0e1a0c0: cdpl_server.c:328: in _sv_free_master(): info: freeing master M1
1732843387.408221: 7289-7f5db0e1a0c0: cdpl_log.c:371: in cdpl_log_close(): info: @@end_of_log@@
