Analysis & Synthesis report for SevenSegDisplay2Digits
Sun Jun  2 18:36:23 2024
Quartus Prime Version 22.1std.2 Build 922 07/20/2023 SC Lite Edition


---------------------
; Table of Contents ;
---------------------
  1. Legal Notice
  2. Analysis & Synthesis Summary
  3. Analysis & Synthesis Settings
  4. Parallel Compilation
  5. Analysis & Synthesis Source Files Read
  6. Analysis & Synthesis Resource Usage Summary
  7. Analysis & Synthesis Resource Utilization by Entity
  8. User-Specified and Inferred Latches
  9. General Register Statistics
 10. Multiplexer Restructuring Statistics (Restructuring Performed)
 11. Parameter Settings for User Entity Instance: Seven_Seg_Disp:SEV1
 12. Parameter Settings for User Entity Instance: Seven_Seg_Disp:SEV0
 13. Port Connectivity Checks: "Seven_Seg_Disp:SEV1"
 14. Port Connectivity Checks: "comp4bit:COMP9"
 15. Post-Synthesis Netlist Statistics for Top Partition
 16. Elapsed Time Per Partition
 17. Analysis & Synthesis Messages



----------------
; Legal Notice ;
----------------
Copyright (C) 2023  Intel Corporation. All rights reserved.
Your use of Intel Corporation's design tools, logic functions 
and other software and tools, and any partner logic 
functions, and any output files from any of the foregoing 
(including device programming or simulation files), and any 
associated documentation or information are expressly subject 
to the terms and conditions of the Intel Program License 
Subscription Agreement, the Intel Quartus Prime License Agreement,
the Intel FPGA IP License Agreement, or other applicable license
agreement, including, without limitation, that your use is for
the sole purpose of programming logic devices manufactured by
Intel and sold by Intel or its authorized distributors.  Please
refer to the applicable agreement for further details, at
https://fpgasoftware.intel.com/eula.



+----------------------------------------------------------------------------------+
; Analysis & Synthesis Summary                                                     ;
+---------------------------------+------------------------------------------------+
; Analysis & Synthesis Status     ; Successful - Sun Jun  2 18:36:23 2024          ;
; Quartus Prime Version           ; 22.1std.2 Build 922 07/20/2023 SC Lite Edition ;
; Revision Name                   ; SevenSegDisplay2Digits                         ;
; Top-level Entity Name           ; SevenSegDisplay2Digits                         ;
; Family                          ; Cyclone V                                      ;
; Logic utilization (in ALMs)     ; N/A                                            ;
; Total registers                 ; 0                                              ;
; Total pins                      ; 18                                             ;
; Total virtual pins              ; 0                                              ;
; Total block memory bits         ; 0                                              ;
; Total DSP Blocks                ; 0                                              ;
; Total HSSI RX PCSs              ; 0                                              ;
; Total HSSI PMA RX Deserializers ; 0                                              ;
; Total HSSI TX PCSs              ; 0                                              ;
; Total HSSI PMA TX Serializers   ; 0                                              ;
; Total PLLs                      ; 0                                              ;
; Total DLLs                      ; 0                                              ;
+---------------------------------+------------------------------------------------+


+-----------------------------------------------------------------------------------------------------------------------------------+
; Analysis & Synthesis Settings                                                                                                     ;
+---------------------------------------------------------------------------------+------------------------+------------------------+
; Option                                                                          ; Setting                ; Default Value          ;
+---------------------------------------------------------------------------------+------------------------+------------------------+
; Device                                                                          ; 5CSEMA5F31C6           ;                        ;
; Top-level entity name                                                           ; SevenSegDisplay2Digits ; SevenSegDisplay2Digits ;
; Family name                                                                     ; Cyclone V              ; Cyclone V              ;
; Use smart compilation                                                           ; Off                    ; Off                    ;
; Enable parallel Assembler and Timing Analyzer during compilation                ; On                     ; On                     ;
; Enable compact report table                                                     ; Off                    ; Off                    ;
; Restructure Multiplexers                                                        ; Auto                   ; Auto                   ;
; MLAB Add Timing Constraints For Mixed-Port Feed-Through Mode Setting Don't Care ; Off                    ; Off                    ;
; Create Debugging Nodes for IP Cores                                             ; Off                    ; Off                    ;
; Preserve fewer node names                                                       ; On                     ; On                     ;
; Intel FPGA IP Evaluation Mode                                                   ; Enable                 ; Enable                 ;
; Verilog Version                                                                 ; Verilog_2001           ; Verilog_2001           ;
; VHDL Version                                                                    ; VHDL_1993              ; VHDL_1993              ;
; State Machine Processing                                                        ; Auto                   ; Auto                   ;
; Safe State Machine                                                              ; Off                    ; Off                    ;
; Extract Verilog State Machines                                                  ; On                     ; On                     ;
; Extract VHDL State Machines                                                     ; On                     ; On                     ;
; Ignore Verilog initial constructs                                               ; Off                    ; Off                    ;
; Iteration limit for constant Verilog loops                                      ; 5000                   ; 5000                   ;
; Iteration limit for non-constant Verilog loops                                  ; 250                    ; 250                    ;
; Add Pass-Through Logic to Inferred RAMs                                         ; On                     ; On                     ;
; Infer RAMs from Raw Logic                                                       ; On                     ; On                     ;
; Parallel Synthesis                                                              ; On                     ; On                     ;
; DSP Block Balancing                                                             ; Auto                   ; Auto                   ;
; NOT Gate Push-Back                                                              ; On                     ; On                     ;
; Power-Up Don't Care                                                             ; On                     ; On                     ;
; Remove Redundant Logic Cells                                                    ; Off                    ; Off                    ;
; Remove Duplicate Registers                                                      ; On                     ; On                     ;
; Ignore CARRY Buffers                                                            ; Off                    ; Off                    ;
; Ignore CASCADE Buffers                                                          ; Off                    ; Off                    ;
; Ignore GLOBAL Buffers                                                           ; Off                    ; Off                    ;
; Ignore ROW GLOBAL Buffers                                                       ; Off                    ; Off                    ;
; Ignore LCELL Buffers                                                            ; Off                    ; Off                    ;
; Ignore SOFT Buffers                                                             ; On                     ; On                     ;
; Limit AHDL Integers to 32 Bits                                                  ; Off                    ; Off                    ;
; Optimization Technique                                                          ; Balanced               ; Balanced               ;
; Carry Chain Length                                                              ; 70                     ; 70                     ;
; Auto Carry Chains                                                               ; On                     ; On                     ;
; Auto Open-Drain Pins                                                            ; On                     ; On                     ;
; Perform WYSIWYG Primitive Resynthesis                                           ; Off                    ; Off                    ;
; Auto ROM Replacement                                                            ; On                     ; On                     ;
; Auto RAM Replacement                                                            ; On                     ; On                     ;
; Auto DSP Block Replacement                                                      ; On                     ; On                     ;
; Auto Shift Register Replacement                                                 ; Auto                   ; Auto                   ;
; Allow Shift Register Merging across Hierarchies                                 ; Auto                   ; Auto                   ;
; Auto Clock Enable Replacement                                                   ; On                     ; On                     ;
; Strict RAM Replacement                                                          ; Off                    ; Off                    ;
; Allow Synchronous Control Signals                                               ; On                     ; On                     ;
; Force Use of Synchronous Clear Signals                                          ; Off                    ; Off                    ;
; Auto Resource Sharing                                                           ; Off                    ; Off                    ;
; Allow Any RAM Size For Recognition                                              ; Off                    ; Off                    ;
; Allow Any ROM Size For Recognition                                              ; Off                    ; Off                    ;
; Allow Any Shift Register Size For Recognition                                   ; Off                    ; Off                    ;
; Use LogicLock Constraints during Resource Balancing                             ; On                     ; On                     ;
; Ignore translate_off and synthesis_off directives                               ; Off                    ; Off                    ;
; Timing-Driven Synthesis                                                         ; On                     ; On                     ;
; Report Parameter Settings                                                       ; On                     ; On                     ;
; Report Source Assignments                                                       ; On                     ; On                     ;
; Report Connectivity Checks                                                      ; On                     ; On                     ;
; Ignore Maximum Fan-Out Assignments                                              ; Off                    ; Off                    ;
; Synchronization Register Chain Length                                           ; 3                      ; 3                      ;
; Power Optimization During Synthesis                                             ; Normal compilation     ; Normal compilation     ;
; HDL message level                                                               ; Level2                 ; Level2                 ;
; Suppress Register Optimization Related Messages                                 ; Off                    ; Off                    ;
; Number of Removed Registers Reported in Synthesis Report                        ; 5000                   ; 5000                   ;
; Number of Swept Nodes Reported in Synthesis Report                              ; 5000                   ; 5000                   ;
; Number of Inverted Registers Reported in Synthesis Report                       ; 100                    ; 100                    ;
; Clock MUX Protection                                                            ; On                     ; On                     ;
; Auto Gated Clock Conversion                                                     ; Off                    ; Off                    ;
; Block Design Naming                                                             ; Auto                   ; Auto                   ;
; SDC constraint protection                                                       ; Off                    ; Off                    ;
; Synthesis Effort                                                                ; Auto                   ; Auto                   ;
; Shift Register Replacement - Allow Asynchronous Clear Signal                    ; On                     ; On                     ;
; Pre-Mapping Resynthesis Optimization                                            ; Off                    ; Off                    ;
; Analysis & Synthesis Message Level                                              ; Medium                 ; Medium                 ;
; Disable Register Merging Across Hierarchies                                     ; Auto                   ; Auto                   ;
; Resource Aware Inference For Block RAM                                          ; On                     ; On                     ;
; Automatic Parallel Synthesis                                                    ; On                     ; On                     ;
; Partial Reconfiguration Bitstream ID                                            ; Off                    ; Off                    ;
+---------------------------------------------------------------------------------+------------------------+------------------------+


+------------------------------------------+
; Parallel Compilation                     ;
+----------------------------+-------------+
; Processors                 ; Number      ;
+----------------------------+-------------+
; Number detected on machine ; 16          ;
; Maximum allowed            ; 16          ;
;                            ;             ;
; Average used               ; 1.00        ;
; Maximum used               ; 1           ;
;                            ;             ;
; Usage by Processor         ; % Time Used ;
;     Processor 1            ; 100.0%      ;
+----------------------------+-------------+


+-------------------------------------------------------------------------------------------------------------------------------------------------------------------------------------------------------------------------+
; Analysis & Synthesis Source Files Read                                                                                                                                                                                  ;
+----------------------------------+-----------------+------------------------+---------------------------------------------------------------------------------------------------------------------------------+---------+
; File Name with User-Entered Path ; Used in Netlist ; File Type              ; File Name with Absolute Path                                                                                                    ; Library ;
+----------------------------------+-----------------+------------------------+---------------------------------------------------------------------------------------------------------------------------------+---------+
; SevenSegDisplay2Digits.v         ; yes             ; User Verilog HDL File  ; C:/Users/lmnjm/OneDrive/Documents/Summer 2024/EE417 Programmable Logic Devices/ee417_L3A3_kalin_jammeh/SevenSegDisplay2Digits.v ;         ;
+----------------------------------+-----------------+------------------------+---------------------------------------------------------------------------------------------------------------------------------+---------+


+-------------------------------------------------------------------+
; Analysis & Synthesis Resource Usage Summary                       ;
+---------------------------------------------+---------------------+
; Resource                                    ; Usage               ;
+---------------------------------------------+---------------------+
; Estimate of Logic utilization (ALMs needed) ; 7                   ;
;                                             ;                     ;
; Combinational ALUT usage for logic          ; 13                  ;
;     -- 7 input functions                    ; 0                   ;
;     -- 6 input functions                    ; 0                   ;
;     -- 5 input functions                    ; 1                   ;
;     -- 4 input functions                    ; 9                   ;
;     -- <=3 input functions                  ; 3                   ;
;                                             ;                     ;
; Dedicated logic registers                   ; 0                   ;
;                                             ;                     ;
; I/O pins                                    ; 18                  ;
;                                             ;                     ;
; Total DSP Blocks                            ; 0                   ;
;                                             ;                     ;
; Maximum fan-out node                        ; comp4bit:COMP9|b[0] ;
; Maximum fan-out                             ; 9                   ;
; Total fan-out                               ; 79                  ;
; Average fan-out                             ; 1.61                ;
+---------------------------------------------+---------------------+


+---------------------------------------------------------------------------------------------------------------------------------------------------------------------------------------------------------------------------+
; Analysis & Synthesis Resource Utilization by Entity                                                                                                                                                                       ;
+----------------------------+---------------------+---------------------------+-------------------+------------+------+--------------+---------------------------------------------+------------------------+--------------+
; Compilation Hierarchy Node ; Combinational ALUTs ; Dedicated Logic Registers ; Block Memory Bits ; DSP Blocks ; Pins ; Virtual Pins ; Full Hierarchy Name                         ; Entity Name            ; Library Name ;
+----------------------------+---------------------+---------------------------+-------------------+------------+------+--------------+---------------------------------------------+------------------------+--------------+
; |SevenSegDisplay2Digits    ; 13 (0)              ; 0 (0)                     ; 0                 ; 0          ; 18   ; 0            ; |SevenSegDisplay2Digits                     ; SevenSegDisplay2Digits ; work         ;
;    |Seven_Seg_Disp:SEV0|   ; 7 (7)               ; 0 (0)                     ; 0                 ; 0          ; 0    ; 0            ; |SevenSegDisplay2Digits|Seven_Seg_Disp:SEV0 ; Seven_Seg_Disp         ; work         ;
;    |comp4bit:COMP9|        ; 1 (1)               ; 0 (0)                     ; 0                 ; 0          ; 0    ; 0            ; |SevenSegDisplay2Digits|comp4bit:COMP9      ; comp4bit               ; work         ;
;    |mux2to1_4bit:MUX|      ; 5 (5)               ; 0 (0)                     ; 0                 ; 0          ; 0    ; 0            ; |SevenSegDisplay2Digits|mux2to1_4bit:MUX    ; mux2to1_4bit           ; work         ;
+----------------------------+---------------------+---------------------------+-------------------+------------+------+--------------+---------------------------------------------+------------------------+--------------+
Note: For table entries with two numbers listed, the numbers in parentheses indicate the number of resources of the given type used by the specific entity alone. The numbers listed outside of parentheses indicate the total resources of the given type used by the specific entity and all of its sub-entities in the hierarchy.


+--------------------------------------------------------------------------------------------------------+
; User-Specified and Inferred Latches                                                                    ;
+----------------------------------------------------+--------------------------+------------------------+
; Latch Name                                         ; Latch Enable Signal      ; Free of Timing Hazards ;
+----------------------------------------------------+--------------------------+------------------------+
; comp4bit:COMP9|b[0]                                ; comp4bit:COMP9|LessThan0 ; yes                    ;
; Number of user-specified and inferred latches = 1  ;                          ;                        ;
+----------------------------------------------------+--------------------------+------------------------+
Note: All latches listed above may not be present at the end of synthesis due to various synthesis optimizations.


+------------------------------------------------------+
; General Register Statistics                          ;
+----------------------------------------------+-------+
; Statistic                                    ; Value ;
+----------------------------------------------+-------+
; Total registers                              ; 0     ;
; Number of registers using Synchronous Clear  ; 0     ;
; Number of registers using Synchronous Load   ; 0     ;
; Number of registers using Asynchronous Clear ; 0     ;
; Number of registers using Asynchronous Load  ; 0     ;
; Number of registers using Clock Enable       ; 0     ;
; Number of registers using Preset             ; 0     ;
+----------------------------------------------+-------+


+---------------------------------------------------------------------------------------------------------------------------------------------------------------+
; Multiplexer Restructuring Statistics (Restructuring Performed)                                                                                                ;
+--------------------+-----------+---------------+----------------------+------------------------+------------+-------------------------------------------------+
; Multiplexer Inputs ; Bus Width ; Baseline Area ; Area if Restructured ; Saving if Restructured ; Registered ; Example Multiplexer Output                      ;
+--------------------+-----------+---------------+----------------------+------------------------+------------+-------------------------------------------------+
; 9:1                ; 2 bits    ; 12 LEs        ; 8 LEs                ; 4 LEs                  ; No         ; |SevenSegDisplay2Digits|mux2to1_4bit:MUX|out[2] ;
+--------------------+-----------+---------------+----------------------+------------------------+------------+-------------------------------------------------+


+------------------------------------------------------------------+
; Parameter Settings for User Entity Instance: Seven_Seg_Disp:SEV1 ;
+----------------+---------+---------------------------------------+
; Parameter Name ; Value   ; Type                                  ;
+----------------+---------+---------------------------------------+
; BLANK          ; 1111111 ; Unsigned Binary                       ;
; ZERO           ; 0000001 ; Unsigned Binary                       ;
; ONE            ; 1001111 ; Unsigned Binary                       ;
; TWO            ; 0010010 ; Unsigned Binary                       ;
; THREE          ; 0000110 ; Unsigned Binary                       ;
; FOUR           ; 1001100 ; Unsigned Binary                       ;
; FIVE           ; 0100100 ; Unsigned Binary                       ;
; SIX            ; 0100000 ; Unsigned Binary                       ;
; SEVEN          ; 0001111 ; Unsigned Binary                       ;
; EIGHT          ; 0000000 ; Unsigned Binary                       ;
; NINE           ; 0000100 ; Unsigned Binary                       ;
+----------------+---------+---------------------------------------+
Note: In order to hide this table in the UI and the text report file, please set the "Show Parameter Settings in Synthesis Report" option in "Analysis and Synthesis Settings -> More Settings" to "Off".


+------------------------------------------------------------------+
; Parameter Settings for User Entity Instance: Seven_Seg_Disp:SEV0 ;
+----------------+---------+---------------------------------------+
; Parameter Name ; Value   ; Type                                  ;
+----------------+---------+---------------------------------------+
; BLANK          ; 1111111 ; Unsigned Binary                       ;
; ZERO           ; 0000001 ; Unsigned Binary                       ;
; ONE            ; 1001111 ; Unsigned Binary                       ;
; TWO            ; 0010010 ; Unsigned Binary                       ;
; THREE          ; 0000110 ; Unsigned Binary                       ;
; FOUR           ; 1001100 ; Unsigned Binary                       ;
; FIVE           ; 0100100 ; Unsigned Binary                       ;
; SIX            ; 0100000 ; Unsigned Binary                       ;
; SEVEN          ; 0001111 ; Unsigned Binary                       ;
; EIGHT          ; 0000000 ; Unsigned Binary                       ;
; NINE           ; 0000100 ; Unsigned Binary                       ;
+----------------+---------+---------------------------------------+
Note: In order to hide this table in the UI and the text report file, please set the "Show Parameter Settings in Synthesis Report" option in "Analysis and Synthesis Settings -> More Settings" to "Off".


+-----------------------------------------------------------------------------------------------------------------------------------------------------------------------+
; Port Connectivity Checks: "Seven_Seg_Disp:SEV1"                                                                                                                       ;
+------+-------+----------+---------------------------------------------------------------------------------------------------------------------------------------------+
; Port ; Type  ; Severity ; Details                                                                                                                                     ;
+------+-------+----------+---------------------------------------------------------------------------------------------------------------------------------------------+
; BCD  ; Input ; Warning  ; Input port expression (1 bits) is smaller than the input port (4 bits) it drives.  Extra input bit(s) "BCD[3..1]" will be connected to GND. ;
+------+-------+----------+---------------------------------------------------------------------------------------------------------------------------------------------+


+-------------------------------------------------------------------------------------------------------------------------------------------------+
; Port Connectivity Checks: "comp4bit:COMP9"                                                                                                      ;
+------+--------+----------+----------------------------------------------------------------------------------------------------------------------+
; Port ; Type   ; Severity ; Details                                                                                                              ;
+------+--------+----------+----------------------------------------------------------------------------------------------------------------------+
; b    ; Output ; Warning  ; Output or bidir port (4 bits) is wider than the port expression (1 bits) it drives; bit(s) "b[3..1]" have no fanouts ;
; gr   ; Output ; Info     ; Connected to dangling logic. Logic that only feeds a dangling port will be removed.                                  ;
+------+--------+----------+----------------------------------------------------------------------------------------------------------------------+


+-----------------------------------------------------+
; Post-Synthesis Netlist Statistics for Top Partition ;
+-----------------------+-----------------------------+
; Type                  ; Count                       ;
+-----------------------+-----------------------------+
; arriav_lcell_comb     ; 16                          ;
;     normal            ; 16                          ;
;         0 data inputs ; 2                           ;
;         1 data inputs ; 1                           ;
;         3 data inputs ; 3                           ;
;         4 data inputs ; 9                           ;
;         5 data inputs ; 1                           ;
; boundary_port         ; 18                          ;
;                       ;                             ;
; Max LUT depth         ; 3.00                        ;
; Average LUT depth     ; 2.33                        ;
+-----------------------+-----------------------------+


+-------------------------------+
; Elapsed Time Per Partition    ;
+----------------+--------------+
; Partition Name ; Elapsed Time ;
+----------------+--------------+
; Top            ; 00:00:00     ;
+----------------+--------------+


+-------------------------------+
; Analysis & Synthesis Messages ;
+-------------------------------+
Info: *******************************************************************
Info: Running Quartus Prime Analysis & Synthesis
    Info: Version 22.1std.2 Build 922 07/20/2023 SC Lite Edition
    Info: Processing started: Sun Jun  2 18:36:16 2024
Info: Command: quartus_map --read_settings_files=on --write_settings_files=off SevenSegDisplay2Digits -c SevenSegDisplay2Digits
Warning (18236): Number of processors has not been specified which may cause overloading on shared machines.  Set the global assignment NUM_PARALLEL_PROCESSORS in your QSF to an appropriate value for best performance.
Info (20030): Parallel compilation is enabled and will use 16 of the 16 processors detected
Warning (12019): Can't analyze file -- file ../lesson3_A31/Seven_Seg_Display.v is missing
Info (12021): Found 5 design units, including 5 entities, in source file sevensegdisplay2digits.v
    Info (12023): Found entity 1: SevenSegDisplay2Digits File: C:/Users/lmnjm/OneDrive/Documents/Summer 2024/EE417 Programmable Logic Devices/ee417_L3A3_kalin_jammeh/SevenSegDisplay2Digits.v Line: 3
    Info (12023): Found entity 2: comp4bit File: C:/Users/lmnjm/OneDrive/Documents/Summer 2024/EE417 Programmable Logic Devices/ee417_L3A3_kalin_jammeh/SevenSegDisplay2Digits.v Line: 18
    Info (12023): Found entity 3: mux2to1_4bit File: C:/Users/lmnjm/OneDrive/Documents/Summer 2024/EE417 Programmable Logic Devices/ee417_L3A3_kalin_jammeh/SevenSegDisplay2Digits.v Line: 41
    Info (12023): Found entity 4: CircuitA File: C:/Users/lmnjm/OneDrive/Documents/Summer 2024/EE417 Programmable Logic Devices/ee417_L3A3_kalin_jammeh/SevenSegDisplay2Digits.v Line: 54
    Info (12023): Found entity 5: Seven_Seg_Disp File: C:/Users/lmnjm/OneDrive/Documents/Summer 2024/EE417 Programmable Logic Devices/ee417_L3A3_kalin_jammeh/SevenSegDisplay2Digits.v Line: 71
Info (12021): Found 1 design units, including 1 entities, in source file sevensegdisplay2digits_tb.v
    Info (12023): Found entity 1: SevenSegDisplay2Digits_tb File: C:/Users/lmnjm/OneDrive/Documents/Summer 2024/EE417 Programmable Logic Devices/ee417_L3A3_kalin_jammeh/SevenSegDisplay2Digits_tb.v Line: 11
Warning (10236): Verilog HDL Implicit Net warning at SevenSegDisplay2Digits.v(8): created implicit net for "gr" File: C:/Users/lmnjm/OneDrive/Documents/Summer 2024/EE417 Programmable Logic Devices/ee417_L3A3_kalin_jammeh/SevenSegDisplay2Digits.v Line: 8
Info (12127): Elaborating entity "SevenSegDisplay2Digits" for the top level hierarchy
Info (12128): Elaborating entity "comp4bit" for hierarchy "comp4bit:COMP9" File: C:/Users/lmnjm/OneDrive/Documents/Summer 2024/EE417 Programmable Logic Devices/ee417_L3A3_kalin_jammeh/SevenSegDisplay2Digits.v Line: 8
Warning (10230): Verilog HDL assignment warning at SevenSegDisplay2Digits.v(24): truncated value with size 32 to match size of target (1) File: C:/Users/lmnjm/OneDrive/Documents/Summer 2024/EE417 Programmable Logic Devices/ee417_L3A3_kalin_jammeh/SevenSegDisplay2Digits.v Line: 24
Warning (10240): Verilog HDL Always Construct warning at SevenSegDisplay2Digits.v(26): inferring latch(es) for variable "b", which holds its previous value in one or more paths through the always construct File: C:/Users/lmnjm/OneDrive/Documents/Summer 2024/EE417 Programmable Logic Devices/ee417_L3A3_kalin_jammeh/SevenSegDisplay2Digits.v Line: 26
Info (10041): Inferred latch for "b[0]" at SevenSegDisplay2Digits.v(27) File: C:/Users/lmnjm/OneDrive/Documents/Summer 2024/EE417 Programmable Logic Devices/ee417_L3A3_kalin_jammeh/SevenSegDisplay2Digits.v Line: 27
Info (10041): Inferred latch for "b[1]" at SevenSegDisplay2Digits.v(27) File: C:/Users/lmnjm/OneDrive/Documents/Summer 2024/EE417 Programmable Logic Devices/ee417_L3A3_kalin_jammeh/SevenSegDisplay2Digits.v Line: 27
Info (10041): Inferred latch for "b[2]" at SevenSegDisplay2Digits.v(27) File: C:/Users/lmnjm/OneDrive/Documents/Summer 2024/EE417 Programmable Logic Devices/ee417_L3A3_kalin_jammeh/SevenSegDisplay2Digits.v Line: 27
Info (10041): Inferred latch for "b[3]" at SevenSegDisplay2Digits.v(27) File: C:/Users/lmnjm/OneDrive/Documents/Summer 2024/EE417 Programmable Logic Devices/ee417_L3A3_kalin_jammeh/SevenSegDisplay2Digits.v Line: 27
Info (12128): Elaborating entity "CircuitA" for hierarchy "CircuitA:CIRA" File: C:/Users/lmnjm/OneDrive/Documents/Summer 2024/EE417 Programmable Logic Devices/ee417_L3A3_kalin_jammeh/SevenSegDisplay2Digits.v Line: 9
Info (12128): Elaborating entity "mux2to1_4bit" for hierarchy "mux2to1_4bit:MUX" File: C:/Users/lmnjm/OneDrive/Documents/Summer 2024/EE417 Programmable Logic Devices/ee417_L3A3_kalin_jammeh/SevenSegDisplay2Digits.v Line: 10
Warning (10235): Verilog HDL Always Construct warning at SevenSegDisplay2Digits.v(47): variable "select" is read inside the Always Construct but isn't in the Always Construct's Event Control File: C:/Users/lmnjm/OneDrive/Documents/Summer 2024/EE417 Programmable Logic Devices/ee417_L3A3_kalin_jammeh/SevenSegDisplay2Digits.v Line: 47
Info (12128): Elaborating entity "Seven_Seg_Disp" for hierarchy "Seven_Seg_Disp:SEV1" File: C:/Users/lmnjm/OneDrive/Documents/Summer 2024/EE417 Programmable Logic Devices/ee417_L3A3_kalin_jammeh/SevenSegDisplay2Digits.v Line: 12
Warning (12241): 2 hierarchies have connectivity warnings - see the Connectivity Checks report folder
Warning (13024): Output pins are stuck at VCC or GND
    Warning (13410): Pin "d1[0]" is stuck at VCC File: C:/Users/lmnjm/OneDrive/Documents/Summer 2024/EE417 Programmable Logic Devices/ee417_L3A3_kalin_jammeh/SevenSegDisplay2Digits.v Line: 3
    Warning (13410): Pin "d1[4]" is stuck at GND File: C:/Users/lmnjm/OneDrive/Documents/Summer 2024/EE417 Programmable Logic Devices/ee417_L3A3_kalin_jammeh/SevenSegDisplay2Digits.v Line: 3
    Warning (13410): Pin "d1[5]" is stuck at GND File: C:/Users/lmnjm/OneDrive/Documents/Summer 2024/EE417 Programmable Logic Devices/ee417_L3A3_kalin_jammeh/SevenSegDisplay2Digits.v Line: 3
Info (286030): Timing-Driven Synthesis is running
Info (16010): Generating hard_block partition "hard_block:auto_generated_inst"
    Info (16011): Adding 0 node(s), including 0 DDIO, 0 PLL, 0 transceiver and 0 LCELL
Info (21057): Implemented 31 device resources after synthesis - the final resource count might be different
    Info (21058): Implemented 4 input pins
    Info (21059): Implemented 14 output pins
    Info (21061): Implemented 13 logic cells
Info: Quartus Prime Analysis & Synthesis was successful. 0 errors, 11 warnings
    Info: Peak virtual memory: 4849 megabytes
    Info: Processing ended: Sun Jun  2 18:36:23 2024
    Info: Elapsed time: 00:00:07
    Info: Total CPU time (on all processors): 00:00:08


