1732833209.723332: 4303-7fe0e96db0c0: cdpl_log.c:228: in cdpl_log_open(): info: @@start_of_log@@
1732833209.723356: 4303-7fe0e96db0c0: cdpl_log.c:866: in cdpl_log_dump_sysinfo(): info: time: 2024/11/28 16:33:29 CST -0600
1732833209.723359: 4303-7fe0e96db0c0: cdpl_log.c:868: in cdpl_log_dump_sysinfo(): info: version: T-2022.03 
1732833209.723361: 4303-7fe0e96db0c0: cdpl_log.c:870: in cdpl_log_dump_sysinfo(): info: system: Linux 3.10.0-1160.119.1.el7.x86_64 #1 SMP Tue May 14 11:55:25 EDT 2024
1732833209.723363: 4303-7fe0e96db0c0: cdpl_log.c:875: in cdpl_log_dump_sysinfo(): info: processor: x86_64 64-bits
1732833209.723364: 4303-7fe0e96db0c0: cdpl_log.c:879: in cdpl_log_dump_sysinfo(): info: hostname: engnx03a.utdallas.edu
1732833209.723366: 4303-7fe0e96db0c0: cdpl_log.c:230: in cdpl_log_open(): debug: path: /home/eng/d/dal852207/cad/gf65/primelib_gf65/Proj6_DRC_LVS/NAND2/runtime/cdpl/pid4303/master.4.engnx03a.utdallas.edu.4303.log
1732833209.723369: 4303-7fe0e96db0c0: cdpl_log.c:231: in cdpl_log_open(): debug: dir: /home/eng/d/dal852207/cad/gf65/primelib_gf65/Proj6_DRC_LVS/NAND2/runtime/cdpl/pid4303
1732833209.723375: 4303-7fe0e96db0c0: cdpl_log.c:758: in cdpl_log_set_filter(): info: filter level 1
1732833209.723380: 4303-7fe0e96db0c0: cdpl_server.c:543: in cdpl_sv_init(): info: new server S1680162803
1732833209.723385: 4303-7fe0e96db0c0: cdpl_ipc.c:3030: in cdpl_ipc_init(): info: requesting IPv4 protocol
1732833209.723853: 4303-7fe0e96db0c0: cdpl_ipc.c:800: in _selectaddrfamily(): info: selected IPv4 protocol
1732833209.724115: 4303-7fe0e96db0c0: cdpl_server.c:657: in cdpl_sv_new_master(): info: new master M1
1732833209.724124: 4303-7fe0e96db0c0: cdpl_server.c:5494: in cdpl_sv_ctl_master(): info: Setting worker heartbeat to 60 seconds
1732833209.724126: 4303-7fe0e96db0c0: cdpl_server.c:5503: in cdpl_sv_ctl_master(): info: Setting worker heartbeat timeout to 3 heartbeats
1732833209.724129: 4303-7fe0e96db0c0: cdpl_compat_master.c:2407: in cdplInitMaster(): info: bcast dir is `/dev/null'
1732833209.724162: 4303-7fe0e96db0c0: cdpl_server.c:5394: in cdpl_sv_ctl_master(): info: farm worker timeout set to 36000
1732833209.724164: 4303-7fe0e96db0c0: cdpl_server.c:5410: in cdpl_sv_ctl_master(): info: grid worker timeout set to 36000
1732833209.724166: 4303-7fe0e96db0c0: cdpl_server.c:5438: in cdpl_sv_ctl_master(): info: farm submit command failure threshold set to 100
1732833209.724177: 4303-7fe0e96db0c0: cdpl_farm.c:2268: in cdpl_farm_new_sh(): info: creating SH farm on localhost
1732833209.724188: 4303-7fe0e96db0c0: cdpl_compat_master.c:207: in _set_farm_env(): info: exporting CDPL_LOGDIR as `/home/eng/d/dal852207/cad/gf65/primelib_gf65/Proj6_DRC_LVS/NAND2/runtime/cdpl/pid4303'
1732833209.724190: 4303-7fe0e96db0c0: cdpl_compat_master.c:213: in _set_farm_env(): info: exporting CDPL_TMPDIR as `/var/tmp'
1732833209.724193: 4303-7fe0e96db0c0: cdpl_compat_master.c:220: in _set_farm_env(): info: exporting CDPL_HOME as `/proj/cad/synopsys/synopsys_2021/primelib/T-2022.03-SP1/cdpl_runtime_linux64'
1732833209.724195: 4303-7fe0e96db0c0: cdpl_compat_master.c:227: in _set_farm_env(): info: exporting SNPSLMD_LICENSE_FILE as `1700@engdmv.utdallas.edu'
1732833209.724198: 4303-7fe0e96db0c0: cdpl_compat_master.c:247: in _set_farm_env(): info: exporting CDPL_OPTIONS as `[filter][nowlogs]'
1732833209.724199: 4303-7fe0e96db0c0: cdpl_compat_master.c:254: in _set_farm_env(): info: exporting DISPLAY as `:1022'
1732833209.724201: 4303-7fe0e96db0c0: cdpl_compat_master.c:262: in _set_farm_env(): info: exporting CDPL_HEARTBEAT as `60'
1732833209.724205: 4303-7fe0e96db0c0: cdpl_compat_master.c:348: in _set_farm_env(): info: exporting SIS_MALIBU as `2'
1732833209.724206: 4303-7fe0e96db0c0: cdpl_compat_master.c:348: in _set_farm_env(): info: exporting SIS_CDPL as `5'
1732833209.766378: 4303-7fe0e96db0c0: cdpl_server.c:738: in cdpl_sv_new_job(): info: new job J1 in M1
1732833209.766391: 4303-7fe0e96db0c0: cdpl_compat_master.c:1314: in _add_worker(): info: new worker type 100, min:1, max:1, cmd:`/home/eng/d/dal852207/cad/gf65/primelib_gf65/Proj6_DRC_LVS/NAND2/runtime/cdpl/pid4303/run_4303.sh'
1732833209.766400: 4303-7fe0e96db0c0: cdpl_server.c:900: in cdpl_sv_new_bin_withfarm(): info: new bin B1 in J1
1732833209.771504: 4303-7fe0e96db0c0: cdpl_server.c:3116: in cdpl_sv_start_job(): info: starting job J1
1732833209.778253: 4303-7fe0e96db0c0: cdpl_server.c:1824: in _sv_gen_task(): info: new task T0 in B1 (prio 2)
1732833209.778261: 4303-7fe0e96db0c0: cdpl_server.c:2558: in cdpl_sv_label_task_va(): info: setting task T0 label to "delay__B__lh__OUT__hl__ACQ_1 of NAND2"
1732833209.778318: 4303-7fe0e96db0c0: cdpl_server.c:1824: in _sv_gen_task(): info: new task T1 in B1 (prio 2)
1732833209.778358: 4303-7fe0d13df700: cdpl_server_sched.c:700: in _sv_launch_worker(): info: started worker W1 (as C1) in bin B1
1732833209.778392: 4303-7fe0d0bde700: cdpl_farm.c:1899: in _schedule(): info: worker submit failure threshold set to 100
1732833209.778411: 4303-7fe0e96db0c0: cdpl_server.c:2558: in cdpl_sv_label_task_va(): info: setting task T1 label to "delay__B__hl__OUT__lh__ACQ_1 of NAND2"
1732833209.778425: 4303-7fe0d0bde700: cdpl_sh.c:49: in _sh_detached_submit(): info: SH : /home/eng/d/dal852207/cad/gf65/primelib_gf65/Proj6_DRC_LVS/NAND2/runtime/cdpl/pid4303/run_4303.sh
1732833209.781705: 4303-7fe0e96db0c0: cdpl_server.c:1824: in _sv_gen_task(): info: new task T2 in B1 (prio 3)
1732833209.781722: 4303-7fe0e96db0c0: cdpl_server.c:2558: in cdpl_sv_label_task_va(): info: setting task T2 label to "leakage_power__ACQ_1 of NAND2"
1732833209.782591: 4303-7fe0e96db0c0: cdpl_server.c:1824: in _sv_gen_task(): info: new task T3 in B1 (prio 5)
1732833209.782595: 4303-7fe0e96db0c0: cdpl_server.c:2558: in cdpl_sv_label_task_va(): info: setting task T3 label to "Cin__VSS__lh__ACQ_1 of NAND2"
1732833209.782715: 4303-7fe0e96db0c0: cdpl_server.c:1824: in _sv_gen_task(): info: new task T4 in B1 (prio 5)
1732833209.782718: 4303-7fe0e96db0c0: cdpl_server.c:2558: in cdpl_sv_label_task_va(): info: setting task T4 label to "Cin__VSS__hl__ACQ_1 of NAND2"
1732833209.782797: 4303-7fe0e96db0c0: cdpl_server.c:1824: in _sv_gen_task(): info: new task T5 in B1 (prio 2)
1732833209.782800: 4303-7fe0e96db0c0: cdpl_server.c:2558: in cdpl_sv_label_task_va(): info: setting task T5 label to "delay__A__lh__OUT__hl__ACQ_1 of NAND2"
1732833209.782859: 4303-7fe0e96db0c0: cdpl_server.c:1824: in _sv_gen_task(): info: new task T6 in B1 (prio 2)
1732833209.782862: 4303-7fe0e96db0c0: cdpl_server.c:2558: in cdpl_sv_label_task_va(): info: setting task T6 label to "delay__A__hl__OUT__lh__ACQ_1 of NAND2"
1732833209.782912: 4303-7fe0e96db0c0: cdpl_server.c:1824: in _sv_gen_task(): info: new task T7 in B1 (prio 5)
1732833209.782915: 4303-7fe0e96db0c0: cdpl_server.c:2558: in cdpl_sv_label_task_va(): info: setting task T7 label to "Cin__VDD__lh__ACQ_1 of NAND2"
1732833209.782971: 4303-7fe0e96db0c0: cdpl_server.c:1824: in _sv_gen_task(): info: new task T8 in B1 (prio 5)
1732833209.782973: 4303-7fe0e96db0c0: cdpl_server.c:2558: in cdpl_sv_label_task_va(): info: setting task T8 label to "Cin__VDD__hl__ACQ_1 of NAND2"
1732833210.454989: 4303-7fe0d23e1700: cdpl_server_ipc.c:452: in _sv_on_hello(): info: W1 is `10.182.66.68:44200'
1732833210.455003: 4303-7fe0d23e1700: cdpl_server_ipc.c:454: in _sv_on_hello(): info: W1 log file is /dev/null
1732833210.455013: 4303-7fe0d23e1700: cdpl_server_ipc.c:481: in _sv_on_hello(): info: up to 1 alive workers in B1
1732833210.455038: 4303-7fe0d13df700: cdpl_server_sched.c:955: in _assign(): info: assigning task T0 to worker W1
1732833217.611176: 4303-7fe0d23e1700: cdpl_server_ipc.c:857: in _sv_on_finish(): info: worker W1 completed task T0
1732833217.611471: 4303-7fe0d13df700: cdpl_server_sched.c:955: in _assign(): info: assigning task T1 to worker W1
1732833224.052196: 4303-7fe0d23e1700: cdpl_server_ipc.c:857: in _sv_on_finish(): info: worker W1 completed task T1
1732833224.052243: 4303-7fe0d13df700: cdpl_server_sched.c:955: in _assign(): info: assigning task T5 to worker W1
1732833230.503707: 4303-7fe0d23e1700: cdpl_server_ipc.c:857: in _sv_on_finish(): info: worker W1 completed task T5
1732833230.503771: 4303-7fe0d13df700: cdpl_server_sched.c:955: in _assign(): info: assigning task T6 to worker W1
1732833236.985246: 4303-7fe0d23e1700: cdpl_server_ipc.c:857: in _sv_on_finish(): info: worker W1 completed task T6
1732833236.985297: 4303-7fe0d13df700: cdpl_server_sched.c:955: in _assign(): info: assigning task T2 to worker W1
1732833243.425215: 4303-7fe0d23e1700: cdpl_server_ipc.c:857: in _sv_on_finish(): info: worker W1 completed task T2
1732833243.425261: 4303-7fe0d13df700: cdpl_server_sched.c:955: in _assign(): info: assigning task T3 to worker W1
1732833249.799409: 4303-7fe0d23e1700: cdpl_server_ipc.c:857: in _sv_on_finish(): info: worker W1 completed task T3
1732833249.799462: 4303-7fe0d13df700: cdpl_server_sched.c:955: in _assign(): info: assigning task T4 to worker W1
1732833256.150857: 4303-7fe0d23e1700: cdpl_server_ipc.c:857: in _sv_on_finish(): info: worker W1 completed task T4
1732833256.150903: 4303-7fe0d13df700: cdpl_server_sched.c:955: in _assign(): info: assigning task T7 to worker W1
1732833262.464213: 4303-7fe0d23e1700: cdpl_server_ipc.c:857: in _sv_on_finish(): info: worker W1 completed task T7
1732833262.464259: 4303-7fe0d13df700: cdpl_server_sched.c:955: in _assign(): info: assigning task T8 to worker W1
1732833268.738534: 4303-7fe0d23e1700: cdpl_server_ipc.c:857: in _sv_on_finish(): info: worker W1 completed task T8
1732833522.826607: 4303-7fe0e96db0c0: cdpl_compat_master.c:5152: in cdplMasterLogInfo(): info: [non-CDPL log entry] Ending current CDPL job
1732833522.826810: 4303-7fe0e96db0c0: cdpl_server.c:2890: in cdpl_sv_halt_job_errno(): info: stopping job J1
1732833522.826884: 4303-7fe0d13df700: cdpl_server_sched.c:2711: in _sv_drop_worker(): info: down to 0 alive workers in B1
1732833522.826920: 4303-7fe0e96db0c0: cdpl_server.c:2875: in cdpl_sv_halt_job_errno(): info: killing job J1
1732833522.826928: 4303-7fe0e96db0c0: cdpl_server.c:288: in _sv_free_job(): info: freeing job J1
1732833522.826949: 4303-7fe0e96db0c0: cdpl_farm.c:2395: in cdpl_farm_free(): info: freeing farm
1732833522.827020: 4303-7fe0e96db0c0: cdpl_server.c:3011: in cdpl_sv_free(): info: freeing server S1680162803
1732833522.827023: 4303-7fe0e96db0c0: cdpl_server.c:2976: in cdpl_sv_kill_errno(): info: killing server
1732833522.827062: 4303-7fe0e96db0c0: cdpl_server.c:328: in _sv_free_master(): info: freeing master M1
1732833522.827084: 4303-7fe0e96db0c0: cdpl_log.c:371: in cdpl_log_close(): info: @@end_of_log@@
