### Custom WaveView ADV log file, revision O-2018.09-SP1 (build Nov 21, ) ###
### created at 21:24:32 on Thu Nov  7 2024 (Linux AMD64) ###
### Host Name: engnx01a.utdallas.edu   User ID: dal852207   PID: 20429   ###
wv_start_log
# (0) running in waveview only mode
# (0) SW_SX_PERL_LIB defined
# (0) SW_SX_TCL_LIB defined
# (0) HOME defined
wv_resize_window {Custom WaveView} 800 502
wv_move_window {Custom WaveView} {} 40 69
wv_resize_window {Custom WaveView} 800 400
wv_select_window {Custom WaveView} 
wv_move_window {Custom WaveView} {} 137 108
wv_press_tool_button {Custom WaveView} {} {OpenWaveform0} 
wv_move_window {FileDialog} {} 10 38
wv_move_window {FileDialog} {} 628 223
wv_select_dialog {FileDialog} 
wv_select_list_item {FileDialog} {} {FileList} {XOR2_HSPICE.tr0} 11
wv_press_button {FileDialog} {} {Ok} 
wv_expand_tree_item {Custom WaveView} {} {hierview} {D0:XOR2_HSPICE.tr0(0)} {+sep=@}
wv_select_tree_item {Custom WaveView} {} {hierview} {D0:XOR2_HSPICE.tr0(0)@toplevel(0)} {0} {+sep=@}
wv_select_list_item {Custom WaveView} {} {sigview} {v(va)} 6
wv_dclick_list_item {Custom WaveView} {} {sigview} {v(va)} 6
wv_select_list_item {Custom WaveView} {} {sigview} {v(vb)} 7
wv_dclick_list_item {Custom WaveView} {} {sigview} {v(vb)} 7
wv_select_list_item {Custom WaveView} {} {sigview} {v(vz)} 9
wv_dclick_list_item {Custom WaveView} {} {sigview} {v(vz)} 9
wv_select_list_item {Custom WaveView} {} {sigview} {v(out)} 5
wv_dclick_list_item {Custom WaveView} {} {sigview} {v(out)} 5
wv_close_window {Custom WaveView} 
wv_move_window {Confirmation} {} 741 425
wv_select_dialog {Confirmation} 
#wv_press_button {Confirmation} {} {Ok} 
#*WARNING* Can not remove '/home/eng/d/dal852207/.cx_hostport/.cx_hostport_engnx01a.utdallas.edu_20429'.
