1732841580.687708: 15075-7fb97cd890c0: cdpl_log.c:228: in cdpl_log_open(): info: @@start_of_log@@
1732841580.687739: 15075-7fb97cd890c0: cdpl_log.c:866: in cdpl_log_dump_sysinfo(): info: time: 2024/11/28 18:53:00 CST -0600
1732841580.687744: 15075-7fb97cd890c0: cdpl_log.c:868: in cdpl_log_dump_sysinfo(): info: version: T-2022.03 
1732841580.687745: 15075-7fb97cd890c0: cdpl_log.c:870: in cdpl_log_dump_sysinfo(): info: system: Linux 3.10.0-1160.119.1.el7.x86_64 #1 SMP Tue May 14 11:55:25 EDT 2024
1732841580.687747: 15075-7fb97cd890c0: cdpl_log.c:875: in cdpl_log_dump_sysinfo(): info: processor: x86_64 64-bits
1732841580.687749: 15075-7fb97cd890c0: cdpl_log.c:879: in cdpl_log_dump_sysinfo(): info: hostname: engnx03a.utdallas.edu
1732841580.687750: 15075-7fb97cd890c0: cdpl_log.c:230: in cdpl_log_open(): debug: path: /home/eng/d/dal852207/cad/gf65/primelib_gf65/Proj6_DRC_LVS/OAI12/runtime/cdpl/pid15075/master.engnx03a.utdallas.edu.15075.log
1732841580.687752: 15075-7fb97cd890c0: cdpl_log.c:231: in cdpl_log_open(): debug: dir: /home/eng/d/dal852207/cad/gf65/primelib_gf65/Proj6_DRC_LVS/OAI12/runtime/cdpl/pid15075
1732841580.687758: 15075-7fb97cd890c0: cdpl_log.c:758: in cdpl_log_set_filter(): info: filter level 1
1732841580.687773: 15075-7fb97cd890c0: cdpl_server.c:543: in cdpl_sv_init(): info: new server S401170162
1732841580.687779: 15075-7fb97cd890c0: cdpl_ipc.c:3030: in cdpl_ipc_init(): info: requesting IPv4 protocol
1732841580.688429: 15075-7fb97cd890c0: cdpl_ipc.c:800: in _selectaddrfamily(): info: selected IPv4 protocol
1732841580.688849: 15075-7fb97cd890c0: cdpl_server.c:657: in cdpl_sv_new_master(): info: new master M1
1732841580.688861: 15075-7fb97cd890c0: cdpl_server.c:5494: in cdpl_sv_ctl_master(): info: Setting worker heartbeat to 60 seconds
1732841580.688863: 15075-7fb97cd890c0: cdpl_server.c:5503: in cdpl_sv_ctl_master(): info: Setting worker heartbeat timeout to 3 heartbeats
1732841580.688866: 15075-7fb97cd890c0: cdpl_compat_master.c:2407: in cdplInitMaster(): info: bcast dir is `/dev/null'
1732841580.688913: 15075-7fb97cd890c0: cdpl_server.c:5394: in cdpl_sv_ctl_master(): info: farm worker timeout set to 36000
1732841580.688916: 15075-7fb97cd890c0: cdpl_server.c:5410: in cdpl_sv_ctl_master(): info: grid worker timeout set to 36000
1732841580.688917: 15075-7fb97cd890c0: cdpl_server.c:5438: in cdpl_sv_ctl_master(): info: farm submit command failure threshold set to 100
1732841580.688940: 15075-7fb97cd890c0: cdpl_farm.c:2268: in cdpl_farm_new_sh(): info: creating SH farm on localhost
1732841580.688955: 15075-7fb97cd890c0: cdpl_compat_master.c:207: in _set_farm_env(): info: exporting CDPL_LOGDIR as `/home/eng/d/dal852207/cad/gf65/primelib_gf65/Proj6_DRC_LVS/OAI12/runtime/cdpl/pid15075'
1732841580.688959: 15075-7fb97cd890c0: cdpl_compat_master.c:213: in _set_farm_env(): info: exporting CDPL_TMPDIR as `/var/tmp'
1732841580.688960: 15075-7fb97cd890c0: cdpl_compat_master.c:220: in _set_farm_env(): info: exporting CDPL_HOME as `/proj/cad/synopsys/synopsys_2021/primelib/T-2022.03-SP1/cdpl_runtime_linux64'
1732841580.688963: 15075-7fb97cd890c0: cdpl_compat_master.c:227: in _set_farm_env(): info: exporting SNPSLMD_LICENSE_FILE as `1700@engdmv.utdallas.edu'
1732841580.688965: 15075-7fb97cd890c0: cdpl_compat_master.c:247: in _set_farm_env(): info: exporting CDPL_OPTIONS as `[filter][nowlogs]'
1732841580.688967: 15075-7fb97cd890c0: cdpl_compat_master.c:254: in _set_farm_env(): info: exporting DISPLAY as `:1022'
1732841580.688969: 15075-7fb97cd890c0: cdpl_compat_master.c:262: in _set_farm_env(): info: exporting CDPL_HEARTBEAT as `60'
1732841580.688971: 15075-7fb97cd890c0: cdpl_compat_master.c:348: in _set_farm_env(): info: exporting SIS_MALIBU as `2'
1732841580.688973: 15075-7fb97cd890c0: cdpl_compat_master.c:348: in _set_farm_env(): info: exporting SIS_CDPL as `5'
1732841580.733494: 15075-7fb97cd890c0: cdpl_server.c:738: in cdpl_sv_new_job(): info: new job J1 in M1
1732841580.733515: 15075-7fb97cd890c0: cdpl_compat_master.c:1314: in _add_worker(): info: new worker type 100, min:1, max:1, cmd:`/home/eng/d/dal852207/cad/gf65/primelib_gf65/Proj6_DRC_LVS/OAI12/runtime/cdpl/pid15075/run_15075.sh'
1732841580.733527: 15075-7fb97cd890c0: cdpl_server.c:900: in cdpl_sv_new_bin_withfarm(): info: new bin B1 in J1
1732841580.740606: 15075-7fb97cd890c0: cdpl_server.c:3116: in cdpl_sv_start_job(): info: starting job J1
1732841580.749782: 15075-7fb97cd890c0: cdpl_server.c:1824: in _sv_gen_task(): info: new task T0 in B1 (prio 2)
1732841580.749795: 15075-7fb97cd890c0: cdpl_server.c:2558: in cdpl_sv_label_task_va(): info: setting task T0 label to "delay__B__lh__OUT__hl__ACQ_1 of OAI12"
1732841580.749868: 15075-7fb97cd890c0: cdpl_server.c:1824: in _sv_gen_task(): info: new task T1 in B1 (prio 2)
1732841580.749972: 15075-7fb964a8d700: cdpl_server_sched.c:700: in _sv_launch_worker(): info: started worker W1 (as C1) in bin B1
1732841580.750011: 15075-7fb97cd890c0: cdpl_server.c:2558: in cdpl_sv_label_task_va(): info: setting task T1 label to "delay__B__hl__OUT__lh__ACQ_1 of OAI12"
1732841580.750022: 15075-7fb96428c700: cdpl_farm.c:1899: in _schedule(): info: worker submit failure threshold set to 100
1732841580.750043: 15075-7fb96428c700: cdpl_sh.c:49: in _sh_detached_submit(): info: SH : /home/eng/d/dal852207/cad/gf65/primelib_gf65/Proj6_DRC_LVS/OAI12/runtime/cdpl/pid15075/run_15075.sh
1732841580.750055: 15075-7fb97cd890c0: cdpl_server.c:1824: in _sv_gen_task(): info: new task T2 in B1 (prio 3)
1732841580.750060: 15075-7fb97cd890c0: cdpl_server.c:2558: in cdpl_sv_label_task_va(): info: setting task T2 label to "leakage_power__ACQ_1 of OAI12"
1732841580.753243: 15075-7fb97cd890c0: cdpl_server.c:1824: in _sv_gen_task(): info: new task T3 in B1 (prio 2)
1732841580.753257: 15075-7fb97cd890c0: cdpl_server.c:2558: in cdpl_sv_label_task_va(): info: setting task T3 label to "delay__C__lh__OUT__hl__ACQ_1 of OAI12"
1732841580.753333: 15075-7fb97cd890c0: cdpl_server.c:1824: in _sv_gen_task(): info: new task T4 in B1 (prio 2)
1732841580.753336: 15075-7fb97cd890c0: cdpl_server.c:2558: in cdpl_sv_label_task_va(): info: setting task T4 label to "delay__C__hl__OUT__lh__ACQ_1 of OAI12"
1732841580.753385: 15075-7fb97cd890c0: cdpl_server.c:1824: in _sv_gen_task(): info: new task T5 in B1 (prio 5)
1732841580.753388: 15075-7fb97cd890c0: cdpl_server.c:2558: in cdpl_sv_label_task_va(): info: setting task T5 label to "Cin__VSS__lh__ACQ_1 of OAI12"
1732841580.753437: 15075-7fb97cd890c0: cdpl_server.c:1824: in _sv_gen_task(): info: new task T6 in B1 (prio 5)
1732841580.753440: 15075-7fb97cd890c0: cdpl_server.c:2558: in cdpl_sv_label_task_va(): info: setting task T6 label to "Cin__VSS__hl__ACQ_1 of OAI12"
1732841580.753486: 15075-7fb97cd890c0: cdpl_server.c:1824: in _sv_gen_task(): info: new task T7 in B1 (prio 2)
1732841580.753489: 15075-7fb97cd890c0: cdpl_server.c:2558: in cdpl_sv_label_task_va(): info: setting task T7 label to "delay__A__lh__OUT__hl__ACQ_1 of OAI12"
1732841580.753571: 15075-7fb97cd890c0: cdpl_server.c:1824: in _sv_gen_task(): info: new task T8 in B1 (prio 2)
1732841580.753577: 15075-7fb97cd890c0: cdpl_server.c:2558: in cdpl_sv_label_task_va(): info: setting task T8 label to "delay__A__hl__OUT__lh__ACQ_1 of OAI12"
1732841580.753625: 15075-7fb97cd890c0: cdpl_server.c:1824: in _sv_gen_task(): info: new task T9 in B1 (prio 5)
1732841580.753628: 15075-7fb97cd890c0: cdpl_server.c:2558: in cdpl_sv_label_task_va(): info: setting task T9 label to "Cin__VDD__lh__ACQ_1 of OAI12"
1732841580.753659: 15075-7fb97cd890c0: cdpl_server.c:1824: in _sv_gen_task(): info: new task T10 in B1 (prio 5)
1732841580.753661: 15075-7fb97cd890c0: cdpl_server.c:2558: in cdpl_sv_label_task_va(): info: setting task T10 label to "Cin__VDD__hl__ACQ_1 of OAI12"
1732841581.390195: 15075-7fb96528e700: cdpl_server_ipc.c:452: in _sv_on_hello(): info: W1 is `10.182.66.68:60502'
1732841581.390220: 15075-7fb96528e700: cdpl_server_ipc.c:454: in _sv_on_hello(): info: W1 log file is /dev/null
1732841581.390233: 15075-7fb96528e700: cdpl_server_ipc.c:481: in _sv_on_hello(): info: up to 1 alive workers in B1
1732841581.390273: 15075-7fb964a8d700: cdpl_server_sched.c:955: in _assign(): info: assigning task T0 to worker W1
1732841588.368087: 15075-7fb96528e700: cdpl_server_ipc.c:857: in _sv_on_finish(): info: worker W1 completed task T0
1732841588.368128: 15075-7fb964a8d700: cdpl_server_sched.c:955: in _assign(): info: assigning task T1 to worker W1
1732841594.867565: 15075-7fb96528e700: cdpl_server_ipc.c:857: in _sv_on_finish(): info: worker W1 completed task T1
1732841594.867618: 15075-7fb964a8d700: cdpl_server_sched.c:955: in _assign(): info: assigning task T3 to worker W1
1732841601.273070: 15075-7fb96528e700: cdpl_server_ipc.c:857: in _sv_on_finish(): info: worker W1 completed task T3
1732841601.273449: 15075-7fb964a8d700: cdpl_server_sched.c:955: in _assign(): info: assigning task T4 to worker W1
1732841607.651158: 15075-7fb96528e700: cdpl_server_ipc.c:857: in _sv_on_finish(): info: worker W1 completed task T4
1732841607.651215: 15075-7fb964a8d700: cdpl_server_sched.c:955: in _assign(): info: assigning task T7 to worker W1
1732841614.060294: 15075-7fb96528e700: cdpl_server_ipc.c:857: in _sv_on_finish(): info: worker W1 completed task T7
1732841614.060332: 15075-7fb964a8d700: cdpl_server_sched.c:955: in _assign(): info: assigning task T8 to worker W1
1732841620.470507: 15075-7fb96528e700: cdpl_server_ipc.c:857: in _sv_on_finish(): info: worker W1 completed task T8
1732841620.470550: 15075-7fb964a8d700: cdpl_server_sched.c:955: in _assign(): info: assigning task T2 to worker W1
1732841626.947901: 15075-7fb96528e700: cdpl_server_ipc.c:857: in _sv_on_finish(): info: worker W1 completed task T2
1732841626.947946: 15075-7fb964a8d700: cdpl_server_sched.c:955: in _assign(): info: assigning task T5 to worker W1
1732841633.345098: 15075-7fb96528e700: cdpl_server_ipc.c:857: in _sv_on_finish(): info: worker W1 completed task T5
1732841633.345141: 15075-7fb964a8d700: cdpl_server_sched.c:955: in _assign(): info: assigning task T6 to worker W1
1732841639.823706: 15075-7fb96528e700: cdpl_server_ipc.c:857: in _sv_on_finish(): info: worker W1 completed task T6
1732841639.823753: 15075-7fb964a8d700: cdpl_server_sched.c:955: in _assign(): info: assigning task T9 to worker W1
1732841646.282580: 15075-7fb96528e700: cdpl_server_ipc.c:857: in _sv_on_finish(): info: worker W1 completed task T9
1732841646.282818: 15075-7fb964a8d700: cdpl_server_sched.c:955: in _assign(): info: assigning task T10 to worker W1
1732841652.863234: 15075-7fb96528e700: cdpl_server_ipc.c:857: in _sv_on_finish(): info: worker W1 completed task T10
1732841731.643256: 15075-7fb97cd890c0: cdpl_compat_master.c:5152: in cdplMasterLogInfo(): info: [non-CDPL log entry] Ending current CDPL job
1732841731.643540: 15075-7fb97cd890c0: cdpl_server.c:2890: in cdpl_sv_halt_job_errno(): info: stopping job J1
1732841731.643622: 15075-7fb964a8d700: cdpl_server_sched.c:2711: in _sv_drop_worker(): info: down to 0 alive workers in B1
1732841731.643643: 15075-7fb97cd890c0: cdpl_server.c:2875: in cdpl_sv_halt_job_errno(): info: killing job J1
1732841731.643647: 15075-7fb97cd890c0: cdpl_server.c:288: in _sv_free_job(): info: freeing job J1
1732841731.643685: 15075-7fb97cd890c0: cdpl_farm.c:2395: in cdpl_farm_free(): info: freeing farm
1732841731.644138: 15075-7fb97cd890c0: cdpl_server.c:3011: in cdpl_sv_free(): info: freeing server S401170162
1732841731.644141: 15075-7fb97cd890c0: cdpl_server.c:2976: in cdpl_sv_kill_errno(): info: killing server
1732841731.644172: 15075-7fb97cd890c0: cdpl_server.c:328: in _sv_free_master(): info: freeing master M1
1732841731.644236: 15075-7fb97cd890c0: cdpl_log.c:371: in cdpl_log_close(): info: @@end_of_log@@
