1732840985.133128: 25413-7f94d2fbb0c0: cdpl_log.c:228: in cdpl_log_open(): info: @@start_of_log@@
1732840985.133167: 25413-7f94d2fbb0c0: cdpl_log.c:866: in cdpl_log_dump_sysinfo(): info: time: 2024/11/28 18:43:05 CST -0600
1732840985.133173: 25413-7f94d2fbb0c0: cdpl_log.c:868: in cdpl_log_dump_sysinfo(): info: version: T-2022.03 
1732840985.133175: 25413-7f94d2fbb0c0: cdpl_log.c:870: in cdpl_log_dump_sysinfo(): info: system: Linux 3.10.0-1160.119.1.el7.x86_64 #1 SMP Tue May 14 11:55:25 EDT 2024
1732840985.133178: 25413-7f94d2fbb0c0: cdpl_log.c:875: in cdpl_log_dump_sysinfo(): info: processor: x86_64 64-bits
1732840985.133180: 25413-7f94d2fbb0c0: cdpl_log.c:879: in cdpl_log_dump_sysinfo(): info: hostname: engnx03a.utdallas.edu
1732840985.133182: 25413-7f94d2fbb0c0: cdpl_log.c:230: in cdpl_log_open(): debug: path: /home/eng/d/dal852207/cad/gf65/primelib_gf65/Proj6_DRC_LVS/NOR3/runtime/cdpl/pid25413/master.engnx03a.utdallas.edu.25413.log
1732840985.133185: 25413-7f94d2fbb0c0: cdpl_log.c:231: in cdpl_log_open(): debug: dir: /home/eng/d/dal852207/cad/gf65/primelib_gf65/Proj6_DRC_LVS/NOR3/runtime/cdpl/pid25413
1732840985.133194: 25413-7f94d2fbb0c0: cdpl_log.c:758: in cdpl_log_set_filter(): info: filter level 1
1732840985.133218: 25413-7f94d2fbb0c0: cdpl_server.c:543: in cdpl_sv_init(): info: new server S1321109957
1732840985.133227: 25413-7f94d2fbb0c0: cdpl_ipc.c:3030: in cdpl_ipc_init(): info: requesting IPv4 protocol
1732840985.133857: 25413-7f94d2fbb0c0: cdpl_ipc.c:800: in _selectaddrfamily(): info: selected IPv4 protocol
1732840985.134146: 25413-7f94d2fbb0c0: cdpl_server.c:657: in cdpl_sv_new_master(): info: new master M1
1732840985.134160: 25413-7f94d2fbb0c0: cdpl_server.c:5494: in cdpl_sv_ctl_master(): info: Setting worker heartbeat to 60 seconds
1732840985.134162: 25413-7f94d2fbb0c0: cdpl_server.c:5503: in cdpl_sv_ctl_master(): info: Setting worker heartbeat timeout to 3 heartbeats
1732840985.134165: 25413-7f94d2fbb0c0: cdpl_compat_master.c:2407: in cdplInitMaster(): info: bcast dir is `/dev/null'
1732840985.134250: 25413-7f94d2fbb0c0: cdpl_server.c:5394: in cdpl_sv_ctl_master(): info: farm worker timeout set to 36000
1732840985.134253: 25413-7f94d2fbb0c0: cdpl_server.c:5410: in cdpl_sv_ctl_master(): info: grid worker timeout set to 36000
1732840985.134256: 25413-7f94d2fbb0c0: cdpl_server.c:5438: in cdpl_sv_ctl_master(): info: farm submit command failure threshold set to 100
1732840985.134302: 25413-7f94d2fbb0c0: cdpl_farm.c:2268: in cdpl_farm_new_sh(): info: creating SH farm on localhost
1732840985.134314: 25413-7f94d2fbb0c0: cdpl_compat_master.c:207: in _set_farm_env(): info: exporting CDPL_LOGDIR as `/home/eng/d/dal852207/cad/gf65/primelib_gf65/Proj6_DRC_LVS/NOR3/runtime/cdpl/pid25413'
1732840985.134318: 25413-7f94d2fbb0c0: cdpl_compat_master.c:213: in _set_farm_env(): info: exporting CDPL_TMPDIR as `/var/tmp'
1732840985.134320: 25413-7f94d2fbb0c0: cdpl_compat_master.c:220: in _set_farm_env(): info: exporting CDPL_HOME as `/proj/cad/synopsys/synopsys_2021/primelib/T-2022.03-SP1/cdpl_runtime_linux64'
1732840985.134322: 25413-7f94d2fbb0c0: cdpl_compat_master.c:227: in _set_farm_env(): info: exporting SNPSLMD_LICENSE_FILE as `1700@engdmv.utdallas.edu'
1732840985.134325: 25413-7f94d2fbb0c0: cdpl_compat_master.c:247: in _set_farm_env(): info: exporting CDPL_OPTIONS as `[filter][nowlogs]'
1732840985.134327: 25413-7f94d2fbb0c0: cdpl_compat_master.c:254: in _set_farm_env(): info: exporting DISPLAY as `:1022'
1732840985.134329: 25413-7f94d2fbb0c0: cdpl_compat_master.c:262: in _set_farm_env(): info: exporting CDPL_HEARTBEAT as `60'
1732840985.134333: 25413-7f94d2fbb0c0: cdpl_compat_master.c:348: in _set_farm_env(): info: exporting SIS_MALIBU as `2'
1732840985.134335: 25413-7f94d2fbb0c0: cdpl_compat_master.c:348: in _set_farm_env(): info: exporting SIS_CDPL as `5'
1732840985.178535: 25413-7f94d2fbb0c0: cdpl_server.c:738: in cdpl_sv_new_job(): info: new job J1 in M1
1732840985.178552: 25413-7f94d2fbb0c0: cdpl_compat_master.c:1314: in _add_worker(): info: new worker type 100, min:1, max:1, cmd:`/home/eng/d/dal852207/cad/gf65/primelib_gf65/Proj6_DRC_LVS/NOR3/runtime/cdpl/pid25413/run_25413.sh'
1732840985.178562: 25413-7f94d2fbb0c0: cdpl_server.c:900: in cdpl_sv_new_bin_withfarm(): info: new bin B1 in J1
1732840985.187083: 25413-7f94d2fbb0c0: cdpl_server.c:3116: in cdpl_sv_start_job(): info: starting job J1
1732840985.195549: 25413-7f94d2fbb0c0: cdpl_server.c:1824: in _sv_gen_task(): info: new task T0 in B1 (prio 2)
1732840985.195561: 25413-7f94d2fbb0c0: cdpl_server.c:2558: in cdpl_sv_label_task_va(): info: setting task T0 label to "delay__B__lh__OUT__hl__ACQ_1 of NOR3"
1732840985.195623: 25413-7f94d2fbb0c0: cdpl_server.c:1824: in _sv_gen_task(): info: new task T1 in B1 (prio 2)
1732840985.195707: 25413-7f94bacbf700: cdpl_server_sched.c:700: in _sv_launch_worker(): info: started worker W1 (as C1) in bin B1
1732840985.195740: 25413-7f94ba4be700: cdpl_farm.c:1899: in _schedule(): info: worker submit failure threshold set to 100
1732840985.195755: 25413-7f94d2fbb0c0: cdpl_server.c:2558: in cdpl_sv_label_task_va(): info: setting task T1 label to "delay__B__hl__OUT__lh__ACQ_1 of NOR3"
1732840985.195759: 25413-7f94ba4be700: cdpl_sh.c:49: in _sh_detached_submit(): info: SH : /home/eng/d/dal852207/cad/gf65/primelib_gf65/Proj6_DRC_LVS/NOR3/runtime/cdpl/pid25413/run_25413.sh
1732840985.198130: 25413-7f94d2fbb0c0: cdpl_server.c:1824: in _sv_gen_task(): info: new task T2 in B1 (prio 3)
1732840985.198147: 25413-7f94d2fbb0c0: cdpl_server.c:2558: in cdpl_sv_label_task_va(): info: setting task T2 label to "leakage_power__ACQ_1 of NOR3"
1732840985.198963: 25413-7f94d2fbb0c0: cdpl_server.c:1824: in _sv_gen_task(): info: new task T3 in B1 (prio 2)
1732840985.198967: 25413-7f94d2fbb0c0: cdpl_server.c:2558: in cdpl_sv_label_task_va(): info: setting task T3 label to "delay__C__lh__OUT__hl__ACQ_1 of NOR3"
1732840985.199037: 25413-7f94d2fbb0c0: cdpl_server.c:1824: in _sv_gen_task(): info: new task T4 in B1 (prio 2)
1732840985.199040: 25413-7f94d2fbb0c0: cdpl_server.c:2558: in cdpl_sv_label_task_va(): info: setting task T4 label to "delay__C__hl__OUT__lh__ACQ_1 of NOR3"
1732840985.199082: 25413-7f94d2fbb0c0: cdpl_server.c:1824: in _sv_gen_task(): info: new task T5 in B1 (prio 5)
1732840985.199084: 25413-7f94d2fbb0c0: cdpl_server.c:2558: in cdpl_sv_label_task_va(): info: setting task T5 label to "Cin__VSS__lh__ACQ_1 of NOR3"
1732840985.199115: 25413-7f94d2fbb0c0: cdpl_server.c:1824: in _sv_gen_task(): info: new task T6 in B1 (prio 5)
1732840985.199117: 25413-7f94d2fbb0c0: cdpl_server.c:2558: in cdpl_sv_label_task_va(): info: setting task T6 label to "Cin__VSS__hl__ACQ_1 of NOR3"
1732840985.199141: 25413-7f94d2fbb0c0: cdpl_server.c:1824: in _sv_gen_task(): info: new task T7 in B1 (prio 2)
1732840985.199144: 25413-7f94d2fbb0c0: cdpl_server.c:2558: in cdpl_sv_label_task_va(): info: setting task T7 label to "delay__A__lh__OUT__hl__ACQ_1 of NOR3"
1732840985.199190: 25413-7f94d2fbb0c0: cdpl_server.c:1824: in _sv_gen_task(): info: new task T8 in B1 (prio 2)
1732840985.199193: 25413-7f94d2fbb0c0: cdpl_server.c:2558: in cdpl_sv_label_task_va(): info: setting task T8 label to "delay__A__hl__OUT__lh__ACQ_1 of NOR3"
1732840985.199226: 25413-7f94d2fbb0c0: cdpl_server.c:1824: in _sv_gen_task(): info: new task T9 in B1 (prio 5)
1732840985.199229: 25413-7f94d2fbb0c0: cdpl_server.c:2558: in cdpl_sv_label_task_va(): info: setting task T9 label to "Cin__VDD__lh__ACQ_1 of NOR3"
1732840985.199279: 25413-7f94d2fbb0c0: cdpl_server.c:1824: in _sv_gen_task(): info: new task T10 in B1 (prio 5)
1732840985.199283: 25413-7f94d2fbb0c0: cdpl_server.c:2558: in cdpl_sv_label_task_va(): info: setting task T10 label to "Cin__VDD__hl__ACQ_1 of NOR3"
1732840985.838428: 25413-7f94bb4c0700: cdpl_server_ipc.c:452: in _sv_on_hello(): info: W1 is `10.182.66.68:38832'
1732840985.838448: 25413-7f94bb4c0700: cdpl_server_ipc.c:454: in _sv_on_hello(): info: W1 log file is /dev/null
1732840985.838458: 25413-7f94bb4c0700: cdpl_server_ipc.c:481: in _sv_on_hello(): info: up to 1 alive workers in B1
1732840985.838494: 25413-7f94bacbf700: cdpl_server_sched.c:955: in _assign(): info: assigning task T0 to worker W1
1732840992.701228: 25413-7f94bb4c0700: cdpl_server_ipc.c:857: in _sv_on_finish(): info: worker W1 completed task T0
1732840992.701296: 25413-7f94bacbf700: cdpl_server_sched.c:955: in _assign(): info: assigning task T1 to worker W1
1732840999.122670: 25413-7f94bb4c0700: cdpl_server_ipc.c:857: in _sv_on_finish(): info: worker W1 completed task T1
1732840999.122715: 25413-7f94bacbf700: cdpl_server_sched.c:955: in _assign(): info: assigning task T3 to worker W1
1732841005.592672: 25413-7f94bb4c0700: cdpl_server_ipc.c:857: in _sv_on_finish(): info: worker W1 completed task T3
1732841005.592713: 25413-7f94bacbf700: cdpl_server_sched.c:955: in _assign(): info: assigning task T4 to worker W1
1732841012.226307: 25413-7f94bb4c0700: cdpl_server_ipc.c:857: in _sv_on_finish(): info: worker W1 completed task T4
1732841012.226357: 25413-7f94bacbf700: cdpl_server_sched.c:955: in _assign(): info: assigning task T7 to worker W1
1732841018.736756: 25413-7f94bb4c0700: cdpl_server_ipc.c:857: in _sv_on_finish(): info: worker W1 completed task T7
1732841018.736801: 25413-7f94bacbf700: cdpl_server_sched.c:955: in _assign(): info: assigning task T8 to worker W1
1732841025.181078: 25413-7f94bb4c0700: cdpl_server_ipc.c:857: in _sv_on_finish(): info: worker W1 completed task T8
1732841025.181412: 25413-7f94bacbf700: cdpl_server_sched.c:955: in _assign(): info: assigning task T2 to worker W1
1732841093.135852: 25413-7f94bb4c0700: cdpl_server_ipc.c:857: in _sv_on_finish(): info: worker W1 completed task T2
1732841093.136099: 25413-7f94bacbf700: cdpl_server_sched.c:955: in _assign(): info: assigning task T5 to worker W1
1732841099.536345: 25413-7f94bb4c0700: cdpl_server_ipc.c:857: in _sv_on_finish(): info: worker W1 completed task T5
1732841099.536401: 25413-7f94bacbf700: cdpl_server_sched.c:955: in _assign(): info: assigning task T6 to worker W1
1732841105.980130: 25413-7f94bb4c0700: cdpl_server_ipc.c:857: in _sv_on_finish(): info: worker W1 completed task T6
1732841105.980184: 25413-7f94bacbf700: cdpl_server_sched.c:955: in _assign(): info: assigning task T9 to worker W1
1732841112.362212: 25413-7f94bb4c0700: cdpl_server_ipc.c:857: in _sv_on_finish(): info: worker W1 completed task T9
1732841112.362251: 25413-7f94bacbf700: cdpl_server_sched.c:955: in _assign(): info: assigning task T10 to worker W1
1732841118.973250: 25413-7f94bb4c0700: cdpl_server_ipc.c:857: in _sv_on_finish(): info: worker W1 completed task T10
1732841291.431323: 25413-7f94d2fbb0c0: cdpl_compat_master.c:5152: in cdplMasterLogInfo(): info: [non-CDPL log entry] Ending current CDPL job
1732841291.431589: 25413-7f94d2fbb0c0: cdpl_server.c:2890: in cdpl_sv_halt_job_errno(): info: stopping job J1
1732841291.431670: 25413-7f94bacbf700: cdpl_server_sched.c:2711: in _sv_drop_worker(): info: down to 0 alive workers in B1
1732841291.431720: 25413-7f94d2fbb0c0: cdpl_server.c:2875: in cdpl_sv_halt_job_errno(): info: killing job J1
1732841291.431726: 25413-7f94d2fbb0c0: cdpl_server.c:288: in _sv_free_job(): info: freeing job J1
1732841291.431778: 25413-7f94d2fbb0c0: cdpl_farm.c:2395: in cdpl_farm_free(): info: freeing farm
1732841291.432073: 25413-7f94d2fbb0c0: cdpl_server.c:3011: in cdpl_sv_free(): info: freeing server S1321109957
1732841291.432076: 25413-7f94d2fbb0c0: cdpl_server.c:2976: in cdpl_sv_kill_errno(): info: killing server
1732841291.432115: 25413-7f94d2fbb0c0: cdpl_server.c:328: in _sv_free_master(): info: freeing master M1
1732841291.432168: 25413-7f94d2fbb0c0: cdpl_log.c:371: in cdpl_log_close(): info: @@end_of_log@@
