1733170274.777773: 24266-7fb5608040c0: cdpl_log.c:228: in cdpl_log_open(): info: @@start_of_log@@
1733170274.777794: 24266-7fb5608040c0: cdpl_log.c:866: in cdpl_log_dump_sysinfo(): info: time: 2024/12/02 14:11:14 CST -0600
1733170274.777798: 24266-7fb5608040c0: cdpl_log.c:868: in cdpl_log_dump_sysinfo(): info: version: T-2022.03 
1733170274.777800: 24266-7fb5608040c0: cdpl_log.c:870: in cdpl_log_dump_sysinfo(): info: system: Linux 3.10.0-1160.119.1.el7.x86_64 #1 SMP Tue May 14 11:55:25 EDT 2024
1733170274.777802: 24266-7fb5608040c0: cdpl_log.c:875: in cdpl_log_dump_sysinfo(): info: processor: x86_64 64-bits
1733170274.777803: 24266-7fb5608040c0: cdpl_log.c:879: in cdpl_log_dump_sysinfo(): info: hostname: engnx01a.utdallas.edu
1733170274.777805: 24266-7fb5608040c0: cdpl_log.c:230: in cdpl_log_open(): debug: path: /home/eng/d/dal852207/cad/gf65/primelib_gf65/OAI22/runtime/cdpl/pid24266/master.engnx01a.utdallas.edu.24266.log
1733170274.777807: 24266-7fb5608040c0: cdpl_log.c:231: in cdpl_log_open(): debug: dir: /home/eng/d/dal852207/cad/gf65/primelib_gf65/OAI22/runtime/cdpl/pid24266
1733170274.777813: 24266-7fb5608040c0: cdpl_log.c:758: in cdpl_log_set_filter(): info: filter level 1
1733170274.777831: 24266-7fb5608040c0: cdpl_server.c:543: in cdpl_sv_init(): info: new server S207126210
1733170274.777836: 24266-7fb5608040c0: cdpl_ipc.c:3030: in cdpl_ipc_init(): info: requesting IPv4 protocol
1733170274.778280: 24266-7fb5608040c0: cdpl_ipc.c:800: in _selectaddrfamily(): info: selected IPv4 protocol
1733170274.778609: 24266-7fb5608040c0: cdpl_server.c:657: in cdpl_sv_new_master(): info: new master M1
1733170274.778621: 24266-7fb5608040c0: cdpl_server.c:5494: in cdpl_sv_ctl_master(): info: Setting worker heartbeat to 60 seconds
1733170274.778623: 24266-7fb5608040c0: cdpl_server.c:5503: in cdpl_sv_ctl_master(): info: Setting worker heartbeat timeout to 3 heartbeats
1733170274.778626: 24266-7fb5608040c0: cdpl_compat_master.c:2407: in cdplInitMaster(): info: bcast dir is `/dev/null'
1733170274.778691: 24266-7fb5608040c0: cdpl_server.c:5394: in cdpl_sv_ctl_master(): info: farm worker timeout set to 36000
1733170274.778693: 24266-7fb5608040c0: cdpl_server.c:5410: in cdpl_sv_ctl_master(): info: grid worker timeout set to 36000
1733170274.778695: 24266-7fb5608040c0: cdpl_server.c:5438: in cdpl_sv_ctl_master(): info: farm submit command failure threshold set to 100
1733170274.778719: 24266-7fb5608040c0: cdpl_farm.c:2268: in cdpl_farm_new_sh(): info: creating SH farm on localhost
1733170274.778729: 24266-7fb5608040c0: cdpl_compat_master.c:207: in _set_farm_env(): info: exporting CDPL_LOGDIR as `/home/eng/d/dal852207/cad/gf65/primelib_gf65/OAI22/runtime/cdpl/pid24266'
1733170274.778732: 24266-7fb5608040c0: cdpl_compat_master.c:213: in _set_farm_env(): info: exporting CDPL_TMPDIR as `/var/tmp'
1733170274.778734: 24266-7fb5608040c0: cdpl_compat_master.c:220: in _set_farm_env(): info: exporting CDPL_HOME as `/proj/cad/synopsys/synopsys_2021/primelib/T-2022.03-SP1/cdpl_runtime_linux64'
1733170274.778736: 24266-7fb5608040c0: cdpl_compat_master.c:227: in _set_farm_env(): info: exporting SNPSLMD_LICENSE_FILE as `1700@engdmv.utdallas.edu'
1733170274.778738: 24266-7fb5608040c0: cdpl_compat_master.c:247: in _set_farm_env(): info: exporting CDPL_OPTIONS as `[filter][nowlogs]'
1733170274.778740: 24266-7fb5608040c0: cdpl_compat_master.c:254: in _set_farm_env(): info: exporting DISPLAY as `:1022'
1733170274.778742: 24266-7fb5608040c0: cdpl_compat_master.c:262: in _set_farm_env(): info: exporting CDPL_HEARTBEAT as `60'
1733170274.778745: 24266-7fb5608040c0: cdpl_compat_master.c:348: in _set_farm_env(): info: exporting SIS_MALIBU as `2'
1733170274.778746: 24266-7fb5608040c0: cdpl_compat_master.c:348: in _set_farm_env(): info: exporting SIS_CDPL as `5'
1733170274.819148: 24266-7fb5608040c0: cdpl_server.c:738: in cdpl_sv_new_job(): info: new job J1 in M1
1733170274.819163: 24266-7fb5608040c0: cdpl_compat_master.c:1314: in _add_worker(): info: new worker type 100, min:1, max:1, cmd:`/home/eng/d/dal852207/cad/gf65/primelib_gf65/OAI22/runtime/cdpl/pid24266/run_24266.sh'
1733170274.819172: 24266-7fb5608040c0: cdpl_server.c:900: in cdpl_sv_new_bin_withfarm(): info: new bin B1 in J1
1733170274.827377: 24266-7fb5608040c0: cdpl_server.c:3116: in cdpl_sv_start_job(): info: starting job J1
1733170274.838314: 24266-7fb5608040c0: cdpl_server.c:1824: in _sv_gen_task(): info: new task T0 in B1 (prio 3)
1733170274.838326: 24266-7fb5608040c0: cdpl_server.c:2558: in cdpl_sv_label_task_va(): info: setting task T0 label to "leakage_power__ACQ_1 of OAI22"
1733170274.838404: 24266-7fb5608040c0: cdpl_server.c:1824: in _sv_gen_task(): info: new task T1 in B1 (prio 5)
1733170274.838435: 24266-7fb548507700: cdpl_server_sched.c:700: in _sv_launch_worker(): info: started worker W1 (as C1) in bin B1
1733170274.838464: 24266-7fb547d06700: cdpl_farm.c:1899: in _schedule(): info: worker submit failure threshold set to 100
1733170274.838487: 24266-7fb5608040c0: cdpl_server.c:2558: in cdpl_sv_label_task_va(): info: setting task T1 label to "Cin__VSS__hl__ACQ_1 of OAI22"
1733170274.838502: 24266-7fb547d06700: cdpl_sh.c:49: in _sh_detached_submit(): info: SH : /home/eng/d/dal852207/cad/gf65/primelib_gf65/OAI22/runtime/cdpl/pid24266/run_24266.sh
1733170274.841335: 24266-7fb5608040c0: cdpl_server.c:1824: in _sv_gen_task(): info: new task T2 in B1 (prio 5)
1733170274.841356: 24266-7fb5608040c0: cdpl_server.c:2558: in cdpl_sv_label_task_va(): info: setting task T2 label to "Cin__VSS__lh__ACQ_1 of OAI22"
1733170274.841585: 24266-7fb5608040c0: cdpl_server.c:1824: in _sv_gen_task(): info: new task T3 in B1 (prio 2)
1733170274.841591: 24266-7fb5608040c0: cdpl_server.c:2558: in cdpl_sv_label_task_va(): info: setting task T3 label to "delay__A__hl__OUT__lh__ACQ_1 of OAI22"
1733170274.841684: 24266-7fb5608040c0: cdpl_server.c:1824: in _sv_gen_task(): info: new task T4 in B1 (prio 2)
1733170274.841689: 24266-7fb5608040c0: cdpl_server.c:2558: in cdpl_sv_label_task_va(): info: setting task T4 label to "delay__A__lh__OUT__hl__ACQ_1 of OAI22"
1733170274.841765: 24266-7fb5608040c0: cdpl_server.c:1824: in _sv_gen_task(): info: new task T5 in B1 (prio 2)
1733170274.841770: 24266-7fb5608040c0: cdpl_server.c:2558: in cdpl_sv_label_task_va(): info: setting task T5 label to "delay__B__hl__OUT__lh__ACQ_1 of OAI22"
1733170274.841845: 24266-7fb5608040c0: cdpl_server.c:1824: in _sv_gen_task(): info: new task T6 in B1 (prio 2)
1733170274.841850: 24266-7fb5608040c0: cdpl_server.c:2558: in cdpl_sv_label_task_va(): info: setting task T6 label to "delay__B__lh__OUT__hl__ACQ_1 of OAI22"
1733170274.841927: 24266-7fb5608040c0: cdpl_server.c:1824: in _sv_gen_task(): info: new task T7 in B1 (prio 2)
1733170274.841931: 24266-7fb5608040c0: cdpl_server.c:2558: in cdpl_sv_label_task_va(): info: setting task T7 label to "delay__C__hl__OUT__lh__ACQ_1 of OAI22"
1733170274.842001: 24266-7fb5608040c0: cdpl_server.c:1824: in _sv_gen_task(): info: new task T8 in B1 (prio 2)
1733170274.842006: 24266-7fb5608040c0: cdpl_server.c:2558: in cdpl_sv_label_task_va(): info: setting task T8 label to "delay__C__lh__OUT__hl__ACQ_1 of OAI22"
1733170274.842053: 24266-7fb5608040c0: cdpl_server.c:1824: in _sv_gen_task(): info: new task T9 in B1 (prio 2)
1733170274.842057: 24266-7fb5608040c0: cdpl_server.c:2558: in cdpl_sv_label_task_va(): info: setting task T9 label to "delay__D__hl__OUT__lh__ACQ_1 of OAI22"
1733170274.842096: 24266-7fb5608040c0: cdpl_server.c:1824: in _sv_gen_task(): info: new task T10 in B1 (prio 2)
1733170274.842100: 24266-7fb5608040c0: cdpl_server.c:2558: in cdpl_sv_label_task_va(): info: setting task T10 label to "delay__D__lh__OUT__hl__ACQ_1 of OAI22"
1733170274.842148: 24266-7fb5608040c0: cdpl_server.c:1824: in _sv_gen_task(): info: new task T11 in B1 (prio 5)
1733170274.842152: 24266-7fb5608040c0: cdpl_server.c:2558: in cdpl_sv_label_task_va(): info: setting task T11 label to "Cin__VDD__hl__ACQ_1 of OAI22"
1733170274.842205: 24266-7fb5608040c0: cdpl_server.c:1824: in _sv_gen_task(): info: new task T12 in B1 (prio 5)
1733170274.842209: 24266-7fb5608040c0: cdpl_server.c:2558: in cdpl_sv_label_task_va(): info: setting task T12 label to "Cin__VDD__lh__ACQ_1 of OAI22"
1733170275.501899: 24266-7fb548d08700: cdpl_server_ipc.c:452: in _sv_on_hello(): info: W1 is `10.182.66.66:58834'
1733170275.501923: 24266-7fb548d08700: cdpl_server_ipc.c:454: in _sv_on_hello(): info: W1 log file is /dev/null
1733170275.501936: 24266-7fb548d08700: cdpl_server_ipc.c:481: in _sv_on_hello(): info: up to 1 alive workers in B1
1733170275.501958: 24266-7fb548507700: cdpl_server_sched.c:955: in _assign(): info: assigning task T3 to worker W1
1733170282.501550: 24266-7fb548d08700: cdpl_server_ipc.c:857: in _sv_on_finish(): info: worker W1 completed task T3
1733170282.501588: 24266-7fb548507700: cdpl_server_sched.c:955: in _assign(): info: assigning task T4 to worker W1
1733170289.098119: 24266-7fb548d08700: cdpl_server_ipc.c:857: in _sv_on_finish(): info: worker W1 completed task T4
1733170289.098448: 24266-7fb548507700: cdpl_server_sched.c:955: in _assign(): info: assigning task T5 to worker W1
1733170295.951089: 24266-7fb548d08700: cdpl_server_ipc.c:857: in _sv_on_finish(): info: worker W1 completed task T5
1733170295.951132: 24266-7fb548507700: cdpl_server_sched.c:955: in _assign(): info: assigning task T6 to worker W1
1733170302.786892: 24266-7fb548d08700: cdpl_server_ipc.c:857: in _sv_on_finish(): info: worker W1 completed task T6
1733170302.786929: 24266-7fb548507700: cdpl_server_sched.c:955: in _assign(): info: assigning task T7 to worker W1
1733170309.569853: 24266-7fb548d08700: cdpl_server_ipc.c:857: in _sv_on_finish(): info: worker W1 completed task T7
1733170309.569888: 24266-7fb548507700: cdpl_server_sched.c:955: in _assign(): info: assigning task T8 to worker W1
1733170316.294679: 24266-7fb548d08700: cdpl_server_ipc.c:857: in _sv_on_finish(): info: worker W1 completed task T8
1733170316.294948: 24266-7fb548507700: cdpl_server_sched.c:955: in _assign(): info: assigning task T9 to worker W1
1733170323.160805: 24266-7fb548d08700: cdpl_server_ipc.c:857: in _sv_on_finish(): info: worker W1 completed task T9
1733170323.160843: 24266-7fb548507700: cdpl_server_sched.c:955: in _assign(): info: assigning task T10 to worker W1
1733170329.934282: 24266-7fb548d08700: cdpl_server_ipc.c:857: in _sv_on_finish(): info: worker W1 completed task T10
1733170329.934321: 24266-7fb548507700: cdpl_server_sched.c:955: in _assign(): info: assigning task T0 to worker W1
1733170336.513845: 24266-7fb548d08700: cdpl_server_ipc.c:857: in _sv_on_finish(): info: worker W1 completed task T0
1733170336.513869: 24266-7fb548507700: cdpl_server_sched.c:955: in _assign(): info: assigning task T1 to worker W1
1733170343.221736: 24266-7fb548d08700: cdpl_server_ipc.c:857: in _sv_on_finish(): info: worker W1 completed task T1
1733170343.221759: 24266-7fb548507700: cdpl_server_sched.c:955: in _assign(): info: assigning task T2 to worker W1
1733170349.731591: 24266-7fb548d08700: cdpl_server_ipc.c:857: in _sv_on_finish(): info: worker W1 completed task T2
1733170349.731814: 24266-7fb548507700: cdpl_server_sched.c:955: in _assign(): info: assigning task T11 to worker W1
1733170356.334582: 24266-7fb548d08700: cdpl_server_ipc.c:857: in _sv_on_finish(): info: worker W1 completed task T11
1733170356.334617: 24266-7fb548507700: cdpl_server_sched.c:955: in _assign(): info: assigning task T12 to worker W1
1733170362.949976: 24266-7fb548d08700: cdpl_server_ipc.c:857: in _sv_on_finish(): info: worker W1 completed task T12
1733170448.054806: 24266-7fb5608040c0: cdpl_compat_master.c:5152: in cdplMasterLogInfo(): info: [non-CDPL log entry] Ending current CDPL job
1733170448.055005: 24266-7fb5608040c0: cdpl_server.c:2890: in cdpl_sv_halt_job_errno(): info: stopping job J1
1733170448.055089: 24266-7fb548507700: cdpl_server_sched.c:2711: in _sv_drop_worker(): info: down to 0 alive workers in B1
1733170448.055143: 24266-7fb5608040c0: cdpl_server.c:2875: in cdpl_sv_halt_job_errno(): info: killing job J1
1733170448.055150: 24266-7fb5608040c0: cdpl_server.c:288: in _sv_free_job(): info: freeing job J1
1733170448.055193: 24266-7fb5608040c0: cdpl_farm.c:2395: in cdpl_farm_free(): info: freeing farm
1733170448.055387: 24266-7fb5608040c0: cdpl_server.c:3011: in cdpl_sv_free(): info: freeing server S207126210
1733170448.055394: 24266-7fb5608040c0: cdpl_server.c:2976: in cdpl_sv_kill_errno(): info: killing server
1733170448.055439: 24266-7fb5608040c0: cdpl_server.c:328: in _sv_free_master(): info: freeing master M1
1733170448.055495: 24266-7fb5608040c0: cdpl_log.c:371: in cdpl_log_close(): info: @@end_of_log@@
