### Custom WaveView ADV log file, revision O-2018.09-SP1 (build Nov 21, ) ###
### created at 20:51:51 on Fri Nov  8 2024 (Linux AMD64) ###
### Host Name: engnx03a.utdallas.edu   User ID: dal852207   PID: 13877   ###
wv_start_log
# (0) running in waveview only mode
# (0) SW_SX_PERL_LIB defined
# (0) SW_SX_TCL_LIB defined
# (0) HOME defined
wv_resize_window {Custom WaveView} 800 586
wv_move_window {Custom WaveView} {} -10 19
wv_resize_window {Custom WaveView} 800 400
wv_select_window {Custom WaveView} 
wv_move_window {Custom WaveView} {} -10 19
wv_resize_window {Custom WaveView} 800 586
wv_resize_window {Custom WaveView} 1536 800
wv_press_tool_button {Custom WaveView} {} {OpenWaveform0} 
wv_move_window {FileDialog} {} 563 176
wv_move_window {FileDialog} {} 563 178
wv_select_dialog {FileDialog} 
wv_select_list_item {FileDialog} {} {FileList} {NAND4_HSPICE.tr0} 11
wv_press_button {FileDialog} {} {Ok} 
wv_expand_tree_item {Custom WaveView} {} {hierview} {D0:NAND4_HSPICE.tr0(0)} {+sep=@}
wv_select_tree_item {Custom WaveView} {} {hierview} {D0:NAND4_HSPICE.tr0(0)@toplevel(0)} {0} {+sep=@}
wv_select_list_item {Custom WaveView} {} {sigview} {v(va)} 7
wv_dclick_list_item {Custom WaveView} {} {sigview} {v(va)} 7
wv_select_list_item {Custom WaveView} {} {sigview} {v(vb)} 8
wv_dclick_list_item {Custom WaveView} {} {sigview} {v(vb)} 8
wv_select_list_item {Custom WaveView} {} {sigview} {v(vc)} 9
wv_dclick_list_item {Custom WaveView} {} {sigview} {v(vc)} 9
wv_select_list_item {Custom WaveView} {} {sigview} {v(vd)} 10
wv_dclick_list_item {Custom WaveView} {} {sigview} {v(vd)} 10
wv_select_list_item {Custom WaveView} {} {sigview} {v(out)} 6
wv_dclick_list_item {Custom WaveView} {} {sigview} {v(out)} 6
wv_close_window {Custom WaveView} 
wv_select_dialog {Confirmation} 
#wv_press_button {Confirmation} {} {Ok} 
#*WARNING* Can not remove '/home/eng/d/dal852207/.cx_hostport/.cx_hostport_engnx03a.utdallas.edu_13877'.
