Analysis & Synthesis report for manchester_to_pam4
Thu Jun 13 23:00:05 2024
Quartus Prime Version 22.1std.2 Build 922 07/20/2023 SC Lite Edition


---------------------
; Table of Contents ;
---------------------
  1. Legal Notice
  2. Analysis & Synthesis Summary
  3. Analysis & Synthesis Settings
  4. Parallel Compilation
  5. Analysis & Synthesis Source Files Read
  6. Analysis & Synthesis Resource Usage Summary
  7. Analysis & Synthesis Resource Utilization by Entity
  8. State Machine - |manchester_to_pam4|NRZ_to_PAM_Mealy_case_nonglitchy:M2|state
  9. State Machine - |manchester_to_pam4|manchester_to_NRZ_Mealy_case_nonglitchy:M1|state
 10. Registers Removed During Synthesis
 11. General Register Statistics
 12. Parameter Settings for User Entity Instance: manchester_to_NRZ_Mealy_case_nonglitchy:M1
 13. Parameter Settings for User Entity Instance: NRZ_to_PAM_Mealy_case_nonglitchy:M2
 14. Post-Synthesis Netlist Statistics for Top Partition
 15. Elapsed Time Per Partition
 16. Analysis & Synthesis Messages



----------------
; Legal Notice ;
----------------
Copyright (C) 2023  Intel Corporation. All rights reserved.
Your use of Intel Corporation's design tools, logic functions 
and other software and tools, and any partner logic 
functions, and any output files from any of the foregoing 
(including device programming or simulation files), and any 
associated documentation or information are expressly subject 
to the terms and conditions of the Intel Program License 
Subscription Agreement, the Intel Quartus Prime License Agreement,
the Intel FPGA IP License Agreement, or other applicable license
agreement, including, without limitation, that your use is for
the sole purpose of programming logic devices manufactured by
Intel and sold by Intel or its authorized distributors.  Please
refer to the applicable agreement for further details, at
https://fpgasoftware.intel.com/eula.



+----------------------------------------------------------------------------------+
; Analysis & Synthesis Summary                                                     ;
+---------------------------------+------------------------------------------------+
; Analysis & Synthesis Status     ; Successful - Thu Jun 13 23:00:05 2024          ;
; Quartus Prime Version           ; 22.1std.2 Build 922 07/20/2023 SC Lite Edition ;
; Revision Name                   ; manchester_to_pam4                             ;
; Top-level Entity Name           ; manchester_to_pam4                             ;
; Family                          ; Cyclone V                                      ;
; Logic utilization (in ALMs)     ; N/A                                            ;
; Total registers                 ; 10                                             ;
; Total pins                      ; 5                                              ;
; Total virtual pins              ; 0                                              ;
; Total block memory bits         ; 0                                              ;
; Total DSP Blocks                ; 0                                              ;
; Total HSSI RX PCSs              ; 0                                              ;
; Total HSSI PMA RX Deserializers ; 0                                              ;
; Total HSSI TX PCSs              ; 0                                              ;
; Total HSSI PMA TX Serializers   ; 0                                              ;
; Total PLLs                      ; 0                                              ;
; Total DLLs                      ; 0                                              ;
+---------------------------------+------------------------------------------------+


+---------------------------------------------------------------------------------------------------------------------------+
; Analysis & Synthesis Settings                                                                                             ;
+---------------------------------------------------------------------------------+--------------------+--------------------+
; Option                                                                          ; Setting            ; Default Value      ;
+---------------------------------------------------------------------------------+--------------------+--------------------+
; Device                                                                          ; 5CGXFC7C7F23C8     ;                    ;
; Top-level entity name                                                           ; manchester_to_pam4 ; manchester_to_pam4 ;
; Family name                                                                     ; Cyclone V          ; Cyclone V          ;
; Use smart compilation                                                           ; Off                ; Off                ;
; Enable parallel Assembler and Timing Analyzer during compilation                ; On                 ; On                 ;
; Enable compact report table                                                     ; Off                ; Off                ;
; Restructure Multiplexers                                                        ; Auto               ; Auto               ;
; MLAB Add Timing Constraints For Mixed-Port Feed-Through Mode Setting Don't Care ; Off                ; Off                ;
; Create Debugging Nodes for IP Cores                                             ; Off                ; Off                ;
; Preserve fewer node names                                                       ; On                 ; On                 ;
; Intel FPGA IP Evaluation Mode                                                   ; Enable             ; Enable             ;
; Verilog Version                                                                 ; Verilog_2001       ; Verilog_2001       ;
; VHDL Version                                                                    ; VHDL_1993          ; VHDL_1993          ;
; State Machine Processing                                                        ; Auto               ; Auto               ;
; Safe State Machine                                                              ; Off                ; Off                ;
; Extract Verilog State Machines                                                  ; On                 ; On                 ;
; Extract VHDL State Machines                                                     ; On                 ; On                 ;
; Ignore Verilog initial constructs                                               ; Off                ; Off                ;
; Iteration limit for constant Verilog loops                                      ; 5000               ; 5000               ;
; Iteration limit for non-constant Verilog loops                                  ; 250                ; 250                ;
; Add Pass-Through Logic to Inferred RAMs                                         ; On                 ; On                 ;
; Infer RAMs from Raw Logic                                                       ; On                 ; On                 ;
; Parallel Synthesis                                                              ; On                 ; On                 ;
; DSP Block Balancing                                                             ; Auto               ; Auto               ;
; NOT Gate Push-Back                                                              ; On                 ; On                 ;
; Power-Up Don't Care                                                             ; On                 ; On                 ;
; Remove Redundant Logic Cells                                                    ; Off                ; Off                ;
; Remove Duplicate Registers                                                      ; On                 ; On                 ;
; Ignore CARRY Buffers                                                            ; Off                ; Off                ;
; Ignore CASCADE Buffers                                                          ; Off                ; Off                ;
; Ignore GLOBAL Buffers                                                           ; Off                ; Off                ;
; Ignore ROW GLOBAL Buffers                                                       ; Off                ; Off                ;
; Ignore LCELL Buffers                                                            ; Off                ; Off                ;
; Ignore SOFT Buffers                                                             ; On                 ; On                 ;
; Limit AHDL Integers to 32 Bits                                                  ; Off                ; Off                ;
; Optimization Technique                                                          ; Balanced           ; Balanced           ;
; Carry Chain Length                                                              ; 70                 ; 70                 ;
; Auto Carry Chains                                                               ; On                 ; On                 ;
; Auto Open-Drain Pins                                                            ; On                 ; On                 ;
; Perform WYSIWYG Primitive Resynthesis                                           ; Off                ; Off                ;
; Auto ROM Replacement                                                            ; On                 ; On                 ;
; Auto RAM Replacement                                                            ; On                 ; On                 ;
; Auto DSP Block Replacement                                                      ; On                 ; On                 ;
; Auto Shift Register Replacement                                                 ; Auto               ; Auto               ;
; Allow Shift Register Merging across Hierarchies                                 ; Auto               ; Auto               ;
; Auto Clock Enable Replacement                                                   ; On                 ; On                 ;
; Strict RAM Replacement                                                          ; Off                ; Off                ;
; Allow Synchronous Control Signals                                               ; On                 ; On                 ;
; Force Use of Synchronous Clear Signals                                          ; Off                ; Off                ;
; Auto Resource Sharing                                                           ; Off                ; Off                ;
; Allow Any RAM Size For Recognition                                              ; Off                ; Off                ;
; Allow Any ROM Size For Recognition                                              ; Off                ; Off                ;
; Allow Any Shift Register Size For Recognition                                   ; Off                ; Off                ;
; Use LogicLock Constraints during Resource Balancing                             ; On                 ; On                 ;
; Ignore translate_off and synthesis_off directives                               ; Off                ; Off                ;
; Timing-Driven Synthesis                                                         ; On                 ; On                 ;
; Report Parameter Settings                                                       ; On                 ; On                 ;
; Report Source Assignments                                                       ; On                 ; On                 ;
; Report Connectivity Checks                                                      ; On                 ; On                 ;
; Ignore Maximum Fan-Out Assignments                                              ; Off                ; Off                ;
; Synchronization Register Chain Length                                           ; 3                  ; 3                  ;
; Power Optimization During Synthesis                                             ; Normal compilation ; Normal compilation ;
; HDL message level                                                               ; Level2             ; Level2             ;
; Suppress Register Optimization Related Messages                                 ; Off                ; Off                ;
; Number of Removed Registers Reported in Synthesis Report                        ; 5000               ; 5000               ;
; Number of Swept Nodes Reported in Synthesis Report                              ; 5000               ; 5000               ;
; Number of Inverted Registers Reported in Synthesis Report                       ; 100                ; 100                ;
; Clock MUX Protection                                                            ; On                 ; On                 ;
; Auto Gated Clock Conversion                                                     ; Off                ; Off                ;
; Block Design Naming                                                             ; Auto               ; Auto               ;
; SDC constraint protection                                                       ; Off                ; Off                ;
; Synthesis Effort                                                                ; Auto               ; Auto               ;
; Shift Register Replacement - Allow Asynchronous Clear Signal                    ; On                 ; On                 ;
; Pre-Mapping Resynthesis Optimization                                            ; Off                ; Off                ;
; Analysis & Synthesis Message Level                                              ; Medium             ; Medium             ;
; Disable Register Merging Across Hierarchies                                     ; Auto               ; Auto               ;
; Resource Aware Inference For Block RAM                                          ; On                 ; On                 ;
; Automatic Parallel Synthesis                                                    ; On                 ; On                 ;
; Partial Reconfiguration Bitstream ID                                            ; Off                ; Off                ;
+---------------------------------------------------------------------------------+--------------------+--------------------+


+------------------------------------------+
; Parallel Compilation                     ;
+----------------------------+-------------+
; Processors                 ; Number      ;
+----------------------------+-------------+
; Number detected on machine ; 4           ;
; Maximum allowed            ; 4           ;
;                            ;             ;
; Average used               ; 1.00        ;
; Maximum used               ; 4           ;
;                            ;             ;
; Usage by Processor         ; % Time Used ;
;     Processor 1            ; 100.0%      ;
;     Processors 2-4         ;   0.0%      ;
+----------------------------+-------------+


+----------------------------------------------------------------------------------------------------------------------------------------------------------------+
; Analysis & Synthesis Source Files Read                                                                                                                         ;
+----------------------------------+-----------------+------------------------+------------------------------------------------------------------------+---------+
; File Name with User-Entered Path ; Used in Netlist ; File Type              ; File Name with Absolute Path                                           ; Library ;
+----------------------------------+-----------------+------------------------+------------------------------------------------------------------------+---------+
; manchester_to_pam4.v             ; yes             ; User Verilog HDL File  ; C:/MyDocuments/college/ee417/projects/lesson05_A1/manchester_to_pam4.v ;         ;
+----------------------------------+-----------------+------------------------+------------------------------------------------------------------------+---------+


+---------------------------------------------------------+
; Analysis & Synthesis Resource Usage Summary             ;
+---------------------------------------------+-----------+
; Resource                                    ; Usage     ;
+---------------------------------------------+-----------+
; Estimate of Logic utilization (ALMs needed) ; 0         ;
;                                             ;           ;
; Combinational ALUT usage for logic          ; 10        ;
;     -- 7 input functions                    ; 0         ;
;     -- 6 input functions                    ; 0         ;
;     -- 5 input functions                    ; 1         ;
;     -- 4 input functions                    ; 0         ;
;     -- <=3 input functions                  ; 9         ;
;                                             ;           ;
; Dedicated logic registers                   ; 10        ;
;                                             ;           ;
; I/O pins                                    ; 5         ;
;                                             ;           ;
; Total DSP Blocks                            ; 0         ;
;                                             ;           ;
; Maximum fan-out node                        ; clk~input ;
; Maximum fan-out                             ; 10        ;
; Total fan-out                               ; 63        ;
; Average fan-out                             ; 2.10      ;
+---------------------------------------------+-----------+


+------------------------------------------------------------------------------------------------------------------------------------------------------------------------------------------------------------------------------------------------------------------------------------+
; Analysis & Synthesis Resource Utilization by Entity                                                                                                                                                                                                                                ;
+-------------------------------------------------+---------------------+---------------------------+-------------------+------------+------+--------------+----------------------------------------------------------------+-----------------------------------------+--------------+
; Compilation Hierarchy Node                      ; Combinational ALUTs ; Dedicated Logic Registers ; Block Memory Bits ; DSP Blocks ; Pins ; Virtual Pins ; Full Hierarchy Name                                            ; Entity Name                             ; Library Name ;
+-------------------------------------------------+---------------------+---------------------------+-------------------+------------+------+--------------+----------------------------------------------------------------+-----------------------------------------+--------------+
; |manchester_to_pam4                             ; 10 (0)              ; 10 (0)                    ; 0                 ; 0          ; 5    ; 0            ; |manchester_to_pam4                                            ; manchester_to_pam4                      ; work         ;
;    |NRZ_to_PAM_Mealy_case_nonglitchy:M2|        ; 7 (7)               ; 7 (7)                     ; 0                 ; 0          ; 0    ; 0            ; |manchester_to_pam4|NRZ_to_PAM_Mealy_case_nonglitchy:M2        ; NRZ_to_PAM_Mealy_case_nonglitchy        ; work         ;
;    |manchester_to_NRZ_Mealy_case_nonglitchy:M1| ; 3 (3)               ; 3 (3)                     ; 0                 ; 0          ; 0    ; 0            ; |manchester_to_pam4|manchester_to_NRZ_Mealy_case_nonglitchy:M1 ; manchester_to_NRZ_Mealy_case_nonglitchy ; work         ;
+-------------------------------------------------+---------------------+---------------------------+-------------------+------------+------+--------------+----------------------------------------------------------------+-----------------------------------------+--------------+
Note: For table entries with two numbers listed, the numbers in parentheses indicate the number of resources of the given type used by the specific entity alone. The numbers listed outside of parentheses indicate the total resources of the given type used by the specific entity and all of its sub-entities in the hierarchy.


Encoding Type:  One-Hot
+---------------------------------------------------------------------------------+
; State Machine - |manchester_to_pam4|NRZ_to_PAM_Mealy_case_nonglitchy:M2|state   ;
+-----------+----------+----------+-----------+-----------+-----------+-----------+
; Name      ; state.S1 ; state.S0 ; state.S11 ; state.S10 ; state.S01 ; state.S00 ;
+-----------+----------+----------+-----------+-----------+-----------+-----------+
; state.S00 ; 0        ; 0        ; 0         ; 0         ; 0         ; 0         ;
; state.S01 ; 0        ; 0        ; 0         ; 0         ; 1         ; 1         ;
; state.S10 ; 0        ; 0        ; 0         ; 1         ; 0         ; 1         ;
; state.S11 ; 0        ; 0        ; 1         ; 0         ; 0         ; 1         ;
; state.S0  ; 0        ; 1        ; 0         ; 0         ; 0         ; 1         ;
; state.S1  ; 1        ; 0        ; 0         ; 0         ; 0         ; 1         ;
+-----------+----------+----------+-----------+-----------+-----------+-----------+


Encoding Type:  One-Hot
+--------------------------------------------------------------------------------------+
; State Machine - |manchester_to_pam4|manchester_to_NRZ_Mealy_case_nonglitchy:M1|state ;
+----------+----------+----------+-----------------------------------------------------+
; Name     ; state.Sx ; state.S1 ; state.S0                                            ;
+----------+----------+----------+-----------------------------------------------------+
; state.Sx ; 0        ; 0        ; 0                                                   ;
; state.S0 ; 1        ; 0        ; 1                                                   ;
; state.S1 ; 1        ; 1        ; 0                                                   ;
+----------+----------+----------+-----------------------------------------------------+


+--------------------------------------------------------------------------+
; Registers Removed During Synthesis                                       ;
+-----------------------------------------------------+--------------------+
; Register name                                       ; Reason for Removal ;
+-----------------------------------------------------+--------------------+
; NRZ_to_PAM_Mealy_case_nonglitchy:M2|state.S10       ; Lost fanout        ;
; manchester_to_NRZ_Mealy_case_nonglitchy:M1|state.S0 ; Lost fanout        ;
; NRZ_to_PAM_Mealy_case_nonglitchy:M2|state~4         ; Lost fanout        ;
; NRZ_to_PAM_Mealy_case_nonglitchy:M2|state~5         ; Lost fanout        ;
; NRZ_to_PAM_Mealy_case_nonglitchy:M2|state~6         ; Lost fanout        ;
; Total Number of Removed Registers = 5               ;                    ;
+-----------------------------------------------------+--------------------+


+------------------------------------------------------+
; General Register Statistics                          ;
+----------------------------------------------+-------+
; Statistic                                    ; Value ;
+----------------------------------------------+-------+
; Total registers                              ; 10    ;
; Number of registers using Synchronous Clear  ; 0     ;
; Number of registers using Synchronous Load   ; 0     ;
; Number of registers using Asynchronous Clear ; 10    ;
; Number of registers using Asynchronous Load  ; 0     ;
; Number of registers using Clock Enable       ; 0     ;
; Number of registers using Preset             ; 0     ;
+----------------------------------------------+-------+


+-----------------------------------------------------------------------------------------+
; Parameter Settings for User Entity Instance: manchester_to_NRZ_Mealy_case_nonglitchy:M1 ;
+----------------+-------+----------------------------------------------------------------+
; Parameter Name ; Value ; Type                                                           ;
+----------------+-------+----------------------------------------------------------------+
; Sx             ; 00    ; Unsigned Binary                                                ;
; S0             ; 01    ; Unsigned Binary                                                ;
; S1             ; 10    ; Unsigned Binary                                                ;
+----------------+-------+----------------------------------------------------------------+
Note: In order to hide this table in the UI and the text report file, please set the "Show Parameter Settings in Synthesis Report" option in "Analysis and Synthesis Settings -> More Settings" to "Off".


+----------------------------------------------------------------------------------+
; Parameter Settings for User Entity Instance: NRZ_to_PAM_Mealy_case_nonglitchy:M2 ;
+----------------+-------+---------------------------------------------------------+
; Parameter Name ; Value ; Type                                                    ;
+----------------+-------+---------------------------------------------------------+
; S00            ; 000   ; Unsigned Binary                                         ;
; S0             ; 101   ; Unsigned Binary                                         ;
; S01            ; 001   ; Unsigned Binary                                         ;
; S10            ; 010   ; Unsigned Binary                                         ;
; S1             ; 111   ; Unsigned Binary                                         ;
; S11            ; 011   ; Unsigned Binary                                         ;
+----------------+-------+---------------------------------------------------------+
Note: In order to hide this table in the UI and the text report file, please set the "Show Parameter Settings in Synthesis Report" option in "Analysis and Synthesis Settings -> More Settings" to "Off".


+-----------------------------------------------------+
; Post-Synthesis Netlist Statistics for Top Partition ;
+-----------------------+-----------------------------+
; Type                  ; Count                       ;
+-----------------------+-----------------------------+
; arriav_ff             ; 10                          ;
;     CLR               ; 10                          ;
; arriav_lcell_comb     ; 10                          ;
;     normal            ; 10                          ;
;         1 data inputs ; 1                           ;
;         2 data inputs ; 4                           ;
;         3 data inputs ; 4                           ;
;         5 data inputs ; 1                           ;
; boundary_port         ; 5                           ;
;                       ;                             ;
; Max LUT depth         ; 1.00                        ;
; Average LUT depth     ; 0.83                        ;
+-----------------------+-----------------------------+


+-------------------------------+
; Elapsed Time Per Partition    ;
+----------------+--------------+
; Partition Name ; Elapsed Time ;
+----------------+--------------+
; Top            ; 00:00:00     ;
+----------------+--------------+


+-------------------------------+
; Analysis & Synthesis Messages ;
+-------------------------------+
Info: *******************************************************************
Info: Running Quartus Prime Analysis & Synthesis
    Info: Version 22.1std.2 Build 922 07/20/2023 SC Lite Edition
    Info: Processing started: Thu Jun 13 22:59:47 2024
Info: Command: quartus_map --read_settings_files=on --write_settings_files=off manchester_to_pam4 -c manchester_to_pam4
Warning (18236): Number of processors has not been specified which may cause overloading on shared machines.  Set the global assignment NUM_PARALLEL_PROCESSORS in your QSF to an appropriate value for best performance.
Info (20030): Parallel compilation is enabled and will use 4 of the 4 processors detected
Info (12021): Found 3 design units, including 3 entities, in source file manchester_to_pam4.v
    Info (12023): Found entity 1: manchester_to_pam4 File: C:/MyDocuments/college/ee417/projects/lesson05_A1/manchester_to_pam4.v Line: 234
    Info (12023): Found entity 2: manchester_to_NRZ_Mealy_case_nonglitchy File: C:/MyDocuments/college/ee417/projects/lesson05_A1/manchester_to_pam4.v Line: 250
    Info (12023): Found entity 3: NRZ_to_PAM_Mealy_case_nonglitchy File: C:/MyDocuments/college/ee417/projects/lesson05_A1/manchester_to_pam4.v Line: 296
Info (12021): Found 1 design units, including 1 entities, in source file manchester_to_pam4_tb.v
    Info (12023): Found entity 1: manchester_to_pam4_tb File: C:/MyDocuments/college/ee417/projects/lesson05_A1/manchester_to_pam4_tb.v Line: 6
Info (12127): Elaborating entity "manchester_to_pam4" for the top level hierarchy
Info (12128): Elaborating entity "manchester_to_NRZ_Mealy_case_nonglitchy" for hierarchy "manchester_to_NRZ_Mealy_case_nonglitchy:M1" File: C:/MyDocuments/college/ee417/projects/lesson05_A1/manchester_to_pam4.v Line: 244
Info (12128): Elaborating entity "NRZ_to_PAM_Mealy_case_nonglitchy" for hierarchy "NRZ_to_PAM_Mealy_case_nonglitchy:M2" File: C:/MyDocuments/college/ee417/projects/lesson05_A1/manchester_to_pam4.v Line: 245
Info (286030): Timing-Driven Synthesis is running
Info (17049): 5 registers lost all their fanouts during netlist optimizations.
Info (16010): Generating hard_block partition "hard_block:auto_generated_inst"
    Info (16011): Adding 0 node(s), including 0 DDIO, 0 PLL, 0 transceiver and 0 LCELL
Info (21057): Implemented 15 device resources after synthesis - the final resource count might be different
    Info (21058): Implemented 3 input pins
    Info (21059): Implemented 2 output pins
    Info (21061): Implemented 10 logic cells
Info: Quartus Prime Analysis & Synthesis was successful. 0 errors, 1 warning
    Info: Peak virtual memory: 4845 megabytes
    Info: Processing ended: Thu Jun 13 23:00:05 2024
    Info: Elapsed time: 00:00:18
    Info: Total CPU time (on all processors): 00:00:30


