1733168243.731839: 30885-7fa546fb20c0: cdpl_log.c:228: in cdpl_log_open(): info: @@start_of_log@@
1733168243.731865: 30885-7fa546fb20c0: cdpl_log.c:866: in cdpl_log_dump_sysinfo(): info: time: 2024/12/02 13:37:23 CST -0600
1733168243.731869: 30885-7fa546fb20c0: cdpl_log.c:868: in cdpl_log_dump_sysinfo(): info: version: T-2022.03 
1733168243.731871: 30885-7fa546fb20c0: cdpl_log.c:870: in cdpl_log_dump_sysinfo(): info: system: Linux 3.10.0-1160.119.1.el7.x86_64 #1 SMP Tue May 14 11:55:25 EDT 2024
1733168243.731872: 30885-7fa546fb20c0: cdpl_log.c:875: in cdpl_log_dump_sysinfo(): info: processor: x86_64 64-bits
1733168243.731874: 30885-7fa546fb20c0: cdpl_log.c:879: in cdpl_log_dump_sysinfo(): info: hostname: engnx01a.utdallas.edu
1733168243.731876: 30885-7fa546fb20c0: cdpl_log.c:230: in cdpl_log_open(): debug: path: /home/eng/d/dal852207/cad/gf65/primelib_gf65/Flip_Flop/runtime/cdpl/pid30885/master.engnx01a.utdallas.edu.30885.log
1733168243.731878: 30885-7fa546fb20c0: cdpl_log.c:231: in cdpl_log_open(): debug: dir: /home/eng/d/dal852207/cad/gf65/primelib_gf65/Flip_Flop/runtime/cdpl/pid30885
1733168243.731886: 30885-7fa546fb20c0: cdpl_log.c:758: in cdpl_log_set_filter(): info: filter level 1
1733168243.731904: 30885-7fa546fb20c0: cdpl_server.c:543: in cdpl_sv_init(): info: new server S82207533
1733168243.731912: 30885-7fa546fb20c0: cdpl_ipc.c:3030: in cdpl_ipc_init(): info: requesting IPv4 protocol
1733168243.732347: 30885-7fa546fb20c0: cdpl_ipc.c:800: in _selectaddrfamily(): info: selected IPv4 protocol
1733168243.732608: 30885-7fa546fb20c0: cdpl_server.c:657: in cdpl_sv_new_master(): info: new master M1
1733168243.732620: 30885-7fa546fb20c0: cdpl_server.c:5494: in cdpl_sv_ctl_master(): info: Setting worker heartbeat to 60 seconds
1733168243.732622: 30885-7fa546fb20c0: cdpl_server.c:5503: in cdpl_sv_ctl_master(): info: Setting worker heartbeat timeout to 3 heartbeats
1733168243.732625: 30885-7fa546fb20c0: cdpl_compat_master.c:2407: in cdplInitMaster(): info: bcast dir is `/dev/null'
1733168243.732671: 30885-7fa546fb20c0: cdpl_server.c:5394: in cdpl_sv_ctl_master(): info: farm worker timeout set to 36000
1733168243.732673: 30885-7fa546fb20c0: cdpl_server.c:5410: in cdpl_sv_ctl_master(): info: grid worker timeout set to 36000
1733168243.732675: 30885-7fa546fb20c0: cdpl_server.c:5438: in cdpl_sv_ctl_master(): info: farm submit command failure threshold set to 100
1733168243.732700: 30885-7fa546fb20c0: cdpl_farm.c:2268: in cdpl_farm_new_sh(): info: creating SH farm on localhost
1733168243.732709: 30885-7fa546fb20c0: cdpl_compat_master.c:207: in _set_farm_env(): info: exporting CDPL_LOGDIR as `/home/eng/d/dal852207/cad/gf65/primelib_gf65/Flip_Flop/runtime/cdpl/pid30885'
1733168243.732712: 30885-7fa546fb20c0: cdpl_compat_master.c:213: in _set_farm_env(): info: exporting CDPL_TMPDIR as `/var/tmp'
1733168243.732714: 30885-7fa546fb20c0: cdpl_compat_master.c:220: in _set_farm_env(): info: exporting CDPL_HOME as `/proj/cad/synopsys/synopsys_2021/primelib/T-2022.03-SP1/cdpl_runtime_linux64'
1733168243.732716: 30885-7fa546fb20c0: cdpl_compat_master.c:227: in _set_farm_env(): info: exporting SNPSLMD_LICENSE_FILE as `1700@engdmv.utdallas.edu'
1733168243.732718: 30885-7fa546fb20c0: cdpl_compat_master.c:247: in _set_farm_env(): info: exporting CDPL_OPTIONS as `[filter][nowlogs]'
1733168243.732720: 30885-7fa546fb20c0: cdpl_compat_master.c:254: in _set_farm_env(): info: exporting DISPLAY as `:1022'
1733168243.732722: 30885-7fa546fb20c0: cdpl_compat_master.c:262: in _set_farm_env(): info: exporting CDPL_HEARTBEAT as `60'
1733168243.732726: 30885-7fa546fb20c0: cdpl_compat_master.c:348: in _set_farm_env(): info: exporting SIS_MALIBU as `2'
1733168243.732728: 30885-7fa546fb20c0: cdpl_compat_master.c:348: in _set_farm_env(): info: exporting SIS_CDPL as `5'
1733168243.774035: 30885-7fa546fb20c0: cdpl_server.c:738: in cdpl_sv_new_job(): info: new job J1 in M1
1733168243.774052: 30885-7fa546fb20c0: cdpl_compat_master.c:1314: in _add_worker(): info: new worker type 100, min:1, max:1, cmd:`/home/eng/d/dal852207/cad/gf65/primelib_gf65/Flip_Flop/runtime/cdpl/pid30885/run_30885.sh'
1733168243.774060: 30885-7fa546fb20c0: cdpl_server.c:900: in cdpl_sv_new_bin_withfarm(): info: new bin B1 in J1
1733168243.782942: 30885-7fa546fb20c0: cdpl_server.c:3116: in cdpl_sv_start_job(): info: starting job J1
1733168243.791684: 30885-7fa546fb20c0: cdpl_server.c:1824: in _sv_gen_task(): info: new task T0 in B1 (prio -1)
1733168243.791694: 30885-7fa546fb20c0: cdpl_server.c:2558: in cdpl_sv_label_task_va(): info: setting task T0 label to "initialization__ACQ_7 of Flip_Flop"
1733168243.791793: 30885-7fa546fb20c0: cdpl_server.c:1824: in _sv_gen_task(): info: new task T1 in B1 (prio -1)
1733168243.791874: 30885-7fa52ecb5700: cdpl_server_sched.c:700: in _sv_launch_worker(): info: started worker W1 (as C1) in bin B1
1733168243.791910: 30885-7fa546fb20c0: cdpl_server.c:2558: in cdpl_sv_label_task_va(): info: setting task T1 label to "setup_hbm__D__lh__CLK__hl__ACQ_1 of Flip_Flop"
1733168243.791922: 30885-7fa52e4b4700: cdpl_farm.c:1899: in _schedule(): info: worker submit failure threshold set to 100
1733168243.791937: 30885-7fa52e4b4700: cdpl_sh.c:49: in _sh_detached_submit(): info: SH : /home/eng/d/dal852207/cad/gf65/primelib_gf65/Flip_Flop/runtime/cdpl/pid30885/run_30885.sh
1733168243.794202: 30885-7fa546fb20c0: cdpl_server.c:1824: in _sv_gen_task(): info: new task T2 in B1 (prio -1)
1733168243.794248: 30885-7fa546fb20c0: cdpl_server.c:2558: in cdpl_sv_label_task_va(): info: setting task T2 label to "initialization__ACQ_6 of Flip_Flop"
1733168243.794813: 30885-7fa546fb20c0: cdpl_server.c:1824: in _sv_gen_task(): info: new task T3 in B1 (prio -1)
1733168243.794817: 30885-7fa546fb20c0: cdpl_server.c:2558: in cdpl_sv_label_task_va(): info: setting task T3 label to "setup_hbm__D__hl__CLK__hl__ACQ_1 of Flip_Flop"
1733168243.794894: 30885-7fa546fb20c0: cdpl_server.c:1824: in _sv_gen_task(): info: new task T4 in B1 (prio -1)
1733168243.794897: 30885-7fa546fb20c0: cdpl_server.c:2558: in cdpl_sv_label_task_va(): info: setting task T4 label to "initialization__ACQ_4 of Flip_Flop"
1733168243.794954: 30885-7fa546fb20c0: cdpl_server.c:1824: in _sv_gen_task(): info: new task T5 in B1 (prio 3)
1733168243.794957: 30885-7fa546fb20c0: cdpl_server.c:2558: in cdpl_sv_label_task_va(): info: setting task T5 label to "leakage_power__ACQ_1 of Flip_Flop"
1733168243.794985: 30885-7fa546fb20c0: cdpl_server.c:1824: in _sv_gen_task(): info: new task T6 in B1 (prio 5)
1733168243.794987: 30885-7fa546fb20c0: cdpl_server.c:2558: in cdpl_sv_label_task_va(): info: setting task T6 label to "Cin__D__hl__ACQ_1 of Flip_Flop"
1733168243.795025: 30885-7fa546fb20c0: cdpl_server.c:1824: in _sv_gen_task(): info: new task T7 in B1 (prio 5)
1733168243.795028: 30885-7fa546fb20c0: cdpl_server.c:2558: in cdpl_sv_label_task_va(): info: setting task T7 label to "Cin__D__lh__ACQ_1 of Flip_Flop"
1733168243.795056: 30885-7fa546fb20c0: cdpl_server.c:1824: in _sv_gen_task(): info: new task T8 in B1 (prio 5)
1733168243.795058: 30885-7fa546fb20c0: cdpl_server.c:2558: in cdpl_sv_label_task_va(): info: setting task T8 label to "Cin__VSS__hl__ACQ_1 of Flip_Flop"
1733168243.795082: 30885-7fa546fb20c0: cdpl_server.c:1824: in _sv_gen_task(): info: new task T9 in B1 (prio 5)
1733168243.795085: 30885-7fa546fb20c0: cdpl_server.c:2558: in cdpl_sv_label_task_va(): info: setting task T9 label to "Cin__VSS__lh__ACQ_1 of Flip_Flop"
1733168243.795120: 30885-7fa546fb20c0: cdpl_server.c:1824: in _sv_gen_task(): info: new task T10 in B1 (prio -1)
1733168243.795123: 30885-7fa546fb20c0: cdpl_server.c:2558: in cdpl_sv_label_task_va(): info: setting task T10 label to "initialization__ACQ_5 of Flip_Flop"
1733168243.795167: 30885-7fa546fb20c0: cdpl_server.c:1824: in _sv_gen_task(): info: new task T11 in B1 (prio -1)
1733168243.795170: 30885-7fa546fb20c0: cdpl_server.c:2558: in cdpl_sv_label_task_va(): info: setting task T11 label to "ncmpw_hbm__CLK__lh__CLK__hl__ACQ_1 of Flip_Flop"
1733168243.795199: 30885-7fa546fb20c0: cdpl_server.c:1824: in _sv_gen_task(): info: new task T12 in B1 (prio -1)
1733168243.795202: 30885-7fa546fb20c0: cdpl_server.c:2558: in cdpl_sv_label_task_va(): info: setting task T12 label to "removal_hbm__R__hl__CLK__hl__ACQ_1 of Flip_Flop"
1733168243.795232: 30885-7fa546fb20c0: cdpl_server.c:1824: in _sv_gen_task(): info: new task T13 in B1 (prio -1)
1733168243.795235: 30885-7fa546fb20c0: cdpl_server.c:2558: in cdpl_sv_label_task_va(): info: setting task T13 label to "recover_hbm__R__hl__CLK__hl__ACQ_1 of Flip_Flop"
1733168243.795269: 30885-7fa546fb20c0: cdpl_server.c:1824: in _sv_gen_task(): info: new task T14 in B1 (prio -1)
1733168243.795272: 30885-7fa546fb20c0: cdpl_server.c:2558: in cdpl_sv_label_task_va(): info: setting task T14 label to "initialization__ACQ_1 of Flip_Flop"
1733168243.795297: 30885-7fa546fb20c0: cdpl_server.c:1824: in _sv_gen_task(): info: new task T15 in B1 (prio -1)
1733168243.795300: 30885-7fa546fb20c0: cdpl_server.c:2558: in cdpl_sv_label_task_va(): info: setting task T15 label to "initialization__ACQ_2 of Flip_Flop"
1733168243.795338: 30885-7fa546fb20c0: cdpl_server.c:1824: in _sv_gen_task(): info: new task T16 in B1 (prio -1)
1733168243.795341: 30885-7fa546fb20c0: cdpl_server.c:2558: in cdpl_sv_label_task_va(): info: setting task T16 label to "cmpw_hbm__CLK__hl__CLK__lh__ACQ_1 of Flip_Flop"
1733168243.795385: 30885-7fa546fb20c0: cdpl_server.c:1824: in _sv_gen_task(): info: new task T17 in B1 (prio -1)
1733168243.795388: 30885-7fa546fb20c0: cdpl_server.c:2558: in cdpl_sv_label_task_va(): info: setting task T17 label to "cmpw_hbm__R__lh__R__hl__ACQ_1 of Flip_Flop"
1733168243.795415: 30885-7fa546fb20c0: cdpl_server.c:1824: in _sv_gen_task(): info: new task T18 in B1 (prio -1)
1733168243.795417: 30885-7fa546fb20c0: cdpl_server.c:2558: in cdpl_sv_label_task_va(): info: setting task T18 label to "initialization__ACQ_3 of Flip_Flop"
1733168243.795459: 30885-7fa546fb20c0: cdpl_server.c:1824: in _sv_gen_task(): info: new task T19 in B1 (prio 2)
1733168243.795462: 30885-7fa546fb20c0: cdpl_server.c:2558: in cdpl_sv_label_task_va(): info: setting task T19 label to "delay__CLK__hl__Q__hl__ACQ_1 of Flip_Flop"
1733168243.795496: 30885-7fa546fb20c0: cdpl_server.c:1824: in _sv_gen_task(): info: new task T20 in B1 (prio 2)
1733168243.795499: 30885-7fa546fb20c0: cdpl_server.c:2558: in cdpl_sv_label_task_va(): info: setting task T20 label to "delay__CLK__hl__Q__lh__ACQ_1 of Flip_Flop"
1733168243.795538: 30885-7fa546fb20c0: cdpl_server.c:1824: in _sv_gen_task(): info: new task T21 in B1 (prio -1)
1733168243.795542: 30885-7fa546fb20c0: cdpl_server.c:2558: in cdpl_sv_label_task_va(): info: setting task T21 label to "hold_hbm__D__lh__CLK__hl__ACQ_1 of Flip_Flop"
1733168243.795573: 30885-7fa546fb20c0: cdpl_server.c:1824: in _sv_gen_task(): info: new task T22 in B1 (prio -1)
1733168243.795576: 30885-7fa546fb20c0: cdpl_server.c:2558: in cdpl_sv_label_task_va(): info: setting task T22 label to "hold_hbm__D__hl__CLK__hl__ACQ_1 of Flip_Flop"
1733168243.795607: 30885-7fa546fb20c0: cdpl_server.c:1824: in _sv_gen_task(): info: new task T23 in B1 (prio 5)
1733168243.795610: 30885-7fa546fb20c0: cdpl_server.c:2558: in cdpl_sv_label_task_va(): info: setting task T23 label to "Cin__CLK__lh__ACQ_1 of Flip_Flop"
1733168243.795633: 30885-7fa546fb20c0: cdpl_server.c:1824: in _sv_gen_task(): info: new task T24 in B1 (prio 5)
1733168243.795636: 30885-7fa546fb20c0: cdpl_server.c:2558: in cdpl_sv_label_task_va(): info: setting task T24 label to "Cin__VDD__hl__ACQ_1 of Flip_Flop"
1733168243.795662: 30885-7fa546fb20c0: cdpl_server.c:1824: in _sv_gen_task(): info: new task T25 in B1 (prio 5)
1733168243.795664: 30885-7fa546fb20c0: cdpl_server.c:2558: in cdpl_sv_label_task_va(): info: setting task T25 label to "Cin__VDD__lh__ACQ_1 of Flip_Flop"
1733168243.795704: 30885-7fa546fb20c0: cdpl_server.c:1824: in _sv_gen_task(): info: new task T26 in B1 (prio 2)
1733168243.795707: 30885-7fa546fb20c0: cdpl_server.c:2558: in cdpl_sv_label_task_va(): info: setting task T26 label to "delay__R__lh__Q__hl__ACQ_1 of Flip_Flop"
1733168243.795756: 30885-7fa546fb20c0: cdpl_server.c:1824: in _sv_gen_task(): info: new task T27 in B1 (prio 5)
1733168243.795762: 30885-7fa546fb20c0: cdpl_server.c:2558: in cdpl_sv_label_task_va(): info: setting task T27 label to "Cin__R__hl__ACQ_1 of Flip_Flop"
1733168244.439315: 30885-7fa52f4b6700: cdpl_server_ipc.c:452: in _sv_on_hello(): info: W1 is `10.182.66.66:34028'
1733168244.439338: 30885-7fa52f4b6700: cdpl_server_ipc.c:454: in _sv_on_hello(): info: W1 log file is /dev/null
1733168244.439349: 30885-7fa52f4b6700: cdpl_server_ipc.c:481: in _sv_on_hello(): info: up to 1 alive workers in B1
1733168244.439387: 30885-7fa52ecb5700: cdpl_server_sched.c:955: in _assign(): info: assigning task T0 to worker W1
1733168251.263107: 30885-7fa52f4b6700: cdpl_server_ipc.c:857: in _sv_on_finish(): info: worker W1 completed task T0
1733168251.263173: 30885-7fa52ecb5700: cdpl_server_sched.c:955: in _assign(): info: assigning task T2 to worker W1
1733168257.868630: 30885-7fa52f4b6700: cdpl_server_ipc.c:857: in _sv_on_finish(): info: worker W1 completed task T2
1733168257.868689: 30885-7fa52ecb5700: cdpl_server_sched.c:955: in _assign(): info: assigning task T4 to worker W1
1733168264.707943: 30885-7fa52f4b6700: cdpl_server_ipc.c:857: in _sv_on_finish(): info: worker W1 completed task T4
1733168264.707985: 30885-7fa52ecb5700: cdpl_server_sched.c:955: in _assign(): info: assigning task T10 to worker W1
1733168271.262529: 30885-7fa52f4b6700: cdpl_server_ipc.c:857: in _sv_on_finish(): info: worker W1 completed task T10
1733168271.262589: 30885-7fa52ecb5700: cdpl_server_sched.c:955: in _assign(): info: assigning task T12 to worker W1
1733168281.840192: 30885-7fa52f4b6700: cdpl_server_ipc.c:857: in _sv_on_finish(): info: worker W1 completed task T12
1733168281.840468: 30885-7fa52ecb5700: cdpl_server_sched.c:955: in _assign(): info: assigning task T13 to worker W1
1733168292.754842: 30885-7fa52f4b6700: cdpl_server_ipc.c:857: in _sv_on_finish(): info: worker W1 completed task T13
1733168292.754905: 30885-7fa52ecb5700: cdpl_server_sched.c:955: in _assign(): info: assigning task T14 to worker W1
1733168299.242531: 30885-7fa52f4b6700: cdpl_server_ipc.c:857: in _sv_on_finish(): info: worker W1 completed task T14
1733168299.242585: 30885-7fa52ecb5700: cdpl_server_sched.c:955: in _assign(): info: assigning task T15 to worker W1
1733168305.818902: 30885-7fa52f4b6700: cdpl_server_ipc.c:857: in _sv_on_finish(): info: worker W1 completed task T15
1733168305.818950: 30885-7fa52ecb5700: cdpl_server_sched.c:955: in _assign(): info: assigning task T18 to worker W1
1733168312.525714: 30885-7fa52f4b6700: cdpl_server_ipc.c:857: in _sv_on_finish(): info: worker W1 completed task T18
1733168312.525982: 30885-7fa52ecb5700: cdpl_server_sched.c:955: in _assign(): info: assigning task T1 to worker W1
1733168323.617179: 30885-7fa52f4b6700: cdpl_server_ipc.c:857: in _sv_on_finish(): info: worker W1 completed task T1
1733168323.617229: 30885-7fa52ecb5700: cdpl_server_sched.c:955: in _assign(): info: assigning task T3 to worker W1
1733168334.695107: 30885-7fa52f4b6700: cdpl_server_ipc.c:857: in _sv_on_finish(): info: worker W1 completed task T3
1733168334.695154: 30885-7fa52ecb5700: cdpl_server_sched.c:955: in _assign(): info: assigning task T11 to worker W1
1733168342.101876: 30885-7fa52f4b6700: cdpl_server_ipc.c:857: in _sv_on_finish(): info: worker W1 completed task T11
1733168342.101923: 30885-7fa52ecb5700: cdpl_server_sched.c:955: in _assign(): info: assigning task T16 to worker W1
1733168349.241020: 30885-7fa52f4b6700: cdpl_server_ipc.c:857: in _sv_on_finish(): info: worker W1 completed task T16
1733168349.241302: 30885-7fa52ecb5700: cdpl_server_sched.c:955: in _assign(): info: assigning task T22 to worker W1
1733168360.166207: 30885-7fa52f4b6700: cdpl_server_ipc.c:857: in _sv_on_finish(): info: worker W1 completed task T22
1733168360.166260: 30885-7fa52ecb5700: cdpl_server_sched.c:955: in _assign(): info: assigning task T17 to worker W1
1733168367.213827: 30885-7fa52f4b6700: cdpl_server_ipc.c:857: in _sv_on_finish(): info: worker W1 completed task T17
1733168367.213881: 30885-7fa52ecb5700: cdpl_server_sched.c:955: in _assign(): info: assigning task T21 to worker W1
1733168378.060780: 30885-7fa52f4b6700: cdpl_server_ipc.c:857: in _sv_on_finish(): info: worker W1 completed task T21
1733168378.060836: 30885-7fa52ecb5700: cdpl_server_sched.c:955: in _assign(): info: assigning task T20 to worker W1
1733168385.589455: 30885-7fa52f4b6700: cdpl_server_ipc.c:857: in _sv_on_finish(): info: worker W1 completed task T20
1733168385.589504: 30885-7fa52ecb5700: cdpl_server_sched.c:955: in _assign(): info: assigning task T26 to worker W1
1733168392.960598: 30885-7fa52f4b6700: cdpl_server_ipc.c:857: in _sv_on_finish(): info: worker W1 completed task T26
1733168392.960654: 30885-7fa52ecb5700: cdpl_server_sched.c:955: in _assign(): info: assigning task T19 to worker W1
1733168400.534115: 30885-7fa52f4b6700: cdpl_server_ipc.c:857: in _sv_on_finish(): info: worker W1 completed task T19
1733168400.534163: 30885-7fa52ecb5700: cdpl_server_sched.c:955: in _assign(): info: assigning task T5 to worker W1
1733168471.176205: 30885-7fa52f4b6700: cdpl_server_ipc.c:857: in _sv_on_finish(): info: worker W1 completed task T5
1733168471.176563: 30885-7fa52ecb5700: cdpl_server_sched.c:955: in _assign(): info: assigning task T6 to worker W1
1733168478.057294: 30885-7fa52f4b6700: cdpl_server_ipc.c:857: in _sv_on_finish(): info: worker W1 completed task T6
1733168478.057357: 30885-7fa52ecb5700: cdpl_server_sched.c:955: in _assign(): info: assigning task T7 to worker W1
1733168484.908208: 30885-7fa52f4b6700: cdpl_server_ipc.c:857: in _sv_on_finish(): info: worker W1 completed task T7
1733168484.908253: 30885-7fa52ecb5700: cdpl_server_sched.c:955: in _assign(): info: assigning task T8 to worker W1
1733168491.794926: 30885-7fa52f4b6700: cdpl_server_ipc.c:857: in _sv_on_finish(): info: worker W1 completed task T8
1733168491.794974: 30885-7fa52ecb5700: cdpl_server_sched.c:955: in _assign(): info: assigning task T9 to worker W1
1733168498.470334: 30885-7fa52f4b6700: cdpl_server_ipc.c:857: in _sv_on_finish(): info: worker W1 completed task T9
1733168498.470376: 30885-7fa52ecb5700: cdpl_server_sched.c:955: in _assign(): info: assigning task T23 to worker W1
1733168505.384065: 30885-7fa52f4b6700: cdpl_server_ipc.c:857: in _sv_on_finish(): info: worker W1 completed task T23
1733168505.384108: 30885-7fa52ecb5700: cdpl_server_sched.c:955: in _assign(): info: assigning task T24 to worker W1
1733168512.262401: 30885-7fa52f4b6700: cdpl_server_ipc.c:857: in _sv_on_finish(): info: worker W1 completed task T24
1733168512.262458: 30885-7fa52ecb5700: cdpl_server_sched.c:955: in _assign(): info: assigning task T25 to worker W1
1733168519.134007: 30885-7fa52f4b6700: cdpl_server_ipc.c:857: in _sv_on_finish(): info: worker W1 completed task T25
1733168519.134051: 30885-7fa52ecb5700: cdpl_server_sched.c:955: in _assign(): info: assigning task T27 to worker W1
1733168525.949485: 30885-7fa52f4b6700: cdpl_server_ipc.c:857: in _sv_on_finish(): info: worker W1 completed task T27
1733168644.365664: 30885-7fa546fb20c0: cdpl_compat_master.c:5152: in cdplMasterLogInfo(): info: [non-CDPL log entry] Ending current CDPL job
1733168644.365958: 30885-7fa546fb20c0: cdpl_server.c:2890: in cdpl_sv_halt_job_errno(): info: stopping job J1
1733168644.366042: 30885-7fa52ecb5700: cdpl_server_sched.c:2711: in _sv_drop_worker(): info: down to 0 alive workers in B1
1733168644.366080: 30885-7fa546fb20c0: cdpl_server.c:2875: in cdpl_sv_halt_job_errno(): info: killing job J1
1733168644.366088: 30885-7fa546fb20c0: cdpl_server.c:288: in _sv_free_job(): info: freeing job J1
1733168644.366130: 30885-7fa546fb20c0: cdpl_farm.c:2395: in cdpl_farm_free(): info: freeing farm
1733168644.366369: 30885-7fa546fb20c0: cdpl_server.c:3011: in cdpl_sv_free(): info: freeing server S82207533
1733168644.366373: 30885-7fa546fb20c0: cdpl_server.c:2976: in cdpl_sv_kill_errno(): info: killing server
1733168644.366407: 30885-7fa546fb20c0: cdpl_server.c:328: in _sv_free_master(): info: freeing master M1
1733168644.366457: 30885-7fa546fb20c0: cdpl_log.c:371: in cdpl_log_close(): info: @@end_of_log@@
