1732842135.574987: 24363-7f01fea660c0: cdpl_log.c:228: in cdpl_log_open(): info: @@start_of_log@@
1732842135.575012: 24363-7f01fea660c0: cdpl_log.c:866: in cdpl_log_dump_sysinfo(): info: time: 2024/11/28 19:02:15 CST -0600
1732842135.575017: 24363-7f01fea660c0: cdpl_log.c:868: in cdpl_log_dump_sysinfo(): info: version: T-2022.03 
1732842135.575019: 24363-7f01fea660c0: cdpl_log.c:870: in cdpl_log_dump_sysinfo(): info: system: Linux 3.10.0-1160.119.1.el7.x86_64 #1 SMP Tue May 14 11:55:25 EDT 2024
1732842135.575021: 24363-7f01fea660c0: cdpl_log.c:875: in cdpl_log_dump_sysinfo(): info: processor: x86_64 64-bits
1732842135.575022: 24363-7f01fea660c0: cdpl_log.c:879: in cdpl_log_dump_sysinfo(): info: hostname: engnx03a.utdallas.edu
1732842135.575024: 24363-7f01fea660c0: cdpl_log.c:230: in cdpl_log_open(): debug: path: /home/eng/d/dal852207/cad/gf65/primelib_gf65/Proj6_DRC_LVS/OAI22/runtime/cdpl/pid24363/master.engnx03a.utdallas.edu.24363.log
1732842135.575026: 24363-7f01fea660c0: cdpl_log.c:231: in cdpl_log_open(): debug: dir: /home/eng/d/dal852207/cad/gf65/primelib_gf65/Proj6_DRC_LVS/OAI22/runtime/cdpl/pid24363
1732842135.575036: 24363-7f01fea660c0: cdpl_log.c:758: in cdpl_log_set_filter(): info: filter level 1
1732842135.575053: 24363-7f01fea660c0: cdpl_server.c:543: in cdpl_sv_init(): info: new server S350730379
1732842135.575062: 24363-7f01fea660c0: cdpl_ipc.c:3030: in cdpl_ipc_init(): info: requesting IPv4 protocol
1732842135.575601: 24363-7f01fea660c0: cdpl_ipc.c:800: in _selectaddrfamily(): info: selected IPv4 protocol
1732842135.575878: 24363-7f01fea660c0: cdpl_server.c:657: in cdpl_sv_new_master(): info: new master M1
1732842135.575889: 24363-7f01fea660c0: cdpl_server.c:5494: in cdpl_sv_ctl_master(): info: Setting worker heartbeat to 60 seconds
1732842135.575891: 24363-7f01fea660c0: cdpl_server.c:5503: in cdpl_sv_ctl_master(): info: Setting worker heartbeat timeout to 3 heartbeats
1732842135.575893: 24363-7f01fea660c0: cdpl_compat_master.c:2407: in cdplInitMaster(): info: bcast dir is `/dev/null'
1732842135.575949: 24363-7f01fea660c0: cdpl_server.c:5394: in cdpl_sv_ctl_master(): info: farm worker timeout set to 36000
1732842135.575951: 24363-7f01fea660c0: cdpl_server.c:5410: in cdpl_sv_ctl_master(): info: grid worker timeout set to 36000
1732842135.575953: 24363-7f01fea660c0: cdpl_server.c:5438: in cdpl_sv_ctl_master(): info: farm submit command failure threshold set to 100
1732842135.575988: 24363-7f01fea660c0: cdpl_farm.c:2268: in cdpl_farm_new_sh(): info: creating SH farm on localhost
1732842135.576004: 24363-7f01fea660c0: cdpl_compat_master.c:207: in _set_farm_env(): info: exporting CDPL_LOGDIR as `/home/eng/d/dal852207/cad/gf65/primelib_gf65/Proj6_DRC_LVS/OAI22/runtime/cdpl/pid24363'
1732842135.576007: 24363-7f01fea660c0: cdpl_compat_master.c:213: in _set_farm_env(): info: exporting CDPL_TMPDIR as `/var/tmp'
1732842135.576009: 24363-7f01fea660c0: cdpl_compat_master.c:220: in _set_farm_env(): info: exporting CDPL_HOME as `/proj/cad/synopsys/synopsys_2021/primelib/T-2022.03-SP1/cdpl_runtime_linux64'
1732842135.576011: 24363-7f01fea660c0: cdpl_compat_master.c:227: in _set_farm_env(): info: exporting SNPSLMD_LICENSE_FILE as `1700@engdmv.utdallas.edu'
1732842135.576014: 24363-7f01fea660c0: cdpl_compat_master.c:247: in _set_farm_env(): info: exporting CDPL_OPTIONS as `[filter][nowlogs]'
1732842135.576016: 24363-7f01fea660c0: cdpl_compat_master.c:254: in _set_farm_env(): info: exporting DISPLAY as `:1022'
1732842135.576018: 24363-7f01fea660c0: cdpl_compat_master.c:262: in _set_farm_env(): info: exporting CDPL_HEARTBEAT as `60'
1732842135.576021: 24363-7f01fea660c0: cdpl_compat_master.c:348: in _set_farm_env(): info: exporting SIS_MALIBU as `2'
1732842135.576022: 24363-7f01fea660c0: cdpl_compat_master.c:348: in _set_farm_env(): info: exporting SIS_CDPL as `5'
1732842135.622822: 24363-7f01fea660c0: cdpl_server.c:738: in cdpl_sv_new_job(): info: new job J1 in M1
1732842135.622842: 24363-7f01fea660c0: cdpl_compat_master.c:1314: in _add_worker(): info: new worker type 100, min:1, max:1, cmd:`/home/eng/d/dal852207/cad/gf65/primelib_gf65/Proj6_DRC_LVS/OAI22/runtime/cdpl/pid24363/run_24363.sh'
1732842135.622852: 24363-7f01fea660c0: cdpl_server.c:900: in cdpl_sv_new_bin_withfarm(): info: new bin B1 in J1
1732842135.631011: 24363-7f01fea660c0: cdpl_server.c:3116: in cdpl_sv_start_job(): info: starting job J1
1732842135.639742: 24363-7f01fea660c0: cdpl_server.c:1824: in _sv_gen_task(): info: new task T0 in B1 (prio 3)
1732842135.639757: 24363-7f01fea660c0: cdpl_server.c:2558: in cdpl_sv_label_task_va(): info: setting task T0 label to "leakage_power__ACQ_1 of OAI22"
1732842135.639818: 24363-7f01fea660c0: cdpl_server.c:1824: in _sv_gen_task(): info: new task T1 in B1 (prio 5)
1732842135.639877: 24363-7f01e676a700: cdpl_server_sched.c:700: in _sv_launch_worker(): info: started worker W1 (as C1) in bin B1
1732842135.639899: 24363-7f01e5f69700: cdpl_farm.c:1899: in _schedule(): info: worker submit failure threshold set to 100
1732842135.639910: 24363-7f01fea660c0: cdpl_server.c:2558: in cdpl_sv_label_task_va(): info: setting task T1 label to "Cin__VSS__hl__ACQ_1 of OAI22"
1732842135.639917: 24363-7f01e5f69700: cdpl_sh.c:49: in _sh_detached_submit(): info: SH : /home/eng/d/dal852207/cad/gf65/primelib_gf65/Proj6_DRC_LVS/OAI22/runtime/cdpl/pid24363/run_24363.sh
1732842135.643349: 24363-7f01fea660c0: cdpl_server.c:1824: in _sv_gen_task(): info: new task T2 in B1 (prio 5)
1732842135.643385: 24363-7f01fea660c0: cdpl_server.c:2558: in cdpl_sv_label_task_va(): info: setting task T2 label to "Cin__VSS__lh__ACQ_1 of OAI22"
1732842135.643995: 24363-7f01fea660c0: cdpl_server.c:1824: in _sv_gen_task(): info: new task T3 in B1 (prio 2)
1732842135.644001: 24363-7f01fea660c0: cdpl_server.c:2558: in cdpl_sv_label_task_va(): info: setting task T3 label to "delay__A__hl__OUT__lh__ACQ_1 of OAI22"
1732842135.644098: 24363-7f01fea660c0: cdpl_server.c:1824: in _sv_gen_task(): info: new task T4 in B1 (prio 2)
1732842135.644105: 24363-7f01fea660c0: cdpl_server.c:2558: in cdpl_sv_label_task_va(): info: setting task T4 label to "delay__A__lh__OUT__hl__ACQ_1 of OAI22"
1732842135.644201: 24363-7f01fea660c0: cdpl_server.c:1824: in _sv_gen_task(): info: new task T5 in B1 (prio 2)
1732842135.644205: 24363-7f01fea660c0: cdpl_server.c:2558: in cdpl_sv_label_task_va(): info: setting task T5 label to "delay__B__hl__OUT__lh__ACQ_1 of OAI22"
1732842135.644262: 24363-7f01fea660c0: cdpl_server.c:1824: in _sv_gen_task(): info: new task T6 in B1 (prio 2)
1732842135.644265: 24363-7f01fea660c0: cdpl_server.c:2558: in cdpl_sv_label_task_va(): info: setting task T6 label to "delay__B__lh__OUT__hl__ACQ_1 of OAI22"
1732842135.644303: 24363-7f01fea660c0: cdpl_server.c:1824: in _sv_gen_task(): info: new task T7 in B1 (prio 2)
1732842135.644306: 24363-7f01fea660c0: cdpl_server.c:2558: in cdpl_sv_label_task_va(): info: setting task T7 label to "delay__C__hl__OUT__lh__ACQ_1 of OAI22"
1732842135.644347: 24363-7f01fea660c0: cdpl_server.c:1824: in _sv_gen_task(): info: new task T8 in B1 (prio 2)
1732842135.644349: 24363-7f01fea660c0: cdpl_server.c:2558: in cdpl_sv_label_task_va(): info: setting task T8 label to "delay__C__lh__OUT__hl__ACQ_1 of OAI22"
1732842135.644387: 24363-7f01fea660c0: cdpl_server.c:1824: in _sv_gen_task(): info: new task T9 in B1 (prio 2)
1732842135.644392: 24363-7f01fea660c0: cdpl_server.c:2558: in cdpl_sv_label_task_va(): info: setting task T9 label to "delay__D__hl__OUT__lh__ACQ_1 of OAI22"
1732842135.644427: 24363-7f01fea660c0: cdpl_server.c:1824: in _sv_gen_task(): info: new task T10 in B1 (prio 2)
1732842135.644430: 24363-7f01fea660c0: cdpl_server.c:2558: in cdpl_sv_label_task_va(): info: setting task T10 label to "delay__D__lh__OUT__hl__ACQ_1 of OAI22"
1732842135.644472: 24363-7f01fea660c0: cdpl_server.c:1824: in _sv_gen_task(): info: new task T11 in B1 (prio 5)
1732842135.644475: 24363-7f01fea660c0: cdpl_server.c:2558: in cdpl_sv_label_task_va(): info: setting task T11 label to "Cin__VDD__hl__ACQ_1 of OAI22"
1732842135.644506: 24363-7f01fea660c0: cdpl_server.c:1824: in _sv_gen_task(): info: new task T12 in B1 (prio 5)
1732842135.644508: 24363-7f01fea660c0: cdpl_server.c:2558: in cdpl_sv_label_task_va(): info: setting task T12 label to "Cin__VDD__lh__ACQ_1 of OAI22"
1732842136.280925: 24363-7f01e6f6b700: cdpl_server_ipc.c:452: in _sv_on_hello(): info: W1 is `10.182.66.68:46566'
1732842136.280945: 24363-7f01e6f6b700: cdpl_server_ipc.c:454: in _sv_on_hello(): info: W1 log file is /dev/null
1732842136.280953: 24363-7f01e6f6b700: cdpl_server_ipc.c:481: in _sv_on_hello(): info: up to 1 alive workers in B1
1732842136.281015: 24363-7f01e676a700: cdpl_server_sched.c:955: in _assign(): info: assigning task T3 to worker W1
1732842143.122778: 24363-7f01e6f6b700: cdpl_server_ipc.c:857: in _sv_on_finish(): info: worker W1 completed task T3
1732842143.122827: 24363-7f01e676a700: cdpl_server_sched.c:955: in _assign(): info: assigning task T4 to worker W1
1732842149.639162: 24363-7f01e6f6b700: cdpl_server_ipc.c:857: in _sv_on_finish(): info: worker W1 completed task T4
1732842149.639212: 24363-7f01e676a700: cdpl_server_sched.c:955: in _assign(): info: assigning task T5 to worker W1
1732842156.117356: 24363-7f01e6f6b700: cdpl_server_ipc.c:857: in _sv_on_finish(): info: worker W1 completed task T5
1732842156.117394: 24363-7f01e676a700: cdpl_server_sched.c:955: in _assign(): info: assigning task T6 to worker W1
1732842162.667287: 24363-7f01e6f6b700: cdpl_server_ipc.c:857: in _sv_on_finish(): info: worker W1 completed task T6
1732842162.667329: 24363-7f01e676a700: cdpl_server_sched.c:955: in _assign(): info: assigning task T7 to worker W1
1732842169.246566: 24363-7f01e6f6b700: cdpl_server_ipc.c:857: in _sv_on_finish(): info: worker W1 completed task T7
1732842169.246832: 24363-7f01e676a700: cdpl_server_sched.c:955: in _assign(): info: assigning task T8 to worker W1
1732842175.794425: 24363-7f01e6f6b700: cdpl_server_ipc.c:857: in _sv_on_finish(): info: worker W1 completed task T8
1732842175.794460: 24363-7f01e676a700: cdpl_server_sched.c:955: in _assign(): info: assigning task T9 to worker W1
1732842182.260334: 24363-7f01e6f6b700: cdpl_server_ipc.c:857: in _sv_on_finish(): info: worker W1 completed task T9
1732842182.260372: 24363-7f01e676a700: cdpl_server_sched.c:955: in _assign(): info: assigning task T10 to worker W1
1732842188.709225: 24363-7f01e6f6b700: cdpl_server_ipc.c:857: in _sv_on_finish(): info: worker W1 completed task T10
1732842188.709267: 24363-7f01e676a700: cdpl_server_sched.c:955: in _assign(): info: assigning task T0 to worker W1
1732842195.049990: 24363-7f01e6f6b700: cdpl_server_ipc.c:857: in _sv_on_finish(): info: worker W1 completed task T0
1732842195.050033: 24363-7f01e676a700: cdpl_server_sched.c:955: in _assign(): info: assigning task T1 to worker W1
1732842201.300426: 24363-7f01e6f6b700: cdpl_server_ipc.c:857: in _sv_on_finish(): info: worker W1 completed task T1
1732842201.300468: 24363-7f01e676a700: cdpl_server_sched.c:955: in _assign(): info: assigning task T2 to worker W1
1732842207.509522: 24363-7f01e6f6b700: cdpl_server_ipc.c:857: in _sv_on_finish(): info: worker W1 completed task T2
1732842207.509796: 24363-7f01e676a700: cdpl_server_sched.c:955: in _assign(): info: assigning task T11 to worker W1
1732842213.867579: 24363-7f01e6f6b700: cdpl_server_ipc.c:857: in _sv_on_finish(): info: worker W1 completed task T11
1732842213.867624: 24363-7f01e676a700: cdpl_server_sched.c:955: in _assign(): info: assigning task T12 to worker W1
1732842220.247965: 24363-7f01e6f6b700: cdpl_server_ipc.c:857: in _sv_on_finish(): info: worker W1 completed task T12
1732842332.117057: 24363-7f01fea660c0: cdpl_compat_master.c:5152: in cdplMasterLogInfo(): info: [non-CDPL log entry] Ending current CDPL job
1732842332.117343: 24363-7f01fea660c0: cdpl_server.c:2890: in cdpl_sv_halt_job_errno(): info: stopping job J1
1732842332.117423: 24363-7f01e676a700: cdpl_server_sched.c:2711: in _sv_drop_worker(): info: down to 0 alive workers in B1
1732842332.117478: 24363-7f01fea660c0: cdpl_server.c:2875: in cdpl_sv_halt_job_errno(): info: killing job J1
1732842332.117484: 24363-7f01fea660c0: cdpl_server.c:288: in _sv_free_job(): info: freeing job J1
1732842332.117535: 24363-7f01fea660c0: cdpl_farm.c:2395: in cdpl_farm_free(): info: freeing farm
1732842332.117810: 24363-7f01fea660c0: cdpl_server.c:3011: in cdpl_sv_free(): info: freeing server S350730379
1732842332.117814: 24363-7f01fea660c0: cdpl_server.c:2976: in cdpl_sv_kill_errno(): info: killing server
1732842332.118040: 24363-7f01fea660c0: cdpl_server.c:328: in _sv_free_master(): info: freeing master M1
1732842332.118085: 24363-7f01fea660c0: cdpl_log.c:371: in cdpl_log_close(): info: @@end_of_log@@
