1731201011.402114: 5755-7f00f64250c0: cdpl_log.c:228: in cdpl_log_open(): info: @@start_of_log@@
1731201011.402140: 5755-7f00f64250c0: cdpl_log.c:866: in cdpl_log_dump_sysinfo(): info: time: 2024/11/09 19:10:11 CST -0600
1731201011.402143: 5755-7f00f64250c0: cdpl_log.c:868: in cdpl_log_dump_sysinfo(): info: version: T-2022.03 
1731201011.402145: 5755-7f00f64250c0: cdpl_log.c:870: in cdpl_log_dump_sysinfo(): info: system: Linux 3.10.0-1160.119.1.el7.x86_64 #1 SMP Tue May 14 11:55:25 EDT 2024
1731201011.402147: 5755-7f00f64250c0: cdpl_log.c:875: in cdpl_log_dump_sysinfo(): info: processor: x86_64 64-bits
1731201011.402148: 5755-7f00f64250c0: cdpl_log.c:879: in cdpl_log_dump_sysinfo(): info: hostname: engnx03a.utdallas.edu
1731201011.402150: 5755-7f00f64250c0: cdpl_log.c:230: in cdpl_log_open(): debug: path: /home/eng/d/dal852207/cad/gf65/primelib_gf65/AOI22/runtime/cdpl/pid5755/master.2.engnx03a.utdallas.edu.5755.log
1731201011.402153: 5755-7f00f64250c0: cdpl_log.c:231: in cdpl_log_open(): debug: dir: /home/eng/d/dal852207/cad/gf65/primelib_gf65/AOI22/runtime/cdpl/pid5755
1731201011.402162: 5755-7f00f64250c0: cdpl_log.c:758: in cdpl_log_set_filter(): info: filter level 1
1731201011.402168: 5755-7f00f64250c0: cdpl_server.c:543: in cdpl_sv_init(): info: new server S214668995
1731201011.402174: 5755-7f00f64250c0: cdpl_ipc.c:3030: in cdpl_ipc_init(): info: requesting IPv4 protocol
1731201011.402556: 5755-7f00f64250c0: cdpl_ipc.c:800: in _selectaddrfamily(): info: selected IPv4 protocol
1731201011.402772: 5755-7f00f64250c0: cdpl_server.c:657: in cdpl_sv_new_master(): info: new master M1
1731201011.402782: 5755-7f00f64250c0: cdpl_server.c:5494: in cdpl_sv_ctl_master(): info: Setting worker heartbeat to 60 seconds
1731201011.402783: 5755-7f00f64250c0: cdpl_server.c:5503: in cdpl_sv_ctl_master(): info: Setting worker heartbeat timeout to 3 heartbeats
1731201011.402787: 5755-7f00f64250c0: cdpl_compat_master.c:2407: in cdplInitMaster(): info: bcast dir is `/dev/null'
1731201011.402827: 5755-7f00f64250c0: cdpl_server.c:5394: in cdpl_sv_ctl_master(): info: farm worker timeout set to 36000
1731201011.402829: 5755-7f00f64250c0: cdpl_server.c:5410: in cdpl_sv_ctl_master(): info: grid worker timeout set to 36000
1731201011.402831: 5755-7f00f64250c0: cdpl_server.c:5438: in cdpl_sv_ctl_master(): info: farm submit command failure threshold set to 100
1731201011.402855: 5755-7f00f64250c0: cdpl_farm.c:2268: in cdpl_farm_new_sh(): info: creating SH farm on localhost
1731201011.402864: 5755-7f00f64250c0: cdpl_compat_master.c:207: in _set_farm_env(): info: exporting CDPL_LOGDIR as `/home/eng/d/dal852207/cad/gf65/primelib_gf65/AOI22/runtime/cdpl/pid5755'
1731201011.402867: 5755-7f00f64250c0: cdpl_compat_master.c:213: in _set_farm_env(): info: exporting CDPL_TMPDIR as `/var/tmp'
1731201011.402869: 5755-7f00f64250c0: cdpl_compat_master.c:220: in _set_farm_env(): info: exporting CDPL_HOME as `/proj/cad/synopsys/synopsys_2021/primelib/T-2022.03-SP1/cdpl_runtime_linux64'
1731201011.402871: 5755-7f00f64250c0: cdpl_compat_master.c:227: in _set_farm_env(): info: exporting SNPSLMD_LICENSE_FILE as `1700@engdmv.utdallas.edu'
1731201011.402874: 5755-7f00f64250c0: cdpl_compat_master.c:247: in _set_farm_env(): info: exporting CDPL_OPTIONS as `[filter][nowlogs]'
1731201011.402876: 5755-7f00f64250c0: cdpl_compat_master.c:254: in _set_farm_env(): info: exporting DISPLAY as `:1005'
1731201011.402878: 5755-7f00f64250c0: cdpl_compat_master.c:262: in _set_farm_env(): info: exporting CDPL_HEARTBEAT as `60'
1731201011.402880: 5755-7f00f64250c0: cdpl_compat_master.c:348: in _set_farm_env(): info: exporting SIS_MALIBU as `2'
1731201011.402882: 5755-7f00f64250c0: cdpl_compat_master.c:348: in _set_farm_env(): info: exporting SIS_CDPL as `5'
1731201011.448271: 5755-7f00f64250c0: cdpl_server.c:738: in cdpl_sv_new_job(): info: new job J1 in M1
1731201011.448287: 5755-7f00f64250c0: cdpl_compat_master.c:1314: in _add_worker(): info: new worker type 100, min:1, max:1, cmd:`/home/eng/d/dal852207/cad/gf65/primelib_gf65/AOI22/runtime/cdpl/pid5755/run_5755.sh'
1731201011.448296: 5755-7f00f64250c0: cdpl_server.c:900: in cdpl_sv_new_bin_withfarm(): info: new bin B1 in J1
1731201011.452837: 5755-7f00f64250c0: cdpl_server.c:3116: in cdpl_sv_start_job(): info: starting job J1
1731201011.459990: 5755-7f00f64250c0: cdpl_server.c:1824: in _sv_gen_task(): info: new task T0 in B1 (prio 3)
1731201011.459998: 5755-7f00f64250c0: cdpl_server.c:2558: in cdpl_sv_label_task_va(): info: setting task T0 label to "leakage_power__ACQ_1 of AOI22"
1731201011.460039: 5755-7f00f64250c0: cdpl_server.c:1824: in _sv_gen_task(): info: new task T1 in B1 (prio 5)
1731201011.460061: 5755-7f00de129700: cdpl_server_sched.c:700: in _sv_launch_worker(): info: started worker W1 (as C1) in bin B1
1731201011.460081: 5755-7f00dd928700: cdpl_farm.c:1899: in _schedule(): info: worker submit failure threshold set to 100
1731201011.460101: 5755-7f00dd928700: cdpl_sh.c:49: in _sh_detached_submit(): info: SH : /home/eng/d/dal852207/cad/gf65/primelib_gf65/AOI22/runtime/cdpl/pid5755/run_5755.sh
1731201011.460110: 5755-7f00f64250c0: cdpl_server.c:2558: in cdpl_sv_label_task_va(): info: setting task T1 label to "Cin__VSS__hl__ACQ_1 of AOI22"
1731201011.465297: 5755-7f00f64250c0: cdpl_server.c:1824: in _sv_gen_task(): info: new task T2 in B1 (prio 5)
1731201011.465324: 5755-7f00f64250c0: cdpl_server.c:2558: in cdpl_sv_label_task_va(): info: setting task T2 label to "Cin__VSS__lh__ACQ_1 of AOI22"
1731201011.465422: 5755-7f00f64250c0: cdpl_server.c:1824: in _sv_gen_task(): info: new task T3 in B1 (prio 2)
1731201011.465427: 5755-7f00f64250c0: cdpl_server.c:2558: in cdpl_sv_label_task_va(): info: setting task T3 label to "delay__VA__hl__OUT__lh__ACQ_1 of AOI22"
1731201011.465493: 5755-7f00f64250c0: cdpl_server.c:1824: in _sv_gen_task(): info: new task T4 in B1 (prio 2)
1731201011.465497: 5755-7f00f64250c0: cdpl_server.c:2558: in cdpl_sv_label_task_va(): info: setting task T4 label to "delay__VA__lh__OUT__hl__ACQ_1 of AOI22"
1731201011.465545: 5755-7f00f64250c0: cdpl_server.c:1824: in _sv_gen_task(): info: new task T5 in B1 (prio 2)
1731201011.465548: 5755-7f00f64250c0: cdpl_server.c:2558: in cdpl_sv_label_task_va(): info: setting task T5 label to "delay__VB__hl__OUT__lh__ACQ_1 of AOI22"
1731201011.465592: 5755-7f00f64250c0: cdpl_server.c:1824: in _sv_gen_task(): info: new task T6 in B1 (prio 2)
1731201011.465595: 5755-7f00f64250c0: cdpl_server.c:2558: in cdpl_sv_label_task_va(): info: setting task T6 label to "delay__VB__lh__OUT__hl__ACQ_1 of AOI22"
1731201011.465638: 5755-7f00f64250c0: cdpl_server.c:1824: in _sv_gen_task(): info: new task T7 in B1 (prio 2)
1731201011.465641: 5755-7f00f64250c0: cdpl_server.c:2558: in cdpl_sv_label_task_va(): info: setting task T7 label to "delay__VC__hl__OUT__lh__ACQ_1 of AOI22"
1731201011.465674: 5755-7f00f64250c0: cdpl_server.c:1824: in _sv_gen_task(): info: new task T8 in B1 (prio 2)
1731201011.465677: 5755-7f00f64250c0: cdpl_server.c:2558: in cdpl_sv_label_task_va(): info: setting task T8 label to "delay__VC__lh__OUT__hl__ACQ_1 of AOI22"
1731201011.465716: 5755-7f00f64250c0: cdpl_server.c:1824: in _sv_gen_task(): info: new task T9 in B1 (prio 2)
1731201011.465718: 5755-7f00f64250c0: cdpl_server.c:2558: in cdpl_sv_label_task_va(): info: setting task T9 label to "delay__VD__hl__OUT__lh__ACQ_1 of AOI22"
1731201011.465750: 5755-7f00f64250c0: cdpl_server.c:1824: in _sv_gen_task(): info: new task T10 in B1 (prio 2)
1731201011.465755: 5755-7f00f64250c0: cdpl_server.c:2558: in cdpl_sv_label_task_va(): info: setting task T10 label to "delay__VD__lh__OUT__hl__ACQ_1 of AOI22"
1731201011.465782: 5755-7f00f64250c0: cdpl_server.c:1824: in _sv_gen_task(): info: new task T11 in B1 (prio 5)
1731201011.465785: 5755-7f00f64250c0: cdpl_server.c:2558: in cdpl_sv_label_task_va(): info: setting task T11 label to "Cin__VDD__hl__ACQ_1 of AOI22"
1731201011.465826: 5755-7f00f64250c0: cdpl_server.c:1824: in _sv_gen_task(): info: new task T12 in B1 (prio 5)
1731201011.465829: 5755-7f00f64250c0: cdpl_server.c:2558: in cdpl_sv_label_task_va(): info: setting task T12 label to "Cin__VDD__lh__ACQ_1 of AOI22"
1731201012.117213: 5755-7f00de92a700: cdpl_server_ipc.c:452: in _sv_on_hello(): info: W1 is `10.182.66.68:34060'
1731201012.117230: 5755-7f00de92a700: cdpl_server_ipc.c:454: in _sv_on_hello(): info: W1 log file is /dev/null
1731201012.117250: 5755-7f00de92a700: cdpl_server_ipc.c:481: in _sv_on_hello(): info: up to 1 alive workers in B1
1731201012.117265: 5755-7f00de129700: cdpl_server_sched.c:955: in _assign(): info: assigning task T3 to worker W1
1731201019.368659: 5755-7f00de92a700: cdpl_server_ipc.c:857: in _sv_on_finish(): info: worker W1 completed task T3
1731201019.368681: 5755-7f00de129700: cdpl_server_sched.c:955: in _assign(): info: assigning task T4 to worker W1
1731201025.952463: 5755-7f00de92a700: cdpl_server_ipc.c:857: in _sv_on_finish(): info: worker W1 completed task T4
1731201025.952486: 5755-7f00de129700: cdpl_server_sched.c:955: in _assign(): info: assigning task T5 to worker W1
1731201032.635628: 5755-7f00de92a700: cdpl_server_ipc.c:857: in _sv_on_finish(): info: worker W1 completed task T5
1731201032.635654: 5755-7f00de129700: cdpl_server_sched.c:955: in _assign(): info: assigning task T6 to worker W1
1731201039.372372: 5755-7f00de92a700: cdpl_server_ipc.c:857: in _sv_on_finish(): info: worker W1 completed task T6
1731201039.372402: 5755-7f00de129700: cdpl_server_sched.c:955: in _assign(): info: assigning task T7 to worker W1
1731201045.965187: 5755-7f00de92a700: cdpl_server_ipc.c:857: in _sv_on_finish(): info: worker W1 completed task T7
1731201045.965211: 5755-7f00de129700: cdpl_server_sched.c:955: in _assign(): info: assigning task T8 to worker W1
1731201052.692910: 5755-7f00de92a700: cdpl_server_ipc.c:857: in _sv_on_finish(): info: worker W1 completed task T8
1731201052.693164: 5755-7f00de129700: cdpl_server_sched.c:955: in _assign(): info: assigning task T9 to worker W1
1731201059.408548: 5755-7f00de92a700: cdpl_server_ipc.c:857: in _sv_on_finish(): info: worker W1 completed task T9
1731201059.408583: 5755-7f00de129700: cdpl_server_sched.c:955: in _assign(): info: assigning task T10 to worker W1
1731201066.201064: 5755-7f00de92a700: cdpl_server_ipc.c:857: in _sv_on_finish(): info: worker W1 completed task T10
1731201066.201088: 5755-7f00de129700: cdpl_server_sched.c:955: in _assign(): info: assigning task T0 to worker W1
1731201072.881582: 5755-7f00de92a700: cdpl_server_ipc.c:857: in _sv_on_finish(): info: worker W1 completed task T0
1731201072.881607: 5755-7f00de129700: cdpl_server_sched.c:955: in _assign(): info: assigning task T1 to worker W1
1731201079.348285: 5755-7f00de92a700: cdpl_server_ipc.c:857: in _sv_on_finish(): info: worker W1 completed task T1
1731201079.348309: 5755-7f00de129700: cdpl_server_sched.c:955: in _assign(): info: assigning task T2 to worker W1
1731201085.929532: 5755-7f00de92a700: cdpl_server_ipc.c:857: in _sv_on_finish(): info: worker W1 completed task T2
1731201085.929770: 5755-7f00de129700: cdpl_server_sched.c:955: in _assign(): info: assigning task T11 to worker W1
1731201092.435417: 5755-7f00de92a700: cdpl_server_ipc.c:857: in _sv_on_finish(): info: worker W1 completed task T11
1731201092.435446: 5755-7f00de129700: cdpl_server_sched.c:955: in _assign(): info: assigning task T12 to worker W1
1731201099.016314: 5755-7f00de92a700: cdpl_server_ipc.c:857: in _sv_on_finish(): info: worker W1 completed task T12
1731201698.050812: 5755-7f00f64250c0: cdpl_compat_master.c:5152: in cdplMasterLogInfo(): info: [non-CDPL log entry] Ending current CDPL job
1731201698.051015: 5755-7f00f64250c0: cdpl_server.c:2890: in cdpl_sv_halt_job_errno(): info: stopping job J1
1731201698.051091: 5755-7f00de129700: cdpl_server_sched.c:2711: in _sv_drop_worker(): info: down to 0 alive workers in B1
1731201698.051130: 5755-7f00f64250c0: cdpl_server.c:2875: in cdpl_sv_halt_job_errno(): info: killing job J1
1731201698.051137: 5755-7f00f64250c0: cdpl_server.c:288: in _sv_free_job(): info: freeing job J1
1731201698.051159: 5755-7f00f64250c0: cdpl_farm.c:2395: in cdpl_farm_free(): info: freeing farm
1731201698.051213: 5755-7f00f64250c0: cdpl_server.c:3011: in cdpl_sv_free(): info: freeing server S214668995
1731201698.051218: 5755-7f00f64250c0: cdpl_server.c:2976: in cdpl_sv_kill_errno(): info: killing server
1731201698.051263: 5755-7f00f64250c0: cdpl_server.c:328: in _sv_free_master(): info: freeing master M1
1731201698.051391: 5755-7f00f64250c0: cdpl_log.c:371: in cdpl_log_close(): info: @@end_of_log@@
