1733168954.477930: 18634-7f06c18dc0c0: cdpl_log.c:228: in cdpl_log_open(): info: @@start_of_log@@
1733168954.477948: 18634-7f06c18dc0c0: cdpl_log.c:866: in cdpl_log_dump_sysinfo(): info: time: 2024/12/02 13:49:14 CST -0600
1733168954.477951: 18634-7f06c18dc0c0: cdpl_log.c:868: in cdpl_log_dump_sysinfo(): info: version: T-2022.03 
1733168954.477953: 18634-7f06c18dc0c0: cdpl_log.c:870: in cdpl_log_dump_sysinfo(): info: system: Linux 3.10.0-1160.119.1.el7.x86_64 #1 SMP Tue May 14 11:55:25 EDT 2024
1733168954.477955: 18634-7f06c18dc0c0: cdpl_log.c:875: in cdpl_log_dump_sysinfo(): info: processor: x86_64 64-bits
1733168954.477956: 18634-7f06c18dc0c0: cdpl_log.c:879: in cdpl_log_dump_sysinfo(): info: hostname: engnx01a.utdallas.edu
1733168954.477958: 18634-7f06c18dc0c0: cdpl_log.c:230: in cdpl_log_open(): debug: path: /home/eng/d/dal852207/cad/gf65/primelib_gf65/NAND2/runtime/cdpl/pid18634/master.engnx01a.utdallas.edu.18634.log
1733168954.477960: 18634-7f06c18dc0c0: cdpl_log.c:231: in cdpl_log_open(): debug: dir: /home/eng/d/dal852207/cad/gf65/primelib_gf65/NAND2/runtime/cdpl/pid18634
1733168954.477964: 18634-7f06c18dc0c0: cdpl_log.c:758: in cdpl_log_set_filter(): info: filter level 1
1733168954.477980: 18634-7f06c18dc0c0: cdpl_server.c:543: in cdpl_sv_init(): info: new server S732282312
1733168954.477985: 18634-7f06c18dc0c0: cdpl_ipc.c:3030: in cdpl_ipc_init(): info: requesting IPv4 protocol
1733168954.478411: 18634-7f06c18dc0c0: cdpl_ipc.c:800: in _selectaddrfamily(): info: selected IPv4 protocol
1733168954.478695: 18634-7f06c18dc0c0: cdpl_server.c:657: in cdpl_sv_new_master(): info: new master M1
1733168954.478705: 18634-7f06c18dc0c0: cdpl_server.c:5494: in cdpl_sv_ctl_master(): info: Setting worker heartbeat to 60 seconds
1733168954.478707: 18634-7f06c18dc0c0: cdpl_server.c:5503: in cdpl_sv_ctl_master(): info: Setting worker heartbeat timeout to 3 heartbeats
1733168954.478710: 18634-7f06c18dc0c0: cdpl_compat_master.c:2407: in cdplInitMaster(): info: bcast dir is `/dev/null'
1733168954.478748: 18634-7f06c18dc0c0: cdpl_server.c:5394: in cdpl_sv_ctl_master(): info: farm worker timeout set to 36000
1733168954.478750: 18634-7f06c18dc0c0: cdpl_server.c:5410: in cdpl_sv_ctl_master(): info: grid worker timeout set to 36000
1733168954.478752: 18634-7f06c18dc0c0: cdpl_server.c:5438: in cdpl_sv_ctl_master(): info: farm submit command failure threshold set to 100
1733168954.478768: 18634-7f06c18dc0c0: cdpl_farm.c:2268: in cdpl_farm_new_sh(): info: creating SH farm on localhost
1733168954.478779: 18634-7f06c18dc0c0: cdpl_compat_master.c:207: in _set_farm_env(): info: exporting CDPL_LOGDIR as `/home/eng/d/dal852207/cad/gf65/primelib_gf65/NAND2/runtime/cdpl/pid18634'
1733168954.478782: 18634-7f06c18dc0c0: cdpl_compat_master.c:213: in _set_farm_env(): info: exporting CDPL_TMPDIR as `/var/tmp'
1733168954.478784: 18634-7f06c18dc0c0: cdpl_compat_master.c:220: in _set_farm_env(): info: exporting CDPL_HOME as `/proj/cad/synopsys/synopsys_2021/primelib/T-2022.03-SP1/cdpl_runtime_linux64'
1733168954.478786: 18634-7f06c18dc0c0: cdpl_compat_master.c:227: in _set_farm_env(): info: exporting SNPSLMD_LICENSE_FILE as `1700@engdmv.utdallas.edu'
1733168954.478788: 18634-7f06c18dc0c0: cdpl_compat_master.c:247: in _set_farm_env(): info: exporting CDPL_OPTIONS as `[filter][nowlogs]'
1733168954.478790: 18634-7f06c18dc0c0: cdpl_compat_master.c:254: in _set_farm_env(): info: exporting DISPLAY as `:1022'
1733168954.478792: 18634-7f06c18dc0c0: cdpl_compat_master.c:262: in _set_farm_env(): info: exporting CDPL_HEARTBEAT as `60'
1733168954.478794: 18634-7f06c18dc0c0: cdpl_compat_master.c:348: in _set_farm_env(): info: exporting SIS_MALIBU as `2'
1733168954.478796: 18634-7f06c18dc0c0: cdpl_compat_master.c:348: in _set_farm_env(): info: exporting SIS_CDPL as `5'
1733168954.525433: 18634-7f06c18dc0c0: cdpl_server.c:738: in cdpl_sv_new_job(): info: new job J1 in M1
1733168954.525456: 18634-7f06c18dc0c0: cdpl_compat_master.c:1314: in _add_worker(): info: new worker type 100, min:1, max:1, cmd:`/home/eng/d/dal852207/cad/gf65/primelib_gf65/NAND2/runtime/cdpl/pid18634/run_18634.sh'
1733168954.525467: 18634-7f06c18dc0c0: cdpl_server.c:900: in cdpl_sv_new_bin_withfarm(): info: new bin B1 in J1
1733168954.538274: 18634-7f06c18dc0c0: cdpl_server.c:3116: in cdpl_sv_start_job(): info: starting job J1
1733168954.547509: 18634-7f06c18dc0c0: cdpl_server.c:1824: in _sv_gen_task(): info: new task T0 in B1 (prio 2)
1733168954.547520: 18634-7f06c18dc0c0: cdpl_server.c:2558: in cdpl_sv_label_task_va(): info: setting task T0 label to "delay__B__lh__OUT__hl__ACQ_1 of NAND2"
1733168954.547580: 18634-7f06c18dc0c0: cdpl_server.c:1824: in _sv_gen_task(): info: new task T1 in B1 (prio 2)
1733168954.547623: 18634-7f06a95df700: cdpl_server_sched.c:700: in _sv_launch_worker(): info: started worker W1 (as C1) in bin B1
1733168954.547642: 18634-7f06c18dc0c0: cdpl_server.c:2558: in cdpl_sv_label_task_va(): info: setting task T1 label to "delay__B__hl__OUT__lh__ACQ_1 of NAND2"
1733168954.547661: 18634-7f06a8dde700: cdpl_farm.c:1899: in _schedule(): info: worker submit failure threshold set to 100
1733168954.547686: 18634-7f06a8dde700: cdpl_sh.c:49: in _sh_detached_submit(): info: SH : /home/eng/d/dal852207/cad/gf65/primelib_gf65/NAND2/runtime/cdpl/pid18634/run_18634.sh
1733168954.547697: 18634-7f06c18dc0c0: cdpl_server.c:1824: in _sv_gen_task(): info: new task T2 in B1 (prio 3)
1733168954.547703: 18634-7f06c18dc0c0: cdpl_server.c:2558: in cdpl_sv_label_task_va(): info: setting task T2 label to "leakage_power__ACQ_1 of NAND2"
1733168954.550603: 18634-7f06c18dc0c0: cdpl_server.c:1824: in _sv_gen_task(): info: new task T3 in B1 (prio 5)
1733168954.550617: 18634-7f06c18dc0c0: cdpl_server.c:2558: in cdpl_sv_label_task_va(): info: setting task T3 label to "Cin__VSS__lh__ACQ_1 of NAND2"
1733168954.550675: 18634-7f06c18dc0c0: cdpl_server.c:1824: in _sv_gen_task(): info: new task T4 in B1 (prio 5)
1733168954.550678: 18634-7f06c18dc0c0: cdpl_server.c:2558: in cdpl_sv_label_task_va(): info: setting task T4 label to "Cin__VSS__hl__ACQ_1 of NAND2"
1733168954.550724: 18634-7f06c18dc0c0: cdpl_server.c:1824: in _sv_gen_task(): info: new task T5 in B1 (prio 2)
1733168954.550727: 18634-7f06c18dc0c0: cdpl_server.c:2558: in cdpl_sv_label_task_va(): info: setting task T5 label to "delay__A__lh__OUT__hl__ACQ_1 of NAND2"
1733168954.550770: 18634-7f06c18dc0c0: cdpl_server.c:1824: in _sv_gen_task(): info: new task T6 in B1 (prio 2)
1733168954.550772: 18634-7f06c18dc0c0: cdpl_server.c:2558: in cdpl_sv_label_task_va(): info: setting task T6 label to "delay__A__hl__OUT__lh__ACQ_1 of NAND2"
1733168954.550808: 18634-7f06c18dc0c0: cdpl_server.c:1824: in _sv_gen_task(): info: new task T7 in B1 (prio 5)
1733168954.550810: 18634-7f06c18dc0c0: cdpl_server.c:2558: in cdpl_sv_label_task_va(): info: setting task T7 label to "Cin__VDD__lh__ACQ_1 of NAND2"
1733168954.550852: 18634-7f06c18dc0c0: cdpl_server.c:1824: in _sv_gen_task(): info: new task T8 in B1 (prio 5)
1733168954.550855: 18634-7f06c18dc0c0: cdpl_server.c:2558: in cdpl_sv_label_task_va(): info: setting task T8 label to "Cin__VDD__hl__ACQ_1 of NAND2"
1733168955.235045: 18634-7f06a9de0700: cdpl_server_ipc.c:452: in _sv_on_hello(): info: W1 is `10.182.66.66:46694'
1733168955.235063: 18634-7f06a9de0700: cdpl_server_ipc.c:454: in _sv_on_hello(): info: W1 log file is /dev/null
1733168955.235071: 18634-7f06a9de0700: cdpl_server_ipc.c:481: in _sv_on_hello(): info: up to 1 alive workers in B1
1733168955.235103: 18634-7f06a95df700: cdpl_server_sched.c:955: in _assign(): info: assigning task T0 to worker W1
1733168962.171325: 18634-7f06a9de0700: cdpl_server_ipc.c:857: in _sv_on_finish(): info: worker W1 completed task T0
1733168962.171680: 18634-7f06a95df700: cdpl_server_sched.c:955: in _assign(): info: assigning task T1 to worker W1
1733168968.706536: 18634-7f06a9de0700: cdpl_server_ipc.c:857: in _sv_on_finish(): info: worker W1 completed task T1
1733168968.706579: 18634-7f06a95df700: cdpl_server_sched.c:955: in _assign(): info: assigning task T5 to worker W1
1733168975.177202: 18634-7f06a9de0700: cdpl_server_ipc.c:857: in _sv_on_finish(): info: worker W1 completed task T5
1733168975.177453: 18634-7f06a95df700: cdpl_server_sched.c:955: in _assign(): info: assigning task T6 to worker W1
1733168981.768114: 18634-7f06a9de0700: cdpl_server_ipc.c:857: in _sv_on_finish(): info: worker W1 completed task T6
1733168981.768170: 18634-7f06a95df700: cdpl_server_sched.c:955: in _assign(): info: assigning task T2 to worker W1
1733168988.229587: 18634-7f06a9de0700: cdpl_server_ipc.c:857: in _sv_on_finish(): info: worker W1 completed task T2
1733168988.229630: 18634-7f06a95df700: cdpl_server_sched.c:955: in _assign(): info: assigning task T3 to worker W1
1733168994.654898: 18634-7f06a9de0700: cdpl_server_ipc.c:857: in _sv_on_finish(): info: worker W1 completed task T3
1733168994.654933: 18634-7f06a95df700: cdpl_server_sched.c:955: in _assign(): info: assigning task T4 to worker W1
1733169001.316864: 18634-7f06a9de0700: cdpl_server_ipc.c:857: in _sv_on_finish(): info: worker W1 completed task T4
1733169001.317724: 18634-7f06a95df700: cdpl_server_sched.c:955: in _assign(): info: assigning task T7 to worker W1
1733169007.779865: 18634-7f06a9de0700: cdpl_server_ipc.c:857: in _sv_on_finish(): info: worker W1 completed task T7
1733169007.780157: 18634-7f06a95df700: cdpl_server_sched.c:955: in _assign(): info: assigning task T8 to worker W1
1733169014.375104: 18634-7f06a9de0700: cdpl_server_ipc.c:857: in _sv_on_finish(): info: worker W1 completed task T8
1733169131.540035: 18634-7f06c18dc0c0: cdpl_compat_master.c:5152: in cdplMasterLogInfo(): info: [non-CDPL log entry] Ending current CDPL job
1733169131.540230: 18634-7f06c18dc0c0: cdpl_server.c:2890: in cdpl_sv_halt_job_errno(): info: stopping job J1
1733169131.540394: 18634-7f06a95df700: cdpl_server_sched.c:2711: in _sv_drop_worker(): info: down to 0 alive workers in B1
1733169131.540460: 18634-7f06c18dc0c0: cdpl_server.c:2875: in cdpl_sv_halt_job_errno(): info: killing job J1
1733169131.540467: 18634-7f06c18dc0c0: cdpl_server.c:288: in _sv_free_job(): info: freeing job J1
1733169131.540512: 18634-7f06c18dc0c0: cdpl_farm.c:2395: in cdpl_farm_free(): info: freeing farm
1733169131.540793: 18634-7f06c18dc0c0: cdpl_server.c:3011: in cdpl_sv_free(): info: freeing server S732282312
1733169131.540796: 18634-7f06c18dc0c0: cdpl_server.c:2976: in cdpl_sv_kill_errno(): info: killing server
1733169131.540828: 18634-7f06c18dc0c0: cdpl_server.c:328: in _sv_free_master(): info: freeing master M1
1733169131.540874: 18634-7f06c18dc0c0: cdpl_log.c:371: in cdpl_log_close(): info: @@end_of_log@@
