Analysis & Synthesis report for UART_Rx
Sat Jul  6 16:49:51 2024
Quartus Prime Version 22.1std.2 Build 922 07/20/2023 SC Lite Edition


---------------------
; Table of Contents ;
---------------------
  1. Legal Notice
  2. Analysis & Synthesis Summary
  3. Analysis & Synthesis Settings
  4. Parallel Compilation
  5. Analysis & Synthesis Source Files Read
  6. Analysis & Synthesis Resource Usage Summary
  7. Analysis & Synthesis Resource Utilization by Entity
  8. State Machine - |UART_Rx|Datapath_Unit_Rx:M1|Bit_counter
  9. State Machine - |UART_Rx|Control_Unit_Rx:M0|state
 10. Registers Removed During Synthesis
 11. Removed Registers Triggering Further Register Optimizations
 12. General Register Statistics
 13. Multiplexer Restructuring Statistics (Restructuring Performed)
 14. Parameter Settings for User Entity Instance: Top-level Entity: |UART_Rx
 15. Parameter Settings for User Entity Instance: Control_Unit_Rx:M0
 16. Parameter Settings for User Entity Instance: Datapath_Unit_Rx:M1
 17. Post-Synthesis Netlist Statistics for Top Partition
 18. Elapsed Time Per Partition
 19. Analysis & Synthesis Messages



----------------
; Legal Notice ;
----------------
Copyright (C) 2023  Intel Corporation. All rights reserved.
Your use of Intel Corporation's design tools, logic functions 
and other software and tools, and any partner logic 
functions, and any output files from any of the foregoing 
(including device programming or simulation files), and any 
associated documentation or information are expressly subject 
to the terms and conditions of the Intel Program License 
Subscription Agreement, the Intel Quartus Prime License Agreement,
the Intel FPGA IP License Agreement, or other applicable license
agreement, including, without limitation, that your use is for
the sole purpose of programming logic devices manufactured by
Intel and sold by Intel or its authorized distributors.  Please
refer to the applicable agreement for further details, at
https://fpgasoftware.intel.com/eula.



+----------------------------------------------------------------------------------+
; Analysis & Synthesis Summary                                                     ;
+---------------------------------+------------------------------------------------+
; Analysis & Synthesis Status     ; Successful - Sat Jul  6 16:49:51 2024          ;
; Quartus Prime Version           ; 22.1std.2 Build 922 07/20/2023 SC Lite Edition ;
; Revision Name                   ; UART_Rx                                        ;
; Top-level Entity Name           ; UART_Rx                                        ;
; Family                          ; Cyclone V                                      ;
; Logic utilization (in ALMs)     ; N/A                                            ;
; Total registers                 ; 0                                              ;
; Total pins                      ; 15                                             ;
; Total virtual pins              ; 0                                              ;
; Total block memory bits         ; 0                                              ;
; Total DSP Blocks                ; 0                                              ;
; Total HSSI RX PCSs              ; 0                                              ;
; Total HSSI PMA RX Deserializers ; 0                                              ;
; Total HSSI TX PCSs              ; 0                                              ;
; Total HSSI PMA TX Serializers   ; 0                                              ;
; Total PLLs                      ; 0                                              ;
; Total DLLs                      ; 0                                              ;
+---------------------------------+------------------------------------------------+


+---------------------------------------------------------------------------------------------------------------------------+
; Analysis & Synthesis Settings                                                                                             ;
+---------------------------------------------------------------------------------+--------------------+--------------------+
; Option                                                                          ; Setting            ; Default Value      ;
+---------------------------------------------------------------------------------+--------------------+--------------------+
; Device                                                                          ; 5CSEMA5F31C6       ;                    ;
; Top-level entity name                                                           ; UART_Rx            ; UART_Rx            ;
; Family name                                                                     ; Cyclone V          ; Cyclone V          ;
; Use smart compilation                                                           ; Off                ; Off                ;
; Enable parallel Assembler and Timing Analyzer during compilation                ; On                 ; On                 ;
; Enable compact report table                                                     ; Off                ; Off                ;
; Restructure Multiplexers                                                        ; Auto               ; Auto               ;
; MLAB Add Timing Constraints For Mixed-Port Feed-Through Mode Setting Don't Care ; Off                ; Off                ;
; Create Debugging Nodes for IP Cores                                             ; Off                ; Off                ;
; Preserve fewer node names                                                       ; On                 ; On                 ;
; Intel FPGA IP Evaluation Mode                                                   ; Enable             ; Enable             ;
; Verilog Version                                                                 ; Verilog_2001       ; Verilog_2001       ;
; VHDL Version                                                                    ; VHDL_1993          ; VHDL_1993          ;
; State Machine Processing                                                        ; Auto               ; Auto               ;
; Safe State Machine                                                              ; Off                ; Off                ;
; Extract Verilog State Machines                                                  ; On                 ; On                 ;
; Extract VHDL State Machines                                                     ; On                 ; On                 ;
; Ignore Verilog initial constructs                                               ; Off                ; Off                ;
; Iteration limit for constant Verilog loops                                      ; 5000               ; 5000               ;
; Iteration limit for non-constant Verilog loops                                  ; 250                ; 250                ;
; Add Pass-Through Logic to Inferred RAMs                                         ; On                 ; On                 ;
; Infer RAMs from Raw Logic                                                       ; On                 ; On                 ;
; Parallel Synthesis                                                              ; On                 ; On                 ;
; DSP Block Balancing                                                             ; Auto               ; Auto               ;
; NOT Gate Push-Back                                                              ; On                 ; On                 ;
; Power-Up Don't Care                                                             ; On                 ; On                 ;
; Remove Redundant Logic Cells                                                    ; Off                ; Off                ;
; Remove Duplicate Registers                                                      ; On                 ; On                 ;
; Ignore CARRY Buffers                                                            ; Off                ; Off                ;
; Ignore CASCADE Buffers                                                          ; Off                ; Off                ;
; Ignore GLOBAL Buffers                                                           ; Off                ; Off                ;
; Ignore ROW GLOBAL Buffers                                                       ; Off                ; Off                ;
; Ignore LCELL Buffers                                                            ; Off                ; Off                ;
; Ignore SOFT Buffers                                                             ; On                 ; On                 ;
; Limit AHDL Integers to 32 Bits                                                  ; Off                ; Off                ;
; Optimization Technique                                                          ; Balanced           ; Balanced           ;
; Carry Chain Length                                                              ; 70                 ; 70                 ;
; Auto Carry Chains                                                               ; On                 ; On                 ;
; Auto Open-Drain Pins                                                            ; On                 ; On                 ;
; Perform WYSIWYG Primitive Resynthesis                                           ; Off                ; Off                ;
; Auto ROM Replacement                                                            ; On                 ; On                 ;
; Auto RAM Replacement                                                            ; On                 ; On                 ;
; Auto DSP Block Replacement                                                      ; On                 ; On                 ;
; Auto Shift Register Replacement                                                 ; Auto               ; Auto               ;
; Allow Shift Register Merging across Hierarchies                                 ; Auto               ; Auto               ;
; Auto Clock Enable Replacement                                                   ; On                 ; On                 ;
; Strict RAM Replacement                                                          ; Off                ; Off                ;
; Allow Synchronous Control Signals                                               ; On                 ; On                 ;
; Force Use of Synchronous Clear Signals                                          ; Off                ; Off                ;
; Auto Resource Sharing                                                           ; Off                ; Off                ;
; Allow Any RAM Size For Recognition                                              ; Off                ; Off                ;
; Allow Any ROM Size For Recognition                                              ; Off                ; Off                ;
; Allow Any Shift Register Size For Recognition                                   ; Off                ; Off                ;
; Use LogicLock Constraints during Resource Balancing                             ; On                 ; On                 ;
; Ignore translate_off and synthesis_off directives                               ; Off                ; Off                ;
; Timing-Driven Synthesis                                                         ; On                 ; On                 ;
; Report Parameter Settings                                                       ; On                 ; On                 ;
; Report Source Assignments                                                       ; On                 ; On                 ;
; Report Connectivity Checks                                                      ; On                 ; On                 ;
; Ignore Maximum Fan-Out Assignments                                              ; Off                ; Off                ;
; Synchronization Register Chain Length                                           ; 3                  ; 3                  ;
; Power Optimization During Synthesis                                             ; Normal compilation ; Normal compilation ;
; HDL message level                                                               ; Level2             ; Level2             ;
; Suppress Register Optimization Related Messages                                 ; Off                ; Off                ;
; Number of Removed Registers Reported in Synthesis Report                        ; 5000               ; 5000               ;
; Number of Swept Nodes Reported in Synthesis Report                              ; 5000               ; 5000               ;
; Number of Inverted Registers Reported in Synthesis Report                       ; 100                ; 100                ;
; Clock MUX Protection                                                            ; On                 ; On                 ;
; Auto Gated Clock Conversion                                                     ; Off                ; Off                ;
; Block Design Naming                                                             ; Auto               ; Auto               ;
; SDC constraint protection                                                       ; Off                ; Off                ;
; Synthesis Effort                                                                ; Auto               ; Auto               ;
; Shift Register Replacement - Allow Asynchronous Clear Signal                    ; On                 ; On                 ;
; Pre-Mapping Resynthesis Optimization                                            ; Off                ; Off                ;
; Analysis & Synthesis Message Level                                              ; Medium             ; Medium             ;
; Disable Register Merging Across Hierarchies                                     ; Auto               ; Auto               ;
; Resource Aware Inference For Block RAM                                          ; On                 ; On                 ;
; Automatic Parallel Synthesis                                                    ; On                 ; On                 ;
; Partial Reconfiguration Bitstream ID                                            ; Off                ; Off                ;
+---------------------------------------------------------------------------------+--------------------+--------------------+


+------------------------------------------+
; Parallel Compilation                     ;
+----------------------------+-------------+
; Processors                 ; Number      ;
+----------------------------+-------------+
; Number detected on machine ; 16          ;
; Maximum allowed            ; 16          ;
;                            ;             ;
; Average used               ; 1.00        ;
; Maximum used               ; 1           ;
;                            ;             ;
; Usage by Processor         ; % Time Used ;
;     Processor 1            ; 100.0%      ;
+----------------------------+-------------+


+---------------------------------------------------------------------------------------------------------------------------------------------------------------------------------------------------------------------------------+
; Analysis & Synthesis Source Files Read                                                                                                                                                                                          ;
+--------------------------------------+-----------------+------------------------+-------------------------------------------------------------------------------------------------------------------------------------+---------+
; File Name with User-Entered Path     ; Used in Netlist ; File Type              ; File Name with Absolute Path                                                                                                        ; Library ;
+--------------------------------------+-----------------+------------------------+-------------------------------------------------------------------------------------------------------------------------------------+---------+
; ../DataPath_ Unit/Datapath_Unit_Rx.v ; yes             ; User Verilog HDL File  ; C:/Users/lmnjm/OneDrive/Documents/Summer 2024/EE417 Programmable Logic Devices/Lecture 08/HW_8/Q2/DataPath_ Unit/Datapath_Unit_Rx.v ;         ;
; ../Controller_Unit/Control_Unit_Rx.v ; yes             ; User Verilog HDL File  ; C:/Users/lmnjm/OneDrive/Documents/Summer 2024/EE417 Programmable Logic Devices/Lecture 08/HW_8/Q2/Controller_Unit/Control_Unit_Rx.v ;         ;
; UART_Rx.v                            ; yes             ; User Verilog HDL File  ; C:/Users/lmnjm/OneDrive/Documents/Summer 2024/EE417 Programmable Logic Devices/Lecture 08/HW_8/Q2/UART_Rx_Unit/UART_Rx.v            ;         ;
+--------------------------------------+-----------------+------------------------+-------------------------------------------------------------------------------------------------------------------------------------+---------+


+--------------------------------------------------------------------+
; Analysis & Synthesis Resource Usage Summary                        ;
+---------------------------------------------+----------------------+
; Resource                                    ; Usage                ;
+---------------------------------------------+----------------------+
; Estimate of Logic utilization (ALMs needed) ; 0                    ;
;                                             ;                      ;
; Combinational ALUT usage for logic          ; 0                    ;
;     -- 7 input functions                    ; 0                    ;
;     -- 6 input functions                    ; 0                    ;
;     -- 5 input functions                    ; 0                    ;
;     -- 4 input functions                    ; 0                    ;
;     -- <=3 input functions                  ; 0                    ;
;                                             ;                      ;
; Dedicated logic registers                   ; 0                    ;
;                                             ;                      ;
; I/O pins                                    ; 15                   ;
;                                             ;                      ;
; Total DSP Blocks                            ; 0                    ;
;                                             ;                      ;
; Maximum fan-out node                        ; Rx_datareg[0]~output ;
; Maximum fan-out                             ; 1                    ;
; Total fan-out                               ; 15                   ;
; Average fan-out                             ; 0.50                 ;
+---------------------------------------------+----------------------+


+----------------------------------------------------------------------------------------------------------------------------------------------------------------------------------------+
; Analysis & Synthesis Resource Utilization by Entity                                                                                                                                    ;
+----------------------------+---------------------+---------------------------+-------------------+------------+------+--------------+---------------------+-------------+--------------+
; Compilation Hierarchy Node ; Combinational ALUTs ; Dedicated Logic Registers ; Block Memory Bits ; DSP Blocks ; Pins ; Virtual Pins ; Full Hierarchy Name ; Entity Name ; Library Name ;
+----------------------------+---------------------+---------------------------+-------------------+------------+------+--------------+---------------------+-------------+--------------+
; |UART_Rx                   ; 0 (0)               ; 0 (0)                     ; 0                 ; 0          ; 15   ; 0            ; |UART_Rx            ; UART_Rx     ; work         ;
+----------------------------+---------------------+---------------------------+-------------------+------------+------+--------------+---------------------+-------------+--------------+
Note: For table entries with two numbers listed, the numbers in parentheses indicate the number of resources of the given type used by the specific entity alone. The numbers listed outside of parentheses indicate the total resources of the given type used by the specific entity and all of its sub-entities in the hierarchy.


Encoding Type:  One-Hot
+----------------------------------------------------------+
; State Machine - |UART_Rx|Datapath_Unit_Rx:M1|Bit_counter ;
+-----------------------+----------------------------------+
; Name                  ; Bit_counter.word_size            ;
+-----------------------+----------------------------------+
; Bit_counter.00000     ; 0                                ;
; Bit_counter.word_size ; 1                                ;
+-----------------------+----------------------------------+


Encoding Type:  One-Hot
+-----------------------------------------------------------------+
; State Machine - |UART_Rx|Control_Unit_Rx:M0|state               ;
+-----------------+------------+-----------------+----------------+
; Name            ; state.idle ; state.receiving ; state.starting ;
+-----------------+------------+-----------------+----------------+
; state.idle      ; 0          ; 0               ; 0              ;
; state.starting  ; 1          ; 0               ; 1              ;
; state.receiving ; 1          ; 1               ; 0              ;
+-----------------+------------+-----------------+----------------+


+------------------------------------------------------------------------------------+
; Registers Removed During Synthesis                                                 ;
+-------------------------------------------+----------------------------------------+
; Register name                             ; Reason for Removal                     ;
+-------------------------------------------+----------------------------------------+
; Datapath_Unit_Rx:M1|Bit_counter~3         ; Lost fanout                            ;
; Datapath_Unit_Rx:M1|Bit_counter~4         ; Lost fanout                            ;
; Datapath_Unit_Rx:M1|Bit_counter~5         ; Lost fanout                            ;
; Datapath_Unit_Rx:M1|Bit_counter~7         ; Lost fanout                            ;
; Datapath_Unit_Rx:M1|Bit_counter.word_size ; Stuck at GND due to stuck port data_in ;
; Datapath_Unit_Rx:M1|Rx_shftreg[0..7]      ; Lost fanout                            ;
; Datapath_Unit_Rx:M1|Rx_datareg[0..7]      ; Stuck at GND due to stuck port data_in ;
; Datapath_Unit_Rx:M1|Sample_counter[0..3]  ; Lost fanout                            ;
; Control_Unit_Rx:M0|state.receiving        ; Lost fanout                            ;
; Control_Unit_Rx:M0|state.starting         ; Lost fanout                            ;
; Control_Unit_Rx:M0|state.idle             ; Lost fanout                            ;
; Total Number of Removed Registers = 28    ;                                        ;
+-------------------------------------------+----------------------------------------+


+-------------------------------------------------------------------------------------------------------------------------------------------------------+
; Removed Registers Triggering Further Register Optimizations                                                                                           ;
+-------------------------------------------+---------------------------+-------------------------------------------------------------------------------+
; Register name                             ; Reason for Removal        ; Registers Removed due to This Register                                        ;
+-------------------------------------------+---------------------------+-------------------------------------------------------------------------------+
; Datapath_Unit_Rx:M1|Bit_counter.word_size ; Stuck at GND              ; Datapath_Unit_Rx:M1|Rx_datareg[0], Datapath_Unit_Rx:M1|Rx_datareg[1],         ;
;                                           ; due to stuck port data_in ; Datapath_Unit_Rx:M1|Rx_datareg[2], Datapath_Unit_Rx:M1|Rx_datareg[3],         ;
;                                           ;                           ; Datapath_Unit_Rx:M1|Rx_datareg[4], Datapath_Unit_Rx:M1|Rx_datareg[5],         ;
;                                           ;                           ; Datapath_Unit_Rx:M1|Rx_datareg[6], Datapath_Unit_Rx:M1|Rx_datareg[7],         ;
;                                           ;                           ; Datapath_Unit_Rx:M1|Sample_counter[3], Datapath_Unit_Rx:M1|Sample_counter[2], ;
;                                           ;                           ; Datapath_Unit_Rx:M1|Sample_counter[0], Datapath_Unit_Rx:M1|Sample_counter[1], ;
;                                           ;                           ; Control_Unit_Rx:M0|state.receiving, Control_Unit_Rx:M0|state.starting,        ;
;                                           ;                           ; Control_Unit_Rx:M0|state.idle                                                 ;
; Datapath_Unit_Rx:M1|Rx_shftreg[0]         ; Lost Fanouts              ; Datapath_Unit_Rx:M1|Rx_shftreg[1], Datapath_Unit_Rx:M1|Rx_shftreg[2],         ;
;                                           ;                           ; Datapath_Unit_Rx:M1|Rx_shftreg[3], Datapath_Unit_Rx:M1|Rx_shftreg[4],         ;
;                                           ;                           ; Datapath_Unit_Rx:M1|Rx_shftreg[5], Datapath_Unit_Rx:M1|Rx_shftreg[6],         ;
;                                           ;                           ; Datapath_Unit_Rx:M1|Rx_shftreg[7]                                             ;
+-------------------------------------------+---------------------------+-------------------------------------------------------------------------------+


+------------------------------------------------------+
; General Register Statistics                          ;
+----------------------------------------------+-------+
; Statistic                                    ; Value ;
+----------------------------------------------+-------+
; Total registers                              ; 0     ;
; Number of registers using Synchronous Clear  ; 0     ;
; Number of registers using Synchronous Load   ; 0     ;
; Number of registers using Asynchronous Clear ; 0     ;
; Number of registers using Asynchronous Load  ; 0     ;
; Number of registers using Clock Enable       ; 0     ;
; Number of registers using Preset             ; 0     ;
+----------------------------------------------+-------+


+--------------------------------------------------------------------------------------------------------------------------------------------------------------+
; Multiplexer Restructuring Statistics (Restructuring Performed)                                                                                               ;
+--------------------+-----------+---------------+----------------------+------------------------+------------+------------------------------------------------+
; Multiplexer Inputs ; Bus Width ; Baseline Area ; Area if Restructured ; Saving if Restructured ; Registered ; Example Multiplexer Output                     ;
+--------------------+-----------+---------------+----------------------+------------------------+------------+------------------------------------------------+
; 3:1                ; 8 bits    ; 16 LEs        ; 0 LEs                ; 16 LEs                 ; Yes        ; |UART_Rx|Datapath_Unit_Rx:M1|Rx_datareg[6]     ;
; 3:1                ; 8 bits    ; 16 LEs        ; 0 LEs                ; 16 LEs                 ; Yes        ; |UART_Rx|Datapath_Unit_Rx:M1|Rx_shftreg[4]     ;
; 4:1                ; 4 bits    ; 8 LEs         ; 8 LEs                ; 0 LEs                  ; Yes        ; |UART_Rx|Datapath_Unit_Rx:M1|Sample_counter[1] ;
; 5:1                ; 2 bits    ; 6 LEs         ; 6 LEs                ; 0 LEs                  ; No         ; |UART_Rx|Control_Unit_Rx:M0|Error2             ;
+--------------------+-----------+---------------+----------------------+------------------------+------------+------------------------------------------------+


+-------------------------------------------------------------------------+
; Parameter Settings for User Entity Instance: Top-level Entity: |UART_Rx ;
+----------------+-------+------------------------------------------------+
; Parameter Name ; Value ; Type                                           ;
+----------------+-------+------------------------------------------------+
; word_size      ; 8     ; Signed Integer                                 ;
; half_word      ; 4     ; Signed Integer                                 ;
+----------------+-------+------------------------------------------------+
Note: In order to hide this table in the UI and the text report file, please set the "Show Parameter Settings in Synthesis Report" option in "Analysis and Synthesis Settings -> More Settings" to "Off".


+-----------------------------------------------------------------+
; Parameter Settings for User Entity Instance: Control_Unit_Rx:M0 ;
+----------------+-------+----------------------------------------+
; Parameter Name ; Value ; Type                                   ;
+----------------+-------+----------------------------------------+
; word_size      ; 8     ; Signed Integer                         ;
; half_word      ; 4     ; Signed Integer                         ;
; Num_state_bits ; 2     ; Signed Integer                         ;
+----------------+-------+----------------------------------------+
Note: In order to hide this table in the UI and the text report file, please set the "Show Parameter Settings in Synthesis Report" option in "Analysis and Synthesis Settings -> More Settings" to "Off".


+------------------------------------------------------------------+
; Parameter Settings for User Entity Instance: Datapath_Unit_Rx:M1 ;
+------------------+-------+---------------------------------------+
; Parameter Name   ; Value ; Type                                  ;
+------------------+-------+---------------------------------------+
; word_size        ; 8     ; Signed Integer                        ;
; half_word        ; 4     ; Signed Integer                        ;
; Num_counter_bits ; 4     ; Signed Integer                        ;
+------------------+-------+---------------------------------------+
Note: In order to hide this table in the UI and the text report file, please set the "Show Parameter Settings in Synthesis Report" option in "Analysis and Synthesis Settings -> More Settings" to "Off".


+-----------------------------------------------------+
; Post-Synthesis Netlist Statistics for Top Partition ;
+-----------------------+-----------------------------+
; Type                  ; Count                       ;
+-----------------------+-----------------------------+
; arriav_lcell_comb     ; 1                           ;
;     normal            ; 1                           ;
;         0 data inputs ; 1                           ;
; boundary_port         ; 15                          ;
;                       ;                             ;
; Max LUT depth         ; 0.00                        ;
; Average LUT depth     ; 0.00                        ;
+-----------------------+-----------------------------+


+-------------------------------+
; Elapsed Time Per Partition    ;
+----------------+--------------+
; Partition Name ; Elapsed Time ;
+----------------+--------------+
; Top            ; 00:00:00     ;
+----------------+--------------+


+-------------------------------+
; Analysis & Synthesis Messages ;
+-------------------------------+
Info: *******************************************************************
Info: Running Quartus Prime Analysis & Synthesis
    Info: Version 22.1std.2 Build 922 07/20/2023 SC Lite Edition
    Info: Processing started: Sat Jul  6 16:49:45 2024
Info: Command: quartus_map --read_settings_files=on --write_settings_files=off UART_Rx -c UART_Rx
Warning (18236): Number of processors has not been specified which may cause overloading on shared machines.  Set the global assignment NUM_PARALLEL_PROCESSORS in your QSF to an appropriate value for best performance.
Info (20030): Parallel compilation is enabled and will use 16 of the 16 processors detected
Info (12021): Found 1 design units, including 1 entities, in source file /users/lmnjm/onedrive/documents/summer 2024/ee417 programmable logic devices/lecture 08/hw_8/q2/datapath_ unit/datapath_unit_rx.v
    Info (12023): Found entity 1: Datapath_Unit_Rx File: C:/Users/lmnjm/OneDrive/Documents/Summer 2024/EE417 Programmable Logic Devices/Lecture 08/HW_8/Q2/DataPath_ Unit/Datapath_Unit_Rx.v Line: 12
Info (12021): Found 1 design units, including 1 entities, in source file /users/lmnjm/onedrive/documents/summer 2024/ee417 programmable logic devices/lecture 08/hw_8/q2/controller_unit/control_unit_rx.v
    Info (12023): Found entity 1: Control_Unit_Rx File: C:/Users/lmnjm/OneDrive/Documents/Summer 2024/EE417 Programmable Logic Devices/Lecture 08/HW_8/Q2/Controller_Unit/Control_Unit_Rx.v Line: 11
Info (12021): Found 1 design units, including 1 entities, in source file uart_rx.v
    Info (12023): Found entity 1: UART_Rx File: C:/Users/lmnjm/OneDrive/Documents/Summer 2024/EE417 Programmable Logic Devices/Lecture 08/HW_8/Q2/UART_Rx_Unit/UART_Rx.v Line: 10
Info (12021): Found 1 design units, including 1 entities, in source file uart_rx_tb.v
    Info (12023): Found entity 1: UART_Rx_tb File: C:/Users/lmnjm/OneDrive/Documents/Summer 2024/EE417 Programmable Logic Devices/Lecture 08/HW_8/Q2/UART_Rx_Unit/UART_Rx_tb.v Line: 9
Warning (10236): Verilog HDL Implicit Net warning at UART_Rx.v(29): created implicit net for "clr_Sample_counter" File: C:/Users/lmnjm/OneDrive/Documents/Summer 2024/EE417 Programmable Logic Devices/Lecture 08/HW_8/Q2/UART_Rx_Unit/UART_Rx.v Line: 29
Warning (10236): Verilog HDL Implicit Net warning at UART_Rx.v(30): created implicit net for "inc_Sample_counter" File: C:/Users/lmnjm/OneDrive/Documents/Summer 2024/EE417 Programmable Logic Devices/Lecture 08/HW_8/Q2/UART_Rx_Unit/UART_Rx.v Line: 30
Warning (10236): Verilog HDL Implicit Net warning at UART_Rx.v(31): created implicit net for "clr_Bit_counter" File: C:/Users/lmnjm/OneDrive/Documents/Summer 2024/EE417 Programmable Logic Devices/Lecture 08/HW_8/Q2/UART_Rx_Unit/UART_Rx.v Line: 31
Warning (10236): Verilog HDL Implicit Net warning at UART_Rx.v(32): created implicit net for "inc_Bit_counter" File: C:/Users/lmnjm/OneDrive/Documents/Summer 2024/EE417 Programmable Logic Devices/Lecture 08/HW_8/Q2/UART_Rx_Unit/UART_Rx.v Line: 32
Warning (10236): Verilog HDL Implicit Net warning at UART_Rx.v(33): created implicit net for "shift" File: C:/Users/lmnjm/OneDrive/Documents/Summer 2024/EE417 Programmable Logic Devices/Lecture 08/HW_8/Q2/UART_Rx_Unit/UART_Rx.v Line: 33
Warning (10236): Verilog HDL Implicit Net warning at UART_Rx.v(34): created implicit net for "load" File: C:/Users/lmnjm/OneDrive/Documents/Summer 2024/EE417 Programmable Logic Devices/Lecture 08/HW_8/Q2/UART_Rx_Unit/UART_Rx.v Line: 34
Warning (10236): Verilog HDL Implicit Net warning at UART_Rx.v(36): created implicit net for "Ser_in_0" File: C:/Users/lmnjm/OneDrive/Documents/Summer 2024/EE417 Programmable Logic Devices/Lecture 08/HW_8/Q2/UART_Rx_Unit/UART_Rx.v Line: 36
Warning (10236): Verilog HDL Implicit Net warning at UART_Rx.v(37): created implicit net for "SC_eq_3" File: C:/Users/lmnjm/OneDrive/Documents/Summer 2024/EE417 Programmable Logic Devices/Lecture 08/HW_8/Q2/UART_Rx_Unit/UART_Rx.v Line: 37
Warning (10236): Verilog HDL Implicit Net warning at UART_Rx.v(38): created implicit net for "SC_lt_7" File: C:/Users/lmnjm/OneDrive/Documents/Summer 2024/EE417 Programmable Logic Devices/Lecture 08/HW_8/Q2/UART_Rx_Unit/UART_Rx.v Line: 38
Warning (10236): Verilog HDL Implicit Net warning at UART_Rx.v(39): created implicit net for "BC_eq_8" File: C:/Users/lmnjm/OneDrive/Documents/Summer 2024/EE417 Programmable Logic Devices/Lecture 08/HW_8/Q2/UART_Rx_Unit/UART_Rx.v Line: 39
Warning (10222): Verilog HDL Parameter Declaration warning at Control_Unit_Rx.v(36): Parameter Declaration in module "Control_Unit_Rx" behaves as a Local Parameter Declaration because the module has a Module Parameter Port List File: C:/Users/lmnjm/OneDrive/Documents/Summer 2024/EE417 Programmable Logic Devices/Lecture 08/HW_8/Q2/Controller_Unit/Control_Unit_Rx.v Line: 36
Warning (10222): Verilog HDL Parameter Declaration warning at Control_Unit_Rx.v(37): Parameter Declaration in module "Control_Unit_Rx" behaves as a Local Parameter Declaration because the module has a Module Parameter Port List File: C:/Users/lmnjm/OneDrive/Documents/Summer 2024/EE417 Programmable Logic Devices/Lecture 08/HW_8/Q2/Controller_Unit/Control_Unit_Rx.v Line: 37
Warning (10222): Verilog HDL Parameter Declaration warning at Control_Unit_Rx.v(38): Parameter Declaration in module "Control_Unit_Rx" behaves as a Local Parameter Declaration because the module has a Module Parameter Port List File: C:/Users/lmnjm/OneDrive/Documents/Summer 2024/EE417 Programmable Logic Devices/Lecture 08/HW_8/Q2/Controller_Unit/Control_Unit_Rx.v Line: 38
Info (12127): Elaborating entity "UART_Rx" for the top level hierarchy
Info (12128): Elaborating entity "Control_Unit_Rx" for hierarchy "Control_Unit_Rx:M0" File: C:/Users/lmnjm/OneDrive/Documents/Summer 2024/EE417 Programmable Logic Devices/Lecture 08/HW_8/Q2/UART_Rx_Unit/UART_Rx.v Line: 42
Warning (10235): Verilog HDL Always Construct warning at Control_Unit_Rx.v(97): variable "BC_eq_8" is read inside the Always Construct but isn't in the Always Construct's Event Control File: C:/Users/lmnjm/OneDrive/Documents/Summer 2024/EE417 Programmable Logic Devices/Lecture 08/HW_8/Q2/Controller_Unit/Control_Unit_Rx.v Line: 97
Info (12128): Elaborating entity "Datapath_Unit_Rx" for hierarchy "Datapath_Unit_Rx:M1" File: C:/Users/lmnjm/OneDrive/Documents/Summer 2024/EE417 Programmable Logic Devices/Lecture 08/HW_8/Q2/UART_Rx_Unit/UART_Rx.v Line: 58
Warning (10230): Verilog HDL assignment warning at Datapath_Unit_Rx.v(61): truncated value with size 32 to match size of target (4) File: C:/Users/lmnjm/OneDrive/Documents/Summer 2024/EE417 Programmable Logic Devices/Lecture 08/HW_8/Q2/DataPath_ Unit/Datapath_Unit_Rx.v Line: 61
Warning (13024): Output pins are stuck at VCC or GND
    Warning (13410): Pin "Rx_datareg[0]" is stuck at GND File: C:/Users/lmnjm/OneDrive/Documents/Summer 2024/EE417 Programmable Logic Devices/Lecture 08/HW_8/Q2/UART_Rx_Unit/UART_Rx.v Line: 14
    Warning (13410): Pin "Rx_datareg[1]" is stuck at GND File: C:/Users/lmnjm/OneDrive/Documents/Summer 2024/EE417 Programmable Logic Devices/Lecture 08/HW_8/Q2/UART_Rx_Unit/UART_Rx.v Line: 14
    Warning (13410): Pin "Rx_datareg[2]" is stuck at GND File: C:/Users/lmnjm/OneDrive/Documents/Summer 2024/EE417 Programmable Logic Devices/Lecture 08/HW_8/Q2/UART_Rx_Unit/UART_Rx.v Line: 14
    Warning (13410): Pin "Rx_datareg[3]" is stuck at GND File: C:/Users/lmnjm/OneDrive/Documents/Summer 2024/EE417 Programmable Logic Devices/Lecture 08/HW_8/Q2/UART_Rx_Unit/UART_Rx.v Line: 14
    Warning (13410): Pin "Rx_datareg[4]" is stuck at GND File: C:/Users/lmnjm/OneDrive/Documents/Summer 2024/EE417 Programmable Logic Devices/Lecture 08/HW_8/Q2/UART_Rx_Unit/UART_Rx.v Line: 14
    Warning (13410): Pin "Rx_datareg[5]" is stuck at GND File: C:/Users/lmnjm/OneDrive/Documents/Summer 2024/EE417 Programmable Logic Devices/Lecture 08/HW_8/Q2/UART_Rx_Unit/UART_Rx.v Line: 14
    Warning (13410): Pin "Rx_datareg[6]" is stuck at GND File: C:/Users/lmnjm/OneDrive/Documents/Summer 2024/EE417 Programmable Logic Devices/Lecture 08/HW_8/Q2/UART_Rx_Unit/UART_Rx.v Line: 14
    Warning (13410): Pin "Rx_datareg[7]" is stuck at GND File: C:/Users/lmnjm/OneDrive/Documents/Summer 2024/EE417 Programmable Logic Devices/Lecture 08/HW_8/Q2/UART_Rx_Unit/UART_Rx.v Line: 14
    Warning (13410): Pin "read_not_ready_out" is stuck at GND File: C:/Users/lmnjm/OneDrive/Documents/Summer 2024/EE417 Programmable Logic Devices/Lecture 08/HW_8/Q2/UART_Rx_Unit/UART_Rx.v Line: 15
    Warning (13410): Pin "Error1" is stuck at GND File: C:/Users/lmnjm/OneDrive/Documents/Summer 2024/EE417 Programmable Logic Devices/Lecture 08/HW_8/Q2/UART_Rx_Unit/UART_Rx.v Line: 16
    Warning (13410): Pin "Error2" is stuck at GND File: C:/Users/lmnjm/OneDrive/Documents/Summer 2024/EE417 Programmable Logic Devices/Lecture 08/HW_8/Q2/UART_Rx_Unit/UART_Rx.v Line: 17
Info (17049): 19 registers lost all their fanouts during netlist optimizations.
Info (16010): Generating hard_block partition "hard_block:auto_generated_inst"
    Info (16011): Adding 0 node(s), including 0 DDIO, 0 PLL, 0 transceiver and 0 LCELL
Warning (21074): Design contains 4 input pin(s) that do not drive logic
    Warning (15610): No output dependent on input pin "read_not_ready_in" File: C:/Users/lmnjm/OneDrive/Documents/Summer 2024/EE417 Programmable Logic Devices/Lecture 08/HW_8/Q2/UART_Rx_Unit/UART_Rx.v Line: 20
    Warning (15610): No output dependent on input pin "Serial_in" File: C:/Users/lmnjm/OneDrive/Documents/Summer 2024/EE417 Programmable Logic Devices/Lecture 08/HW_8/Q2/UART_Rx_Unit/UART_Rx.v Line: 19
    Warning (15610): No output dependent on input pin "Sample_clk" File: C:/Users/lmnjm/OneDrive/Documents/Summer 2024/EE417 Programmable Logic Devices/Lecture 08/HW_8/Q2/UART_Rx_Unit/UART_Rx.v Line: 21
    Warning (15610): No output dependent on input pin "rst_b" File: C:/Users/lmnjm/OneDrive/Documents/Summer 2024/EE417 Programmable Logic Devices/Lecture 08/HW_8/Q2/UART_Rx_Unit/UART_Rx.v Line: 23
Info (21057): Implemented 15 device resources after synthesis - the final resource count might be different
    Info (21058): Implemented 4 input pins
    Info (21059): Implemented 11 output pins
Info: Quartus Prime Analysis & Synthesis was successful. 0 errors, 33 warnings
    Info: Peak virtual memory: 4820 megabytes
    Info: Processing ended: Sat Jul  6 16:49:51 2024
    Info: Elapsed time: 00:00:06
    Info: Total CPU time (on all processors): 00:00:09


