Analysis & Synthesis report for FIR_noPipeline
Sat Jul 20 16:02:04 2024
Quartus Prime Version 22.1std.2 Build 922 07/20/2023 SC Lite Edition


---------------------
; Table of Contents ;
---------------------
  1. Legal Notice
  2. Analysis & Synthesis Summary
  3. Analysis & Synthesis Settings
  4. Parallel Compilation
  5. Analysis & Synthesis Source Files Read
  6. Analysis & Synthesis Resource Usage Summary
  7. Analysis & Synthesis Resource Utilization by Entity
  8. Registers Removed During Synthesis
  9. General Register Statistics
 10. Parameter Settings for User Entity Instance: Top-level Entity: |FIR_noPipeline
 11. Post-Synthesis Netlist Statistics for Top Partition
 12. Elapsed Time Per Partition
 13. Analysis & Synthesis Messages



----------------
; Legal Notice ;
----------------
Copyright (C) 2023  Intel Corporation. All rights reserved.
Your use of Intel Corporation's design tools, logic functions 
and other software and tools, and any partner logic 
functions, and any output files from any of the foregoing 
(including device programming or simulation files), and any 
associated documentation or information are expressly subject 
to the terms and conditions of the Intel Program License 
Subscription Agreement, the Intel Quartus Prime License Agreement,
the Intel FPGA IP License Agreement, or other applicable license
agreement, including, without limitation, that your use is for
the sole purpose of programming logic devices manufactured by
Intel and sold by Intel or its authorized distributors.  Please
refer to the applicable agreement for further details, at
https://fpgasoftware.intel.com/eula.



+----------------------------------------------------------------------------------+
; Analysis & Synthesis Summary                                                     ;
+---------------------------------+------------------------------------------------+
; Analysis & Synthesis Status     ; Successful - Sat Jul 20 16:02:04 2024          ;
; Quartus Prime Version           ; 22.1std.2 Build 922 07/20/2023 SC Lite Edition ;
; Revision Name                   ; FIR_noPipeline                                 ;
; Top-level Entity Name           ; FIR_noPipeline                                 ;
; Family                          ; Cyclone V                                      ;
; Logic utilization (in ALMs)     ; N/A                                            ;
; Total registers                 ; 38                                             ;
; Total pins                      ; 36                                             ;
; Total virtual pins              ; 0                                              ;
; Total block memory bits         ; 0                                              ;
; Total DSP Blocks                ; 0                                              ;
; Total HSSI RX PCSs              ; 0                                              ;
; Total HSSI PMA RX Deserializers ; 0                                              ;
; Total HSSI TX PCSs              ; 0                                              ;
; Total HSSI PMA TX Serializers   ; 0                                              ;
; Total PLLs                      ; 0                                              ;
; Total DLLs                      ; 0                                              ;
+---------------------------------+------------------------------------------------+


+---------------------------------------------------------------------------------------------------------------------------+
; Analysis & Synthesis Settings                                                                                             ;
+---------------------------------------------------------------------------------+--------------------+--------------------+
; Option                                                                          ; Setting            ; Default Value      ;
+---------------------------------------------------------------------------------+--------------------+--------------------+
; Device                                                                          ; 5CSEMA5F31C6       ;                    ;
; Top-level entity name                                                           ; FIR_noPipeline     ; FIR_noPipeline     ;
; Family name                                                                     ; Cyclone V          ; Cyclone V          ;
; Use smart compilation                                                           ; Off                ; Off                ;
; Enable parallel Assembler and Timing Analyzer during compilation                ; On                 ; On                 ;
; Enable compact report table                                                     ; Off                ; Off                ;
; Restructure Multiplexers                                                        ; Auto               ; Auto               ;
; MLAB Add Timing Constraints For Mixed-Port Feed-Through Mode Setting Don't Care ; Off                ; Off                ;
; Create Debugging Nodes for IP Cores                                             ; Off                ; Off                ;
; Preserve fewer node names                                                       ; On                 ; On                 ;
; Intel FPGA IP Evaluation Mode                                                   ; Enable             ; Enable             ;
; Verilog Version                                                                 ; Verilog_2001       ; Verilog_2001       ;
; VHDL Version                                                                    ; VHDL_1993          ; VHDL_1993          ;
; State Machine Processing                                                        ; Auto               ; Auto               ;
; Safe State Machine                                                              ; Off                ; Off                ;
; Extract Verilog State Machines                                                  ; On                 ; On                 ;
; Extract VHDL State Machines                                                     ; On                 ; On                 ;
; Ignore Verilog initial constructs                                               ; Off                ; Off                ;
; Iteration limit for constant Verilog loops                                      ; 5000               ; 5000               ;
; Iteration limit for non-constant Verilog loops                                  ; 250                ; 250                ;
; Add Pass-Through Logic to Inferred RAMs                                         ; On                 ; On                 ;
; Infer RAMs from Raw Logic                                                       ; On                 ; On                 ;
; Parallel Synthesis                                                              ; On                 ; On                 ;
; DSP Block Balancing                                                             ; Auto               ; Auto               ;
; NOT Gate Push-Back                                                              ; On                 ; On                 ;
; Power-Up Don't Care                                                             ; On                 ; On                 ;
; Remove Redundant Logic Cells                                                    ; Off                ; Off                ;
; Remove Duplicate Registers                                                      ; On                 ; On                 ;
; Ignore CARRY Buffers                                                            ; Off                ; Off                ;
; Ignore CASCADE Buffers                                                          ; Off                ; Off                ;
; Ignore GLOBAL Buffers                                                           ; Off                ; Off                ;
; Ignore ROW GLOBAL Buffers                                                       ; Off                ; Off                ;
; Ignore LCELL Buffers                                                            ; Off                ; Off                ;
; Ignore SOFT Buffers                                                             ; On                 ; On                 ;
; Limit AHDL Integers to 32 Bits                                                  ; Off                ; Off                ;
; Optimization Technique                                                          ; Balanced           ; Balanced           ;
; Carry Chain Length                                                              ; 70                 ; 70                 ;
; Auto Carry Chains                                                               ; On                 ; On                 ;
; Auto Open-Drain Pins                                                            ; On                 ; On                 ;
; Perform WYSIWYG Primitive Resynthesis                                           ; Off                ; Off                ;
; Auto ROM Replacement                                                            ; On                 ; On                 ;
; Auto RAM Replacement                                                            ; On                 ; On                 ;
; Auto DSP Block Replacement                                                      ; On                 ; On                 ;
; Auto Shift Register Replacement                                                 ; Auto               ; Auto               ;
; Allow Shift Register Merging across Hierarchies                                 ; Auto               ; Auto               ;
; Auto Clock Enable Replacement                                                   ; On                 ; On                 ;
; Strict RAM Replacement                                                          ; Off                ; Off                ;
; Allow Synchronous Control Signals                                               ; On                 ; On                 ;
; Force Use of Synchronous Clear Signals                                          ; Off                ; Off                ;
; Auto Resource Sharing                                                           ; Off                ; Off                ;
; Allow Any RAM Size For Recognition                                              ; Off                ; Off                ;
; Allow Any ROM Size For Recognition                                              ; Off                ; Off                ;
; Allow Any Shift Register Size For Recognition                                   ; Off                ; Off                ;
; Use LogicLock Constraints during Resource Balancing                             ; On                 ; On                 ;
; Ignore translate_off and synthesis_off directives                               ; Off                ; Off                ;
; Timing-Driven Synthesis                                                         ; On                 ; On                 ;
; Report Parameter Settings                                                       ; On                 ; On                 ;
; Report Source Assignments                                                       ; On                 ; On                 ;
; Report Connectivity Checks                                                      ; On                 ; On                 ;
; Ignore Maximum Fan-Out Assignments                                              ; Off                ; Off                ;
; Synchronization Register Chain Length                                           ; 3                  ; 3                  ;
; Power Optimization During Synthesis                                             ; Normal compilation ; Normal compilation ;
; HDL message level                                                               ; Level2             ; Level2             ;
; Suppress Register Optimization Related Messages                                 ; Off                ; Off                ;
; Number of Removed Registers Reported in Synthesis Report                        ; 5000               ; 5000               ;
; Number of Swept Nodes Reported in Synthesis Report                              ; 5000               ; 5000               ;
; Number of Inverted Registers Reported in Synthesis Report                       ; 100                ; 100                ;
; Clock MUX Protection                                                            ; On                 ; On                 ;
; Auto Gated Clock Conversion                                                     ; Off                ; Off                ;
; Block Design Naming                                                             ; Auto               ; Auto               ;
; SDC constraint protection                                                       ; Off                ; Off                ;
; Synthesis Effort                                                                ; Auto               ; Auto               ;
; Shift Register Replacement - Allow Asynchronous Clear Signal                    ; On                 ; On                 ;
; Pre-Mapping Resynthesis Optimization                                            ; Off                ; Off                ;
; Analysis & Synthesis Message Level                                              ; Medium             ; Medium             ;
; Disable Register Merging Across Hierarchies                                     ; Auto               ; Auto               ;
; Resource Aware Inference For Block RAM                                          ; On                 ; On                 ;
; Automatic Parallel Synthesis                                                    ; On                 ; On                 ;
; Partial Reconfiguration Bitstream ID                                            ; Off                ; Off                ;
+---------------------------------------------------------------------------------+--------------------+--------------------+


+------------------------------------------+
; Parallel Compilation                     ;
+----------------------------+-------------+
; Processors                 ; Number      ;
+----------------------------+-------------+
; Number detected on machine ; 16          ;
; Maximum allowed            ; 16          ;
;                            ;             ;
; Average used               ; 1.00        ;
; Maximum used               ; 16          ;
;                            ;             ;
; Usage by Processor         ; % Time Used ;
;     Processor 1            ; 100.0%      ;
;     Processors 2-16        ;   0.0%      ;
+----------------------------+-------------+


+--------------------------------------------------------------------------------------------------------------------------------------------------------------------------------------------------------------------------------------------+
; Analysis & Synthesis Source Files Read                                                                                                                                                                                                     ;
+----------------------------------+-----------------+------------------------+----------------------------------------------------------------------------------------------------------------------------------------------------+---------+
; File Name with User-Entered Path ; Used in Netlist ; File Type              ; File Name with Absolute Path                                                                                                                       ; Library ;
+----------------------------------+-----------------+------------------------+----------------------------------------------------------------------------------------------------------------------------------------------------+---------+
; FIR_noPipeline.v                 ; yes             ; User Verilog HDL File  ; C:/Users/lmnjm/OneDrive/Documents/Grad School/Summer 2024/EE417 Programmable Logic Devices/Lecture 10/Examples/Example_nopipeline/FIR_noPipeline.v ;         ;
+----------------------------------+-----------------+------------------------+----------------------------------------------------------------------------------------------------------------------------------------------------+---------+


+-----------------------------------------------------------+
; Analysis & Synthesis Resource Usage Summary               ;
+---------------------------------------------+-------------+
; Resource                                    ; Usage       ;
+---------------------------------------------+-------------+
; Estimate of Logic utilization (ALMs needed) ; 31          ;
;                                             ;             ;
; Combinational ALUT usage for logic          ; 50          ;
;     -- 7 input functions                    ; 0           ;
;     -- 6 input functions                    ; 3           ;
;     -- 5 input functions                    ; 0           ;
;     -- 4 input functions                    ; 5           ;
;     -- <=3 input functions                  ; 42          ;
;                                             ;             ;
; Dedicated logic registers                   ; 38          ;
;                                             ;             ;
; I/O pins                                    ; 36          ;
;                                             ;             ;
; Total DSP Blocks                            ; 0           ;
;                                             ;             ;
; Maximum fan-out node                        ; clock~input ;
; Maximum fan-out                             ; 38          ;
; Total fan-out                               ; 327         ;
; Average fan-out                             ; 2.04        ;
+---------------------------------------------+-------------+


+-------------------------------------------------------------------------------------------------------------------------------------------------------------------------------------------+
; Analysis & Synthesis Resource Utilization by Entity                                                                                                                                       ;
+----------------------------+---------------------+---------------------------+-------------------+------------+------+--------------+---------------------+----------------+--------------+
; Compilation Hierarchy Node ; Combinational ALUTs ; Dedicated Logic Registers ; Block Memory Bits ; DSP Blocks ; Pins ; Virtual Pins ; Full Hierarchy Name ; Entity Name    ; Library Name ;
+----------------------------+---------------------+---------------------------+-------------------+------------+------+--------------+---------------------+----------------+--------------+
; |FIR_noPipeline            ; 50 (50)             ; 38 (38)                   ; 0                 ; 0          ; 36   ; 0            ; |FIR_noPipeline     ; FIR_noPipeline ; work         ;
+----------------------------+---------------------+---------------------------+-------------------+------------+------+--------------+---------------------+----------------+--------------+
Note: For table entries with two numbers listed, the numbers in parentheses indicate the number of resources of the given type used by the specific entity alone. The numbers listed outside of parentheses indicate the total resources of the given type used by the specific entity and all of its sub-entities in the hierarchy.


+---------------------------------------------------------------------------------+
; Registers Removed During Synthesis                                              ;
+----------------------------------------+----------------------------------------+
; Register name                          ; Reason for Removal                     ;
+----------------------------------------+----------------------------------------+
; FIR_out_MAC[13]~reg0                   ; Stuck at GND due to stuck port data_in ;
; FIR_out_MAC[12]~reg0                   ; Stuck at GND due to stuck port data_in ;
; FIR_out_MAC[11]~reg0                   ; Stuck at GND due to stuck port data_in ;
; FIR_out_MAC[10]~reg0                   ; Stuck at GND due to stuck port data_in ;
; FIR_out_MAC[9]~reg0                    ; Stuck at GND due to stuck port data_in ;
; FIR_out_MAC[8]~reg0                    ; Stuck at GND due to stuck port data_in ;
; FIR_out_MAC[7]~reg0                    ; Stuck at GND due to stuck port data_in ;
; FIR_out_MAC[6]~reg0                    ; Stuck at GND due to stuck port data_in ;
; FIR_out_MAC[5]~reg0                    ; Stuck at GND due to stuck port data_in ;
; FIR_out_MAC[4]~reg0                    ; Stuck at GND due to stuck port data_in ;
; FIR_out_MAC[3]~reg0                    ; Stuck at GND due to stuck port data_in ;
; FIR_out_MAC[2]~reg0                    ; Stuck at GND due to stuck port data_in ;
; FIR_out_MAC[1]~reg0                    ; Stuck at GND due to stuck port data_in ;
; FIR_out_MAC[0]~reg0                    ; Stuck at GND due to stuck port data_in ;
; Total Number of Removed Registers = 14 ;                                        ;
+----------------------------------------+----------------------------------------+


+------------------------------------------------------+
; General Register Statistics                          ;
+----------------------------------------------+-------+
; Statistic                                    ; Value ;
+----------------------------------------------+-------+
; Total registers                              ; 38    ;
; Number of registers using Synchronous Clear  ; 36    ;
; Number of registers using Synchronous Load   ; 0     ;
; Number of registers using Asynchronous Clear ; 0     ;
; Number of registers using Asynchronous Load  ; 0     ;
; Number of registers using Clock Enable       ; 0     ;
; Number of registers using Preset             ; 0     ;
+----------------------------------------------+-------+


+--------------------------------------------------------------------------------+
; Parameter Settings for User Entity Instance: Top-level Entity: |FIR_noPipeline ;
+----------------+-------+-------------------------------------------------------+
; Parameter Name ; Value ; Type                                                  ;
+----------------+-------+-------------------------------------------------------+
; FIR_order      ; 4     ; Signed Integer                                        ;
; Sample_size    ; 6     ; Signed Integer                                        ;
; weight_size    ; 5     ; Signed Integer                                        ;
; word_size_out  ; 14    ; Signed Integer                                        ;
; b0             ; 00011 ; Unsigned Binary                                       ;
; b1             ; 00111 ; Unsigned Binary                                       ;
; b2             ; 10100 ; Unsigned Binary                                       ;
; b3             ; 00111 ; Unsigned Binary                                       ;
; b4             ; 00011 ; Unsigned Binary                                       ;
+----------------+-------+-------------------------------------------------------+
Note: In order to hide this table in the UI and the text report file, please set the "Show Parameter Settings in Synthesis Report" option in "Analysis and Synthesis Settings -> More Settings" to "Off".


+-----------------------------------------------------+
; Post-Synthesis Netlist Statistics for Top Partition ;
+-----------------------+-----------------------------+
; Type                  ; Count                       ;
+-----------------------+-----------------------------+
; arriav_ff             ; 38                          ;
;     SCLR              ; 36                          ;
;     plain             ; 2                           ;
; arriav_lcell_comb     ; 51                          ;
;     normal            ; 10                          ;
;         0 data inputs ; 1                           ;
;         2 data inputs ; 2                           ;
;         3 data inputs ; 2                           ;
;         4 data inputs ; 2                           ;
;         6 data inputs ; 3                           ;
;     shared            ; 41                          ;
;         0 data inputs ; 6                           ;
;         1 data inputs ; 3                           ;
;         2 data inputs ; 10                          ;
;         3 data inputs ; 19                          ;
;         4 data inputs ; 3                           ;
; boundary_port         ; 36                          ;
;                       ;                             ;
; Max LUT depth         ; 5.00                        ;
; Average LUT depth     ; 3.80                        ;
+-----------------------+-----------------------------+


+-------------------------------+
; Elapsed Time Per Partition    ;
+----------------+--------------+
; Partition Name ; Elapsed Time ;
+----------------+--------------+
; Top            ; 00:00:00     ;
+----------------+--------------+


+-------------------------------+
; Analysis & Synthesis Messages ;
+-------------------------------+
Info: *******************************************************************
Info: Running Quartus Prime Analysis & Synthesis
    Info: Version 22.1std.2 Build 922 07/20/2023 SC Lite Edition
    Info: Processing started: Sat Jul 20 16:01:57 2024
Info: Command: quartus_map --read_settings_files=on --write_settings_files=off FIR_noPipeline -c FIR_noPipeline
Warning (18236): Number of processors has not been specified which may cause overloading on shared machines.  Set the global assignment NUM_PARALLEL_PROCESSORS in your QSF to an appropriate value for best performance.
Info (20030): Parallel compilation is enabled and will use 16 of the 16 processors detected
Info (12021): Found 1 design units, including 1 entities, in source file fir_nopipeline.v
    Info (12023): Found entity 1: FIR_noPipeline File: C:/Users/lmnjm/OneDrive/Documents/Grad School/Summer 2024/EE417 Programmable Logic Devices/Lecture 10/Examples/Example_nopipeline/FIR_noPipeline.v Line: 2
Info (12127): Elaborating entity "FIR_noPipeline" for the top level hierarchy
Warning (10858): Verilog HDL warning at FIR_noPipeline.v(17): object Acc_4 used but never assigned File: C:/Users/lmnjm/OneDrive/Documents/Grad School/Summer 2024/EE417 Programmable Logic Devices/Lecture 10/Examples/Example_nopipeline/FIR_noPipeline.v Line: 17
Warning (10030): Net "Acc_4" at FIR_noPipeline.v(17) has no driver or initial value, using a default initial value '0' File: C:/Users/lmnjm/OneDrive/Documents/Grad School/Summer 2024/EE417 Programmable Logic Devices/Lecture 10/Examples/Example_nopipeline/FIR_noPipeline.v Line: 17
Warning (13024): Output pins are stuck at VCC or GND
    Warning (13410): Pin "FIR_out_MAC[0]" is stuck at GND File: C:/Users/lmnjm/OneDrive/Documents/Grad School/Summer 2024/EE417 Programmable Logic Devices/Lecture 10/Examples/Example_nopipeline/FIR_noPipeline.v Line: 45
    Warning (13410): Pin "FIR_out_MAC[1]" is stuck at GND File: C:/Users/lmnjm/OneDrive/Documents/Grad School/Summer 2024/EE417 Programmable Logic Devices/Lecture 10/Examples/Example_nopipeline/FIR_noPipeline.v Line: 45
    Warning (13410): Pin "FIR_out_MAC[2]" is stuck at GND File: C:/Users/lmnjm/OneDrive/Documents/Grad School/Summer 2024/EE417 Programmable Logic Devices/Lecture 10/Examples/Example_nopipeline/FIR_noPipeline.v Line: 45
    Warning (13410): Pin "FIR_out_MAC[3]" is stuck at GND File: C:/Users/lmnjm/OneDrive/Documents/Grad School/Summer 2024/EE417 Programmable Logic Devices/Lecture 10/Examples/Example_nopipeline/FIR_noPipeline.v Line: 45
    Warning (13410): Pin "FIR_out_MAC[4]" is stuck at GND File: C:/Users/lmnjm/OneDrive/Documents/Grad School/Summer 2024/EE417 Programmable Logic Devices/Lecture 10/Examples/Example_nopipeline/FIR_noPipeline.v Line: 45
    Warning (13410): Pin "FIR_out_MAC[5]" is stuck at GND File: C:/Users/lmnjm/OneDrive/Documents/Grad School/Summer 2024/EE417 Programmable Logic Devices/Lecture 10/Examples/Example_nopipeline/FIR_noPipeline.v Line: 45
    Warning (13410): Pin "FIR_out_MAC[6]" is stuck at GND File: C:/Users/lmnjm/OneDrive/Documents/Grad School/Summer 2024/EE417 Programmable Logic Devices/Lecture 10/Examples/Example_nopipeline/FIR_noPipeline.v Line: 45
    Warning (13410): Pin "FIR_out_MAC[7]" is stuck at GND File: C:/Users/lmnjm/OneDrive/Documents/Grad School/Summer 2024/EE417 Programmable Logic Devices/Lecture 10/Examples/Example_nopipeline/FIR_noPipeline.v Line: 45
    Warning (13410): Pin "FIR_out_MAC[8]" is stuck at GND File: C:/Users/lmnjm/OneDrive/Documents/Grad School/Summer 2024/EE417 Programmable Logic Devices/Lecture 10/Examples/Example_nopipeline/FIR_noPipeline.v Line: 45
    Warning (13410): Pin "FIR_out_MAC[9]" is stuck at GND File: C:/Users/lmnjm/OneDrive/Documents/Grad School/Summer 2024/EE417 Programmable Logic Devices/Lecture 10/Examples/Example_nopipeline/FIR_noPipeline.v Line: 45
    Warning (13410): Pin "FIR_out_MAC[10]" is stuck at GND File: C:/Users/lmnjm/OneDrive/Documents/Grad School/Summer 2024/EE417 Programmable Logic Devices/Lecture 10/Examples/Example_nopipeline/FIR_noPipeline.v Line: 45
    Warning (13410): Pin "FIR_out_MAC[11]" is stuck at GND File: C:/Users/lmnjm/OneDrive/Documents/Grad School/Summer 2024/EE417 Programmable Logic Devices/Lecture 10/Examples/Example_nopipeline/FIR_noPipeline.v Line: 45
    Warning (13410): Pin "FIR_out_MAC[12]" is stuck at GND File: C:/Users/lmnjm/OneDrive/Documents/Grad School/Summer 2024/EE417 Programmable Logic Devices/Lecture 10/Examples/Example_nopipeline/FIR_noPipeline.v Line: 45
    Warning (13410): Pin "FIR_out_MAC[13]" is stuck at GND File: C:/Users/lmnjm/OneDrive/Documents/Grad School/Summer 2024/EE417 Programmable Logic Devices/Lecture 10/Examples/Example_nopipeline/FIR_noPipeline.v Line: 45
Info (286030): Timing-Driven Synthesis is running
Info (16010): Generating hard_block partition "hard_block:auto_generated_inst"
    Info (16011): Adding 0 node(s), including 0 DDIO, 0 PLL, 0 transceiver and 0 LCELL
Info (21057): Implemented 112 device resources after synthesis - the final resource count might be different
    Info (21058): Implemented 8 input pins
    Info (21059): Implemented 28 output pins
    Info (21061): Implemented 76 logic cells
Info: Quartus Prime Analysis & Synthesis was successful. 0 errors, 18 warnings
    Info: Peak virtual memory: 4882 megabytes
    Info: Processing ended: Sat Jul 20 16:02:04 2024
    Info: Elapsed time: 00:00:07
    Info: Total CPU time (on all processors): 00:00:09


