1732982773.535418: 10567-7f03d04c80c0: cdpl_log.c:228: in cdpl_log_open(): info: @@start_of_log@@
1732982773.535446: 10567-7f03d04c80c0: cdpl_log.c:866: in cdpl_log_dump_sysinfo(): info: time: 2024/11/30 10:06:13 CST -0600
1732982773.535451: 10567-7f03d04c80c0: cdpl_log.c:868: in cdpl_log_dump_sysinfo(): info: version: T-2022.03 
1732982773.535453: 10567-7f03d04c80c0: cdpl_log.c:870: in cdpl_log_dump_sysinfo(): info: system: Linux 3.10.0-1160.119.1.el7.x86_64 #1 SMP Tue May 14 11:55:25 EDT 2024
1732982773.535455: 10567-7f03d04c80c0: cdpl_log.c:875: in cdpl_log_dump_sysinfo(): info: processor: x86_64 64-bits
1732982773.535456: 10567-7f03d04c80c0: cdpl_log.c:879: in cdpl_log_dump_sysinfo(): info: hostname: engnx03a.utdallas.edu
1732982773.535458: 10567-7f03d04c80c0: cdpl_log.c:230: in cdpl_log_open(): debug: path: /home/eng/d/dal852207/cad/gf65/primelib_gf65/NAND2/runtime/cdpl/pid10567/master.engnx03a.utdallas.edu.10567.log
1732982773.535461: 10567-7f03d04c80c0: cdpl_log.c:231: in cdpl_log_open(): debug: dir: /home/eng/d/dal852207/cad/gf65/primelib_gf65/NAND2/runtime/cdpl/pid10567
1732982773.535466: 10567-7f03d04c80c0: cdpl_log.c:758: in cdpl_log_set_filter(): info: filter level 1
1732982773.535485: 10567-7f03d04c80c0: cdpl_server.c:543: in cdpl_sv_init(): info: new server S378623517
1732982773.535492: 10567-7f03d04c80c0: cdpl_ipc.c:3030: in cdpl_ipc_init(): info: requesting IPv4 protocol
1732982773.535969: 10567-7f03d04c80c0: cdpl_ipc.c:800: in _selectaddrfamily(): info: selected IPv4 protocol
1732982773.536223: 10567-7f03d04c80c0: cdpl_server.c:657: in cdpl_sv_new_master(): info: new master M1
1732982773.536236: 10567-7f03d04c80c0: cdpl_server.c:5494: in cdpl_sv_ctl_master(): info: Setting worker heartbeat to 60 seconds
1732982773.536238: 10567-7f03d04c80c0: cdpl_server.c:5503: in cdpl_sv_ctl_master(): info: Setting worker heartbeat timeout to 3 heartbeats
1732982773.536241: 10567-7f03d04c80c0: cdpl_compat_master.c:2407: in cdplInitMaster(): info: bcast dir is `/dev/null'
1732982773.536303: 10567-7f03d04c80c0: cdpl_server.c:5394: in cdpl_sv_ctl_master(): info: farm worker timeout set to 36000
1732982773.536305: 10567-7f03d04c80c0: cdpl_server.c:5410: in cdpl_sv_ctl_master(): info: grid worker timeout set to 36000
1732982773.536306: 10567-7f03d04c80c0: cdpl_server.c:5438: in cdpl_sv_ctl_master(): info: farm submit command failure threshold set to 100
1732982773.536343: 10567-7f03d04c80c0: cdpl_farm.c:2268: in cdpl_farm_new_sh(): info: creating SH farm on localhost
1732982773.536355: 10567-7f03d04c80c0: cdpl_compat_master.c:207: in _set_farm_env(): info: exporting CDPL_LOGDIR as `/home/eng/d/dal852207/cad/gf65/primelib_gf65/NAND2/runtime/cdpl/pid10567'
1732982773.536358: 10567-7f03d04c80c0: cdpl_compat_master.c:213: in _set_farm_env(): info: exporting CDPL_TMPDIR as `/var/tmp'
1732982773.536360: 10567-7f03d04c80c0: cdpl_compat_master.c:220: in _set_farm_env(): info: exporting CDPL_HOME as `/proj/cad/synopsys/synopsys_2021/primelib/T-2022.03-SP1/cdpl_runtime_linux64'
1732982773.536363: 10567-7f03d04c80c0: cdpl_compat_master.c:227: in _set_farm_env(): info: exporting SNPSLMD_LICENSE_FILE as `1700@engdmv.utdallas.edu'
1732982773.536366: 10567-7f03d04c80c0: cdpl_compat_master.c:247: in _set_farm_env(): info: exporting CDPL_OPTIONS as `[filter][nowlogs]'
1732982773.536368: 10567-7f03d04c80c0: cdpl_compat_master.c:254: in _set_farm_env(): info: exporting DISPLAY as `:1022'
1732982773.536370: 10567-7f03d04c80c0: cdpl_compat_master.c:262: in _set_farm_env(): info: exporting CDPL_HEARTBEAT as `60'
1732982773.536372: 10567-7f03d04c80c0: cdpl_compat_master.c:348: in _set_farm_env(): info: exporting SIS_MALIBU as `2'
1732982773.536374: 10567-7f03d04c80c0: cdpl_compat_master.c:348: in _set_farm_env(): info: exporting SIS_CDPL as `5'
1732982773.578871: 10567-7f03d04c80c0: cdpl_server.c:738: in cdpl_sv_new_job(): info: new job J1 in M1
1732982773.578890: 10567-7f03d04c80c0: cdpl_compat_master.c:1314: in _add_worker(): info: new worker type 100, min:1, max:1, cmd:`/home/eng/d/dal852207/cad/gf65/primelib_gf65/NAND2/runtime/cdpl/pid10567/run_10567.sh'
1732982773.578899: 10567-7f03d04c80c0: cdpl_server.c:900: in cdpl_sv_new_bin_withfarm(): info: new bin B1 in J1
1732982773.586841: 10567-7f03d04c80c0: cdpl_server.c:3116: in cdpl_sv_start_job(): info: starting job J1
1732982773.595275: 10567-7f03d04c80c0: cdpl_server.c:1824: in _sv_gen_task(): info: new task T0 in B1 (prio 2)
1732982773.595287: 10567-7f03d04c80c0: cdpl_server.c:2558: in cdpl_sv_label_task_va(): info: setting task T0 label to "delay__B__lh__OUT__hl__ACQ_1 of NAND2"
1732982773.595350: 10567-7f03d04c80c0: cdpl_server.c:1824: in _sv_gen_task(): info: new task T1 in B1 (prio 2)
1732982773.595415: 10567-7f03b81cc700: cdpl_server_sched.c:700: in _sv_launch_worker(): info: started worker W1 (as C1) in bin B1
1732982773.595439: 10567-7f03d04c80c0: cdpl_server.c:2558: in cdpl_sv_label_task_va(): info: setting task T1 label to "delay__B__hl__OUT__lh__ACQ_1 of NAND2"
1732982773.595460: 10567-7f03b79cb700: cdpl_farm.c:1899: in _schedule(): info: worker submit failure threshold set to 100
1732982773.595479: 10567-7f03d04c80c0: cdpl_server.c:1824: in _sv_gen_task(): info: new task T2 in B1 (prio 3)
1732982773.595486: 10567-7f03d04c80c0: cdpl_server.c:2558: in cdpl_sv_label_task_va(): info: setting task T2 label to "leakage_power__ACQ_1 of NAND2"
1732982773.595494: 10567-7f03b79cb700: cdpl_sh.c:49: in _sh_detached_submit(): info: SH : /home/eng/d/dal852207/cad/gf65/primelib_gf65/NAND2/runtime/cdpl/pid10567/run_10567.sh
1732982773.595508: 10567-7f03d04c80c0: cdpl_server.c:1824: in _sv_gen_task(): info: new task T3 in B1 (prio 5)
1732982773.595512: 10567-7f03d04c80c0: cdpl_server.c:2558: in cdpl_sv_label_task_va(): info: setting task T3 label to "Cin__VSS__lh__ACQ_1 of NAND2"
1732982773.597772: 10567-7f03d04c80c0: cdpl_server.c:1824: in _sv_gen_task(): info: new task T4 in B1 (prio 5)
1732982773.597785: 10567-7f03d04c80c0: cdpl_server.c:2558: in cdpl_sv_label_task_va(): info: setting task T4 label to "Cin__VSS__hl__ACQ_1 of NAND2"
1732982773.598275: 10567-7f03d04c80c0: cdpl_server.c:1824: in _sv_gen_task(): info: new task T5 in B1 (prio 2)
1732982773.598279: 10567-7f03d04c80c0: cdpl_server.c:2558: in cdpl_sv_label_task_va(): info: setting task T5 label to "delay__A__lh__OUT__hl__ACQ_1 of NAND2"
1732982773.598338: 10567-7f03d04c80c0: cdpl_server.c:1824: in _sv_gen_task(): info: new task T6 in B1 (prio 2)
1732982773.598340: 10567-7f03d04c80c0: cdpl_server.c:2558: in cdpl_sv_label_task_va(): info: setting task T6 label to "delay__A__hl__OUT__lh__ACQ_1 of NAND2"
1732982773.598375: 10567-7f03d04c80c0: cdpl_server.c:1824: in _sv_gen_task(): info: new task T7 in B1 (prio 5)
1732982773.598378: 10567-7f03d04c80c0: cdpl_server.c:2558: in cdpl_sv_label_task_va(): info: setting task T7 label to "Cin__VDD__lh__ACQ_1 of NAND2"
1732982773.598408: 10567-7f03d04c80c0: cdpl_server.c:1824: in _sv_gen_task(): info: new task T8 in B1 (prio 5)
1732982773.598410: 10567-7f03d04c80c0: cdpl_server.c:2558: in cdpl_sv_label_task_va(): info: setting task T8 label to "Cin__VDD__hl__ACQ_1 of NAND2"
1732982774.266990: 10567-7f03b89cd700: cdpl_server_ipc.c:452: in _sv_on_hello(): info: W1 is `10.182.66.68:54510'
1732982774.267013: 10567-7f03b89cd700: cdpl_server_ipc.c:454: in _sv_on_hello(): info: W1 log file is /dev/null
1732982774.267024: 10567-7f03b89cd700: cdpl_server_ipc.c:481: in _sv_on_hello(): info: up to 1 alive workers in B1
1732982774.267063: 10567-7f03b81cc700: cdpl_server_sched.c:955: in _assign(): info: assigning task T0 to worker W1
1732982781.108486: 10567-7f03b89cd700: cdpl_server_ipc.c:857: in _sv_on_finish(): info: worker W1 completed task T0
1732982781.108742: 10567-7f03b81cc700: cdpl_server_sched.c:955: in _assign(): info: assigning task T1 to worker W1
1732982787.825855: 10567-7f03b89cd700: cdpl_server_ipc.c:857: in _sv_on_finish(): info: worker W1 completed task T1
1732982787.826132: 10567-7f03b81cc700: cdpl_server_sched.c:955: in _assign(): info: assigning task T5 to worker W1
1732982794.426367: 10567-7f03b89cd700: cdpl_server_ipc.c:857: in _sv_on_finish(): info: worker W1 completed task T5
1732982794.426422: 10567-7f03b81cc700: cdpl_server_sched.c:955: in _assign(): info: assigning task T6 to worker W1
1732982800.919281: 10567-7f03b89cd700: cdpl_server_ipc.c:857: in _sv_on_finish(): info: worker W1 completed task T6
1732982800.919332: 10567-7f03b81cc700: cdpl_server_sched.c:955: in _assign(): info: assigning task T2 to worker W1
1732982807.521548: 10567-7f03b89cd700: cdpl_server_ipc.c:857: in _sv_on_finish(): info: worker W1 completed task T2
1732982807.521608: 10567-7f03b81cc700: cdpl_server_sched.c:955: in _assign(): info: assigning task T3 to worker W1
1732982814.005790: 10567-7f03b89cd700: cdpl_server_ipc.c:857: in _sv_on_finish(): info: worker W1 completed task T3
1732982814.006076: 10567-7f03b81cc700: cdpl_server_sched.c:955: in _assign(): info: assigning task T4 to worker W1
1732982820.686596: 10567-7f03b89cd700: cdpl_server_ipc.c:857: in _sv_on_finish(): info: worker W1 completed task T4
1732982820.686646: 10567-7f03b81cc700: cdpl_server_sched.c:955: in _assign(): info: assigning task T7 to worker W1
1732982827.303343: 10567-7f03b89cd700: cdpl_server_ipc.c:857: in _sv_on_finish(): info: worker W1 completed task T7
1732982827.303390: 10567-7f03b81cc700: cdpl_server_sched.c:955: in _assign(): info: assigning task T8 to worker W1
1732982833.945651: 10567-7f03b89cd700: cdpl_server_ipc.c:857: in _sv_on_finish(): info: worker W1 completed task T8
1732982939.927001: 10567-7f03d04c80c0: cdpl_compat_master.c:5152: in cdplMasterLogInfo(): info: [non-CDPL log entry] Ending current CDPL job
1732982939.927018: 10567-7f03d04c80c0: cdpl_server.c:2890: in cdpl_sv_halt_job_errno(): info: stopping job J1
1732982939.927089: 10567-7f03b81cc700: cdpl_server_sched.c:2711: in _sv_drop_worker(): info: down to 0 alive workers in B1
1732982939.927152: 10567-7f03d04c80c0: cdpl_server.c:2875: in cdpl_sv_halt_job_errno(): info: killing job J1
1732982939.927159: 10567-7f03d04c80c0: cdpl_server.c:288: in _sv_free_job(): info: freeing job J1
1732982939.927207: 10567-7f03d04c80c0: cdpl_farm.c:2395: in cdpl_farm_free(): info: freeing farm
1732982939.927635: 10567-7f03d04c80c0: cdpl_server.c:3011: in cdpl_sv_free(): info: freeing server S378623517
1732982939.927641: 10567-7f03d04c80c0: cdpl_server.c:2976: in cdpl_sv_kill_errno(): info: killing server
1732982939.927670: 10567-7f03d04c80c0: cdpl_server.c:328: in _sv_free_master(): info: freeing master M1
1732982939.927715: 10567-7f03d04c80c0: cdpl_log.c:371: in cdpl_log_close(): info: @@end_of_log@@
