1733170046.185114: 19958-7f55381d60c0: cdpl_log.c:228: in cdpl_log_open(): info: @@start_of_log@@
1733170046.185137: 19958-7f55381d60c0: cdpl_log.c:866: in cdpl_log_dump_sysinfo(): info: time: 2024/12/02 14:07:26 CST -0600
1733170046.185141: 19958-7f55381d60c0: cdpl_log.c:868: in cdpl_log_dump_sysinfo(): info: version: T-2022.03 
1733170046.185142: 19958-7f55381d60c0: cdpl_log.c:870: in cdpl_log_dump_sysinfo(): info: system: Linux 3.10.0-1160.119.1.el7.x86_64 #1 SMP Tue May 14 11:55:25 EDT 2024
1733170046.185144: 19958-7f55381d60c0: cdpl_log.c:875: in cdpl_log_dump_sysinfo(): info: processor: x86_64 64-bits
1733170046.185146: 19958-7f55381d60c0: cdpl_log.c:879: in cdpl_log_dump_sysinfo(): info: hostname: engnx01a.utdallas.edu
1733170046.185147: 19958-7f55381d60c0: cdpl_log.c:230: in cdpl_log_open(): debug: path: /home/eng/d/dal852207/cad/gf65/primelib_gf65/OAI12/runtime/cdpl/pid19958/master.engnx01a.utdallas.edu.19958.log
1733170046.185150: 19958-7f55381d60c0: cdpl_log.c:231: in cdpl_log_open(): debug: dir: /home/eng/d/dal852207/cad/gf65/primelib_gf65/OAI12/runtime/cdpl/pid19958
1733170046.185155: 19958-7f55381d60c0: cdpl_log.c:758: in cdpl_log_set_filter(): info: filter level 1
1733170046.185173: 19958-7f55381d60c0: cdpl_server.c:543: in cdpl_sv_init(): info: new server S2086240497
1733170046.185188: 19958-7f55381d60c0: cdpl_ipc.c:3030: in cdpl_ipc_init(): info: requesting IPv4 protocol
1733170046.185606: 19958-7f55381d60c0: cdpl_ipc.c:800: in _selectaddrfamily(): info: selected IPv4 protocol
1733170046.185870: 19958-7f55381d60c0: cdpl_server.c:657: in cdpl_sv_new_master(): info: new master M1
1733170046.185881: 19958-7f55381d60c0: cdpl_server.c:5494: in cdpl_sv_ctl_master(): info: Setting worker heartbeat to 60 seconds
1733170046.185883: 19958-7f55381d60c0: cdpl_server.c:5503: in cdpl_sv_ctl_master(): info: Setting worker heartbeat timeout to 3 heartbeats
1733170046.185886: 19958-7f55381d60c0: cdpl_compat_master.c:2407: in cdplInitMaster(): info: bcast dir is `/dev/null'
1733170046.185936: 19958-7f55381d60c0: cdpl_server.c:5394: in cdpl_sv_ctl_master(): info: farm worker timeout set to 36000
1733170046.185938: 19958-7f55381d60c0: cdpl_server.c:5410: in cdpl_sv_ctl_master(): info: grid worker timeout set to 36000
1733170046.185939: 19958-7f55381d60c0: cdpl_server.c:5438: in cdpl_sv_ctl_master(): info: farm submit command failure threshold set to 100
1733170046.185970: 19958-7f55381d60c0: cdpl_farm.c:2268: in cdpl_farm_new_sh(): info: creating SH farm on localhost
1733170046.185999: 19958-7f55381d60c0: cdpl_compat_master.c:207: in _set_farm_env(): info: exporting CDPL_LOGDIR as `/home/eng/d/dal852207/cad/gf65/primelib_gf65/OAI12/runtime/cdpl/pid19958'
1733170046.186002: 19958-7f55381d60c0: cdpl_compat_master.c:213: in _set_farm_env(): info: exporting CDPL_TMPDIR as `/var/tmp'
1733170046.186004: 19958-7f55381d60c0: cdpl_compat_master.c:220: in _set_farm_env(): info: exporting CDPL_HOME as `/proj/cad/synopsys/synopsys_2021/primelib/T-2022.03-SP1/cdpl_runtime_linux64'
1733170046.186006: 19958-7f55381d60c0: cdpl_compat_master.c:227: in _set_farm_env(): info: exporting SNPSLMD_LICENSE_FILE as `1700@engdmv.utdallas.edu'
1733170046.186008: 19958-7f55381d60c0: cdpl_compat_master.c:247: in _set_farm_env(): info: exporting CDPL_OPTIONS as `[filter][nowlogs]'
1733170046.186010: 19958-7f55381d60c0: cdpl_compat_master.c:254: in _set_farm_env(): info: exporting DISPLAY as `:1022'
1733170046.186012: 19958-7f55381d60c0: cdpl_compat_master.c:262: in _set_farm_env(): info: exporting CDPL_HEARTBEAT as `60'
1733170046.186015: 19958-7f55381d60c0: cdpl_compat_master.c:348: in _set_farm_env(): info: exporting SIS_MALIBU as `2'
1733170046.186017: 19958-7f55381d60c0: cdpl_compat_master.c:348: in _set_farm_env(): info: exporting SIS_CDPL as `5'
1733170046.225656: 19958-7f55381d60c0: cdpl_server.c:738: in cdpl_sv_new_job(): info: new job J1 in M1
1733170046.225668: 19958-7f55381d60c0: cdpl_compat_master.c:1314: in _add_worker(): info: new worker type 100, min:1, max:1, cmd:`/home/eng/d/dal852207/cad/gf65/primelib_gf65/OAI12/runtime/cdpl/pid19958/run_19958.sh'
1733170046.225676: 19958-7f55381d60c0: cdpl_server.c:900: in cdpl_sv_new_bin_withfarm(): info: new bin B1 in J1
1733170046.231468: 19958-7f55381d60c0: cdpl_server.c:3116: in cdpl_sv_start_job(): info: starting job J1
1733170046.239663: 19958-7f55381d60c0: cdpl_server.c:1824: in _sv_gen_task(): info: new task T0 in B1 (prio 2)
1733170046.239673: 19958-7f55381d60c0: cdpl_server.c:2558: in cdpl_sv_label_task_va(): info: setting task T0 label to "delay__B__lh__OUT__hl__ACQ_1 of OAI12"
1733170046.239732: 19958-7f55381d60c0: cdpl_server.c:1824: in _sv_gen_task(): info: new task T1 in B1 (prio 2)
1733170046.239800: 19958-7f551fed9700: cdpl_server_sched.c:700: in _sv_launch_worker(): info: started worker W1 (as C1) in bin B1
1733170046.239821: 19958-7f551f6d8700: cdpl_farm.c:1899: in _schedule(): info: worker submit failure threshold set to 100
1733170046.239832: 19958-7f55381d60c0: cdpl_server.c:2558: in cdpl_sv_label_task_va(): info: setting task T1 label to "delay__B__hl__OUT__lh__ACQ_1 of OAI12"
1733170046.239842: 19958-7f551f6d8700: cdpl_sh.c:49: in _sh_detached_submit(): info: SH : /home/eng/d/dal852207/cad/gf65/primelib_gf65/OAI12/runtime/cdpl/pid19958/run_19958.sh
1733170046.241054: 19958-7f55381d60c0: cdpl_server.c:1824: in _sv_gen_task(): info: new task T2 in B1 (prio 3)
1733170046.241067: 19958-7f55381d60c0: cdpl_server.c:2558: in cdpl_sv_label_task_va(): info: setting task T2 label to "leakage_power__ACQ_1 of OAI12"
1733170046.241202: 19958-7f55381d60c0: cdpl_server.c:1824: in _sv_gen_task(): info: new task T3 in B1 (prio 2)
1733170046.241205: 19958-7f55381d60c0: cdpl_server.c:2558: in cdpl_sv_label_task_va(): info: setting task T3 label to "delay__C__lh__OUT__hl__ACQ_1 of OAI12"
1733170046.241255: 19958-7f55381d60c0: cdpl_server.c:1824: in _sv_gen_task(): info: new task T4 in B1 (prio 2)
1733170046.241258: 19958-7f55381d60c0: cdpl_server.c:2558: in cdpl_sv_label_task_va(): info: setting task T4 label to "delay__C__hl__OUT__lh__ACQ_1 of OAI12"
1733170046.241287: 19958-7f55381d60c0: cdpl_server.c:1824: in _sv_gen_task(): info: new task T5 in B1 (prio 5)
1733170046.241289: 19958-7f55381d60c0: cdpl_server.c:2558: in cdpl_sv_label_task_va(): info: setting task T5 label to "Cin__VSS__lh__ACQ_1 of OAI12"
1733170046.241330: 19958-7f55381d60c0: cdpl_server.c:1824: in _sv_gen_task(): info: new task T6 in B1 (prio 5)
1733170046.241332: 19958-7f55381d60c0: cdpl_server.c:2558: in cdpl_sv_label_task_va(): info: setting task T6 label to "Cin__VSS__hl__ACQ_1 of OAI12"
1733170046.241368: 19958-7f55381d60c0: cdpl_server.c:1824: in _sv_gen_task(): info: new task T7 in B1 (prio 2)
1733170046.241371: 19958-7f55381d60c0: cdpl_server.c:2558: in cdpl_sv_label_task_va(): info: setting task T7 label to "delay__A__lh__OUT__hl__ACQ_1 of OAI12"
1733170046.241407: 19958-7f55381d60c0: cdpl_server.c:1824: in _sv_gen_task(): info: new task T8 in B1 (prio 2)
1733170046.241409: 19958-7f55381d60c0: cdpl_server.c:2558: in cdpl_sv_label_task_va(): info: setting task T8 label to "delay__A__hl__OUT__lh__ACQ_1 of OAI12"
1733170046.241435: 19958-7f55381d60c0: cdpl_server.c:1824: in _sv_gen_task(): info: new task T9 in B1 (prio 5)
1733170046.241438: 19958-7f55381d60c0: cdpl_server.c:2558: in cdpl_sv_label_task_va(): info: setting task T9 label to "Cin__VDD__lh__ACQ_1 of OAI12"
1733170046.241479: 19958-7f55381d60c0: cdpl_server.c:1824: in _sv_gen_task(): info: new task T10 in B1 (prio 5)
1733170046.241481: 19958-7f55381d60c0: cdpl_server.c:2558: in cdpl_sv_label_task_va(): info: setting task T10 label to "Cin__VDD__hl__ACQ_1 of OAI12"
1733170046.874683: 19958-7f55206da700: cdpl_server_ipc.c:452: in _sv_on_hello(): info: W1 is `10.182.66.66:57502'
1733170046.874706: 19958-7f55206da700: cdpl_server_ipc.c:454: in _sv_on_hello(): info: W1 log file is /dev/null
1733170046.874712: 19958-7f55206da700: cdpl_server_ipc.c:481: in _sv_on_hello(): info: up to 1 alive workers in B1
1733170046.874736: 19958-7f551fed9700: cdpl_server_sched.c:955: in _assign(): info: assigning task T0 to worker W1
1733170053.893770: 19958-7f55206da700: cdpl_server_ipc.c:857: in _sv_on_finish(): info: worker W1 completed task T0
1733170053.893812: 19958-7f551fed9700: cdpl_server_sched.c:955: in _assign(): info: assigning task T1 to worker W1
1733170060.553113: 19958-7f55206da700: cdpl_server_ipc.c:857: in _sv_on_finish(): info: worker W1 completed task T1
1733170060.553395: 19958-7f551fed9700: cdpl_server_sched.c:955: in _assign(): info: assigning task T3 to worker W1
1733170067.392209: 19958-7f55206da700: cdpl_server_ipc.c:857: in _sv_on_finish(): info: worker W1 completed task T3
1733170067.392261: 19958-7f551fed9700: cdpl_server_sched.c:955: in _assign(): info: assigning task T4 to worker W1
1733170074.384474: 19958-7f55206da700: cdpl_server_ipc.c:857: in _sv_on_finish(): info: worker W1 completed task T4
1733170074.384514: 19958-7f551fed9700: cdpl_server_sched.c:955: in _assign(): info: assigning task T7 to worker W1
1733170081.113838: 19958-7f55206da700: cdpl_server_ipc.c:857: in _sv_on_finish(): info: worker W1 completed task T7
1733170081.114146: 19958-7f551fed9700: cdpl_server_sched.c:955: in _assign(): info: assigning task T8 to worker W1
1733170087.726798: 19958-7f55206da700: cdpl_server_ipc.c:857: in _sv_on_finish(): info: worker W1 completed task T8
1733170087.726834: 19958-7f551fed9700: cdpl_server_sched.c:955: in _assign(): info: assigning task T2 to worker W1
1733170094.285570: 19958-7f55206da700: cdpl_server_ipc.c:857: in _sv_on_finish(): info: worker W1 completed task T2
1733170094.285614: 19958-7f551fed9700: cdpl_server_sched.c:955: in _assign(): info: assigning task T5 to worker W1
1733170101.017484: 19958-7f55206da700: cdpl_server_ipc.c:857: in _sv_on_finish(): info: worker W1 completed task T5
1733170101.017760: 19958-7f551fed9700: cdpl_server_sched.c:955: in _assign(): info: assigning task T6 to worker W1
1733170107.626462: 19958-7f55206da700: cdpl_server_ipc.c:857: in _sv_on_finish(): info: worker W1 completed task T6
1733170107.626500: 19958-7f551fed9700: cdpl_server_sched.c:955: in _assign(): info: assigning task T9 to worker W1
1733170114.317677: 19958-7f55206da700: cdpl_server_ipc.c:857: in _sv_on_finish(): info: worker W1 completed task T9
1733170114.317711: 19958-7f551fed9700: cdpl_server_sched.c:955: in _assign(): info: assigning task T10 to worker W1
1733170120.944848: 19958-7f55206da700: cdpl_server_ipc.c:857: in _sv_on_finish(): info: worker W1 completed task T10
1733170234.982984: 19958-7f55381d60c0: cdpl_compat_master.c:5152: in cdplMasterLogInfo(): info: [non-CDPL log entry] Ending current CDPL job
1733170234.983223: 19958-7f55381d60c0: cdpl_server.c:2890: in cdpl_sv_halt_job_errno(): info: stopping job J1
1733170234.983314: 19958-7f551fed9700: cdpl_server_sched.c:2711: in _sv_drop_worker(): info: down to 0 alive workers in B1
1733170234.983355: 19958-7f55381d60c0: cdpl_server.c:2875: in cdpl_sv_halt_job_errno(): info: killing job J1
1733170234.983362: 19958-7f55381d60c0: cdpl_server.c:288: in _sv_free_job(): info: freeing job J1
1733170234.983402: 19958-7f55381d60c0: cdpl_farm.c:2395: in cdpl_farm_free(): info: freeing farm
1733170234.983674: 19958-7f55381d60c0: cdpl_server.c:3011: in cdpl_sv_free(): info: freeing server S2086240497
1733170234.983677: 19958-7f55381d60c0: cdpl_server.c:2976: in cdpl_sv_kill_errno(): info: killing server
1733170234.983907: 19958-7f55381d60c0: cdpl_server.c:328: in _sv_free_master(): info: freeing master M1
1733170234.983953: 19958-7f55381d60c0: cdpl_log.c:371: in cdpl_log_close(): info: @@end_of_log@@
