1732981288.014274: 1841-7fa26c95a0c0: cdpl_log.c:228: in cdpl_log_open(): info: @@start_of_log@@
1732981288.014304: 1841-7fa26c95a0c0: cdpl_log.c:866: in cdpl_log_dump_sysinfo(): info: time: 2024/11/30 09:41:28 CST -0600
1732981288.014309: 1841-7fa26c95a0c0: cdpl_log.c:868: in cdpl_log_dump_sysinfo(): info: version: T-2022.03 
1732981288.014311: 1841-7fa26c95a0c0: cdpl_log.c:870: in cdpl_log_dump_sysinfo(): info: system: Linux 3.10.0-1160.119.1.el7.x86_64 #1 SMP Tue May 14 11:55:25 EDT 2024
1732981288.014313: 1841-7fa26c95a0c0: cdpl_log.c:875: in cdpl_log_dump_sysinfo(): info: processor: x86_64 64-bits
1732981288.014314: 1841-7fa26c95a0c0: cdpl_log.c:879: in cdpl_log_dump_sysinfo(): info: hostname: engnx03a.utdallas.edu
1732981288.014316: 1841-7fa26c95a0c0: cdpl_log.c:230: in cdpl_log_open(): debug: path: /home/eng/d/dal852207/cad/gf65/primelib_gf65/AOI12/runtime/cdpl/pid1841/master.engnx03a.utdallas.edu.1841.log
1732981288.014319: 1841-7fa26c95a0c0: cdpl_log.c:231: in cdpl_log_open(): debug: dir: /home/eng/d/dal852207/cad/gf65/primelib_gf65/AOI12/runtime/cdpl/pid1841
1732981288.014326: 1841-7fa26c95a0c0: cdpl_log.c:758: in cdpl_log_set_filter(): info: filter level 1
1732981288.014346: 1841-7fa26c95a0c0: cdpl_server.c:543: in cdpl_sv_init(): info: new server S845949130
1732981288.014355: 1841-7fa26c95a0c0: cdpl_ipc.c:3030: in cdpl_ipc_init(): info: requesting IPv4 protocol
1732981288.014783: 1841-7fa26c95a0c0: cdpl_ipc.c:800: in _selectaddrfamily(): info: selected IPv4 protocol
1732981288.015061: 1841-7fa26c95a0c0: cdpl_server.c:657: in cdpl_sv_new_master(): info: new master M1
1732981288.015076: 1841-7fa26c95a0c0: cdpl_server.c:5494: in cdpl_sv_ctl_master(): info: Setting worker heartbeat to 60 seconds
1732981288.015078: 1841-7fa26c95a0c0: cdpl_server.c:5503: in cdpl_sv_ctl_master(): info: Setting worker heartbeat timeout to 3 heartbeats
1732981288.015081: 1841-7fa26c95a0c0: cdpl_compat_master.c:2407: in cdplInitMaster(): info: bcast dir is `/dev/null'
1732981288.015157: 1841-7fa26c95a0c0: cdpl_server.c:5394: in cdpl_sv_ctl_master(): info: farm worker timeout set to 36000
1732981288.015160: 1841-7fa26c95a0c0: cdpl_server.c:5410: in cdpl_sv_ctl_master(): info: grid worker timeout set to 36000
1732981288.015162: 1841-7fa26c95a0c0: cdpl_server.c:5438: in cdpl_sv_ctl_master(): info: farm submit command failure threshold set to 100
1732981288.015196: 1841-7fa26c95a0c0: cdpl_farm.c:2268: in cdpl_farm_new_sh(): info: creating SH farm on localhost
1732981288.015208: 1841-7fa26c95a0c0: cdpl_compat_master.c:207: in _set_farm_env(): info: exporting CDPL_LOGDIR as `/home/eng/d/dal852207/cad/gf65/primelib_gf65/AOI12/runtime/cdpl/pid1841'
1732981288.015212: 1841-7fa26c95a0c0: cdpl_compat_master.c:213: in _set_farm_env(): info: exporting CDPL_TMPDIR as `/var/tmp'
1732981288.015214: 1841-7fa26c95a0c0: cdpl_compat_master.c:220: in _set_farm_env(): info: exporting CDPL_HOME as `/proj/cad/synopsys/synopsys_2021/primelib/T-2022.03-SP1/cdpl_runtime_linux64'
1732981288.015216: 1841-7fa26c95a0c0: cdpl_compat_master.c:227: in _set_farm_env(): info: exporting SNPSLMD_LICENSE_FILE as `1700@engdmv.utdallas.edu'
1732981288.015219: 1841-7fa26c95a0c0: cdpl_compat_master.c:247: in _set_farm_env(): info: exporting CDPL_OPTIONS as `[filter][nowlogs]'
1732981288.015221: 1841-7fa26c95a0c0: cdpl_compat_master.c:254: in _set_farm_env(): info: exporting DISPLAY as `:1022'
1732981288.015223: 1841-7fa26c95a0c0: cdpl_compat_master.c:262: in _set_farm_env(): info: exporting CDPL_HEARTBEAT as `60'
1732981288.015227: 1841-7fa26c95a0c0: cdpl_compat_master.c:348: in _set_farm_env(): info: exporting SIS_MALIBU as `2'
1732981288.015228: 1841-7fa26c95a0c0: cdpl_compat_master.c:348: in _set_farm_env(): info: exporting SIS_CDPL as `5'
1732981288.056795: 1841-7fa26c95a0c0: cdpl_server.c:738: in cdpl_sv_new_job(): info: new job J1 in M1
1732981288.056813: 1841-7fa26c95a0c0: cdpl_compat_master.c:1314: in _add_worker(): info: new worker type 100, min:1, max:1, cmd:`/home/eng/d/dal852207/cad/gf65/primelib_gf65/AOI12/runtime/cdpl/pid1841/run_1841.sh'
1732981288.056819: 1841-7fa26c95a0c0: cdpl_server.c:900: in cdpl_sv_new_bin_withfarm(): info: new bin B1 in J1
1732981288.065364: 1841-7fa26c95a0c0: cdpl_server.c:3116: in cdpl_sv_start_job(): info: starting job J1
1732981288.073170: 1841-7fa26c95a0c0: cdpl_server.c:1824: in _sv_gen_task(): info: new task T0 in B1 (prio 2)
1732981288.073181: 1841-7fa26c95a0c0: cdpl_server.c:2558: in cdpl_sv_label_task_va(): info: setting task T0 label to "delay__B__lh__OUT__hl__ACQ_1 of AOI12"
1732981288.073238: 1841-7fa26c95a0c0: cdpl_server.c:1824: in _sv_gen_task(): info: new task T1 in B1 (prio 2)
1732981288.073303: 1841-7fa25465e700: cdpl_server_sched.c:700: in _sv_launch_worker(): info: started worker W1 (as C1) in bin B1
1732981288.073325: 1841-7fa26c95a0c0: cdpl_server.c:2558: in cdpl_sv_label_task_va(): info: setting task T1 label to "delay__B__hl__OUT__lh__ACQ_1 of AOI12"
1732981288.073332: 1841-7fa253e5d700: cdpl_farm.c:1899: in _schedule(): info: worker submit failure threshold set to 100
1732981288.073361: 1841-7fa253e5d700: cdpl_sh.c:49: in _sh_detached_submit(): info: SH : /home/eng/d/dal852207/cad/gf65/primelib_gf65/AOI12/runtime/cdpl/pid1841/run_1841.sh
1732981288.073372: 1841-7fa26c95a0c0: cdpl_server.c:1824: in _sv_gen_task(): info: new task T2 in B1 (prio 3)
1732981288.073376: 1841-7fa26c95a0c0: cdpl_server.c:2558: in cdpl_sv_label_task_va(): info: setting task T2 label to "leakage_power__ACQ_1 of AOI12"
1732981288.075962: 1841-7fa26c95a0c0: cdpl_server.c:1824: in _sv_gen_task(): info: new task T3 in B1 (prio 2)
1732981288.075974: 1841-7fa26c95a0c0: cdpl_server.c:2558: in cdpl_sv_label_task_va(): info: setting task T3 label to "delay__C__lh__OUT__hl__ACQ_1 of AOI12"
1732981288.076108: 1841-7fa26c95a0c0: cdpl_server.c:1824: in _sv_gen_task(): info: new task T4 in B1 (prio 2)
1732981288.076112: 1841-7fa26c95a0c0: cdpl_server.c:2558: in cdpl_sv_label_task_va(): info: setting task T4 label to "delay__C__hl__OUT__lh__ACQ_1 of AOI12"
1732981288.076148: 1841-7fa26c95a0c0: cdpl_server.c:1824: in _sv_gen_task(): info: new task T5 in B1 (prio 5)
1732981288.076151: 1841-7fa26c95a0c0: cdpl_server.c:2558: in cdpl_sv_label_task_va(): info: setting task T5 label to "Cin__VSS__lh__ACQ_1 of AOI12"
1732981288.076190: 1841-7fa26c95a0c0: cdpl_server.c:1824: in _sv_gen_task(): info: new task T6 in B1 (prio 5)
1732981288.076192: 1841-7fa26c95a0c0: cdpl_server.c:2558: in cdpl_sv_label_task_va(): info: setting task T6 label to "Cin__VSS__hl__ACQ_1 of AOI12"
1732981288.076231: 1841-7fa26c95a0c0: cdpl_server.c:1824: in _sv_gen_task(): info: new task T7 in B1 (prio 2)
1732981288.076234: 1841-7fa26c95a0c0: cdpl_server.c:2558: in cdpl_sv_label_task_va(): info: setting task T7 label to "delay__A__lh__OUT__hl__ACQ_1 of AOI12"
1732981288.076269: 1841-7fa26c95a0c0: cdpl_server.c:1824: in _sv_gen_task(): info: new task T8 in B1 (prio 2)
1732981288.076272: 1841-7fa26c95a0c0: cdpl_server.c:2558: in cdpl_sv_label_task_va(): info: setting task T8 label to "delay__A__hl__OUT__lh__ACQ_1 of AOI12"
1732981288.076312: 1841-7fa26c95a0c0: cdpl_server.c:1824: in _sv_gen_task(): info: new task T9 in B1 (prio 5)
1732981288.076314: 1841-7fa26c95a0c0: cdpl_server.c:2558: in cdpl_sv_label_task_va(): info: setting task T9 label to "Cin__VDD__lh__ACQ_1 of AOI12"
1732981288.076341: 1841-7fa26c95a0c0: cdpl_server.c:1824: in _sv_gen_task(): info: new task T10 in B1 (prio 5)
1732981288.076344: 1841-7fa26c95a0c0: cdpl_server.c:2558: in cdpl_sv_label_task_va(): info: setting task T10 label to "Cin__VDD__hl__ACQ_1 of AOI12"
1732981288.708212: 1841-7fa254e5f700: cdpl_server_ipc.c:452: in _sv_on_hello(): info: W1 is `10.182.66.68:58184'
1732981288.708238: 1841-7fa254e5f700: cdpl_server_ipc.c:454: in _sv_on_hello(): info: W1 log file is /dev/null
1732981288.708248: 1841-7fa254e5f700: cdpl_server_ipc.c:481: in _sv_on_hello(): info: up to 1 alive workers in B1
1732981288.708276: 1841-7fa25465e700: cdpl_server_sched.c:955: in _assign(): info: assigning task T0 to worker W1
1732981295.645281: 1841-7fa254e5f700: cdpl_server_ipc.c:857: in _sv_on_finish(): info: worker W1 completed task T0
1732981295.645329: 1841-7fa25465e700: cdpl_server_sched.c:955: in _assign(): info: assigning task T1 to worker W1
1732981302.378064: 1841-7fa254e5f700: cdpl_server_ipc.c:857: in _sv_on_finish(): info: worker W1 completed task T1
1732981302.378113: 1841-7fa25465e700: cdpl_server_sched.c:955: in _assign(): info: assigning task T3 to worker W1
1732981309.166311: 1841-7fa254e5f700: cdpl_server_ipc.c:857: in _sv_on_finish(): info: worker W1 completed task T3
1732981309.166350: 1841-7fa25465e700: cdpl_server_sched.c:955: in _assign(): info: assigning task T4 to worker W1
1732981315.841291: 1841-7fa254e5f700: cdpl_server_ipc.c:857: in _sv_on_finish(): info: worker W1 completed task T4
1732981315.841326: 1841-7fa25465e700: cdpl_server_sched.c:955: in _assign(): info: assigning task T7 to worker W1
1732981322.475026: 1841-7fa254e5f700: cdpl_server_ipc.c:857: in _sv_on_finish(): info: worker W1 completed task T7
1732981322.475282: 1841-7fa25465e700: cdpl_server_sched.c:955: in _assign(): info: assigning task T8 to worker W1
1732981329.175250: 1841-7fa254e5f700: cdpl_server_ipc.c:857: in _sv_on_finish(): info: worker W1 completed task T8
1732981329.175289: 1841-7fa25465e700: cdpl_server_sched.c:955: in _assign(): info: assigning task T2 to worker W1
1732981399.649794: 1841-7fa254e5f700: cdpl_server_ipc.c:857: in _sv_on_finish(): info: worker W1 completed task T2
1732981399.650061: 1841-7fa25465e700: cdpl_server_sched.c:955: in _assign(): info: assigning task T5 to worker W1
1732981406.239467: 1841-7fa254e5f700: cdpl_server_ipc.c:857: in _sv_on_finish(): info: worker W1 completed task T5
1732981406.239515: 1841-7fa25465e700: cdpl_server_sched.c:955: in _assign(): info: assigning task T6 to worker W1
1732981412.738212: 1841-7fa254e5f700: cdpl_server_ipc.c:857: in _sv_on_finish(): info: worker W1 completed task T6
1732981412.738251: 1841-7fa25465e700: cdpl_server_sched.c:955: in _assign(): info: assigning task T9 to worker W1
1732981419.492267: 1841-7fa254e5f700: cdpl_server_ipc.c:857: in _sv_on_finish(): info: worker W1 completed task T9
1732981419.492317: 1841-7fa25465e700: cdpl_server_sched.c:955: in _assign(): info: assigning task T10 to worker W1
1732981425.983971: 1841-7fa254e5f700: cdpl_server_ipc.c:857: in _sv_on_finish(): info: worker W1 completed task T10
1732981556.175127: 1841-7fa26c95a0c0: cdpl_compat_master.c:5152: in cdplMasterLogInfo(): info: [non-CDPL log entry] Ending current CDPL job
1732981556.175352: 1841-7fa26c95a0c0: cdpl_server.c:2890: in cdpl_sv_halt_job_errno(): info: stopping job J1
1732981556.175434: 1841-7fa25465e700: cdpl_server_sched.c:2711: in _sv_drop_worker(): info: down to 0 alive workers in B1
1732981556.175480: 1841-7fa26c95a0c0: cdpl_server.c:2875: in cdpl_sv_halt_job_errno(): info: killing job J1
1732981556.175487: 1841-7fa26c95a0c0: cdpl_server.c:288: in _sv_free_job(): info: freeing job J1
1732981556.175531: 1841-7fa26c95a0c0: cdpl_farm.c:2395: in cdpl_farm_free(): info: freeing farm
1732981556.175744: 1841-7fa26c95a0c0: cdpl_server.c:3011: in cdpl_sv_free(): info: freeing server S845949130
1732981556.175750: 1841-7fa26c95a0c0: cdpl_server.c:2976: in cdpl_sv_kill_errno(): info: killing server
1732981556.176286: 1841-7fa26c95a0c0: cdpl_server.c:328: in _sv_free_master(): info: freeing master M1
1732981556.176325: 1841-7fa26c95a0c0: cdpl_log.c:371: in cdpl_log_close(): info: @@end_of_log@@
