1731202728.285710: 5755-7f00f64250c0: cdpl_log.c:228: in cdpl_log_open(): info: @@start_of_log@@
1731202728.285739: 5755-7f00f64250c0: cdpl_log.c:866: in cdpl_log_dump_sysinfo(): info: time: 2024/11/09 19:38:48 CST -0600
1731202728.285743: 5755-7f00f64250c0: cdpl_log.c:868: in cdpl_log_dump_sysinfo(): info: version: T-2022.03 
1731202728.285745: 5755-7f00f64250c0: cdpl_log.c:870: in cdpl_log_dump_sysinfo(): info: system: Linux 3.10.0-1160.119.1.el7.x86_64 #1 SMP Tue May 14 11:55:25 EDT 2024
1731202728.285746: 5755-7f00f64250c0: cdpl_log.c:875: in cdpl_log_dump_sysinfo(): info: processor: x86_64 64-bits
1731202728.285748: 5755-7f00f64250c0: cdpl_log.c:879: in cdpl_log_dump_sysinfo(): info: hostname: engnx03a.utdallas.edu
1731202728.285750: 5755-7f00f64250c0: cdpl_log.c:230: in cdpl_log_open(): debug: path: /home/eng/d/dal852207/cad/gf65/primelib_gf65/NAND3/runtime/cdpl/pid5755/master.4.engnx03a.utdallas.edu.5755.log
1731202728.285752: 5755-7f00f64250c0: cdpl_log.c:231: in cdpl_log_open(): debug: dir: /home/eng/d/dal852207/cad/gf65/primelib_gf65/NAND3/runtime/cdpl/pid5755
1731202728.285759: 5755-7f00f64250c0: cdpl_log.c:758: in cdpl_log_set_filter(): info: filter level 1
1731202728.285765: 5755-7f00f64250c0: cdpl_server.c:543: in cdpl_sv_init(): info: new server S780100544
1731202728.285771: 5755-7f00f64250c0: cdpl_ipc.c:3030: in cdpl_ipc_init(): info: requesting IPv4 protocol
1731202728.286204: 5755-7f00f64250c0: cdpl_ipc.c:800: in _selectaddrfamily(): info: selected IPv4 protocol
1731202728.286456: 5755-7f00f64250c0: cdpl_server.c:657: in cdpl_sv_new_master(): info: new master M1
1731202728.286466: 5755-7f00f64250c0: cdpl_server.c:5494: in cdpl_sv_ctl_master(): info: Setting worker heartbeat to 60 seconds
1731202728.286468: 5755-7f00f64250c0: cdpl_server.c:5503: in cdpl_sv_ctl_master(): info: Setting worker heartbeat timeout to 3 heartbeats
1731202728.286472: 5755-7f00f64250c0: cdpl_compat_master.c:2407: in cdplInitMaster(): info: bcast dir is `/dev/null'
1731202728.286519: 5755-7f00f64250c0: cdpl_server.c:5394: in cdpl_sv_ctl_master(): info: farm worker timeout set to 36000
1731202728.286521: 5755-7f00f64250c0: cdpl_server.c:5410: in cdpl_sv_ctl_master(): info: grid worker timeout set to 36000
1731202728.286523: 5755-7f00f64250c0: cdpl_server.c:5438: in cdpl_sv_ctl_master(): info: farm submit command failure threshold set to 100
1731202728.286553: 5755-7f00f64250c0: cdpl_farm.c:2268: in cdpl_farm_new_sh(): info: creating SH farm on localhost
1731202728.286563: 5755-7f00f64250c0: cdpl_compat_master.c:207: in _set_farm_env(): info: exporting CDPL_LOGDIR as `/home/eng/d/dal852207/cad/gf65/primelib_gf65/NAND3/runtime/cdpl/pid5755'
1731202728.286565: 5755-7f00f64250c0: cdpl_compat_master.c:213: in _set_farm_env(): info: exporting CDPL_TMPDIR as `/var/tmp'
1731202728.286567: 5755-7f00f64250c0: cdpl_compat_master.c:220: in _set_farm_env(): info: exporting CDPL_HOME as `/proj/cad/synopsys/synopsys_2021/primelib/T-2022.03-SP1/cdpl_runtime_linux64'
1731202728.286570: 5755-7f00f64250c0: cdpl_compat_master.c:227: in _set_farm_env(): info: exporting SNPSLMD_LICENSE_FILE as `1700@engdmv.utdallas.edu'
1731202728.286573: 5755-7f00f64250c0: cdpl_compat_master.c:247: in _set_farm_env(): info: exporting CDPL_OPTIONS as `[filter][nowlogs]'
1731202728.286579: 5755-7f00f64250c0: cdpl_compat_master.c:254: in _set_farm_env(): info: exporting DISPLAY as `:1005'
1731202728.286581: 5755-7f00f64250c0: cdpl_compat_master.c:262: in _set_farm_env(): info: exporting CDPL_HEARTBEAT as `60'
1731202728.286586: 5755-7f00f64250c0: cdpl_compat_master.c:348: in _set_farm_env(): info: exporting SIS_MALIBU as `2'
1731202728.286588: 5755-7f00f64250c0: cdpl_compat_master.c:348: in _set_farm_env(): info: exporting SIS_CDPL as `5'
1731202728.333122: 5755-7f00f64250c0: cdpl_server.c:738: in cdpl_sv_new_job(): info: new job J1 in M1
1731202728.333135: 5755-7f00f64250c0: cdpl_compat_master.c:1314: in _add_worker(): info: new worker type 100, min:1, max:1, cmd:`/home/eng/d/dal852207/cad/gf65/primelib_gf65/NAND3/runtime/cdpl/pid5755/run_5755.sh'
1731202728.333143: 5755-7f00f64250c0: cdpl_server.c:900: in cdpl_sv_new_bin_withfarm(): info: new bin B1 in J1
1731202728.338351: 5755-7f00f64250c0: cdpl_server.c:3116: in cdpl_sv_start_job(): info: starting job J1
1731202728.345741: 5755-7f00f64250c0: cdpl_server.c:1824: in _sv_gen_task(): info: new task T0 in B1 (prio 3)
1731202728.345749: 5755-7f00f64250c0: cdpl_server.c:2558: in cdpl_sv_label_task_va(): info: setting task T0 label to "leakage_power__ACQ_1 of NAND3"
1731202728.345803: 5755-7f00f64250c0: cdpl_server.c:1824: in _sv_gen_task(): info: new task T1 in B1 (prio 2)
1731202728.345818: 5755-7f00de129700: cdpl_server_sched.c:700: in _sv_launch_worker(): info: started worker W1 (as C1) in bin B1
1731202728.345843: 5755-7f00f64250c0: cdpl_server.c:2558: in cdpl_sv_label_task_va(): info: setting task T1 label to "delay__VA__lh__OUT__hl__ACQ_1 of NAND3"
1731202728.345848: 5755-7f00dd928700: cdpl_farm.c:1899: in _schedule(): info: worker submit failure threshold set to 100
1731202728.345872: 5755-7f00f64250c0: cdpl_server.c:1824: in _sv_gen_task(): info: new task T2 in B1 (prio 2)
1731202728.345880: 5755-7f00f64250c0: cdpl_server.c:2558: in cdpl_sv_label_task_va(): info: setting task T2 label to "delay__VA__hl__OUT__lh__ACQ_1 of NAND3"
1731202728.345886: 5755-7f00dd928700: cdpl_sh.c:49: in _sh_detached_submit(): info: SH : /home/eng/d/dal852207/cad/gf65/primelib_gf65/NAND3/runtime/cdpl/pid5755/run_5755.sh
1731202728.345903: 5755-7f00f64250c0: cdpl_server.c:1824: in _sv_gen_task(): info: new task T3 in B1 (prio 5)
1731202728.345908: 5755-7f00f64250c0: cdpl_server.c:2558: in cdpl_sv_label_task_va(): info: setting task T3 label to "Cin__VSS__lh__ACQ_1 of NAND3"
1731202728.350505: 5755-7f00f64250c0: cdpl_server.c:1824: in _sv_gen_task(): info: new task T4 in B1 (prio 5)
1731202728.350521: 5755-7f00f64250c0: cdpl_server.c:2558: in cdpl_sv_label_task_va(): info: setting task T4 label to "Cin__VSS__hl__ACQ_1 of NAND3"
1731202728.350577: 5755-7f00f64250c0: cdpl_server.c:1824: in _sv_gen_task(): info: new task T5 in B1 (prio 2)
1731202728.350581: 5755-7f00f64250c0: cdpl_server.c:2558: in cdpl_sv_label_task_va(): info: setting task T5 label to "delay__VB__lh__OUT__hl__ACQ_1 of NAND3"
1731202728.350628: 5755-7f00f64250c0: cdpl_server.c:1824: in _sv_gen_task(): info: new task T6 in B1 (prio 2)
1731202728.350631: 5755-7f00f64250c0: cdpl_server.c:2558: in cdpl_sv_label_task_va(): info: setting task T6 label to "delay__VB__hl__OUT__lh__ACQ_1 of NAND3"
1731202728.350685: 5755-7f00f64250c0: cdpl_server.c:1824: in _sv_gen_task(): info: new task T7 in B1 (prio 2)
1731202728.350689: 5755-7f00f64250c0: cdpl_server.c:2558: in cdpl_sv_label_task_va(): info: setting task T7 label to "delay__VC__lh__OUT__hl__ACQ_1 of NAND3"
1731202728.350732: 5755-7f00f64250c0: cdpl_server.c:1824: in _sv_gen_task(): info: new task T8 in B1 (prio 2)
1731202728.350736: 5755-7f00f64250c0: cdpl_server.c:2558: in cdpl_sv_label_task_va(): info: setting task T8 label to "delay__VC__hl__OUT__lh__ACQ_1 of NAND3"
1731202728.350785: 5755-7f00f64250c0: cdpl_server.c:1824: in _sv_gen_task(): info: new task T9 in B1 (prio 5)
1731202728.350789: 5755-7f00f64250c0: cdpl_server.c:2558: in cdpl_sv_label_task_va(): info: setting task T9 label to "Cin__VDD__lh__ACQ_1 of NAND3"
1731202728.350829: 5755-7f00f64250c0: cdpl_server.c:1824: in _sv_gen_task(): info: new task T10 in B1 (prio 5)
1731202728.350833: 5755-7f00f64250c0: cdpl_server.c:2558: in cdpl_sv_label_task_va(): info: setting task T10 label to "Cin__VDD__hl__ACQ_1 of NAND3"
1731202729.014313: 5755-7f00df12b700: cdpl_server_ipc.c:452: in _sv_on_hello(): info: W1 is `10.182.66.68:60996'
1731202729.014337: 5755-7f00df12b700: cdpl_server_ipc.c:454: in _sv_on_hello(): info: W1 log file is /dev/null
1731202729.014349: 5755-7f00df12b700: cdpl_server_ipc.c:481: in _sv_on_hello(): info: up to 1 alive workers in B1
1731202729.014366: 5755-7f00de129700: cdpl_server_sched.c:955: in _assign(): info: assigning task T1 to worker W1
1731202729.171703: 5755-7f00df12b700: cdpl_server_ipc.c:857: in _sv_on_finish(): info: worker W1 completed task T1
1731202729.171737: 5755-7f00de129700: cdpl_server_sched.c:955: in _assign(): info: assigning task T2 to worker W1
1731202729.185213: 5755-7f00df12b700: cdpl_server_ipc.c:857: in _sv_on_finish(): info: worker W1 completed task T2
1731202729.185255: 5755-7f00de129700: cdpl_server_sched.c:955: in _assign(): info: assigning task T5 to worker W1
1731202729.200601: 5755-7f00df12b700: cdpl_server_ipc.c:857: in _sv_on_finish(): info: worker W1 completed task T5
1731202729.200613: 5755-7f00de129700: cdpl_server_sched.c:955: in _assign(): info: assigning task T6 to worker W1
1731202729.214001: 5755-7f00df12b700: cdpl_server_ipc.c:857: in _sv_on_finish(): info: worker W1 completed task T6
1731202729.214022: 5755-7f00de129700: cdpl_server_sched.c:955: in _assign(): info: assigning task T7 to worker W1
1731202729.227109: 5755-7f00df12b700: cdpl_server_ipc.c:857: in _sv_on_finish(): info: worker W1 completed task T7
1731202729.227121: 5755-7f00de129700: cdpl_server_sched.c:955: in _assign(): info: assigning task T8 to worker W1
1731202729.240370: 5755-7f00df12b700: cdpl_server_ipc.c:857: in _sv_on_finish(): info: worker W1 completed task T8
1731202729.240382: 5755-7f00de129700: cdpl_server_sched.c:955: in _assign(): info: assigning task T0 to worker W1
1731202729.251692: 5755-7f00df12b700: cdpl_server_ipc.c:857: in _sv_on_finish(): info: worker W1 completed task T0
1731202729.251728: 5755-7f00de129700: cdpl_server_sched.c:955: in _assign(): info: assigning task T3 to worker W1
1731202729.263051: 5755-7f00df12b700: cdpl_server_ipc.c:857: in _sv_on_finish(): info: worker W1 completed task T3
1731202729.263064: 5755-7f00de129700: cdpl_server_sched.c:955: in _assign(): info: assigning task T4 to worker W1
1731202729.274208: 5755-7f00df12b700: cdpl_server_ipc.c:857: in _sv_on_finish(): info: worker W1 completed task T4
1731202729.274220: 5755-7f00de129700: cdpl_server_sched.c:955: in _assign(): info: assigning task T9 to worker W1
1731202729.285440: 5755-7f00df12b700: cdpl_server_ipc.c:857: in _sv_on_finish(): info: worker W1 completed task T9
1731202729.285452: 5755-7f00de129700: cdpl_server_sched.c:955: in _assign(): info: assigning task T10 to worker W1
1731202729.296636: 5755-7f00df12b700: cdpl_server_ipc.c:857: in _sv_on_finish(): info: worker W1 completed task T10
1731202738.371132: 5755-7f00f64250c0: cdpl_server.c:1824: in _sv_gen_task(): info: new task T11 in B1 (prio 3)
1731202738.371147: 5755-7f00f64250c0: cdpl_server.c:2558: in cdpl_sv_label_task_va(): info: setting task T11 label to "leakage_power__ACQ_1 of NAND3"
1731202738.371175: 5755-7f00de129700: cdpl_server_sched.c:955: in _assign(): info: assigning task T11 to worker W1
1731202738.371696: 5755-7f00f64250c0: cdpl_server.c:1824: in _sv_gen_task(): info: new task T12 in B1 (prio 2)
1731202738.371703: 5755-7f00f64250c0: cdpl_server.c:2558: in cdpl_sv_label_task_va(): info: setting task T12 label to "delay__VA__lh__OUT__hl__ACQ_1 of NAND3"
1731202738.372108: 5755-7f00f64250c0: cdpl_server.c:1824: in _sv_gen_task(): info: new task T13 in B1 (prio 2)
1731202738.372112: 5755-7f00f64250c0: cdpl_server.c:2558: in cdpl_sv_label_task_va(): info: setting task T13 label to "delay__VA__hl__OUT__lh__ACQ_1 of NAND3"
1731202738.372523: 5755-7f00f64250c0: cdpl_server.c:1824: in _sv_gen_task(): info: new task T14 in B1 (prio 5)
1731202738.372527: 5755-7f00f64250c0: cdpl_server.c:2558: in cdpl_sv_label_task_va(): info: setting task T14 label to "Cin__VSS__lh__ACQ_1 of NAND3"
1731202738.372941: 5755-7f00f64250c0: cdpl_server.c:1824: in _sv_gen_task(): info: new task T15 in B1 (prio 5)
1731202738.372945: 5755-7f00f64250c0: cdpl_server.c:2558: in cdpl_sv_label_task_va(): info: setting task T15 label to "Cin__VSS__hl__ACQ_1 of NAND3"
1731202738.373363: 5755-7f00f64250c0: cdpl_server.c:1824: in _sv_gen_task(): info: new task T16 in B1 (prio 2)
1731202738.373367: 5755-7f00f64250c0: cdpl_server.c:2558: in cdpl_sv_label_task_va(): info: setting task T16 label to "delay__VB__lh__OUT__hl__ACQ_1 of NAND3"
1731202738.373799: 5755-7f00f64250c0: cdpl_server.c:1824: in _sv_gen_task(): info: new task T17 in B1 (prio 2)
1731202738.373804: 5755-7f00f64250c0: cdpl_server.c:2558: in cdpl_sv_label_task_va(): info: setting task T17 label to "delay__VB__hl__OUT__lh__ACQ_1 of NAND3"
1731202738.374225: 5755-7f00f64250c0: cdpl_server.c:1824: in _sv_gen_task(): info: new task T18 in B1 (prio 2)
1731202738.374229: 5755-7f00f64250c0: cdpl_server.c:2558: in cdpl_sv_label_task_va(): info: setting task T18 label to "delay__VC__lh__OUT__hl__ACQ_1 of NAND3"
1731202738.374658: 5755-7f00f64250c0: cdpl_server.c:1824: in _sv_gen_task(): info: new task T19 in B1 (prio 2)
1731202738.374663: 5755-7f00f64250c0: cdpl_server.c:2558: in cdpl_sv_label_task_va(): info: setting task T19 label to "delay__VC__hl__OUT__lh__ACQ_1 of NAND3"
1731202738.375078: 5755-7f00f64250c0: cdpl_server.c:1824: in _sv_gen_task(): info: new task T20 in B1 (prio 5)
1731202738.375082: 5755-7f00f64250c0: cdpl_server.c:2558: in cdpl_sv_label_task_va(): info: setting task T20 label to "Cin__VDD__lh__ACQ_1 of NAND3"
1731202738.375493: 5755-7f00f64250c0: cdpl_server.c:1824: in _sv_gen_task(): info: new task T21 in B1 (prio 5)
1731202738.375497: 5755-7f00f64250c0: cdpl_server.c:2558: in cdpl_sv_label_task_va(): info: setting task T21 label to "Cin__VDD__hl__ACQ_1 of NAND3"
1731202738.385790: 5755-7f00df12b700: cdpl_server_ipc.c:857: in _sv_on_finish(): info: worker W1 completed task T11
1731202738.385854: 5755-7f00de129700: cdpl_server_sched.c:955: in _assign(): info: assigning task T12 to worker W1
1731202738.398766: 5755-7f00df12b700: cdpl_server_ipc.c:857: in _sv_on_finish(): info: worker W1 completed task T12
1731202738.398786: 5755-7f00de129700: cdpl_server_sched.c:955: in _assign(): info: assigning task T13 to worker W1
1731202738.412206: 5755-7f00df12b700: cdpl_server_ipc.c:857: in _sv_on_finish(): info: worker W1 completed task T13
1731202738.412229: 5755-7f00de129700: cdpl_server_sched.c:955: in _assign(): info: assigning task T16 to worker W1
1731202738.425191: 5755-7f00df12b700: cdpl_server_ipc.c:857: in _sv_on_finish(): info: worker W1 completed task T16
1731202738.425232: 5755-7f00de129700: cdpl_server_sched.c:955: in _assign(): info: assigning task T17 to worker W1
1731202738.442214: 5755-7f00df12b700: cdpl_server_ipc.c:857: in _sv_on_finish(): info: worker W1 completed task T17
1731202738.442234: 5755-7f00de129700: cdpl_server_sched.c:955: in _assign(): info: assigning task T18 to worker W1
1731202738.455019: 5755-7f00df12b700: cdpl_server_ipc.c:857: in _sv_on_finish(): info: worker W1 completed task T18
1731202738.455037: 5755-7f00de129700: cdpl_server_sched.c:955: in _assign(): info: assigning task T19 to worker W1
1731202738.467767: 5755-7f00df12b700: cdpl_server_ipc.c:857: in _sv_on_finish(): info: worker W1 completed task T19
1731202738.467797: 5755-7f00de129700: cdpl_server_sched.c:955: in _assign(): info: assigning task T14 to worker W1
1731202738.478402: 5755-7f00df12b700: cdpl_server_ipc.c:857: in _sv_on_finish(): info: worker W1 completed task T14
1731202738.478421: 5755-7f00de129700: cdpl_server_sched.c:955: in _assign(): info: assigning task T15 to worker W1
1731202738.489196: 5755-7f00df12b700: cdpl_server_ipc.c:857: in _sv_on_finish(): info: worker W1 completed task T15
1731202738.489221: 5755-7f00de129700: cdpl_server_sched.c:955: in _assign(): info: assigning task T20 to worker W1
1731202738.499949: 5755-7f00df12b700: cdpl_server_ipc.c:857: in _sv_on_finish(): info: worker W1 completed task T20
1731202738.499984: 5755-7f00de129700: cdpl_server_sched.c:955: in _assign(): info: assigning task T21 to worker W1
1731202738.510746: 5755-7f00df12b700: cdpl_server_ipc.c:857: in _sv_on_finish(): info: worker W1 completed task T21
1731202912.932601: 5755-7f00f64250c0: cdpl_server.c:1824: in _sv_gen_task(): info: new task T22 in B1 (prio 3)
1731202912.932613: 5755-7f00f64250c0: cdpl_server.c:2558: in cdpl_sv_label_task_va(): info: setting task T22 label to "leakage_power__ACQ_1 of NAND3"
1731202912.932648: 5755-7f00de129700: cdpl_server_sched.c:955: in _assign(): info: assigning task T22 to worker W1
1731202912.932672: 5755-7f00f64250c0: cdpl_server.c:1824: in _sv_gen_task(): info: new task T23 in B1 (prio 2)
1731202912.932696: 5755-7f00f64250c0: cdpl_server.c:2558: in cdpl_sv_label_task_va(): info: setting task T23 label to "delay__VA__lh__OUT__hl__ACQ_1 of NAND3"
1731202912.932723: 5755-7f00f64250c0: cdpl_server.c:1824: in _sv_gen_task(): info: new task T24 in B1 (prio 2)
1731202912.932726: 5755-7f00f64250c0: cdpl_server.c:2558: in cdpl_sv_label_task_va(): info: setting task T24 label to "delay__VA__hl__OUT__lh__ACQ_1 of NAND3"
1731202912.932766: 5755-7f00f64250c0: cdpl_server.c:1824: in _sv_gen_task(): info: new task T25 in B1 (prio 5)
1731202912.932773: 5755-7f00f64250c0: cdpl_server.c:2558: in cdpl_sv_label_task_va(): info: setting task T25 label to "Cin__VSS__lh__ACQ_1 of NAND3"
1731202912.932807: 5755-7f00f64250c0: cdpl_server.c:1824: in _sv_gen_task(): info: new task T26 in B1 (prio 5)
1731202912.932811: 5755-7f00f64250c0: cdpl_server.c:2558: in cdpl_sv_label_task_va(): info: setting task T26 label to "Cin__VSS__hl__ACQ_1 of NAND3"
1731202912.932833: 5755-7f00f64250c0: cdpl_server.c:1824: in _sv_gen_task(): info: new task T27 in B1 (prio 2)
1731202912.932836: 5755-7f00f64250c0: cdpl_server.c:2558: in cdpl_sv_label_task_va(): info: setting task T27 label to "delay__VB__lh__OUT__hl__ACQ_1 of NAND3"
1731202912.932856: 5755-7f00f64250c0: cdpl_server.c:1824: in _sv_gen_task(): info: new task T28 in B1 (prio 2)
1731202912.932858: 5755-7f00f64250c0: cdpl_server.c:2558: in cdpl_sv_label_task_va(): info: setting task T28 label to "delay__VB__hl__OUT__lh__ACQ_1 of NAND3"
1731202912.932878: 5755-7f00f64250c0: cdpl_server.c:1824: in _sv_gen_task(): info: new task T29 in B1 (prio 2)
1731202912.932880: 5755-7f00f64250c0: cdpl_server.c:2558: in cdpl_sv_label_task_va(): info: setting task T29 label to "delay__VC__lh__OUT__hl__ACQ_1 of NAND3"
1731202912.932899: 5755-7f00f64250c0: cdpl_server.c:1824: in _sv_gen_task(): info: new task T30 in B1 (prio 2)
1731202912.932902: 5755-7f00f64250c0: cdpl_server.c:2558: in cdpl_sv_label_task_va(): info: setting task T30 label to "delay__VC__hl__OUT__lh__ACQ_1 of NAND3"
1731202912.932920: 5755-7f00f64250c0: cdpl_server.c:1824: in _sv_gen_task(): info: new task T31 in B1 (prio 5)
1731202912.932923: 5755-7f00f64250c0: cdpl_server.c:2558: in cdpl_sv_label_task_va(): info: setting task T31 label to "Cin__VDD__lh__ACQ_1 of NAND3"
1731202912.932941: 5755-7f00f64250c0: cdpl_server.c:1824: in _sv_gen_task(): info: new task T32 in B1 (prio 5)
1731202912.932943: 5755-7f00f64250c0: cdpl_server.c:2558: in cdpl_sv_label_task_va(): info: setting task T32 label to "Cin__VDD__hl__ACQ_1 of NAND3"
1731202919.620300: 5755-7f00df12b700: cdpl_server_ipc.c:857: in _sv_on_finish(): info: worker W1 completed task T22
1731202919.620375: 5755-7f00de129700: cdpl_server_sched.c:955: in _assign(): info: assigning task T23 to worker W1
1731202926.279635: 5755-7f00df12b700: cdpl_server_ipc.c:857: in _sv_on_finish(): info: worker W1 completed task T23
1731202926.279915: 5755-7f00de129700: cdpl_server_sched.c:955: in _assign(): info: assigning task T24 to worker W1
1731202933.000184: 5755-7f00df12b700: cdpl_server_ipc.c:857: in _sv_on_finish(): info: worker W1 completed task T24
1731202933.000228: 5755-7f00de129700: cdpl_server_sched.c:955: in _assign(): info: assigning task T27 to worker W1
1731202939.651462: 5755-7f00df12b700: cdpl_server_ipc.c:857: in _sv_on_finish(): info: worker W1 completed task T27
1731202939.651499: 5755-7f00de129700: cdpl_server_sched.c:955: in _assign(): info: assigning task T28 to worker W1
1731202946.430610: 5755-7f00df12b700: cdpl_server_ipc.c:857: in _sv_on_finish(): info: worker W1 completed task T28
1731202946.430649: 5755-7f00de129700: cdpl_server_sched.c:955: in _assign(): info: assigning task T29 to worker W1
1731202953.158599: 5755-7f00df12b700: cdpl_server_ipc.c:857: in _sv_on_finish(): info: worker W1 completed task T29
1731202953.158657: 5755-7f00de129700: cdpl_server_sched.c:955: in _assign(): info: assigning task T30 to worker W1
1731202959.751402: 5755-7f00df12b700: cdpl_server_ipc.c:857: in _sv_on_finish(): info: worker W1 completed task T30
1731202959.751450: 5755-7f00de129700: cdpl_server_sched.c:955: in _assign(): info: assigning task T25 to worker W1
1731202966.214980: 5755-7f00df12b700: cdpl_server_ipc.c:857: in _sv_on_finish(): info: worker W1 completed task T25
1731202966.215024: 5755-7f00de129700: cdpl_server_sched.c:955: in _assign(): info: assigning task T26 to worker W1
1731202972.929915: 5755-7f00df12b700: cdpl_server_ipc.c:857: in _sv_on_finish(): info: worker W1 completed task T26
1731202972.929957: 5755-7f00de129700: cdpl_server_sched.c:955: in _assign(): info: assigning task T31 to worker W1
1731202979.496980: 5755-7f00df12b700: cdpl_server_ipc.c:857: in _sv_on_finish(): info: worker W1 completed task T31
1731202979.497035: 5755-7f00de129700: cdpl_server_sched.c:955: in _assign(): info: assigning task T32 to worker W1
1731202986.128174: 5755-7f00df12b700: cdpl_server_ipc.c:857: in _sv_on_finish(): info: worker W1 completed task T32
1731203456.179743: 5755-7f00f64250c0: cdpl_compat_master.c:5152: in cdplMasterLogInfo(): info: [non-CDPL log entry] Ending current CDPL job
1731203456.179957: 5755-7f00f64250c0: cdpl_server.c:2890: in cdpl_sv_halt_job_errno(): info: stopping job J1
1731203456.180041: 5755-7f00de129700: cdpl_server_sched.c:2711: in _sv_drop_worker(): info: down to 0 alive workers in B1
1731203456.180088: 5755-7f00f64250c0: cdpl_server.c:2875: in cdpl_sv_halt_job_errno(): info: killing job J1
1731203456.180096: 5755-7f00f64250c0: cdpl_server.c:288: in _sv_free_job(): info: freeing job J1
1731203456.180128: 5755-7f00f64250c0: cdpl_farm.c:2395: in cdpl_farm_free(): info: freeing farm
1731203456.180194: 5755-7f00f64250c0: cdpl_server.c:3011: in cdpl_sv_free(): info: freeing server S780100544
1731203456.180197: 5755-7f00f64250c0: cdpl_server.c:2976: in cdpl_sv_kill_errno(): info: killing server
1731203456.180233: 5755-7f00f64250c0: cdpl_server.c:328: in _sv_free_master(): info: freeing master M1
1731203456.180320: 5755-7f00f64250c0: cdpl_log.c:371: in cdpl_log_close(): info: @@end_of_log@@
